CRITICAL - 2023-08-14 16:15:35 --> Undefined variable $base_url
in FCPATH\config\content-config.php on line 7.
 1 FCPATH\config\content-config.php(7): CodeIgniter\Debug\Exceptions->errorHandler(2, 'Undefined variable $base_url', 'C:\\xampp\\htdocs\\RPPS\\public\\config\\content-config.php', 7)
 2 APPPATH\Views\contents\home-page\template-1\header\head.php(37): require('C:\\xampp\\htdocs\\RPPS\\public\\config\\content-config.php')
 3 SYSTEMPATH\View\View.php(213): include('C:\\xampp\\htdocs\\RPPS\\app\\Views\\contents\\home-page\\template-1\\header\\head.php')
 4 SYSTEMPATH\View\View.php(216): CodeIgniter\View\View->CodeIgniter\View\{closure}()
 5 SYSTEMPATH\Common.php(1184): CodeIgniter\View\View->render('contents/home-page/template-1/header/head', [], true)
 6 APPPATH\Controllers\Home.php(10): view('contents/home-page/template-1/header/head')
 7 SYSTEMPATH\CodeIgniter.php(934): App\Controllers\Home->index()
 8 SYSTEMPATH\CodeIgniter.php(499): CodeIgniter\CodeIgniter->runController(Object(App\Controllers\Home))
 9 SYSTEMPATH\CodeIgniter.php(368): CodeIgniter\CodeIgniter->handleRequest(null, Object(Config\Cache), false)
10 FCPATH\index.php(67): CodeIgniter\CodeIgniter->run()
CRITICAL - 2023-08-14 16:15:54 --> include(dynamic-page-content/public/contents/main/section-hero/content.php): Failed to open stream: No such file or directory
in APPPATH\Views\contents\home-page\template-1\main\sections\hero-slides\slide-news.php on line 23.
 1 APPPATH\Views\contents\home-page\template-1\main\sections\hero-slides\slide-news.php(23): CodeIgniter\Debug\Exceptions->errorHandler(2, 'include(dynamic-page-content/public/contents/main/section-hero/content.php): Failed to open stream: No such file or directory', 'C:\\xampp\\htdocs\\RPPS\\app\\Views\\contents\\home-page\\template-1\\main\\sections\\hero-slides\\slide-news.php', 23)
 2 APPPATH\Views\contents\home-page\template-1\main\sections\hero-slides\slide-news.php(23): include()
 3 SYSTEMPATH\View\View.php(213): include('C:\\xampp\\htdocs\\RPPS\\app\\Views\\contents\\home-page\\template-1\\main\\sections\\hero-slides\\slide-news.php')
 4 SYSTEMPATH\View\View.php(216): CodeIgniter\View\View->CodeIgniter\View\{closure}()
 5 SYSTEMPATH\Common.php(1184): CodeIgniter\View\View->render('contents/home-page/template-1/main/sections/hero-slides/slide-news', [], true)
 6 APPPATH\Controllers\Home.php(15): view('contents/home-page/template-1/main/sections/hero-slides/slide-news')
 7 SYSTEMPATH\CodeIgniter.php(934): App\Controllers\Home->index()
 8 SYSTEMPATH\CodeIgniter.php(499): CodeIgniter\CodeIgniter->runController(Object(App\Controllers\Home))
 9 SYSTEMPATH\CodeIgniter.php(368): CodeIgniter\CodeIgniter->handleRequest(null, Object(Config\Cache), false)
10 FCPATH\index.php(67): CodeIgniter\CodeIgniter->run()
CRITICAL - 2023-08-14 16:16:28 --> include(dynamic-page-content/public/contents/main/section-hero/content.php): Failed to open stream: No such file or directory
in APPPATH\Views\contents\home-page\template-1\main\sections\hero-slides\slide-news.php on line 23.
 1 APPPATH\Views\contents\home-page\template-1\main\sections\hero-slides\slide-news.php(23): CodeIgniter\Debug\Exceptions->errorHandler(2, 'include(dynamic-page-content/public/contents/main/section-hero/content.php): Failed to open stream: No such file or directory', 'C:\\xampp\\htdocs\\RPPS\\app\\Views\\contents\\home-page\\template-1\\main\\sections\\hero-slides\\slide-news.php', 23)
 2 APPPATH\Views\contents\home-page\template-1\main\sections\hero-slides\slide-news.php(23): include()
 3 SYSTEMPATH\View\View.php(213): include('C:\\xampp\\htdocs\\RPPS\\app\\Views\\contents\\home-page\\template-1\\main\\sections\\hero-slides\\slide-news.php')
 4 SYSTEMPATH\View\View.php(216): CodeIgniter\View\View->CodeIgniter\View\{closure}()
 5 SYSTEMPATH\Common.php(1184): CodeIgniter\View\View->render('contents/home-page/template-1/main/sections/hero-slides/slide-news', [], true)
 6 APPPATH\Controllers\Home.php(15): view('contents/home-page/template-1/main/sections/hero-slides/slide-news')
 7 SYSTEMPATH\CodeIgniter.php(934): App\Controllers\Home->index()
 8 SYSTEMPATH\CodeIgniter.php(499): CodeIgniter\CodeIgniter->runController(Object(App\Controllers\Home))
 9 SYSTEMPATH\CodeIgniter.php(368): CodeIgniter\CodeIgniter->handleRequest(null, Object(Config\Cache), false)
10 FCPATH\index.php(67): CodeIgniter\CodeIgniter->run()
CRITICAL - 2023-08-14 16:18:09 --> Undefined variable $base_url
in FCPATH\config\content-config.php on line 8.
 1 FCPATH\config\content-config.php(8): CodeIgniter\Debug\Exceptions->errorHandler(2, 'Undefined variable $base_url', 'C:\\xampp\\htdocs\\RPPS\\public\\config\\content-config.php', 8)
 2 APPPATH\Views\contents\home-page\template-1\header\head.php(37): require('C:\\xampp\\htdocs\\RPPS\\public\\config\\content-config.php')
 3 SYSTEMPATH\View\View.php(213): include('C:\\xampp\\htdocs\\RPPS\\app\\Views\\contents\\home-page\\template-1\\header\\head.php')
 4 SYSTEMPATH\View\View.php(216): CodeIgniter\View\View->CodeIgniter\View\{closure}()
 5 SYSTEMPATH\Common.php(1184): CodeIgniter\View\View->render('contents/home-page/template-1/header/head', [], true)
 6 APPPATH\Controllers\Home.php(10): view('contents/home-page/template-1/header/head')
 7 SYSTEMPATH\CodeIgniter.php(934): App\Controllers\Home->index()
 8 SYSTEMPATH\CodeIgniter.php(499): CodeIgniter\CodeIgniter->runController(Object(App\Controllers\Home))
 9 SYSTEMPATH\CodeIgniter.php(368): CodeIgniter\CodeIgniter->handleRequest(null, Object(Config\Cache), false)
10 FCPATH\index.php(67): CodeIgniter\CodeIgniter->run()
CRITICAL - 2023-08-14 16:30:22 --> include(dynamic-page-content/public/contents/main/section-hero/content.php): Failed to open stream: No such file or directory
in APPPATH\Views\contents\home-page\template-1\main\sections\hero-slides\slide-news.php on line 23.
 1 APPPATH\Views\contents\home-page\template-1\main\sections\hero-slides\slide-news.php(23): CodeIgniter\Debug\Exceptions->errorHandler(2, 'include(dynamic-page-content/public/contents/main/section-hero/content.php): Failed to open stream: No such file or directory', 'C:\\xampp\\htdocs\\RPPS\\app\\Views\\contents\\home-page\\template-1\\main\\sections\\hero-slides\\slide-news.php', 23)
 2 APPPATH\Views\contents\home-page\template-1\main\sections\hero-slides\slide-news.php(23): include()
 3 SYSTEMPATH\View\View.php(213): include('C:\\xampp\\htdocs\\RPPS\\app\\Views\\contents\\home-page\\template-1\\main\\sections\\hero-slides\\slide-news.php')
 4 SYSTEMPATH\View\View.php(216): CodeIgniter\View\View->CodeIgniter\View\{closure}()
 5 SYSTEMPATH\Common.php(1184): CodeIgniter\View\View->render('contents/home-page/template-1/main/sections/hero-slides/slide-news', [], true)
 6 APPPATH\Controllers\Home.php(15): view('contents/home-page/template-1/main/sections/hero-slides/slide-news')
 7 SYSTEMPATH\CodeIgniter.php(934): App\Controllers\Home->index()
 8 SYSTEMPATH\CodeIgniter.php(499): CodeIgniter\CodeIgniter->runController(Object(App\Controllers\Home))
 9 SYSTEMPATH\CodeIgniter.php(368): CodeIgniter\CodeIgniter->handleRequest(null, Object(Config\Cache), false)
10 FCPATH\index.php(67): CodeIgniter\CodeIgniter->run()
CRITICAL - 2023-08-14 16:30:56 --> Uninitialized string offset 2
in FCPATH\config\content-config.php on line 14.
 1 FCPATH\config\content-config.php(14): CodeIgniter\Debug\Exceptions->errorHandler(2, 'Uninitialized string offset 2', 'C:\\xampp\\htdocs\\RPPS\\public\\config\\content-config.php', 14)
 2 APPPATH\Views\contents\home-page\template-1\header\head.php(37): require('C:\\xampp\\htdocs\\RPPS\\public\\config\\content-config.php')
 3 SYSTEMPATH\View\View.php(213): include('C:\\xampp\\htdocs\\RPPS\\app\\Views\\contents\\home-page\\template-1\\header\\head.php')
 4 SYSTEMPATH\View\View.php(216): CodeIgniter\View\View->CodeIgniter\View\{closure}()
 5 SYSTEMPATH\Common.php(1184): CodeIgniter\View\View->render('contents/home-page/template-1/header/head', [], true)
 6 APPPATH\Controllers\Home.php(10): view('contents/home-page/template-1/header/head')
 7 SYSTEMPATH\CodeIgniter.php(934): App\Controllers\Home->index()
 8 SYSTEMPATH\CodeIgniter.php(499): CodeIgniter\CodeIgniter->runController(Object(App\Controllers\Home))
 9 SYSTEMPATH\CodeIgniter.php(368): CodeIgniter\CodeIgniter->handleRequest(null, Object(Config\Cache), false)
10 FCPATH\index.php(67): CodeIgniter\CodeIgniter->run()
CRITICAL - 2023-08-14 16:31:51 --> Uninitialized string offset 2
in FCPATH\config\content-config.php on line 16.
 1 FCPATH\config\content-config.php(16): CodeIgniter\Debug\Exceptions->errorHandler(2, 'Uninitialized string offset 2', 'C:\\xampp\\htdocs\\RPPS\\public\\config\\content-config.php', 16)
 2 APPPATH\Views\contents\home-page\template-1\header\head.php(37): require('C:\\xampp\\htdocs\\RPPS\\public\\config\\content-config.php')
 3 SYSTEMPATH\View\View.php(213): include('C:\\xampp\\htdocs\\RPPS\\app\\Views\\contents\\home-page\\template-1\\header\\head.php')
 4 SYSTEMPATH\View\View.php(216): CodeIgniter\View\View->CodeIgniter\View\{closure}()
 5 SYSTEMPATH\Common.php(1184): CodeIgniter\View\View->render('contents/home-page/template-1/header/head', [], true)
 6 APPPATH\Controllers\Home.php(10): view('contents/home-page/template-1/header/head')
 7 SYSTEMPATH\CodeIgniter.php(934): App\Controllers\Home->index()
 8 SYSTEMPATH\CodeIgniter.php(499): CodeIgniter\CodeIgniter->runController(Object(App\Controllers\Home))
 9 SYSTEMPATH\CodeIgniter.php(368): CodeIgniter\CodeIgniter->handleRequest(null, Object(Config\Cache), false)
10 FCPATH\index.php(67): CodeIgniter\CodeIgniter->run()
CRITICAL - 2023-08-14 16:32:33 --> Uninitialized string offset 2
in FCPATH\config\content-config.php on line 16.
 1 FCPATH\config\content-config.php(16): CodeIgniter\Debug\Exceptions->errorHandler(2, 'Uninitialized string offset 2', 'C:\\xampp\\htdocs\\RPPS\\public\\config\\content-config.php', 16)
 2 APPPATH\Views\contents\home-page\template-1\header\head.php(37): require('C:\\xampp\\htdocs\\RPPS\\public\\config\\content-config.php')
 3 SYSTEMPATH\View\View.php(213): include('C:\\xampp\\htdocs\\RPPS\\app\\Views\\contents\\home-page\\template-1\\header\\head.php')
 4 SYSTEMPATH\View\View.php(216): CodeIgniter\View\View->CodeIgniter\View\{closure}()
 5 SYSTEMPATH\Common.php(1184): CodeIgniter\View\View->render('contents/home-page/template-1/header/head', [], true)
 6 APPPATH\Controllers\Home.php(10): view('contents/home-page/template-1/header/head')
 7 SYSTEMPATH\CodeIgniter.php(934): App\Controllers\Home->index()
 8 SYSTEMPATH\CodeIgniter.php(499): CodeIgniter\CodeIgniter->runController(Object(App\Controllers\Home))
 9 SYSTEMPATH\CodeIgniter.php(368): CodeIgniter\CodeIgniter->handleRequest(null, Object(Config\Cache), false)
10 FCPATH\index.php(67): CodeIgniter\CodeIgniter->run()
CRITICAL - 2023-08-14 16:32:34 --> Uninitialized string offset 2
in FCPATH\config\content-config.php on line 16.
 1 FCPATH\config\content-config.php(16): CodeIgniter\Debug\Exceptions->errorHandler(2, 'Uninitialized string offset 2', 'C:\\xampp\\htdocs\\RPPS\\public\\config\\content-config.php', 16)
 2 APPPATH\Views\contents\home-page\template-1\header\head.php(37): require('C:\\xampp\\htdocs\\RPPS\\public\\config\\content-config.php')
 3 SYSTEMPATH\View\View.php(213): include('C:\\xampp\\htdocs\\RPPS\\app\\Views\\contents\\home-page\\template-1\\header\\head.php')
 4 SYSTEMPATH\View\View.php(216): CodeIgniter\View\View->CodeIgniter\View\{closure}()
 5 SYSTEMPATH\Common.php(1184): CodeIgniter\View\View->render('contents/home-page/template-1/header/head', [], true)
 6 APPPATH\Controllers\Home.php(10): view('contents/home-page/template-1/header/head')
 7 SYSTEMPATH\CodeIgniter.php(934): App\Controllers\Home->index()
 8 SYSTEMPATH\CodeIgniter.php(499): CodeIgniter\CodeIgniter->runController(Object(App\Controllers\Home))
 9 SYSTEMPATH\CodeIgniter.php(368): CodeIgniter\CodeIgniter->handleRequest(null, Object(Config\Cache), false)
10 FCPATH\index.php(67): CodeIgniter\CodeIgniter->run()
CRITICAL - 2023-08-14 16:32:35 --> Uninitialized string offset 2
in FCPATH\config\content-config.php on line 16.
 1 FCPATH\config\content-config.php(16): CodeIgniter\Debug\Exceptions->errorHandler(2, 'Uninitialized string offset 2', 'C:\\xampp\\htdocs\\RPPS\\public\\config\\content-config.php', 16)
 2 APPPATH\Views\contents\home-page\template-1\header\head.php(37): require('C:\\xampp\\htdocs\\RPPS\\public\\config\\content-config.php')
 3 SYSTEMPATH\View\View.php(213): include('C:\\xampp\\htdocs\\RPPS\\app\\Views\\contents\\home-page\\template-1\\header\\head.php')
 4 SYSTEMPATH\View\View.php(216): CodeIgniter\View\View->CodeIgniter\View\{closure}()
 5 SYSTEMPATH\Common.php(1184): CodeIgniter\View\View->render('contents/home-page/template-1/header/head', [], true)
 6 APPPATH\Controllers\Home.php(10): view('contents/home-page/template-1/header/head')
 7 SYSTEMPATH\CodeIgniter.php(934): App\Controllers\Home->index()
 8 SYSTEMPATH\CodeIgniter.php(499): CodeIgniter\CodeIgniter->runController(Object(App\Controllers\Home))
 9 SYSTEMPATH\CodeIgniter.php(368): CodeIgniter\CodeIgniter->handleRequest(null, Object(Config\Cache), false)
10 FCPATH\index.php(67): CodeIgniter\CodeIgniter->run()
CRITICAL - 2023-08-14 16:32:36 --> Uninitialized string offset 2
in FCPATH\config\content-config.php on line 16.
 1 FCPATH\config\content-config.php(16): CodeIgniter\Debug\Exceptions->errorHandler(2, 'Uninitialized string offset 2', 'C:\\xampp\\htdocs\\RPPS\\public\\config\\content-config.php', 16)
 2 APPPATH\Views\contents\home-page\template-1\header\head.php(37): require('C:\\xampp\\htdocs\\RPPS\\public\\config\\content-config.php')
 3 SYSTEMPATH\View\View.php(213): include('C:\\xampp\\htdocs\\RPPS\\app\\Views\\contents\\home-page\\template-1\\header\\head.php')
 4 SYSTEMPATH\View\View.php(216): CodeIgniter\View\View->CodeIgniter\View\{closure}()
 5 SYSTEMPATH\Common.php(1184): CodeIgniter\View\View->render('contents/home-page/template-1/header/head', [], true)
 6 APPPATH\Controllers\Home.php(10): view('contents/home-page/template-1/header/head')
 7 SYSTEMPATH\CodeIgniter.php(934): App\Controllers\Home->index()
 8 SYSTEMPATH\CodeIgniter.php(499): CodeIgniter\CodeIgniter->runController(Object(App\Controllers\Home))
 9 SYSTEMPATH\CodeIgniter.php(368): CodeIgniter\CodeIgniter->handleRequest(null, Object(Config\Cache), false)
10 FCPATH\index.php(67): CodeIgniter\CodeIgniter->run()
CRITICAL - 2023-08-14 16:32:52 --> include(dynamic-page-content/public/contents/main/section-hero/content.php): Failed to open stream: No such file or directory
in APPPATH\Views\contents\home-page\template-1\main\sections\hero-slides\slide-news.php on line 23.
 1 APPPATH\Views\contents\home-page\template-1\main\sections\hero-slides\slide-news.php(23): CodeIgniter\Debug\Exceptions->errorHandler(2, 'include(dynamic-page-content/public/contents/main/section-hero/content.php): Failed to open stream: No such file or directory', 'C:\\xampp\\htdocs\\RPPS\\app\\Views\\contents\\home-page\\template-1\\main\\sections\\hero-slides\\slide-news.php', 23)
 2 APPPATH\Views\contents\home-page\template-1\main\sections\hero-slides\slide-news.php(23): include()
 3 SYSTEMPATH\View\View.php(213): include('C:\\xampp\\htdocs\\RPPS\\app\\Views\\contents\\home-page\\template-1\\main\\sections\\hero-slides\\slide-news.php')
 4 SYSTEMPATH\View\View.php(216): CodeIgniter\View\View->CodeIgniter\View\{closure}()
 5 SYSTEMPATH\Common.php(1184): CodeIgniter\View\View->render('contents/home-page/template-1/main/sections/hero-slides/slide-news', [], true)
 6 APPPATH\Controllers\Home.php(15): view('contents/home-page/template-1/main/sections/hero-slides/slide-news')
 7 SYSTEMPATH\CodeIgniter.php(934): App\Controllers\Home->index()
 8 SYSTEMPATH\CodeIgniter.php(499): CodeIgniter\CodeIgniter->runController(Object(App\Controllers\Home))
 9 SYSTEMPATH\CodeIgniter.php(368): CodeIgniter\CodeIgniter->handleRequest(null, Object(Config\Cache), false)
10 FCPATH\index.php(67): CodeIgniter\CodeIgniter->run()
CRITICAL - 2023-08-14 16:33:13 --> include(dynamic-page-content/public/contents/main/section-hero/content.php): Failed to open stream: No such file or directory
in APPPATH\Views\contents\home-page\template-1\main\sections\hero-slides\slide-news.php on line 23.
 1 APPPATH\Views\contents\home-page\template-1\main\sections\hero-slides\slide-news.php(23): CodeIgniter\Debug\Exceptions->errorHandler(2, 'include(dynamic-page-content/public/contents/main/section-hero/content.php): Failed to open stream: No such file or directory', 'C:\\xampp\\htdocs\\RPPS\\app\\Views\\contents\\home-page\\template-1\\main\\sections\\hero-slides\\slide-news.php', 23)
 2 APPPATH\Views\contents\home-page\template-1\main\sections\hero-slides\slide-news.php(23): include()
 3 SYSTEMPATH\View\View.php(213): include('C:\\xampp\\htdocs\\RPPS\\app\\Views\\contents\\home-page\\template-1\\main\\sections\\hero-slides\\slide-news.php')
 4 SYSTEMPATH\View\View.php(216): CodeIgniter\View\View->CodeIgniter\View\{closure}()
 5 SYSTEMPATH\Common.php(1184): CodeIgniter\View\View->render('contents/home-page/template-1/main/sections/hero-slides/slide-news', [], true)
 6 APPPATH\Controllers\Home.php(15): view('contents/home-page/template-1/main/sections/hero-slides/slide-news')
 7 SYSTEMPATH\CodeIgniter.php(934): App\Controllers\Home->index()
 8 SYSTEMPATH\CodeIgniter.php(499): CodeIgniter\CodeIgniter->runController(Object(App\Controllers\Home))
 9 SYSTEMPATH\CodeIgniter.php(368): CodeIgniter\CodeIgniter->handleRequest(null, Object(Config\Cache), false)
10 FCPATH\index.php(67): CodeIgniter\CodeIgniter->run()
CRITICAL - 2023-08-14 16:33:20 --> include(dynamic-page-content/public/contents/main/section-hero/content.php): Failed to open stream: No such file or directory
in APPPATH\Views\contents\home-page\template-1\main\sections\hero-slides\slide-news.php on line 23.
 1 APPPATH\Views\contents\home-page\template-1\main\sections\hero-slides\slide-news.php(23): CodeIgniter\Debug\Exceptions->errorHandler(2, 'include(dynamic-page-content/public/contents/main/section-hero/content.php): Failed to open stream: No such file or directory', 'C:\\xampp\\htdocs\\RPPS\\app\\Views\\contents\\home-page\\template-1\\main\\sections\\hero-slides\\slide-news.php', 23)
 2 APPPATH\Views\contents\home-page\template-1\main\sections\hero-slides\slide-news.php(23): include()
 3 SYSTEMPATH\View\View.php(213): include('C:\\xampp\\htdocs\\RPPS\\app\\Views\\contents\\home-page\\template-1\\main\\sections\\hero-slides\\slide-news.php')
 4 SYSTEMPATH\View\View.php(216): CodeIgniter\View\View->CodeIgniter\View\{closure}()
 5 SYSTEMPATH\Common.php(1184): CodeIgniter\View\View->render('contents/home-page/template-1/main/sections/hero-slides/slide-news', [], true)
 6 APPPATH\Controllers\Home.php(15): view('contents/home-page/template-1/main/sections/hero-slides/slide-news')
 7 SYSTEMPATH\CodeIgniter.php(934): App\Controllers\Home->index()
 8 SYSTEMPATH\CodeIgniter.php(499): CodeIgniter\CodeIgniter->runController(Object(App\Controllers\Home))
 9 SYSTEMPATH\CodeIgniter.php(368): CodeIgniter\CodeIgniter->handleRequest(null, Object(Config\Cache), false)
10 FCPATH\index.php(67): CodeIgniter\CodeIgniter->run()
CRITICAL - 2023-08-14 16:33:23 --> include(dynamic-page-content/public/contents/main/section-hero/content.php): Failed to open stream: No such file or directory
in APPPATH\Views\contents\home-page\template-1\main\sections\hero-slides\slide-news.php on line 23.
 1 APPPATH\Views\contents\home-page\template-1\main\sections\hero-slides\slide-news.php(23): CodeIgniter\Debug\Exceptions->errorHandler(2, 'include(dynamic-page-content/public/contents/main/section-hero/content.php): Failed to open stream: No such file or directory', 'C:\\xampp\\htdocs\\RPPS\\app\\Views\\contents\\home-page\\template-1\\main\\sections\\hero-slides\\slide-news.php', 23)
 2 APPPATH\Views\contents\home-page\template-1\main\sections\hero-slides\slide-news.php(23): include()
 3 SYSTEMPATH\View\View.php(213): include('C:\\xampp\\htdocs\\RPPS\\app\\Views\\contents\\home-page\\template-1\\main\\sections\\hero-slides\\slide-news.php')
 4 SYSTEMPATH\View\View.php(216): CodeIgniter\View\View->CodeIgniter\View\{closure}()
 5 SYSTEMPATH\Common.php(1184): CodeIgniter\View\View->render('contents/home-page/template-1/main/sections/hero-slides/slide-news', [], true)
 6 APPPATH\Controllers\Home.php(15): view('contents/home-page/template-1/main/sections/hero-slides/slide-news')
 7 SYSTEMPATH\CodeIgniter.php(934): App\Controllers\Home->index()
 8 SYSTEMPATH\CodeIgniter.php(499): CodeIgniter\CodeIgniter->runController(Object(App\Controllers\Home))
 9 SYSTEMPATH\CodeIgniter.php(368): CodeIgniter\CodeIgniter->handleRequest(null, Object(Config\Cache), false)
10 FCPATH\index.php(67): CodeIgniter\CodeIgniter->run()
CRITICAL - 2023-08-14 16:33:24 --> include(dynamic-page-content/public/contents/main/section-hero/content.php): Failed to open stream: No such file or directory
in APPPATH\Views\contents\home-page\template-1\main\sections\hero-slides\slide-news.php on line 23.
 1 APPPATH\Views\contents\home-page\template-1\main\sections\hero-slides\slide-news.php(23): CodeIgniter\Debug\Exceptions->errorHandler(2, 'include(dynamic-page-content/public/contents/main/section-hero/content.php): Failed to open stream: No such file or directory', 'C:\\xampp\\htdocs\\RPPS\\app\\Views\\contents\\home-page\\template-1\\main\\sections\\hero-slides\\slide-news.php', 23)
 2 APPPATH\Views\contents\home-page\template-1\main\sections\hero-slides\slide-news.php(23): include()
 3 SYSTEMPATH\View\View.php(213): include('C:\\xampp\\htdocs\\RPPS\\app\\Views\\contents\\home-page\\template-1\\main\\sections\\hero-slides\\slide-news.php')
 4 SYSTEMPATH\View\View.php(216): CodeIgniter\View\View->CodeIgniter\View\{closure}()
 5 SYSTEMPATH\Common.php(1184): CodeIgniter\View\View->render('contents/home-page/template-1/main/sections/hero-slides/slide-news', [], true)
 6 APPPATH\Controllers\Home.php(15): view('contents/home-page/template-1/main/sections/hero-slides/slide-news')
 7 SYSTEMPATH\CodeIgniter.php(934): App\Controllers\Home->index()
 8 SYSTEMPATH\CodeIgniter.php(499): CodeIgniter\CodeIgniter->runController(Object(App\Controllers\Home))
 9 SYSTEMPATH\CodeIgniter.php(368): CodeIgniter\CodeIgniter->handleRequest(null, Object(Config\Cache), false)
10 FCPATH\index.php(67): CodeIgniter\CodeIgniter->run()
CRITICAL - 2023-08-14 16:33:26 --> include(dynamic-page-content/public/contents/main/section-hero/content.php): Failed to open stream: No such file or directory
in APPPATH\Views\contents\home-page\template-1\main\sections\hero-slides\slide-news.php on line 23.
 1 APPPATH\Views\contents\home-page\template-1\main\sections\hero-slides\slide-news.php(23): CodeIgniter\Debug\Exceptions->errorHandler(2, 'include(dynamic-page-content/public/contents/main/section-hero/content.php): Failed to open stream: No such file or directory', 'C:\\xampp\\htdocs\\RPPS\\app\\Views\\contents\\home-page\\template-1\\main\\sections\\hero-slides\\slide-news.php', 23)
 2 APPPATH\Views\contents\home-page\template-1\main\sections\hero-slides\slide-news.php(23): include()
 3 SYSTEMPATH\View\View.php(213): include('C:\\xampp\\htdocs\\RPPS\\app\\Views\\contents\\home-page\\template-1\\main\\sections\\hero-slides\\slide-news.php')
 4 SYSTEMPATH\View\View.php(216): CodeIgniter\View\View->CodeIgniter\View\{closure}()
 5 SYSTEMPATH\Common.php(1184): CodeIgniter\View\View->render('contents/home-page/template-1/main/sections/hero-slides/slide-news', [], true)
 6 APPPATH\Controllers\Home.php(15): view('contents/home-page/template-1/main/sections/hero-slides/slide-news')
 7 SYSTEMPATH\CodeIgniter.php(934): App\Controllers\Home->index()
 8 SYSTEMPATH\CodeIgniter.php(499): CodeIgniter\CodeIgniter->runController(Object(App\Controllers\Home))
 9 SYSTEMPATH\CodeIgniter.php(368): CodeIgniter\CodeIgniter->handleRequest(null, Object(Config\Cache), false)
10 FCPATH\index.php(67): CodeIgniter\CodeIgniter->run()
CRITICAL - 2023-08-14 16:33:27 --> include(dynamic-page-content/public/contents/main/section-hero/content.php): Failed to open stream: No such file or directory
in APPPATH\Views\contents\home-page\template-1\main\sections\hero-slides\slide-news.php on line 23.
 1 APPPATH\Views\contents\home-page\template-1\main\sections\hero-slides\slide-news.php(23): CodeIgniter\Debug\Exceptions->errorHandler(2, 'include(dynamic-page-content/public/contents/main/section-hero/content.php): Failed to open stream: No such file or directory', 'C:\\xampp\\htdocs\\RPPS\\app\\Views\\contents\\home-page\\template-1\\main\\sections\\hero-slides\\slide-news.php', 23)
 2 APPPATH\Views\contents\home-page\template-1\main\sections\hero-slides\slide-news.php(23): include()
 3 SYSTEMPATH\View\View.php(213): include('C:\\xampp\\htdocs\\RPPS\\app\\Views\\contents\\home-page\\template-1\\main\\sections\\hero-slides\\slide-news.php')
 4 SYSTEMPATH\View\View.php(216): CodeIgniter\View\View->CodeIgniter\View\{closure}()
 5 SYSTEMPATH\Common.php(1184): CodeIgniter\View\View->render('contents/home-page/template-1/main/sections/hero-slides/slide-news', [], true)
 6 APPPATH\Controllers\Home.php(15): view('contents/home-page/template-1/main/sections/hero-slides/slide-news')
 7 SYSTEMPATH\CodeIgniter.php(934): App\Controllers\Home->index()
 8 SYSTEMPATH\CodeIgniter.php(499): CodeIgniter\CodeIgniter->runController(Object(App\Controllers\Home))
 9 SYSTEMPATH\CodeIgniter.php(368): CodeIgniter\CodeIgniter->handleRequest(null, Object(Config\Cache), false)
10 FCPATH\index.php(67): CodeIgniter\CodeIgniter->run()
CRITICAL - 2023-08-14 16:33:29 --> include(dynamic-page-content/public/contents/main/section-hero/content.php): Failed to open stream: No such file or directory
in APPPATH\Views\contents\home-page\template-1\main\sections\hero-slides\slide-news.php on line 23.
 1 APPPATH\Views\contents\home-page\template-1\main\sections\hero-slides\slide-news.php(23): CodeIgniter\Debug\Exceptions->errorHandler(2, 'include(dynamic-page-content/public/contents/main/section-hero/content.php): Failed to open stream: No such file or directory', 'C:\\xampp\\htdocs\\RPPS\\app\\Views\\contents\\home-page\\template-1\\main\\sections\\hero-slides\\slide-news.php', 23)
 2 APPPATH\Views\contents\home-page\template-1\main\sections\hero-slides\slide-news.php(23): include()
 3 SYSTEMPATH\View\View.php(213): include('C:\\xampp\\htdocs\\RPPS\\app\\Views\\contents\\home-page\\template-1\\main\\sections\\hero-slides\\slide-news.php')
 4 SYSTEMPATH\View\View.php(216): CodeIgniter\View\View->CodeIgniter\View\{closure}()
 5 SYSTEMPATH\Common.php(1184): CodeIgniter\View\View->render('contents/home-page/template-1/main/sections/hero-slides/slide-news', [], true)
 6 APPPATH\Controllers\Home.php(15): view('contents/home-page/template-1/main/sections/hero-slides/slide-news')
 7 SYSTEMPATH\CodeIgniter.php(934): App\Controllers\Home->index()
 8 SYSTEMPATH\CodeIgniter.php(499): CodeIgniter\CodeIgniter->runController(Object(App\Controllers\Home))
 9 SYSTEMPATH\CodeIgniter.php(368): CodeIgniter\CodeIgniter->handleRequest(null, Object(Config\Cache), false)
10 FCPATH\index.php(67): CodeIgniter\CodeIgniter->run()
CRITICAL - 2023-08-14 16:34:19 --> Uninitialized string offset 2
in FCPATH\config\content-config.php on line 18.
 1 FCPATH\config\content-config.php(18): CodeIgniter\Debug\Exceptions->errorHandler(2, 'Uninitialized string offset 2', 'C:\\xampp\\htdocs\\RPPS\\public\\config\\content-config.php', 18)
 2 APPPATH\Views\contents\home-page\template-1\header\head.php(37): require('C:\\xampp\\htdocs\\RPPS\\public\\config\\content-config.php')
 3 SYSTEMPATH\View\View.php(213): include('C:\\xampp\\htdocs\\RPPS\\app\\Views\\contents\\home-page\\template-1\\header\\head.php')
 4 SYSTEMPATH\View\View.php(216): CodeIgniter\View\View->CodeIgniter\View\{closure}()
 5 SYSTEMPATH\Common.php(1184): CodeIgniter\View\View->render('contents/home-page/template-1/header/head', [], true)
 6 APPPATH\Controllers\Home.php(10): view('contents/home-page/template-1/header/head')
 7 SYSTEMPATH\CodeIgniter.php(934): App\Controllers\Home->index()
 8 SYSTEMPATH\CodeIgniter.php(499): CodeIgniter\CodeIgniter->runController(Object(App\Controllers\Home))
 9 SYSTEMPATH\CodeIgniter.php(368): CodeIgniter\CodeIgniter->handleRequest(null, Object(Config\Cache), false)
10 FCPATH\index.php(67): CodeIgniter\CodeIgniter->run()
CRITICAL - 2023-08-14 16:37:04 --> include(dynamic-page-content/ipremar/contents/main/section-hero/content-2.php): Failed to open stream: No such file or directory
in APPPATH\Views\contents\home-page\template-1\main\sections\hero-slides\slide-news.php on line 32.
 1 APPPATH\Views\contents\home-page\template-1\main\sections\hero-slides\slide-news.php(32): CodeIgniter\Debug\Exceptions->errorHandler(2, 'include(dynamic-page-content/ipremar/contents/main/section-hero/content-2.php): Failed to open stream: No such file or directory', 'C:\\xampp\\htdocs\\RPPS\\app\\Views\\contents\\home-page\\template-1\\main\\sections\\hero-slides\\slide-news.php', 32)
 2 APPPATH\Views\contents\home-page\template-1\main\sections\hero-slides\slide-news.php(32): include()
 3 SYSTEMPATH\View\View.php(213): include('C:\\xampp\\htdocs\\RPPS\\app\\Views\\contents\\home-page\\template-1\\main\\sections\\hero-slides\\slide-news.php')
 4 SYSTEMPATH\View\View.php(216): CodeIgniter\View\View->CodeIgniter\View\{closure}()
 5 SYSTEMPATH\Common.php(1184): CodeIgniter\View\View->render('contents/home-page/template-1/main/sections/hero-slides/slide-news', [], true)
 6 APPPATH\Controllers\Home.php(15): view('contents/home-page/template-1/main/sections/hero-slides/slide-news')
 7 SYSTEMPATH\CodeIgniter.php(934): App\Controllers\Home->index()
 8 SYSTEMPATH\CodeIgniter.php(499): CodeIgniter\CodeIgniter->runController(Object(App\Controllers\Home))
 9 SYSTEMPATH\CodeIgniter.php(368): CodeIgniter\CodeIgniter->handleRequest(null, Object(Config\Cache), false)
10 FCPATH\index.php(67): CodeIgniter\CodeIgniter->run()
CRITICAL - 2023-08-14 16:38:32 --> Array to string conversion
in APPPATH\Views\contents\home-page\template-1\header\head.php on line 40.
 1 APPPATH\Views\contents\home-page\template-1\header\head.php(40): CodeIgniter\Debug\Exceptions->errorHandler(2, 'Array to string conversion', 'C:\\xampp\\htdocs\\RPPS\\app\\Views\\contents\\home-page\\template-1\\header\\head.php', 40)
 2 SYSTEMPATH\View\View.php(213): include('C:\\xampp\\htdocs\\RPPS\\app\\Views\\contents\\home-page\\template-1\\header\\head.php')
 3 SYSTEMPATH\View\View.php(216): CodeIgniter\View\View->CodeIgniter\View\{closure}()
 4 SYSTEMPATH\Common.php(1184): CodeIgniter\View\View->render('contents/home-page/template-1/header/head', [], true)
 5 APPPATH\Controllers\Home.php(10): view('contents/home-page/template-1/header/head')
 6 SYSTEMPATH\CodeIgniter.php(934): App\Controllers\Home->index()
 7 SYSTEMPATH\CodeIgniter.php(499): CodeIgniter\CodeIgniter->runController(Object(App\Controllers\Home))
 8 SYSTEMPATH\CodeIgniter.php(368): CodeIgniter\CodeIgniter->handleRequest(null, Object(Config\Cache), false)
 9 FCPATH\index.php(67): CodeIgniter\CodeIgniter->run()
CRITICAL - 2023-08-14 16:39:40 --> include(dynamic-page-content/ipremar/contents/main/section-hero/content-2.php): Failed to open stream: No such file or directory
in APPPATH\Views\contents\home-page\template-1\main\sections\hero-slides\slide-news.php on line 32.
 1 APPPATH\Views\contents\home-page\template-1\main\sections\hero-slides\slide-news.php(32): CodeIgniter\Debug\Exceptions->errorHandler(2, 'include(dynamic-page-content/ipremar/contents/main/section-hero/content-2.php): Failed to open stream: No such file or directory', 'C:\\xampp\\htdocs\\RPPS\\app\\Views\\contents\\home-page\\template-1\\main\\sections\\hero-slides\\slide-news.php', 32)
 2 APPPATH\Views\contents\home-page\template-1\main\sections\hero-slides\slide-news.php(32): include()
 3 SYSTEMPATH\View\View.php(213): include('C:\\xampp\\htdocs\\RPPS\\app\\Views\\contents\\home-page\\template-1\\main\\sections\\hero-slides\\slide-news.php')
 4 SYSTEMPATH\View\View.php(216): CodeIgniter\View\View->CodeIgniter\View\{closure}()
 5 SYSTEMPATH\Common.php(1184): CodeIgniter\View\View->render('contents/home-page/template-1/main/sections/hero-slides/slide-news', [], true)
 6 APPPATH\Controllers\Home.php(15): view('contents/home-page/template-1/main/sections/hero-slides/slide-news')
 7 SYSTEMPATH\CodeIgniter.php(934): App\Controllers\Home->index()
 8 SYSTEMPATH\CodeIgniter.php(499): CodeIgniter\CodeIgniter->runController(Object(App\Controllers\Home))
 9 SYSTEMPATH\CodeIgniter.php(368): CodeIgniter\CodeIgniter->handleRequest(null, Object(Config\Cache), false)
10 FCPATH\index.php(67): CodeIgniter\CodeIgniter->run()
CRITICAL - 2023-08-14 16:53:22 --> include(dynamic-page-content/ipremar/contents/main/section-hero/content-2.php): Failed to open stream: No such file or directory
in APPPATH\Views\contents\home-page\template-1\main\sections\hero-slides\slide-news.php on line 32.
 1 APPPATH\Views\contents\home-page\template-1\main\sections\hero-slides\slide-news.php(32): CodeIgniter\Debug\Exceptions->errorHandler(2, 'include(dynamic-page-content/ipremar/contents/main/section-hero/content-2.php): Failed to open stream: No such file or directory', 'C:\\xampp\\htdocs\\RPPS\\app\\Views\\contents\\home-page\\template-1\\main\\sections\\hero-slides\\slide-news.php', 32)
 2 APPPATH\Views\contents\home-page\template-1\main\sections\hero-slides\slide-news.php(32): include()
 3 SYSTEMPATH\View\View.php(213): include('C:\\xampp\\htdocs\\RPPS\\app\\Views\\contents\\home-page\\template-1\\main\\sections\\hero-slides\\slide-news.php')
 4 SYSTEMPATH\View\View.php(216): CodeIgniter\View\View->CodeIgniter\View\{closure}()
 5 SYSTEMPATH\Common.php(1184): CodeIgniter\View\View->render('contents/home-page/template-1/main/sections/hero-slides/slide-news', [], true)
 6 APPPATH\Controllers\Home.php(15): view('contents/home-page/template-1/main/sections/hero-slides/slide-news')
 7 SYSTEMPATH\CodeIgniter.php(934): App\Controllers\Home->index()
 8 SYSTEMPATH\CodeIgniter.php(499): CodeIgniter\CodeIgniter->runController(Object(App\Controllers\Home))
 9 SYSTEMPATH\CodeIgniter.php(368): CodeIgniter\CodeIgniter->handleRequest(null, Object(Config\Cache), false)
10 FCPATH\index.php(67): CodeIgniter\CodeIgniter->run()
CRITICAL - 2023-08-14 18:57:53 --> syntax error, unexpected token ")"
in FCPATH\assets\include\calendar.php on line 68.
 1 SYSTEMPATH\View\View.php(213): include()
 2 SYSTEMPATH\View\View.php(216): CodeIgniter\View\View->CodeIgniter\View\{closure}()
 3 SYSTEMPATH\Common.php(1184): CodeIgniter\View\View->render('contents/home-page/template-1/main/sections/main-content', [], true)
 4 APPPATH\Controllers\Home.php(16): view('contents/home-page/template-1/main/sections/main-content')
 5 SYSTEMPATH\CodeIgniter.php(934): App\Controllers\Home->index()
 6 SYSTEMPATH\CodeIgniter.php(499): CodeIgniter\CodeIgniter->runController(Object(App\Controllers\Home))
 7 SYSTEMPATH\CodeIgniter.php(368): CodeIgniter\CodeIgniter->handleRequest(null, Object(Config\Cache), false)
 8 FCPATH\index.php(67): CodeIgniter\CodeIgniter->run()
CRITICAL - 2023-08-14 18:58:38 --> syntax error, unexpected token ")"
in FCPATH\assets\include\calendar.php on line 68.
 1 SYSTEMPATH\View\View.php(213): include()
 2 SYSTEMPATH\View\View.php(216): CodeIgniter\View\View->CodeIgniter\View\{closure}()
 3 SYSTEMPATH\Common.php(1184): CodeIgniter\View\View->render('contents/home-page/template-1/main/sections/main-content', [], true)
 4 APPPATH\Controllers\Home.php(16): view('contents/home-page/template-1/main/sections/main-content')
 5 SYSTEMPATH\CodeIgniter.php(934): App\Controllers\Home->index()
 6 SYSTEMPATH\CodeIgniter.php(499): CodeIgniter\CodeIgniter->runController(Object(App\Controllers\Home))
 7 SYSTEMPATH\CodeIgniter.php(368): CodeIgniter\CodeIgniter->handleRequest(null, Object(Config\Cache), false)
 8 FCPATH\index.php(67): CodeIgniter\CodeIgniter->run()
CRITICAL - 2023-08-14 16:00:04 --> Undefined variable $ultimoDom7DiasAtras
in FCPATH\assets\include\calendar.php on line 67.
 1 FCPATH\assets\include\calendar.php(67): CodeIgniter\Debug\Exceptions->errorHandler(2, 'Undefined variable $ultimoDom7DiasAtras', 'C:\\xampp\\htdocs\\RPPS\\public\\assets\\include\\calendar.php', 67)
 2 APPPATH\Views\contents\home-page\template-1\main\sections\main-content.php(42): include_once('C:\\xampp\\htdocs\\RPPS\\public\\assets\\include\\calendar.php')
 3 SYSTEMPATH\View\View.php(213): include('C:\\xampp\\htdocs\\RPPS\\app\\Views\\contents\\home-page\\template-1\\main\\sections\\main-content.php')
 4 SYSTEMPATH\View\View.php(216): CodeIgniter\View\View->CodeIgniter\View\{closure}()
 5 SYSTEMPATH\Common.php(1184): CodeIgniter\View\View->render('contents/home-page/template-1/main/sections/main-content', [], true)
 6 APPPATH\Controllers\Home.php(16): view('contents/home-page/template-1/main/sections/main-content')
 7 SYSTEMPATH\CodeIgniter.php(934): App\Controllers\Home->index()
 8 SYSTEMPATH\CodeIgniter.php(499): CodeIgniter\CodeIgniter->runController(Object(App\Controllers\Home))
 9 SYSTEMPATH\CodeIgniter.php(368): CodeIgniter\CodeIgniter->handleRequest(null, Object(Config\Cache), false)
10 FCPATH\index.php(67): CodeIgniter\CodeIgniter->run()
CRITICAL - 2023-08-14 19:15:18 --> include(dynamic-page-content/month=2023-08-01/contents/main/section-hero/content.php): Failed to open stream: No such file or directory
in APPPATH\Views\contents\home-page\template-1\main\sections\hero-slides\slide-news.php on line 23.
 1 APPPATH\Views\contents\home-page\template-1\main\sections\hero-slides\slide-news.php(23): CodeIgniter\Debug\Exceptions->errorHandler(2, 'include(dynamic-page-content/month=2023-08-01/contents/main/section-hero/content.php): Failed to open stream: No such file or directory', 'C:\\xampp\\htdocs\\RPPS\\app\\Views\\contents\\home-page\\template-1\\main\\sections\\hero-slides\\slide-news.php', 23)
 2 APPPATH\Views\contents\home-page\template-1\main\sections\hero-slides\slide-news.php(23): include()
 3 SYSTEMPATH\View\View.php(213): include('C:\\xampp\\htdocs\\RPPS\\app\\Views\\contents\\home-page\\template-1\\main\\sections\\hero-slides\\slide-news.php')
 4 SYSTEMPATH\View\View.php(216): CodeIgniter\View\View->CodeIgniter\View\{closure}()
 5 SYSTEMPATH\Common.php(1184): CodeIgniter\View\View->render('contents/home-page/template-1/main/sections/hero-slides/slide-news', [], true)
 6 APPPATH\Controllers\Home.php(15): view('contents/home-page/template-1/main/sections/hero-slides/slide-news')
 7 SYSTEMPATH\CodeIgniter.php(934): App\Controllers\Home->index()
 8 SYSTEMPATH\CodeIgniter.php(499): CodeIgniter\CodeIgniter->runController(Object(App\Controllers\Home))
 9 SYSTEMPATH\CodeIgniter.php(368): CodeIgniter\CodeIgniter->handleRequest(null, Object(Config\Cache), false)
10 FCPATH\index.php(67): CodeIgniter\CodeIgniter->run()
CRITICAL - 2023-08-14 19:34:55 --> Invalid file: "contents/home-page/template-1/main/dynamic-content/hero-slides/slide-news.php"
in SYSTEMPATH\Exceptions\FrameworkException.php on line 33.
 1 SYSTEMPATH\View\View.php(201): CodeIgniter\Exceptions\FrameworkException::forInvalidFile('contents/home-page/template-1/main/dynamic-content/hero-slides/slide-news.php')
 2 SYSTEMPATH\Common.php(1184): CodeIgniter\View\View->render('contents/home-page/template-1/main/dynamic-content/hero-slides/slide-news', [], true)
 3 APPPATH\Controllers\Home.php(15): view('contents/home-page/template-1/main/dynamic-content/hero-slides/slide-news')
 4 SYSTEMPATH\CodeIgniter.php(934): App\Controllers\Home->index()
 5 SYSTEMPATH\CodeIgniter.php(499): CodeIgniter\CodeIgniter->runController(Object(App\Controllers\Home))
 6 SYSTEMPATH\CodeIgniter.php(368): CodeIgniter\CodeIgniter->handleRequest(null, Object(Config\Cache), false)
 7 FCPATH\index.php(67): CodeIgniter\CodeIgniter->run()
CRITICAL - 2023-08-14 19:37:11 --> include(dynamic-page-content/ipremar/contents/main/section-hero/content-2.php): Failed to open stream: No such file or directory
in APPPATH\Views\contents\home-page\dynamic-content\hero-slides\slide-news.php on line 32.
 1 APPPATH\Views\contents\home-page\dynamic-content\hero-slides\slide-news.php(32): CodeIgniter\Debug\Exceptions->errorHandler(2, 'include(dynamic-page-content/ipremar/contents/main/section-hero/content-2.php): Failed to open stream: No such file or directory', 'C:\\xampp\\htdocs\\RPPS\\app\\Views\\contents\\home-page\\dynamic-content\\hero-slides\\slide-news.php', 32)
 2 APPPATH\Views\contents\home-page\dynamic-content\hero-slides\slide-news.php(32): include()
 3 SYSTEMPATH\View\View.php(213): include('C:\\xampp\\htdocs\\RPPS\\app\\Views\\contents\\home-page\\dynamic-content\\hero-slides\\slide-news.php')
 4 SYSTEMPATH\View\View.php(216): CodeIgniter\View\View->CodeIgniter\View\{closure}()
 5 SYSTEMPATH\Common.php(1184): CodeIgniter\View\View->render('contents/home-page/dynamic-content/hero-slides/slide-news', [], true)
 6 APPPATH\Controllers\Home.php(15): view('contents/home-page/dynamic-content/hero-slides/slide-news')
 7 SYSTEMPATH\CodeIgniter.php(934): App\Controllers\Home->index()
 8 SYSTEMPATH\CodeIgniter.php(499): CodeIgniter\CodeIgniter->runController(Object(App\Controllers\Home))
 9 SYSTEMPATH\CodeIgniter.php(368): CodeIgniter\CodeIgniter->handleRequest(null, Object(Config\Cache), false)
10 FCPATH\index.php(67): CodeIgniter\CodeIgniter->run()
CRITICAL - 2023-08-14 17:15:51 --> Array to string conversion
in APPPATH\Views\contents\home-page\dynamic-content\other-news\news.php on line 28.
 1 APPPATH\Views\contents\home-page\dynamic-content\other-news\news.php(28): CodeIgniter\Debug\Exceptions->errorHandler(2, 'Array to string conversion', 'C:\\xampp\\htdocs\\RPPS\\app\\Views\\contents\\home-page\\dynamic-content\\other-news\\news.php', 28)
 2 SYSTEMPATH\View\View.php(213): include('C:\\xampp\\htdocs\\RPPS\\app\\Views\\contents\\home-page\\dynamic-content\\other-news\\news.php')
 3 SYSTEMPATH\View\View.php(216): CodeIgniter\View\View->CodeIgniter\View\{closure}()
 4 SYSTEMPATH\Common.php(1184): CodeIgniter\View\View->render('contents/home-page/dynamic-content/other-news/news', [], true)
 5 APPPATH\Controllers\Home.php(17): view('contents/home-page/dynamic-content/other-news/news')
 6 SYSTEMPATH\CodeIgniter.php(934): App\Controllers\Home->index()
 7 SYSTEMPATH\CodeIgniter.php(499): CodeIgniter\CodeIgniter->runController(Object(App\Controllers\Home))
 8 SYSTEMPATH\CodeIgniter.php(368): CodeIgniter\CodeIgniter->handleRequest(null, Object(Config\Cache), false)
 9 FCPATH\index.php(67): CodeIgniter\CodeIgniter->run()
CRITICAL - 2023-08-14 17:17:00 --> include_once(dynamic-page-content/home-page/contents/main/section-other-news/news.php): Failed to open stream: No such file or directory
in APPPATH\Views\contents\home-page\template-1\main\sections\other-news.php on line 12.
 1 APPPATH\Views\contents\home-page\template-1\main\sections\other-news.php(12): CodeIgniter\Debug\Exceptions->errorHandler(2, 'include_once(dynamic-page-content/home-page/contents/main/section-other-news/news.php): Failed to open stream: No such file or directory', 'C:\\xampp\\htdocs\\RPPS\\app\\Views\\contents\\home-page\\template-1\\main\\sections\\other-news.php', 12)
 2 APPPATH\Views\contents\home-page\template-1\main\sections\other-news.php(12): include_once()
 3 SYSTEMPATH\View\View.php(213): include('C:\\xampp\\htdocs\\RPPS\\app\\Views\\contents\\home-page\\template-1\\main\\sections\\other-news.php')
 4 SYSTEMPATH\View\View.php(216): CodeIgniter\View\View->CodeIgniter\View\{closure}()
 5 SYSTEMPATH\View\View.php(229): CodeIgniter\View\View->render('contents\\home-page\\template-1\\main\\sections\\other-news.php', [], true)
 6 SYSTEMPATH\Common.php(1184): CodeIgniter\View\View->render('contents/home-page/dynamic-content/other-news/news', [], true)
 7 APPPATH\Controllers\Home.php(17): view('contents/home-page/dynamic-content/other-news/news')
 8 SYSTEMPATH\CodeIgniter.php(934): App\Controllers\Home->index()
 9 SYSTEMPATH\CodeIgniter.php(499): CodeIgniter\CodeIgniter->runController(Object(App\Controllers\Home))
10 SYSTEMPATH\CodeIgniter.php(368): CodeIgniter\CodeIgniter->handleRequest(null, Object(Config\Cache), false)
11 FCPATH\index.php(67): CodeIgniter\CodeIgniter->run()
CRITICAL - 2023-08-14 17:30:40 --> strtotime(): Argument #2 ($baseTimestamp) must be of type ?int, string given
in APPPATH\Views\contents\home-page\dynamic-content\other-news\news.php on line 29.
 1 APPPATH\Views\contents\home-page\dynamic-content\other-news\news.php(29): strtotime('D de MM de YYYY', '15/01/2022')
 2 SYSTEMPATH\View\View.php(213): include('C:\\xampp\\htdocs\\RPPS\\app\\Views\\contents\\home-page\\dynamic-content\\other-news\\news.php')
 3 SYSTEMPATH\View\View.php(216): CodeIgniter\View\View->CodeIgniter\View\{closure}()
 4 SYSTEMPATH\Common.php(1184): CodeIgniter\View\View->render('contents/home-page/dynamic-content/other-news/news', [], true)
 5 APPPATH\Controllers\Home.php(17): view('contents/home-page/dynamic-content/other-news/news')
 6 SYSTEMPATH\CodeIgniter.php(934): App\Controllers\Home->index()
 7 SYSTEMPATH\CodeIgniter.php(499): CodeIgniter\CodeIgniter->runController(Object(App\Controllers\Home))
 8 SYSTEMPATH\CodeIgniter.php(368): CodeIgniter\CodeIgniter->handleRequest(null, Object(Config\Cache), false)
 9 FCPATH\index.php(67): CodeIgniter\CodeIgniter->run()
CRITICAL - 2023-08-14 17:31:21 --> strtotime(): Argument #2 ($baseTimestamp) must be of type ?int, string given
in APPPATH\Views\contents\home-page\dynamic-content\other-news\news.php on line 29.
 1 APPPATH\Views\contents\home-page\dynamic-content\other-news\news.php(29): strtotime('D de M de Y', '15/01/2022')
 2 SYSTEMPATH\View\View.php(213): include('C:\\xampp\\htdocs\\RPPS\\app\\Views\\contents\\home-page\\dynamic-content\\other-news\\news.php')
 3 SYSTEMPATH\View\View.php(216): CodeIgniter\View\View->CodeIgniter\View\{closure}()
 4 SYSTEMPATH\Common.php(1184): CodeIgniter\View\View->render('contents/home-page/dynamic-content/other-news/news', [], true)
 5 APPPATH\Controllers\Home.php(17): view('contents/home-page/dynamic-content/other-news/news')
 6 SYSTEMPATH\CodeIgniter.php(934): App\Controllers\Home->index()
 7 SYSTEMPATH\CodeIgniter.php(499): CodeIgniter\CodeIgniter->runController(Object(App\Controllers\Home))
 8 SYSTEMPATH\CodeIgniter.php(368): CodeIgniter\CodeIgniter->handleRequest(null, Object(Config\Cache), false)
 9 FCPATH\index.php(67): CodeIgniter\CodeIgniter->run()
CRITICAL - 2023-08-14 17:46:46 --> syntax error, unexpected identifier "’", expecting ")"
in APPPATH\Views\contents\home-page\dynamic-content\other-news\news.php on line 5.
 1 SYSTEMPATH\View\View.php(216): CodeIgniter\View\View->CodeIgniter\View\{closure}()
 2 SYSTEMPATH\Common.php(1184): CodeIgniter\View\View->render('contents/home-page/dynamic-content/other-news/news', [], true)
 3 APPPATH\Controllers\Home.php(17): view('contents/home-page/dynamic-content/other-news/news')
 4 SYSTEMPATH\CodeIgniter.php(934): App\Controllers\Home->index()
 5 SYSTEMPATH\CodeIgniter.php(499): CodeIgniter\CodeIgniter->runController(Object(App\Controllers\Home))
 6 SYSTEMPATH\CodeIgniter.php(368): CodeIgniter\CodeIgniter->handleRequest(null, Object(Config\Cache), false)
 7 FCPATH\index.php(67): CodeIgniter\CodeIgniter->run()
