CRITICAL - 2023-10-13 17:29:03 --> Cannot redeclare abstractPost() (previously declared in C:\xampp\htdocs\RPPS\public\functions\functionAbstractPosts.php\abstract.php:3)
in FCPATH\functions\functionAbstractPosts.php\abstract.php on line 3.
 1 [internal function]: CodeIgniter\Debug\Exceptions->shutdownHandler()
CRITICAL - 2023-10-13 20:31:25 --> include(App/Views/contents/template-1/inner-pages/posts/sections/institute/historic.php): Failed to open stream: No such file or directory
in APPPATH\Views\contents\template-1\inner-pages\posts\request-posts.php on line 7.
 1 APPPATH\Views\contents\template-1\inner-pages\posts\request-posts.php(7): CodeIgniter\Debug\Exceptions->errorHandler(2, 'include(App/Views/contents/template-1/inner-pages/posts/sections/institute/historic.php): Failed to open stream: No such file or directory', 'C:\\xampp\\htdocs\\RPPS\\app\\Views\\contents\\template-1\\inner-pages\\posts\\request-posts.php', 7)
 2 APPPATH\Views\contents\template-1\inner-pages\posts\request-posts.php(7): include()
 3 SYSTEMPATH\View\View.php(213): include('C:\\xampp\\htdocs\\RPPS\\app\\Views\\contents\\template-1\\inner-pages\\posts\\request-posts.php')
 4 SYSTEMPATH\View\View.php(216): CodeIgniter\View\View->CodeIgniter\View\{closure}()
 5 SYSTEMPATH\Common.php(1184): CodeIgniter\View\View->render('contents\\template-1\\inner-pages\\posts\\request-posts.php', [], true)
 6 APPPATH\Controllers\Info.php(10): view('contents\\template-1\\inner-pages\\posts\\request-posts.php')
 7 SYSTEMPATH\CodeIgniter.php(934): App\Controllers\Info->infos()
 8 SYSTEMPATH\CodeIgniter.php(499): CodeIgniter\CodeIgniter->runController(Object(App\Controllers\Info))
 9 SYSTEMPATH\CodeIgniter.php(368): CodeIgniter\CodeIgniter->handleRequest(null, Object(Config\Cache), false)
10 FCPATH\index.php(67): CodeIgniter\CodeIgniter->run()
CRITICAL - 2023-10-13 20:33:56 --> include(App/Views/contents/template-1/inner-pages/posts/sections/institute/historic/como-surgiu-o-ipreve.php): Failed to open stream: No such file or directory
in APPPATH\Views\contents\template-1\inner-pages\posts\request-posts.php on line 8.
 1 APPPATH\Views\contents\template-1\inner-pages\posts\request-posts.php(8): CodeIgniter\Debug\Exceptions->errorHandler(2, 'include(App/Views/contents/template-1/inner-pages/posts/sections/institute/historic/como-surgiu-o-ipreve.php): Failed to open stream: No such file or directory', 'C:\\xampp\\htdocs\\RPPS\\app\\Views\\contents\\template-1\\inner-pages\\posts\\request-posts.php', 8)
 2 APPPATH\Views\contents\template-1\inner-pages\posts\request-posts.php(8): include()
 3 SYSTEMPATH\View\View.php(213): include('C:\\xampp\\htdocs\\RPPS\\app\\Views\\contents\\template-1\\inner-pages\\posts\\request-posts.php')
 4 SYSTEMPATH\View\View.php(216): CodeIgniter\View\View->CodeIgniter\View\{closure}()
 5 SYSTEMPATH\Common.php(1184): CodeIgniter\View\View->render('contents\\template-1\\inner-pages\\posts\\request-posts.php', [], true)
 6 APPPATH\Controllers\Info.php(10): view('contents\\template-1\\inner-pages\\posts\\request-posts.php')
 7 SYSTEMPATH\CodeIgniter.php(934): App\Controllers\Info->infos()
 8 SYSTEMPATH\CodeIgniter.php(499): CodeIgniter\CodeIgniter->runController(Object(App\Controllers\Info))
 9 SYSTEMPATH\CodeIgniter.php(368): CodeIgniter\CodeIgniter->handleRequest(null, Object(Config\Cache), false)
10 FCPATH\index.php(67): CodeIgniter\CodeIgniter->run()
CRITICAL - 2023-10-13 20:35:09 --> include(App/Views/contents/template-1/inner-pages/posts/sections/institute/historic/como-surgiu-o-ipreve.php): Failed to open stream: No such file or directory
in APPPATH\Views\contents\template-1\inner-pages\posts\request-posts.php on line 8.
 1 APPPATH\Views\contents\template-1\inner-pages\posts\request-posts.php(8): CodeIgniter\Debug\Exceptions->errorHandler(2, 'include(App/Views/contents/template-1/inner-pages/posts/sections/institute/historic/como-surgiu-o-ipreve.php): Failed to open stream: No such file or directory', 'C:\\xampp\\htdocs\\RPPS\\app\\Views\\contents\\template-1\\inner-pages\\posts\\request-posts.php', 8)
 2 APPPATH\Views\contents\template-1\inner-pages\posts\request-posts.php(8): include()
 3 SYSTEMPATH\View\View.php(213): include('C:\\xampp\\htdocs\\RPPS\\app\\Views\\contents\\template-1\\inner-pages\\posts\\request-posts.php')
 4 SYSTEMPATH\View\View.php(216): CodeIgniter\View\View->CodeIgniter\View\{closure}()
 5 SYSTEMPATH\Common.php(1184): CodeIgniter\View\View->render('contents\\template-1\\inner-pages\\posts\\request-posts.php', [], true)
 6 APPPATH\Controllers\Info.php(10): view('contents\\template-1\\inner-pages\\posts\\request-posts.php')
 7 SYSTEMPATH\CodeIgniter.php(934): App\Controllers\Info->infos()
 8 SYSTEMPATH\CodeIgniter.php(499): CodeIgniter\CodeIgniter->runController(Object(App\Controllers\Info))
 9 SYSTEMPATH\CodeIgniter.php(368): CodeIgniter\CodeIgniter->handleRequest(null, Object(Config\Cache), false)
10 FCPATH\index.php(67): CodeIgniter\CodeIgniter->run()
CRITICAL - 2023-10-13 20:35:12 --> include(App/Views/contents/template-1/inner-pages/posts/sections/institute/historic/como-surgiu-o-ipreve.php): Failed to open stream: No such file or directory
in APPPATH\Views\contents\template-1\inner-pages\posts\request-posts.php on line 8.
 1 APPPATH\Views\contents\template-1\inner-pages\posts\request-posts.php(8): CodeIgniter\Debug\Exceptions->errorHandler(2, 'include(App/Views/contents/template-1/inner-pages/posts/sections/institute/historic/como-surgiu-o-ipreve.php): Failed to open stream: No such file or directory', 'C:\\xampp\\htdocs\\RPPS\\app\\Views\\contents\\template-1\\inner-pages\\posts\\request-posts.php', 8)
 2 APPPATH\Views\contents\template-1\inner-pages\posts\request-posts.php(8): include()
 3 SYSTEMPATH\View\View.php(213): include('C:\\xampp\\htdocs\\RPPS\\app\\Views\\contents\\template-1\\inner-pages\\posts\\request-posts.php')
 4 SYSTEMPATH\View\View.php(216): CodeIgniter\View\View->CodeIgniter\View\{closure}()
 5 SYSTEMPATH\Common.php(1184): CodeIgniter\View\View->render('contents\\template-1\\inner-pages\\posts\\request-posts.php', [], true)
 6 APPPATH\Controllers\Info.php(10): view('contents\\template-1\\inner-pages\\posts\\request-posts.php')
 7 SYSTEMPATH\CodeIgniter.php(934): App\Controllers\Info->infos()
 8 SYSTEMPATH\CodeIgniter.php(499): CodeIgniter\CodeIgniter->runController(Object(App\Controllers\Info))
 9 SYSTEMPATH\CodeIgniter.php(368): CodeIgniter\CodeIgniter->handleRequest(null, Object(Config\Cache), false)
10 FCPATH\index.php(67): CodeIgniter\CodeIgniter->run()
CRITICAL - 2023-10-13 20:35:16 --> include(App/Views/contents/template-1/inner-pages/posts/sections/institute/historic/como-surgiu-o-ipreve.php): Failed to open stream: No such file or directory
in APPPATH\Views\contents\template-1\inner-pages\posts\request-posts.php on line 8.
 1 APPPATH\Views\contents\template-1\inner-pages\posts\request-posts.php(8): CodeIgniter\Debug\Exceptions->errorHandler(2, 'include(App/Views/contents/template-1/inner-pages/posts/sections/institute/historic/como-surgiu-o-ipreve.php): Failed to open stream: No such file or directory', 'C:\\xampp\\htdocs\\RPPS\\app\\Views\\contents\\template-1\\inner-pages\\posts\\request-posts.php', 8)
 2 APPPATH\Views\contents\template-1\inner-pages\posts\request-posts.php(8): include()
 3 SYSTEMPATH\View\View.php(213): include('C:\\xampp\\htdocs\\RPPS\\app\\Views\\contents\\template-1\\inner-pages\\posts\\request-posts.php')
 4 SYSTEMPATH\View\View.php(216): CodeIgniter\View\View->CodeIgniter\View\{closure}()
 5 SYSTEMPATH\Common.php(1184): CodeIgniter\View\View->render('contents\\template-1\\inner-pages\\posts\\request-posts.php', [], true)
 6 APPPATH\Controllers\Info.php(10): view('contents\\template-1\\inner-pages\\posts\\request-posts.php')
 7 SYSTEMPATH\CodeIgniter.php(934): App\Controllers\Info->infos()
 8 SYSTEMPATH\CodeIgniter.php(499): CodeIgniter\CodeIgniter->runController(Object(App\Controllers\Info))
 9 SYSTEMPATH\CodeIgniter.php(368): CodeIgniter\CodeIgniter->handleRequest(null, Object(Config\Cache), false)
10 FCPATH\index.php(67): CodeIgniter\CodeIgniter->run()
CRITICAL - 2023-10-13 20:35:42 --> include(app\Views\contents\template-1\inner-pages\posts\sections\institute\historic\como-surgiu-o-ipreve.php): Failed to open stream: No such file or directory
in APPPATH\Views\contents\template-1\inner-pages\posts\request-posts.php on line 8.
 1 APPPATH\Views\contents\template-1\inner-pages\posts\request-posts.php(8): CodeIgniter\Debug\Exceptions->errorHandler(2, 'include(app\\Views\\contents\\template-1\\inner-pages\\posts\\sections\\institute\\historic\\como-surgiu-o-ipreve.php): Failed to open stream: No such file or directory', 'C:\\xampp\\htdocs\\RPPS\\app\\Views\\contents\\template-1\\inner-pages\\posts\\request-posts.php', 8)
 2 APPPATH\Views\contents\template-1\inner-pages\posts\request-posts.php(8): include()
 3 SYSTEMPATH\View\View.php(213): include('C:\\xampp\\htdocs\\RPPS\\app\\Views\\contents\\template-1\\inner-pages\\posts\\request-posts.php')
 4 SYSTEMPATH\View\View.php(216): CodeIgniter\View\View->CodeIgniter\View\{closure}()
 5 SYSTEMPATH\Common.php(1184): CodeIgniter\View\View->render('contents\\template-1\\inner-pages\\posts\\request-posts.php', [], true)
 6 APPPATH\Controllers\Info.php(10): view('contents\\template-1\\inner-pages\\posts\\request-posts.php')
 7 SYSTEMPATH\CodeIgniter.php(934): App\Controllers\Info->infos()
 8 SYSTEMPATH\CodeIgniter.php(499): CodeIgniter\CodeIgniter->runController(Object(App\Controllers\Info))
 9 SYSTEMPATH\CodeIgniter.php(368): CodeIgniter\CodeIgniter->handleRequest(null, Object(Config\Cache), false)
10 FCPATH\index.php(67): CodeIgniter\CodeIgniter->run()
CRITICAL - 2023-10-13 20:35:44 --> include(app\Views\contents\template-1\inner-pages\posts\sections\institute\historic\como-surgiu-o-ipreve.php): Failed to open stream: No such file or directory
in APPPATH\Views\contents\template-1\inner-pages\posts\request-posts.php on line 8.
 1 APPPATH\Views\contents\template-1\inner-pages\posts\request-posts.php(8): CodeIgniter\Debug\Exceptions->errorHandler(2, 'include(app\\Views\\contents\\template-1\\inner-pages\\posts\\sections\\institute\\historic\\como-surgiu-o-ipreve.php): Failed to open stream: No such file or directory', 'C:\\xampp\\htdocs\\RPPS\\app\\Views\\contents\\template-1\\inner-pages\\posts\\request-posts.php', 8)
 2 APPPATH\Views\contents\template-1\inner-pages\posts\request-posts.php(8): include()
 3 SYSTEMPATH\View\View.php(213): include('C:\\xampp\\htdocs\\RPPS\\app\\Views\\contents\\template-1\\inner-pages\\posts\\request-posts.php')
 4 SYSTEMPATH\View\View.php(216): CodeIgniter\View\View->CodeIgniter\View\{closure}()
 5 SYSTEMPATH\Common.php(1184): CodeIgniter\View\View->render('contents\\template-1\\inner-pages\\posts\\request-posts.php', [], true)
 6 APPPATH\Controllers\Info.php(10): view('contents\\template-1\\inner-pages\\posts\\request-posts.php')
 7 SYSTEMPATH\CodeIgniter.php(934): App\Controllers\Info->infos()
 8 SYSTEMPATH\CodeIgniter.php(499): CodeIgniter\CodeIgniter->runController(Object(App\Controllers\Info))
 9 SYSTEMPATH\CodeIgniter.php(368): CodeIgniter\CodeIgniter->handleRequest(null, Object(Config\Cache), false)
10 FCPATH\index.php(67): CodeIgniter\CodeIgniter->run()
CRITICAL - 2023-10-13 20:35:45 --> include(app\Views\contents\template-1\inner-pages\posts\sections\institute\historic\como-surgiu-o-ipreve.php): Failed to open stream: No such file or directory
in APPPATH\Views\contents\template-1\inner-pages\posts\request-posts.php on line 8.
 1 APPPATH\Views\contents\template-1\inner-pages\posts\request-posts.php(8): CodeIgniter\Debug\Exceptions->errorHandler(2, 'include(app\\Views\\contents\\template-1\\inner-pages\\posts\\sections\\institute\\historic\\como-surgiu-o-ipreve.php): Failed to open stream: No such file or directory', 'C:\\xampp\\htdocs\\RPPS\\app\\Views\\contents\\template-1\\inner-pages\\posts\\request-posts.php', 8)
 2 APPPATH\Views\contents\template-1\inner-pages\posts\request-posts.php(8): include()
 3 SYSTEMPATH\View\View.php(213): include('C:\\xampp\\htdocs\\RPPS\\app\\Views\\contents\\template-1\\inner-pages\\posts\\request-posts.php')
 4 SYSTEMPATH\View\View.php(216): CodeIgniter\View\View->CodeIgniter\View\{closure}()
 5 SYSTEMPATH\Common.php(1184): CodeIgniter\View\View->render('contents\\template-1\\inner-pages\\posts\\request-posts.php', [], true)
 6 APPPATH\Controllers\Info.php(10): view('contents\\template-1\\inner-pages\\posts\\request-posts.php')
 7 SYSTEMPATH\CodeIgniter.php(934): App\Controllers\Info->infos()
 8 SYSTEMPATH\CodeIgniter.php(499): CodeIgniter\CodeIgniter->runController(Object(App\Controllers\Info))
 9 SYSTEMPATH\CodeIgniter.php(368): CodeIgniter\CodeIgniter->handleRequest(null, Object(Config\Cache), false)
10 FCPATH\index.php(67): CodeIgniter\CodeIgniter->run()
CRITICAL - 2023-10-13 20:35:45 --> include(app\Views\contents\template-1\inner-pages\posts\sections\institute\historic\como-surgiu-o-ipreve.php): Failed to open stream: No such file or directory
in APPPATH\Views\contents\template-1\inner-pages\posts\request-posts.php on line 8.
 1 APPPATH\Views\contents\template-1\inner-pages\posts\request-posts.php(8): CodeIgniter\Debug\Exceptions->errorHandler(2, 'include(app\\Views\\contents\\template-1\\inner-pages\\posts\\sections\\institute\\historic\\como-surgiu-o-ipreve.php): Failed to open stream: No such file or directory', 'C:\\xampp\\htdocs\\RPPS\\app\\Views\\contents\\template-1\\inner-pages\\posts\\request-posts.php', 8)
 2 APPPATH\Views\contents\template-1\inner-pages\posts\request-posts.php(8): include()
 3 SYSTEMPATH\View\View.php(213): include('C:\\xampp\\htdocs\\RPPS\\app\\Views\\contents\\template-1\\inner-pages\\posts\\request-posts.php')
 4 SYSTEMPATH\View\View.php(216): CodeIgniter\View\View->CodeIgniter\View\{closure}()
 5 SYSTEMPATH\Common.php(1184): CodeIgniter\View\View->render('contents\\template-1\\inner-pages\\posts\\request-posts.php', [], true)
 6 APPPATH\Controllers\Info.php(10): view('contents\\template-1\\inner-pages\\posts\\request-posts.php')
 7 SYSTEMPATH\CodeIgniter.php(934): App\Controllers\Info->infos()
 8 SYSTEMPATH\CodeIgniter.php(499): CodeIgniter\CodeIgniter->runController(Object(App\Controllers\Info))
 9 SYSTEMPATH\CodeIgniter.php(368): CodeIgniter\CodeIgniter->handleRequest(null, Object(Config\Cache), false)
10 FCPATH\index.php(67): CodeIgniter\CodeIgniter->run()
CRITICAL - 2023-10-13 20:35:45 --> include(app\Views\contents\template-1\inner-pages\posts\sections\institute\historic\como-surgiu-o-ipreve.php): Failed to open stream: No such file or directory
in APPPATH\Views\contents\template-1\inner-pages\posts\request-posts.php on line 8.
 1 APPPATH\Views\contents\template-1\inner-pages\posts\request-posts.php(8): CodeIgniter\Debug\Exceptions->errorHandler(2, 'include(app\\Views\\contents\\template-1\\inner-pages\\posts\\sections\\institute\\historic\\como-surgiu-o-ipreve.php): Failed to open stream: No such file or directory', 'C:\\xampp\\htdocs\\RPPS\\app\\Views\\contents\\template-1\\inner-pages\\posts\\request-posts.php', 8)
 2 APPPATH\Views\contents\template-1\inner-pages\posts\request-posts.php(8): include()
 3 SYSTEMPATH\View\View.php(213): include('C:\\xampp\\htdocs\\RPPS\\app\\Views\\contents\\template-1\\inner-pages\\posts\\request-posts.php')
 4 SYSTEMPATH\View\View.php(216): CodeIgniter\View\View->CodeIgniter\View\{closure}()
 5 SYSTEMPATH\Common.php(1184): CodeIgniter\View\View->render('contents\\template-1\\inner-pages\\posts\\request-posts.php', [], true)
 6 APPPATH\Controllers\Info.php(10): view('contents\\template-1\\inner-pages\\posts\\request-posts.php')
 7 SYSTEMPATH\CodeIgniter.php(934): App\Controllers\Info->infos()
 8 SYSTEMPATH\CodeIgniter.php(499): CodeIgniter\CodeIgniter->runController(Object(App\Controllers\Info))
 9 SYSTEMPATH\CodeIgniter.php(368): CodeIgniter\CodeIgniter->handleRequest(null, Object(Config\Cache), false)
10 FCPATH\index.php(67): CodeIgniter\CodeIgniter->run()
CRITICAL - 2023-10-13 20:35:45 --> include(app\Views\contents\template-1\inner-pages\posts\sections\institute\historic\como-surgiu-o-ipreve.php): Failed to open stream: No such file or directory
in APPPATH\Views\contents\template-1\inner-pages\posts\request-posts.php on line 8.
 1 APPPATH\Views\contents\template-1\inner-pages\posts\request-posts.php(8): CodeIgniter\Debug\Exceptions->errorHandler(2, 'include(app\\Views\\contents\\template-1\\inner-pages\\posts\\sections\\institute\\historic\\como-surgiu-o-ipreve.php): Failed to open stream: No such file or directory', 'C:\\xampp\\htdocs\\RPPS\\app\\Views\\contents\\template-1\\inner-pages\\posts\\request-posts.php', 8)
 2 APPPATH\Views\contents\template-1\inner-pages\posts\request-posts.php(8): include()
 3 SYSTEMPATH\View\View.php(213): include('C:\\xampp\\htdocs\\RPPS\\app\\Views\\contents\\template-1\\inner-pages\\posts\\request-posts.php')
 4 SYSTEMPATH\View\View.php(216): CodeIgniter\View\View->CodeIgniter\View\{closure}()
 5 SYSTEMPATH\Common.php(1184): CodeIgniter\View\View->render('contents\\template-1\\inner-pages\\posts\\request-posts.php', [], true)
 6 APPPATH\Controllers\Info.php(10): view('contents\\template-1\\inner-pages\\posts\\request-posts.php')
 7 SYSTEMPATH\CodeIgniter.php(934): App\Controllers\Info->infos()
 8 SYSTEMPATH\CodeIgniter.php(499): CodeIgniter\CodeIgniter->runController(Object(App\Controllers\Info))
 9 SYSTEMPATH\CodeIgniter.php(368): CodeIgniter\CodeIgniter->handleRequest(null, Object(Config\Cache), false)
10 FCPATH\index.php(67): CodeIgniter\CodeIgniter->run()
CRITICAL - 2023-10-13 20:37:20 --> include(app/Views/contents/template-1/inner-pages/posts/sections/institute/historic/como-surgiu-o-ipreve.php): Failed to open stream: No such file or directory
in APPPATH\Views\contents\template-1\inner-pages\posts\request-posts.php on line 8.
 1 APPPATH\Views\contents\template-1\inner-pages\posts\request-posts.php(8): CodeIgniter\Debug\Exceptions->errorHandler(2, 'include(app/Views/contents/template-1/inner-pages/posts/sections/institute/historic/como-surgiu-o-ipreve.php): Failed to open stream: No such file or directory', 'C:\\xampp\\htdocs\\RPPS\\app\\Views\\contents\\template-1\\inner-pages\\posts\\request-posts.php', 8)
 2 APPPATH\Views\contents\template-1\inner-pages\posts\request-posts.php(8): include()
 3 SYSTEMPATH\View\View.php(213): include('C:\\xampp\\htdocs\\RPPS\\app\\Views\\contents\\template-1\\inner-pages\\posts\\request-posts.php')
 4 SYSTEMPATH\View\View.php(216): CodeIgniter\View\View->CodeIgniter\View\{closure}()
 5 SYSTEMPATH\Common.php(1184): CodeIgniter\View\View->render('contents\\template-1\\inner-pages\\posts\\request-posts.php', [], true)
 6 APPPATH\Controllers\Info.php(10): view('contents\\template-1\\inner-pages\\posts\\request-posts.php')
 7 SYSTEMPATH\CodeIgniter.php(934): App\Controllers\Info->infos()
 8 SYSTEMPATH\CodeIgniter.php(499): CodeIgniter\CodeIgniter->runController(Object(App\Controllers\Info))
 9 SYSTEMPATH\CodeIgniter.php(368): CodeIgniter\CodeIgniter->handleRequest(null, Object(Config\Cache), false)
10 FCPATH\index.php(67): CodeIgniter\CodeIgniter->run()
CRITICAL - 2023-10-13 20:37:23 --> include(app/Views/contents/template-1/inner-pages/posts/sections/institute/historic/como-surgiu-o-ipreve.php): Failed to open stream: No such file or directory
in APPPATH\Views\contents\template-1\inner-pages\posts\request-posts.php on line 8.
 1 APPPATH\Views\contents\template-1\inner-pages\posts\request-posts.php(8): CodeIgniter\Debug\Exceptions->errorHandler(2, 'include(app/Views/contents/template-1/inner-pages/posts/sections/institute/historic/como-surgiu-o-ipreve.php): Failed to open stream: No such file or directory', 'C:\\xampp\\htdocs\\RPPS\\app\\Views\\contents\\template-1\\inner-pages\\posts\\request-posts.php', 8)
 2 APPPATH\Views\contents\template-1\inner-pages\posts\request-posts.php(8): include()
 3 SYSTEMPATH\View\View.php(213): include('C:\\xampp\\htdocs\\RPPS\\app\\Views\\contents\\template-1\\inner-pages\\posts\\request-posts.php')
 4 SYSTEMPATH\View\View.php(216): CodeIgniter\View\View->CodeIgniter\View\{closure}()
 5 SYSTEMPATH\Common.php(1184): CodeIgniter\View\View->render('contents\\template-1\\inner-pages\\posts\\request-posts.php', [], true)
 6 APPPATH\Controllers\Info.php(10): view('contents\\template-1\\inner-pages\\posts\\request-posts.php')
 7 SYSTEMPATH\CodeIgniter.php(934): App\Controllers\Info->infos()
 8 SYSTEMPATH\CodeIgniter.php(499): CodeIgniter\CodeIgniter->runController(Object(App\Controllers\Info))
 9 SYSTEMPATH\CodeIgniter.php(368): CodeIgniter\CodeIgniter->handleRequest(null, Object(Config\Cache), false)
10 FCPATH\index.php(67): CodeIgniter\CodeIgniter->run()
CRITICAL - 2023-10-13 20:37:34 --> include(Views/contents/template-1/inner-pages/posts/sections/institute/historic/como-surgiu-o-ipreve.php): Failed to open stream: No such file or directory
in APPPATH\Views\contents\template-1\inner-pages\posts\request-posts.php on line 8.
 1 APPPATH\Views\contents\template-1\inner-pages\posts\request-posts.php(8): CodeIgniter\Debug\Exceptions->errorHandler(2, 'include(Views/contents/template-1/inner-pages/posts/sections/institute/historic/como-surgiu-o-ipreve.php): Failed to open stream: No such file or directory', 'C:\\xampp\\htdocs\\RPPS\\app\\Views\\contents\\template-1\\inner-pages\\posts\\request-posts.php', 8)
 2 APPPATH\Views\contents\template-1\inner-pages\posts\request-posts.php(8): include()
 3 SYSTEMPATH\View\View.php(213): include('C:\\xampp\\htdocs\\RPPS\\app\\Views\\contents\\template-1\\inner-pages\\posts\\request-posts.php')
 4 SYSTEMPATH\View\View.php(216): CodeIgniter\View\View->CodeIgniter\View\{closure}()
 5 SYSTEMPATH\Common.php(1184): CodeIgniter\View\View->render('contents\\template-1\\inner-pages\\posts\\request-posts.php', [], true)
 6 APPPATH\Controllers\Info.php(10): view('contents\\template-1\\inner-pages\\posts\\request-posts.php')
 7 SYSTEMPATH\CodeIgniter.php(934): App\Controllers\Info->infos()
 8 SYSTEMPATH\CodeIgniter.php(499): CodeIgniter\CodeIgniter->runController(Object(App\Controllers\Info))
 9 SYSTEMPATH\CodeIgniter.php(368): CodeIgniter\CodeIgniter->handleRequest(null, Object(Config\Cache), false)
10 FCPATH\index.php(67): CodeIgniter\CodeIgniter->run()
CRITICAL - 2023-10-13 20:37:40 --> include(contents/template-1/inner-pages/posts/sections/institute/historic/como-surgiu-o-ipreve.php): Failed to open stream: No such file or directory
in APPPATH\Views\contents\template-1\inner-pages\posts\request-posts.php on line 8.
 1 APPPATH\Views\contents\template-1\inner-pages\posts\request-posts.php(8): CodeIgniter\Debug\Exceptions->errorHandler(2, 'include(contents/template-1/inner-pages/posts/sections/institute/historic/como-surgiu-o-ipreve.php): Failed to open stream: No such file or directory', 'C:\\xampp\\htdocs\\RPPS\\app\\Views\\contents\\template-1\\inner-pages\\posts\\request-posts.php', 8)
 2 APPPATH\Views\contents\template-1\inner-pages\posts\request-posts.php(8): include()
 3 SYSTEMPATH\View\View.php(213): include('C:\\xampp\\htdocs\\RPPS\\app\\Views\\contents\\template-1\\inner-pages\\posts\\request-posts.php')
 4 SYSTEMPATH\View\View.php(216): CodeIgniter\View\View->CodeIgniter\View\{closure}()
 5 SYSTEMPATH\Common.php(1184): CodeIgniter\View\View->render('contents\\template-1\\inner-pages\\posts\\request-posts.php', [], true)
 6 APPPATH\Controllers\Info.php(10): view('contents\\template-1\\inner-pages\\posts\\request-posts.php')
 7 SYSTEMPATH\CodeIgniter.php(934): App\Controllers\Info->infos()
 8 SYSTEMPATH\CodeIgniter.php(499): CodeIgniter\CodeIgniter->runController(Object(App\Controllers\Info))
 9 SYSTEMPATH\CodeIgniter.php(368): CodeIgniter\CodeIgniter->handleRequest(null, Object(Config\Cache), false)
10 FCPATH\index.php(67): CodeIgniter\CodeIgniter->run()
CRITICAL - 2023-10-13 20:38:02 --> include(contents/template-1/inner-pages/posts/sections/institute/historic/como-surgiu-o-ipreve.php): Failed to open stream: No such file or directory
in APPPATH\Views\contents\template-1\inner-pages\posts\request-posts.php on line 8.
 1 APPPATH\Views\contents\template-1\inner-pages\posts\request-posts.php(8): CodeIgniter\Debug\Exceptions->errorHandler(2, 'include(contents/template-1/inner-pages/posts/sections/institute/historic/como-surgiu-o-ipreve.php): Failed to open stream: No such file or directory', 'C:\\xampp\\htdocs\\RPPS\\app\\Views\\contents\\template-1\\inner-pages\\posts\\request-posts.php', 8)
 2 APPPATH\Views\contents\template-1\inner-pages\posts\request-posts.php(8): include()
 3 SYSTEMPATH\View\View.php(213): include('C:\\xampp\\htdocs\\RPPS\\app\\Views\\contents\\template-1\\inner-pages\\posts\\request-posts.php')
 4 SYSTEMPATH\View\View.php(216): CodeIgniter\View\View->CodeIgniter\View\{closure}()
 5 SYSTEMPATH\Common.php(1184): CodeIgniter\View\View->render('contents\\template-1\\inner-pages\\posts\\request-posts.php', [], true)
 6 APPPATH\Controllers\Info.php(10): view('contents\\template-1\\inner-pages\\posts\\request-posts.php')
 7 SYSTEMPATH\CodeIgniter.php(934): App\Controllers\Info->infos()
 8 SYSTEMPATH\CodeIgniter.php(499): CodeIgniter\CodeIgniter->runController(Object(App\Controllers\Info))
 9 SYSTEMPATH\CodeIgniter.php(368): CodeIgniter\CodeIgniter->handleRequest(null, Object(Config\Cache), false)
10 FCPATH\index.php(67): CodeIgniter\CodeIgniter->run()
CRITICAL - 2023-10-13 20:38:39 --> Path cannot be empty
in APPPATH\Views\contents\template-1\inner-pages\posts\request-posts.php on line 8.
 1 SYSTEMPATH\View\View.php(213): include()
 2 SYSTEMPATH\View\View.php(216): CodeIgniter\View\View->CodeIgniter\View\{closure}()
 3 SYSTEMPATH\Common.php(1184): CodeIgniter\View\View->render('contents\\template-1\\inner-pages\\posts\\request-posts.php', [], true)
 4 APPPATH\Controllers\Info.php(10): view('contents\\template-1\\inner-pages\\posts\\request-posts.php')
 5 SYSTEMPATH\CodeIgniter.php(934): App\Controllers\Info->infos()
 6 SYSTEMPATH\CodeIgniter.php(499): CodeIgniter\CodeIgniter->runController(Object(App\Controllers\Info))
 7 SYSTEMPATH\CodeIgniter.php(368): CodeIgniter\CodeIgniter->handleRequest(null, Object(Config\Cache), false)
 8 FCPATH\index.php(67): CodeIgniter\CodeIgniter->run()
CRITICAL - 2023-10-13 20:38:51 --> include(app\Views\contents\template-1\inner-pages\posts\sections\institute\historic\como-surgiu-o-ipreve.php): Failed to open stream: No such file or directory
in APPPATH\Views\contents\template-1\inner-pages\posts\request-posts.php on line 8.
 1 APPPATH\Views\contents\template-1\inner-pages\posts\request-posts.php(8): CodeIgniter\Debug\Exceptions->errorHandler(2, 'include(app\\Views\\contents\\template-1\\inner-pages\\posts\\sections\\institute\\historic\\como-surgiu-o-ipreve.php): Failed to open stream: No such file or directory', 'C:\\xampp\\htdocs\\RPPS\\app\\Views\\contents\\template-1\\inner-pages\\posts\\request-posts.php', 8)
 2 APPPATH\Views\contents\template-1\inner-pages\posts\request-posts.php(8): include()
 3 SYSTEMPATH\View\View.php(213): include('C:\\xampp\\htdocs\\RPPS\\app\\Views\\contents\\template-1\\inner-pages\\posts\\request-posts.php')
 4 SYSTEMPATH\View\View.php(216): CodeIgniter\View\View->CodeIgniter\View\{closure}()
 5 SYSTEMPATH\Common.php(1184): CodeIgniter\View\View->render('contents\\template-1\\inner-pages\\posts\\request-posts.php', [], true)
 6 APPPATH\Controllers\Info.php(10): view('contents\\template-1\\inner-pages\\posts\\request-posts.php')
 7 SYSTEMPATH\CodeIgniter.php(934): App\Controllers\Info->infos()
 8 SYSTEMPATH\CodeIgniter.php(499): CodeIgniter\CodeIgniter->runController(Object(App\Controllers\Info))
 9 SYSTEMPATH\CodeIgniter.php(368): CodeIgniter\CodeIgniter->handleRequest(null, Object(Config\Cache), false)
10 FCPATH\index.php(67): CodeIgniter\CodeIgniter->run()
CRITICAL - 2023-10-13 20:39:34 --> Invalid file: "app/Views/contents/template-1/inner-pages/posts/sections/institute/historic/como-surgiu-o-ipreve.php"
in SYSTEMPATH\Exceptions\FrameworkException.php on line 33.
 1 SYSTEMPATH\View\View.php(201): CodeIgniter\Exceptions\FrameworkException::forInvalidFile('app/Views/contents/template-1/inner-pages/posts/sections/institute/historic/como-surgiu-o-ipreve.php')
 2 SYSTEMPATH\Common.php(1184): CodeIgniter\View\View->render('app/Views/contents/template-1/inner-pages/posts/sections/institute/historic/como-surgiu-o-ipreve.php', [], true)
 3 APPPATH\Views\contents\template-1\inner-pages\posts\request-posts.php(10): view('app/Views/contents/template-1/inner-pages/posts/sections/institute/historic/como-surgiu-o-ipreve.php')
 4 SYSTEMPATH\View\View.php(213): include('C:\\xampp\\htdocs\\RPPS\\app\\Views\\contents\\template-1\\inner-pages\\posts\\request-posts.php')
 5 SYSTEMPATH\View\View.php(216): CodeIgniter\View\View->CodeIgniter\View\{closure}()
 6 SYSTEMPATH\Common.php(1184): CodeIgniter\View\View->render('contents\\template-1\\inner-pages\\posts\\request-posts.php', [], true)
 7 APPPATH\Controllers\Info.php(10): view('contents\\template-1\\inner-pages\\posts\\request-posts.php')
 8 SYSTEMPATH\CodeIgniter.php(934): App\Controllers\Info->infos()
 9 SYSTEMPATH\CodeIgniter.php(499): CodeIgniter\CodeIgniter->runController(Object(App\Controllers\Info))
10 SYSTEMPATH\CodeIgniter.php(368): CodeIgniter\CodeIgniter->handleRequest(null, Object(Config\Cache), false)
11 FCPATH\index.php(67): CodeIgniter\CodeIgniter->run()
CRITICAL - 2023-10-13 20:40:59 --> Invalid file: "contents/template-1/inner-pages/posts/sections/institute/historic/c.php"
in SYSTEMPATH\Exceptions\FrameworkException.php on line 33.
 1 SYSTEMPATH\View\View.php(201): CodeIgniter\Exceptions\FrameworkException::forInvalidFile('contents/template-1/inner-pages/posts/sections/institute/historic/c.php')
 2 SYSTEMPATH\Common.php(1184): CodeIgniter\View\View->render('contents/template-1/inner-pages/posts/sections/institute/historic/c', [], true)
 3 APPPATH\Views\contents\template-1\inner-pages\posts\request-posts.php(11): view('contents/template-1/inner-pages/posts/sections/institute/historic/c')
 4 SYSTEMPATH\View\View.php(213): include('C:\\xampp\\htdocs\\RPPS\\app\\Views\\contents\\template-1\\inner-pages\\posts\\request-posts.php')
 5 SYSTEMPATH\View\View.php(216): CodeIgniter\View\View->CodeIgniter\View\{closure}()
 6 SYSTEMPATH\Common.php(1184): CodeIgniter\View\View->render('contents\\template-1\\inner-pages\\posts\\request-posts.php', [], true)
 7 APPPATH\Controllers\Info.php(10): view('contents\\template-1\\inner-pages\\posts\\request-posts.php')
 8 SYSTEMPATH\CodeIgniter.php(934): App\Controllers\Info->infos()
 9 SYSTEMPATH\CodeIgniter.php(499): CodeIgniter\CodeIgniter->runController(Object(App\Controllers\Info))
10 SYSTEMPATH\CodeIgniter.php(368): CodeIgniter\CodeIgniter->handleRequest(null, Object(Config\Cache), false)
11 FCPATH\index.php(67): CodeIgniter\CodeIgniter->run()
CRITICAL - 2023-10-13 20:49:18 --> file_exists() expects exactly 1 argument, 0 given
in APPPATH\Views\contents\template-1\inner-pages\posts\request-posts.php on line 11.
 1 APPPATH\Views\contents\template-1\inner-pages\posts\request-posts.php(11): file_exists()
 2 SYSTEMPATH\View\View.php(213): include('C:\\xampp\\htdocs\\RPPS\\app\\Views\\contents\\template-1\\inner-pages\\posts\\request-posts.php')
 3 SYSTEMPATH\View\View.php(216): CodeIgniter\View\View->CodeIgniter\View\{closure}()
 4 SYSTEMPATH\Common.php(1184): CodeIgniter\View\View->render('contents\\template-1\\inner-pages\\posts\\request-posts.php', [], true)
 5 APPPATH\Controllers\Info.php(10): view('contents\\template-1\\inner-pages\\posts\\request-posts.php')
 6 SYSTEMPATH\CodeIgniter.php(934): App\Controllers\Info->infos()
 7 SYSTEMPATH\CodeIgniter.php(499): CodeIgniter\CodeIgniter->runController(Object(App\Controllers\Info))
 8 SYSTEMPATH\CodeIgniter.php(368): CodeIgniter\CodeIgniter->handleRequest(null, Object(Config\Cache), false)
 9 FCPATH\index.php(67): CodeIgniter\CodeIgniter->run()
CRITICAL - 2023-10-13 20:57:03 --> include(sections/institute/historic/como-surgiu-o-ipreve.pp): Failed to open stream: No such file or directory
in APPPATH\Views\contents\template-1\inner-pages\posts\request-posts.php on line 11.
 1 APPPATH\Views\contents\template-1\inner-pages\posts\request-posts.php(11): CodeIgniter\Debug\Exceptions->errorHandler(2, 'include(sections/institute/historic/como-surgiu-o-ipreve.pp): Failed to open stream: No such file or directory', 'C:\\xampp\\htdocs\\RPPS\\app\\Views\\contents\\template-1\\inner-pages\\posts\\request-posts.php', 11)
 2 APPPATH\Views\contents\template-1\inner-pages\posts\request-posts.php(11): include()
 3 SYSTEMPATH\View\View.php(213): include('C:\\xampp\\htdocs\\RPPS\\app\\Views\\contents\\template-1\\inner-pages\\posts\\request-posts.php')
 4 SYSTEMPATH\View\View.php(216): CodeIgniter\View\View->CodeIgniter\View\{closure}()
 5 SYSTEMPATH\Common.php(1184): CodeIgniter\View\View->render('contents\\template-1\\inner-pages\\posts\\request-posts.php', [], true)
 6 APPPATH\Controllers\Info.php(10): view('contents\\template-1\\inner-pages\\posts\\request-posts.php')
 7 SYSTEMPATH\CodeIgniter.php(934): App\Controllers\Info->infos()
 8 SYSTEMPATH\CodeIgniter.php(499): CodeIgniter\CodeIgniter->runController(Object(App\Controllers\Info))
 9 SYSTEMPATH\CodeIgniter.php(368): CodeIgniter\CodeIgniter->handleRequest(null, Object(Config\Cache), false)
10 FCPATH\index.php(67): CodeIgniter\CodeIgniter->run()
CRITICAL - 2023-10-13 21:14:15 --> Invalid file: "sections/institute/historic/como-surgiu-o-ipreve.php"
in SYSTEMPATH\Exceptions\FrameworkException.php on line 33.
 1 SYSTEMPATH\View\View.php(201): CodeIgniter\Exceptions\FrameworkException::forInvalidFile('sections/institute/historic/como-surgiu-o-ipreve.php')
 2 SYSTEMPATH\Common.php(1184): CodeIgniter\View\View->render('sections/institute/historic/como-surgiu-o-ipreve.php', [], true)
 3 APPPATH\Views\contents\template-1\inner-pages\posts\request-posts.php(12): view('sections/institute/historic/como-surgiu-o-ipreve.php')
 4 SYSTEMPATH\View\View.php(213): include('C:\\xampp\\htdocs\\RPPS\\app\\Views\\contents\\template-1\\inner-pages\\posts\\request-posts.php')
 5 SYSTEMPATH\View\View.php(216): CodeIgniter\View\View->CodeIgniter\View\{closure}()
 6 SYSTEMPATH\Common.php(1184): CodeIgniter\View\View->render('contents\\template-1\\inner-pages\\posts\\request-posts.php', [], true)
 7 APPPATH\Controllers\Info.php(10): view('contents\\template-1\\inner-pages\\posts\\request-posts.php')
 8 SYSTEMPATH\CodeIgniter.php(934): App\Controllers\Info->infos()
 9 SYSTEMPATH\CodeIgniter.php(499): CodeIgniter\CodeIgniter->runController(Object(App\Controllers\Info))
10 SYSTEMPATH\CodeIgniter.php(368): CodeIgniter\CodeIgniter->handleRequest(null, Object(Config\Cache), false)
11 FCPATH\index.php(67): CodeIgniter\CodeIgniter->run()
