INFO - 2024-08-20 15:26:14 --> Session: Class initialized using 'CodeIgniter\Session\Handlers\FileHandler' driver.
INFO - 2024-08-20 16:11:54 --> Session: Class initialized using 'CodeIgniter\Session\Handlers\FileHandler' driver.
INFO - 2024-08-20 16:14:49 --> Session: Class initialized using 'CodeIgniter\Session\Handlers\FileHandler' driver.
INFO - 2024-08-20 16:17:28 --> Session: Class initialized using 'CodeIgniter\Session\Handlers\FileHandler' driver.
INFO - 2024-08-20 16:17:43 --> Session: Class initialized using 'CodeIgniter\Session\Handlers\FileHandler' driver.
INFO - 2024-08-20 16:50:38 --> Session: Class initialized using 'CodeIgniter\Session\Handlers\FileHandler' driver.
INFO - 2024-08-20 16:52:29 --> Session: Class initialized using 'CodeIgniter\Session\Handlers\FileHandler' driver.
CRITICAL - 2024-08-20 13:53:04 --> file_get_contents(contactUs.php): Failed to open stream: No such file or directory
in APPPATH\Controllers\Mails\sendMails.php on line 142.
 1 [internal function]: CodeIgniter\Debug\Exceptions->errorHandler(2, 'file_get_contents(contactUs.php): Failed to open stream: No such file or directory', 'C:\\xampp\\htdocs\\RPPS\\app\\Controllers\\Mails\\sendMails.php', 142)
 2 APPPATH\Controllers\Mails\sendMails.php(142): file_get_contents('contactUs.php', '../Views/mails/contactUs.php')
 3 SYSTEMPATH\CodeIgniter.php(934): App\Controllers\Mails\sendMails->contact()
 4 SYSTEMPATH\CodeIgniter.php(499): CodeIgniter\CodeIgniter->runController(Object(App\Controllers\Mails\sendMails))
 5 SYSTEMPATH\CodeIgniter.php(368): CodeIgniter\CodeIgniter->handleRequest(null, Object(Config\Cache), false)
 6 FCPATH\index.php(67): CodeIgniter\CodeIgniter->run()
CRITICAL - 2024-08-20 13:53:26 --> file_get_contents(contactUs.php): Failed to open stream: No such file or directory
in APPPATH\Controllers\Mails\sendMails.php on line 142.
 1 [internal function]: CodeIgniter\Debug\Exceptions->errorHandler(2, 'file_get_contents(contactUs.php): Failed to open stream: No such file or directory', 'C:\\xampp\\htdocs\\RPPS\\app\\Controllers\\Mails\\sendMails.php', 142)
 2 APPPATH\Controllers\Mails\sendMails.php(142): file_get_contents('contactUs.php', '../Views/mails/')
 3 SYSTEMPATH\CodeIgniter.php(934): App\Controllers\Mails\sendMails->contact()
 4 SYSTEMPATH\CodeIgniter.php(499): CodeIgniter\CodeIgniter->runController(Object(App\Controllers\Mails\sendMails))
 5 SYSTEMPATH\CodeIgniter.php(368): CodeIgniter\CodeIgniter->handleRequest(null, Object(Config\Cache), false)
 6 FCPATH\index.php(67): CodeIgniter\CodeIgniter->run()
CRITICAL - 2024-08-20 13:57:52 --> file_get_contents(contactUs.php): Failed to open stream: No such file or directory
in APPPATH\Controllers\Mails\sendMails.php on line 143.
 1 [internal function]: CodeIgniter\Debug\Exceptions->errorHandler(2, 'file_get_contents(contactUs.php): Failed to open stream: No such file or directory', 'C:\\xampp\\htdocs\\RPPS\\app\\Controllers\\Mails\\sendMails.php', 143)
 2 APPPATH\Controllers\Mails\sendMails.php(143): file_get_contents('contactUs.php', 'C:\\xampp\\htdocs\\RPPS\\app\\Controllers\\Mails../Views/mails/')
 3 SYSTEMPATH\CodeIgniter.php(934): App\Controllers\Mails\sendMails->contact()
 4 SYSTEMPATH\CodeIgniter.php(499): CodeIgniter\CodeIgniter->runController(Object(App\Controllers\Mails\sendMails))
 5 SYSTEMPATH\CodeIgniter.php(368): CodeIgniter\CodeIgniter->handleRequest(null, Object(Config\Cache), false)
 6 FCPATH\index.php(67): CodeIgniter\CodeIgniter->run()
CRITICAL - 2024-08-20 13:58:03 --> file_get_contents(contactUs.php): Failed to open stream: No such file or directory
in APPPATH\Controllers\Mails\sendMails.php on line 143.
 1 [internal function]: CodeIgniter\Debug\Exceptions->errorHandler(2, 'file_get_contents(contactUs.php): Failed to open stream: No such file or directory', 'C:\\xampp\\htdocs\\RPPS\\app\\Controllers\\Mails\\sendMails.php', 143)
 2 APPPATH\Controllers\Mails\sendMails.php(143): file_get_contents('contactUs.php', 'C:\\xampp\\htdocs\\RPPS\\app\\Controllers\\Mails../Views/mails')
 3 SYSTEMPATH\CodeIgniter.php(934): App\Controllers\Mails\sendMails->contact()
 4 SYSTEMPATH\CodeIgniter.php(499): CodeIgniter\CodeIgniter->runController(Object(App\Controllers\Mails\sendMails))
 5 SYSTEMPATH\CodeIgniter.php(368): CodeIgniter\CodeIgniter->handleRequest(null, Object(Config\Cache), false)
 6 FCPATH\index.php(67): CodeIgniter\CodeIgniter->run()
INFO - 2024-08-20 17:10:26 --> Session: Class initialized using 'CodeIgniter\Session\Handlers\FileHandler' driver.
INFO - 2024-08-20 17:55:03 --> Session: Class initialized using 'CodeIgniter\Session\Handlers\FileHandler' driver.
INFO - 2024-08-20 18:25:28 --> Session: Class initialized using 'CodeIgniter\Session\Handlers\FileHandler' driver.
INFO - 2024-08-20 18:51:08 --> Session: Class initialized using 'CodeIgniter\Session\Handlers\FileHandler' driver.
INFO - 2024-08-20 18:57:01 --> Session: Class initialized using 'CodeIgniter\Session\Handlers\FileHandler' driver.
INFO - 2024-08-20 18:57:04 --> Session: Class initialized using 'CodeIgniter\Session\Handlers\FileHandler' driver.
INFO - 2024-08-20 18:57:51 --> Session: Class initialized using 'CodeIgniter\Session\Handlers\FileHandler' driver.
INFO - 2024-08-20 18:59:11 --> Session: Class initialized using 'CodeIgniter\Session\Handlers\FileHandler' driver.
INFO - 2024-08-20 19:10:18 --> Session: Class initialized using 'CodeIgniter\Session\Handlers\FileHandler' driver.
INFO - 2024-08-20 19:10:26 --> Session: Class initialized using 'CodeIgniter\Session\Handlers\FileHandler' driver.
CRITICAL - 2024-08-20 16:12:31 --> Undefined array key "subject"
in APPPATH\Views\mails\contactUs.php on line 9.
 1 APPPATH\Views\mails\contactUs.php(9): CodeIgniter\Debug\Exceptions->errorHandler(2, 'Undefined array key "subject"', 'C:\\xampp\\htdocs\\RPPS\\app\\Views\\mails\\contactUs.php', 9)
 2 SYSTEMPATH\View\View.php(213): include('C:\\xampp\\htdocs\\RPPS\\app\\Views\\mails\\contactUs.php')
 3 SYSTEMPATH\View\View.php(216): CodeIgniter\View\View->CodeIgniter\View\{closure}()
 4 SYSTEMPATH\Common.php(1184): CodeIgniter\View\View->render('mails/contactUs', [], true)
 5 APPPATH\Controllers\Mails\sendMails.php(125): view('mails/contactUs', [...])
 6 SYSTEMPATH\CodeIgniter.php(934): App\Controllers\Mails\sendMails->contact()
 7 SYSTEMPATH\CodeIgniter.php(499): CodeIgniter\CodeIgniter->runController(Object(App\Controllers\Mails\sendMails))
 8 SYSTEMPATH\CodeIgniter.php(368): CodeIgniter\CodeIgniter->handleRequest(null, Object(Config\Cache), false)
 9 FCPATH\index.php(67): CodeIgniter\CodeIgniter->run()
INFO - 2024-08-20 19:13:45 --> Session: Class initialized using 'CodeIgniter\Session\Handlers\FileHandler' driver.
CRITICAL - 2024-08-20 16:15:09 --> Undefined variable $name
in APPPATH\Views\mails\verifyMail.php on line 11.
 1 APPPATH\Views\mails\verifyMail.php(11): CodeIgniter\Debug\Exceptions->errorHandler(2, 'Undefined variable $name', 'C:\\xampp\\htdocs\\RPPS\\app\\Views\\mails\\verifyMail.php', 11)
 2 SYSTEMPATH\View\View.php(213): include('C:\\xampp\\htdocs\\RPPS\\app\\Views\\mails\\verifyMail.php')
 3 SYSTEMPATH\View\View.php(216): CodeIgniter\View\View->CodeIgniter\View\{closure}()
 4 SYSTEMPATH\Common.php(1184): CodeIgniter\View\View->render('mails/verifyMail', [], true)
 5 APPPATH\Controllers\Mails\sendMails.php(125): view('mails/verifyMail', [...])
 6 SYSTEMPATH\CodeIgniter.php(934): App\Controllers\Mails\sendMails->contact()
 7 SYSTEMPATH\CodeIgniter.php(499): CodeIgniter\CodeIgniter->runController(Object(App\Controllers\Mails\sendMails))
 8 SYSTEMPATH\CodeIgniter.php(368): CodeIgniter\CodeIgniter->handleRequest(null, Object(Config\Cache), false)
 9 FCPATH\index.php(67): CodeIgniter\CodeIgniter->run()
CRITICAL - 2024-08-20 16:18:40 --> Undefined array key "institute"
in APPPATH\Controllers\Mails\sendMails.php on line 121.
 1 APPPATH\Controllers\Mails\sendMails.php(121): CodeIgniter\Debug\Exceptions->errorHandler(2, 'Undefined array key "institute"', 'C:\\xampp\\htdocs\\RPPS\\app\\Controllers\\Mails\\sendMails.php', 121)
 2 SYSTEMPATH\CodeIgniter.php(934): App\Controllers\Mails\sendMails->contact()
 3 SYSTEMPATH\CodeIgniter.php(499): CodeIgniter\CodeIgniter->runController(Object(App\Controllers\Mails\sendMails))
 4 SYSTEMPATH\CodeIgniter.php(368): CodeIgniter\CodeIgniter->handleRequest(null, Object(Config\Cache), false)
 5 FCPATH\index.php(67): CodeIgniter\CodeIgniter->run()
INFO - 2024-08-20 19:26:34 --> Session: Class initialized using 'CodeIgniter\Session\Handlers\FileHandler' driver.
CRITICAL - 2024-08-20 16:27:16 --> Undefined variable $name
in APPPATH\Views\mails\verifyMail.php on line 11.
 1 APPPATH\Views\mails\verifyMail.php(11): CodeIgniter\Debug\Exceptions->errorHandler(2, 'Undefined variable $name', 'C:\\xampp\\htdocs\\RPPS\\app\\Views\\mails\\verifyMail.php', 11)
 2 SYSTEMPATH\View\View.php(213): include('C:\\xampp\\htdocs\\RPPS\\app\\Views\\mails\\verifyMail.php')
 3 SYSTEMPATH\View\View.php(216): CodeIgniter\View\View->CodeIgniter\View\{closure}()
 4 SYSTEMPATH\Common.php(1184): CodeIgniter\View\View->render('mails/verifyMail', [], true)
 5 APPPATH\Controllers\Mails\sendMails.php(121): view('mails/verifyMail', [...])
 6 SYSTEMPATH\CodeIgniter.php(934): App\Controllers\Mails\sendMails->contact()
 7 SYSTEMPATH\CodeIgniter.php(499): CodeIgniter\CodeIgniter->runController(Object(App\Controllers\Mails\sendMails))
 8 SYSTEMPATH\CodeIgniter.php(368): CodeIgniter\CodeIgniter->handleRequest(null, Object(Config\Cache), false)
 9 FCPATH\index.php(67): CodeIgniter\CodeIgniter->run()
CRITICAL - 2024-08-20 16:27:56 --> Undefined variable $name
in APPPATH\Views\mails\verifyMail.php on line 11.
 1 APPPATH\Views\mails\verifyMail.php(11): CodeIgniter\Debug\Exceptions->errorHandler(2, 'Undefined variable $name', 'C:\\xampp\\htdocs\\RPPS\\app\\Views\\mails\\verifyMail.php', 11)
 2 SYSTEMPATH\View\View.php(213): include('C:\\xampp\\htdocs\\RPPS\\app\\Views\\mails\\verifyMail.php')
 3 SYSTEMPATH\View\View.php(216): CodeIgniter\View\View->CodeIgniter\View\{closure}()
 4 SYSTEMPATH\Common.php(1184): CodeIgniter\View\View->render('mails/verifyMail', [], true)
 5 APPPATH\Controllers\Mails\sendMails.php(121): view('mails/verifyMail')
 6 SYSTEMPATH\CodeIgniter.php(934): App\Controllers\Mails\sendMails->contact()
 7 SYSTEMPATH\CodeIgniter.php(499): CodeIgniter\CodeIgniter->runController(Object(App\Controllers\Mails\sendMails))
 8 SYSTEMPATH\CodeIgniter.php(368): CodeIgniter\CodeIgniter->handleRequest(null, Object(Config\Cache), false)
 9 FCPATH\index.php(67): CodeIgniter\CodeIgniter->run()
CRITICAL - 2024-08-20 16:30:55 --> Undefined variable $name
in APPPATH\Views\mails\verifyMail.php on line 11.
 1 APPPATH\Views\mails\verifyMail.php(11): CodeIgniter\Debug\Exceptions->errorHandler(2, 'Undefined variable $name', 'C:\\xampp\\htdocs\\RPPS\\app\\Views\\mails\\verifyMail.php', 11)
 2 SYSTEMPATH\View\View.php(213): include('C:\\xampp\\htdocs\\RPPS\\app\\Views\\mails\\verifyMail.php')
 3 SYSTEMPATH\View\View.php(216): CodeIgniter\View\View->CodeIgniter\View\{closure}()
 4 SYSTEMPATH\Common.php(1184): CodeIgniter\View\View->render('mails/verifyMail.php', [], true)
 5 APPPATH\Controllers\Mails\sendMails.php(188): view('mails/verifyMail.php')
 6 SYSTEMPATH\CodeIgniter.php(934): App\Controllers\Mails\sendMails->teste()
 7 SYSTEMPATH\CodeIgniter.php(499): CodeIgniter\CodeIgniter->runController(Object(App\Controllers\Mails\sendMails))
 8 SYSTEMPATH\CodeIgniter.php(368): CodeIgniter\CodeIgniter->handleRequest(null, Object(Config\Cache), false)
 9 FCPATH\index.php(67): CodeIgniter\CodeIgniter->run()
CRITICAL - 2024-08-20 17:10:14 --> Undefined variable $name
in APPPATH\Views\mails\recoverAccount.php on line 30.
 1 APPPATH\Views\mails\recoverAccount.php(30): CodeIgniter\Debug\Exceptions->errorHandler(2, 'Undefined variable $name', 'C:\\xampp\\htdocs\\RPPS\\app\\Views\\mails\\recoverAccount.php', 30)
 2 SYSTEMPATH\View\View.php(213): include('C:\\xampp\\htdocs\\RPPS\\app\\Views\\mails\\recoverAccount.php')
 3 SYSTEMPATH\View\View.php(216): CodeIgniter\View\View->CodeIgniter\View\{closure}()
 4 SYSTEMPATH\Common.php(1184): CodeIgniter\View\View->render('mails/recoverAccount.php', [], true)
 5 APPPATH\Controllers\Mails\sendMails.php(188): view('mails/recoverAccount.php')
 6 SYSTEMPATH\CodeIgniter.php(934): App\Controllers\Mails\sendMails->teste()
 7 SYSTEMPATH\CodeIgniter.php(499): CodeIgniter\CodeIgniter->runController(Object(App\Controllers\Mails\sendMails))
 8 SYSTEMPATH\CodeIgniter.php(368): CodeIgniter\CodeIgniter->handleRequest(null, Object(Config\Cache), false)
 9 FCPATH\index.php(67): CodeIgniter\CodeIgniter->run()
