CRITICAL - 2023-09-21 16:50:06 --> require(functions/functionAbstractreports.php/abstract.php): Failed to open stream: No such file or directory
in APPPATH\Views\contents\template-1\inner-pages\main\sections\actuarial-calculation.php on line 8.
 1 APPPATH\Views\contents\template-1\inner-pages\main\sections\actuarial-calculation.php(8): CodeIgniter\Debug\Exceptions->errorHandler(2, 'require(functions/functionAbstractreports.php/abstract.php): Failed to open stream: No such file or directory', 'C:\\xampp\\htdocs\\RPPS\\app\\Views\\contents\\template-1\\inner-pages\\main\\sections\\actuarial-calculation.php', 8)
 2 APPPATH\Views\contents\template-1\inner-pages\main\sections\actuarial-calculation.php(8): require()
 3 SYSTEMPATH\View\View.php(213): include('C:\\xampp\\htdocs\\RPPS\\app\\Views\\contents\\template-1\\inner-pages\\main\\sections\\actuarial-calculation.php')
 4 SYSTEMPATH\View\View.php(216): CodeIgniter\View\View->CodeIgniter\View\{closure}()
 5 SYSTEMPATH\Common.php(1184): CodeIgniter\View\View->render('contents/template-1/inner-pages/main/sections/actuarial-calculation.php', [], true)
 6 APPPATH\Controllers\InnerPages\Accountability.php(132): view('contents/template-1/inner-pages/main/sections/actuarial-calculation.php', [...])
 7 SYSTEMPATH\CodeIgniter.php(934): App\Controllers\InnerPages\Accountability->calculoAtuarial()
 8 SYSTEMPATH\CodeIgniter.php(499): CodeIgniter\CodeIgniter->runController(Object(App\Controllers\InnerPages\Accountability))
 9 SYSTEMPATH\CodeIgniter.php(368): CodeIgniter\CodeIgniter->handleRequest(null, Object(Config\Cache), false)
10 FCPATH\index.php(67): CodeIgniter\CodeIgniter->run()
CRITICAL - 2023-09-21 16:50:26 --> require(functions/functionAbstractreports.php/abstract.php): Failed to open stream: No such file or directory
in APPPATH\Views\contents\template-1\inner-pages\main\sections\actuarial-calculation.php on line 8.
 1 APPPATH\Views\contents\template-1\inner-pages\main\sections\actuarial-calculation.php(8): CodeIgniter\Debug\Exceptions->errorHandler(2, 'require(functions/functionAbstractreports.php/abstract.php): Failed to open stream: No such file or directory', 'C:\\xampp\\htdocs\\RPPS\\app\\Views\\contents\\template-1\\inner-pages\\main\\sections\\actuarial-calculation.php', 8)
 2 APPPATH\Views\contents\template-1\inner-pages\main\sections\actuarial-calculation.php(8): require()
 3 SYSTEMPATH\View\View.php(213): include('C:\\xampp\\htdocs\\RPPS\\app\\Views\\contents\\template-1\\inner-pages\\main\\sections\\actuarial-calculation.php')
 4 SYSTEMPATH\View\View.php(216): CodeIgniter\View\View->CodeIgniter\View\{closure}()
 5 SYSTEMPATH\Common.php(1184): CodeIgniter\View\View->render('contents/template-1/inner-pages/main/sections/actuarial-calculation.php', [], true)
 6 APPPATH\Controllers\InnerPages\Accountability.php(132): view('contents/template-1/inner-pages/main/sections/actuarial-calculation.php', [...])
 7 SYSTEMPATH\CodeIgniter.php(934): App\Controllers\InnerPages\Accountability->calculoAtuarial()
 8 SYSTEMPATH\CodeIgniter.php(499): CodeIgniter\CodeIgniter->runController(Object(App\Controllers\InnerPages\Accountability))
 9 SYSTEMPATH\CodeIgniter.php(368): CodeIgniter\CodeIgniter->handleRequest(null, Object(Config\Cache), false)
10 FCPATH\index.php(67): CodeIgniter\CodeIgniter->run()
CRITICAL - 2023-09-21 16:50:38 --> Undefined array key 5
in APPPATH\Views\contents\template-1\inner-pages\main\sections\actuarial-calculation.php on line 25.
 1 APPPATH\Views\contents\template-1\inner-pages\main\sections\actuarial-calculation.php(25): CodeIgniter\Debug\Exceptions->errorHandler(2, 'Undefined array key 5', 'C:\\xampp\\htdocs\\RPPS\\app\\Views\\contents\\template-1\\inner-pages\\main\\sections\\actuarial-calculation.php', 25)
 2 SYSTEMPATH\View\View.php(213): include('C:\\xampp\\htdocs\\RPPS\\app\\Views\\contents\\template-1\\inner-pages\\main\\sections\\actuarial-calculation.php')
 3 SYSTEMPATH\View\View.php(216): CodeIgniter\View\View->CodeIgniter\View\{closure}()
 4 SYSTEMPATH\Common.php(1184): CodeIgniter\View\View->render('contents/template-1/inner-pages/main/sections/actuarial-calculation.php', [], true)
 5 APPPATH\Controllers\InnerPages\Accountability.php(132): view('contents/template-1/inner-pages/main/sections/actuarial-calculation.php', [...])
 6 SYSTEMPATH\CodeIgniter.php(934): App\Controllers\InnerPages\Accountability->calculoAtuarial()
 7 SYSTEMPATH\CodeIgniter.php(499): CodeIgniter\CodeIgniter->runController(Object(App\Controllers\InnerPages\Accountability))
 8 SYSTEMPATH\CodeIgniter.php(368): CodeIgniter\CodeIgniter->handleRequest(null, Object(Config\Cache), false)
 9 FCPATH\index.php(67): CodeIgniter\CodeIgniter->run()
CRITICAL - 2023-09-21 19:13:53 --> Invalid file: "contents/template-1/inner-pages/main/sections/satisfaction-survey.php"
in SYSTEMPATH\Exceptions\FrameworkException.php on line 33.
 1 SYSTEMPATH\View\View.php(201): CodeIgniter\Exceptions\FrameworkException::forInvalidFile('contents/template-1/inner-pages/main/sections/satisfaction-survey.php')
 2 SYSTEMPATH\Common.php(1184): CodeIgniter\View\View->render('contents/template-1/inner-pages/main/sections/satisfaction-survey.php', [], true)
 3 APPPATH\Controllers\InnerPages\Publications.php(104): view('contents/template-1/inner-pages/main/sections/satisfaction-survey.php', [...])
 4 SYSTEMPATH\CodeIgniter.php(934): App\Controllers\InnerPages\Publications->pesquisaSatisfacao()
 5 SYSTEMPATH\CodeIgniter.php(499): CodeIgniter\CodeIgniter->runController(Object(App\Controllers\InnerPages\Publications))
 6 SYSTEMPATH\CodeIgniter.php(368): CodeIgniter\CodeIgniter->handleRequest(null, Object(Config\Cache), false)
 7 FCPATH\index.php(67): CodeIgniter\CodeIgniter->run()
CRITICAL - 2023-09-21 19:14:19 --> Invalid file: "contents/template-1/inner-pages/main/sections/satisfaction-survey.php"
in SYSTEMPATH\Exceptions\FrameworkException.php on line 33.
 1 SYSTEMPATH\View\View.php(201): CodeIgniter\Exceptions\FrameworkException::forInvalidFile('contents/template-1/inner-pages/main/sections/satisfaction-survey.php')
 2 SYSTEMPATH\Common.php(1184): CodeIgniter\View\View->render('contents/template-1/inner-pages/main/sections/satisfaction-survey.php', [], true)
 3 APPPATH\Controllers\InnerPages\Publications.php(104): view('contents/template-1/inner-pages/main/sections/satisfaction-survey.php', [...])
 4 SYSTEMPATH\CodeIgniter.php(934): App\Controllers\InnerPages\Publications->pesquisaSatisfacao()
 5 SYSTEMPATH\CodeIgniter.php(499): CodeIgniter\CodeIgniter->runController(Object(App\Controllers\InnerPages\Publications))
 6 SYSTEMPATH\CodeIgniter.php(368): CodeIgniter\CodeIgniter->handleRequest(null, Object(Config\Cache), false)
 7 FCPATH\index.php(67): CodeIgniter\CodeIgniter->run()
CRITICAL - 2023-09-21 19:14:25 --> Invalid file: "contents/template-1/inner-pages/main/sections/satisfaction-survey.php"
in SYSTEMPATH\Exceptions\FrameworkException.php on line 33.
 1 SYSTEMPATH\View\View.php(201): CodeIgniter\Exceptions\FrameworkException::forInvalidFile('contents/template-1/inner-pages/main/sections/satisfaction-survey.php')
 2 SYSTEMPATH\Common.php(1184): CodeIgniter\View\View->render('contents/template-1/inner-pages/main/sections/satisfaction-survey.php', [], true)
 3 APPPATH\Controllers\InnerPages\Publications.php(104): view('contents/template-1/inner-pages/main/sections/satisfaction-survey.php', [...])
 4 SYSTEMPATH\CodeIgniter.php(934): App\Controllers\InnerPages\Publications->pesquisaSatisfacao()
 5 SYSTEMPATH\CodeIgniter.php(499): CodeIgniter\CodeIgniter->runController(Object(App\Controllers\InnerPages\Publications))
 6 SYSTEMPATH\CodeIgniter.php(368): CodeIgniter\CodeIgniter->handleRequest(null, Object(Config\Cache), false)
 7 FCPATH\index.php(67): CodeIgniter\CodeIgniter->run()
CRITICAL - 2023-09-21 19:14:43 --> Invalid file: "contents/template-1/inner-pages/main/sections/satisfaction-survey.php"
in SYSTEMPATH\Exceptions\FrameworkException.php on line 33.
 1 SYSTEMPATH\View\View.php(201): CodeIgniter\Exceptions\FrameworkException::forInvalidFile('contents/template-1/inner-pages/main/sections/satisfaction-survey.php')
 2 SYSTEMPATH\Common.php(1184): CodeIgniter\View\View->render('contents/template-1/inner-pages/main/sections/satisfaction-survey.php', [], true)
 3 APPPATH\Controllers\InnerPages\Publications.php(104): view('contents/template-1/inner-pages/main/sections/satisfaction-survey.php', [...])
 4 SYSTEMPATH\CodeIgniter.php(934): App\Controllers\InnerPages\Publications->pesquisaSatisfacao()
 5 SYSTEMPATH\CodeIgniter.php(499): CodeIgniter\CodeIgniter->runController(Object(App\Controllers\InnerPages\Publications))
 6 SYSTEMPATH\CodeIgniter.php(368): CodeIgniter\CodeIgniter->handleRequest(null, Object(Config\Cache), false)
 7 FCPATH\index.php(67): CodeIgniter\CodeIgniter->run()
CRITICAL - 2023-09-21 19:37:34 --> Invalid file: "contents/template-1/inner-pages/main/sections/satisfaction-survey.php"
in SYSTEMPATH\Exceptions\FrameworkException.php on line 33.
 1 SYSTEMPATH\View\View.php(201): CodeIgniter\Exceptions\FrameworkException::forInvalidFile('contents/template-1/inner-pages/main/sections/satisfaction-survey.php')
 2 SYSTEMPATH\Common.php(1184): CodeIgniter\View\View->render('contents/template-1/inner-pages/main/sections/satisfaction-survey.php', [], true)
 3 APPPATH\Controllers\InnerPages\Publications.php(104): view('contents/template-1/inner-pages/main/sections/satisfaction-survey.php', [...])
 4 SYSTEMPATH\CodeIgniter.php(934): App\Controllers\InnerPages\Publications->pesquisaSatisfacao()
 5 SYSTEMPATH\CodeIgniter.php(499): CodeIgniter\CodeIgniter->runController(Object(App\Controllers\InnerPages\Publications))
 6 SYSTEMPATH\CodeIgniter.php(368): CodeIgniter\CodeIgniter->handleRequest(null, Object(Config\Cache), false)
 7 FCPATH\index.php(67): CodeIgniter\CodeIgniter->run()
