CRITICAL - 2023-09-05 19:02:40 --> Undefined variable $mamber
in APPPATH\Views\contents\institute\dynamic-content\team.php on line 40.
 1 APPPATH\Views\contents\institute\dynamic-content\team.php(40): CodeIgniter\Debug\Exceptions->errorHandler(2, 'Undefined variable $mamber', 'C:\\xampp\\htdocs\\RPPS\\app\\Views\\contents\\institute\\dynamic-content\\team.php', 40)
 2 SYSTEMPATH\View\View.php(213): include('C:\\xampp\\htdocs\\RPPS\\app\\Views\\contents\\institute\\dynamic-content\\team.php')
 3 SYSTEMPATH\View\View.php(216): CodeIgniter\View\View->CodeIgniter\View\{closure}()
 4 SYSTEMPATH\Common.php(1184): CodeIgniter\View\View->render('contents/institute/dynamic-content/team.php', [], true)
 5 APPPATH\Controllers\Institute.php(76): view('contents/institute/dynamic-content/team.php')
 6 SYSTEMPATH\CodeIgniter.php(934): App\Controllers\Institute->equipe()
 7 SYSTEMPATH\CodeIgniter.php(499): CodeIgniter\CodeIgniter->runController(Object(App\Controllers\Institute))
 8 SYSTEMPATH\CodeIgniter.php(368): CodeIgniter\CodeIgniter->handleRequest(null, Object(Config\Cache), false)
 9 FCPATH\index.php(67): CodeIgniter\CodeIgniter->run()
CRITICAL - 2023-09-05 20:10:42 --> Undefined variable $mamber
in APPPATH\Views\contents\institute\dynamic-content\team.php on line 53.
 1 APPPATH\Views\contents\institute\dynamic-content\team.php(53): CodeIgniter\Debug\Exceptions->errorHandler(2, 'Undefined variable $mamber', 'C:\\xampp\\htdocs\\RPPS\\app\\Views\\contents\\institute\\dynamic-content\\team.php', 53)
 2 SYSTEMPATH\View\View.php(213): include('C:\\xampp\\htdocs\\RPPS\\app\\Views\\contents\\institute\\dynamic-content\\team.php')
 3 SYSTEMPATH\View\View.php(216): CodeIgniter\View\View->CodeIgniter\View\{closure}()
 4 SYSTEMPATH\Common.php(1184): CodeIgniter\View\View->render('contents/institute/dynamic-content/team.php', [], true)
 5 APPPATH\Controllers\Institute.php(76): view('contents/institute/dynamic-content/team.php')
 6 SYSTEMPATH\CodeIgniter.php(934): App\Controllers\Institute->equipe()
 7 SYSTEMPATH\CodeIgniter.php(499): CodeIgniter\CodeIgniter->runController(Object(App\Controllers\Institute))
 8 SYSTEMPATH\CodeIgniter.php(368): CodeIgniter\CodeIgniter->handleRequest(null, Object(Config\Cache), false)
 9 FCPATH\index.php(67): CodeIgniter\CodeIgniter->run()
