INFO - 2024-02-29 16:09:33 --> Session: Class initialized using 'CodeIgniter\Session\Handlers\FileHandler' driver.
INFO - 2024-02-29 16:09:34 --> Session: Class initialized using 'CodeIgniter\Session\Handlers\FileHandler' driver.
INFO - 2024-02-29 16:10:02 --> Session: Class initialized using 'CodeIgniter\Session\Handlers\FileHandler' driver.
INFO - 2024-02-29 16:10:03 --> Session: Class initialized using 'CodeIgniter\Session\Handlers\FileHandler' driver.
INFO - 2024-02-29 16:10:37 --> Session: Class initialized using 'CodeIgniter\Session\Handlers\FileHandler' driver.
INFO - 2024-02-29 16:15:32 --> Session: Class initialized using 'CodeIgniter\Session\Handlers\FileHandler' driver.
INFO - 2024-02-29 16:19:32 --> Session: Class initialized using 'CodeIgniter\Session\Handlers\FileHandler' driver.
INFO - 2024-02-29 16:24:09 --> Session: Class initialized using 'CodeIgniter\Session\Handlers\FileHandler' driver.
INFO - 2024-02-29 16:24:40 --> Session: Class initialized using 'CodeIgniter\Session\Handlers\FileHandler' driver.
INFO - 2024-02-29 16:26:50 --> Session: Class initialized using 'CodeIgniter\Session\Handlers\FileHandler' driver.
INFO - 2024-02-29 16:28:55 --> Session: Class initialized using 'CodeIgniter\Session\Handlers\FileHandler' driver.
INFO - 2024-02-29 16:31:17 --> Session: Class initialized using 'CodeIgniter\Session\Handlers\FileHandler' driver.
INFO - 2024-02-29 16:31:28 --> Session: Class initialized using 'CodeIgniter\Session\Handlers\FileHandler' driver.
INFO - 2024-02-29 13:33:39 --> Session: Class initialized using 'CodeIgniter\Session\Handlers\FileHandler' driver.
INFO - 2024-02-29 18:16:07 --> Session: Class initialized using 'CodeIgniter\Session\Handlers\FileHandler' driver.
INFO - 2024-02-29 15:19:21 --> Session: Class initialized using 'CodeIgniter\Session\Handlers\FileHandler' driver.
INFO - 2024-02-29 15:24:26 --> Session: Class initialized using 'CodeIgniter\Session\Handlers\FileHandler' driver.
INFO - 2024-02-29 18:38:54 --> Session: Class initialized using 'CodeIgniter\Session\Handlers\FileHandler' driver.
INFO - 2024-02-29 15:40:47 --> Session: Class initialized using 'CodeIgniter\Session\Handlers\FileHandler' driver.
INFO - 2024-02-29 15:44:56 --> Session: Class initialized using 'CodeIgniter\Session\Handlers\FileHandler' driver.
INFO - 2024-02-29 16:02:09 --> Session: Class initialized using 'CodeIgniter\Session\Handlers\FileHandler' driver.
INFO - 2024-02-29 19:27:08 --> Session: Class initialized using 'CodeIgniter\Session\Handlers\FileHandler' driver.
INFO - 2024-02-29 16:27:38 --> Session: Class initialized using 'CodeIgniter\Session\Handlers\FileHandler' driver.
ERROR - 2024-02-29 16:27:38 --> mysqli_sql_exception: Column 'imagem_principal' cannot be null in C:\xampp\htdocs\RPPS\system\Database\MySQLi\Connection.php:295
Stack trace:
#0 C:\xampp\htdocs\RPPS\system\Database\MySQLi\Connection.php(295): mysqli->query('INSERT INTO gal...', 0)
#1 C:\xampp\htdocs\RPPS\system\Database\BaseConnection.php(692): CodeIgniter\Database\MySQLi\Connection->execute('INSERT INTO gal...')
#2 C:\xampp\htdocs\RPPS\system\Database\BaseConnection.php(606): CodeIgniter\Database\BaseConnection->simpleQuery('INSERT INTO gal...')
#3 C:\xampp\htdocs\RPPS\app\Models\AjaxModel\AjaxPhotosModel.php(46): CodeIgniter\Database\BaseConnection->query('INSERT INTO gal...', Array)
#4 C:\xampp\htdocs\RPPS\app\Controllers\Ajax\AjaxPhotos.php(42): App\Models\AjaxModel\AjaxPhotosModel->photos(Array)
#5 C:\xampp\htdocs\RPPS\system\CodeIgniter.php(934): App\Controllers\Ajax\AjaxPhotos->photos()
#6 C:\xampp\htdocs\RPPS\system\CodeIgniter.php(499): CodeIgniter\CodeIgniter->runController(Object(App\Controllers\Ajax\AjaxPhotos))
#7 C:\xampp\htdocs\RPPS\system\CodeIgniter.php(368): CodeIgniter\CodeIgniter->handleRequest(NULL, Object(Config\Cache), false)
#8 C:\xampp\htdocs\RPPS\public\index.php(67): CodeIgniter\CodeIgniter->run()
#9 {main}
CRITICAL - 2024-02-29 16:27:38 --> Column 'imagem_principal' cannot be null
in SYSTEMPATH\Database\MySQLi\Connection.php on line 295.
 1 SYSTEMPATH\Database\MySQLi\Connection.php(295): mysqli->query('INSERT INTO galeria VALUES(0, \'1\', \'Aaaaaaaa\', \'Bbbbbbb\', NULL, NULL, \'\', \'2024-2-29 16:27:38\')', 0)
 2 SYSTEMPATH\Database\BaseConnection.php(692): CodeIgniter\Database\MySQLi\Connection->execute('INSERT INTO galeria VALUES(0, \'1\', \'Aaaaaaaa\', \'Bbbbbbb\', NULL, NULL, \'\', \'2024-2-29 16:27:38\')')
 3 SYSTEMPATH\Database\BaseConnection.php(606): CodeIgniter\Database\BaseConnection->simpleQuery('INSERT INTO galeria VALUES(0, \'1\', \'Aaaaaaaa\', \'Bbbbbbb\', NULL, NULL, \'\', \'2024-2-29 16:27:38\')')
 4 APPPATH\Models\AjaxModel\AjaxPhotosModel.php(46): CodeIgniter\Database\BaseConnection->query('INSERT INTO galeria VALUES(0, :institute:, :name_gallery:, :description:, :main_img:, :carousel_media:, :infos:, :date:)', [...])
 5 APPPATH\Controllers\Ajax\AjaxPhotos.php(42): App\Models\AjaxModel\AjaxPhotosModel->photos([...])
 6 SYSTEMPATH\CodeIgniter.php(934): App\Controllers\Ajax\AjaxPhotos->photos()
 7 SYSTEMPATH\CodeIgniter.php(499): CodeIgniter\CodeIgniter->runController(Object(App\Controllers\Ajax\AjaxPhotos))
 8 SYSTEMPATH\CodeIgniter.php(368): CodeIgniter\CodeIgniter->handleRequest(null, Object(Config\Cache), false)
 9 FCPATH\index.php(67): CodeIgniter\CodeIgniter->run()
INFO - 2024-02-29 19:28:12 --> Session: Class initialized using 'CodeIgniter\Session\Handlers\FileHandler' driver.
INFO - 2024-02-29 16:28:27 --> Session: Class initialized using 'CodeIgniter\Session\Handlers\FileHandler' driver.
ERROR - 2024-02-29 16:28:27 --> mysqli_sql_exception: Column 'imagem_principal' cannot be null in C:\xampp\htdocs\RPPS\system\Database\MySQLi\Connection.php:295
Stack trace:
#0 C:\xampp\htdocs\RPPS\system\Database\MySQLi\Connection.php(295): mysqli->query('INSERT INTO gal...', 0)
#1 C:\xampp\htdocs\RPPS\system\Database\BaseConnection.php(692): CodeIgniter\Database\MySQLi\Connection->execute('INSERT INTO gal...')
#2 C:\xampp\htdocs\RPPS\system\Database\BaseConnection.php(606): CodeIgniter\Database\BaseConnection->simpleQuery('INSERT INTO gal...')
#3 C:\xampp\htdocs\RPPS\app\Models\AjaxModel\AjaxPhotosModel.php(46): CodeIgniter\Database\BaseConnection->query('INSERT INTO gal...', Array)
#4 C:\xampp\htdocs\RPPS\app\Controllers\Ajax\AjaxPhotos.php(42): App\Models\AjaxModel\AjaxPhotosModel->photos(Array)
#5 C:\xampp\htdocs\RPPS\system\CodeIgniter.php(934): App\Controllers\Ajax\AjaxPhotos->photos()
#6 C:\xampp\htdocs\RPPS\system\CodeIgniter.php(499): CodeIgniter\CodeIgniter->runController(Object(App\Controllers\Ajax\AjaxPhotos))
#7 C:\xampp\htdocs\RPPS\system\CodeIgniter.php(368): CodeIgniter\CodeIgniter->handleRequest(NULL, Object(Config\Cache), false)
#8 C:\xampp\htdocs\RPPS\public\index.php(67): CodeIgniter\CodeIgniter->run()
#9 {main}
CRITICAL - 2024-02-29 16:28:27 --> Column 'imagem_principal' cannot be null
in SYSTEMPATH\Database\MySQLi\Connection.php on line 295.
 1 SYSTEMPATH\Database\MySQLi\Connection.php(295): mysqli->query('INSERT INTO galeria VALUES(0, \'1\', \'Aaaaaaaaaaaaa\', \'Bbbbbbbbbbbb\', NULL, NULL, \'\', \'2024-2-29 16:28:26\')', 0)
 2 SYSTEMPATH\Database\BaseConnection.php(692): CodeIgniter\Database\MySQLi\Connection->execute('INSERT INTO galeria VALUES(0, \'1\', \'Aaaaaaaaaaaaa\', \'Bbbbbbbbbbbb\', NULL, NULL, \'\', \'2024-2-29 16:28:26\')')
 3 SYSTEMPATH\Database\BaseConnection.php(606): CodeIgniter\Database\BaseConnection->simpleQuery('INSERT INTO galeria VALUES(0, \'1\', \'Aaaaaaaaaaaaa\', \'Bbbbbbbbbbbb\', NULL, NULL, \'\', \'2024-2-29 16:28:26\')')
 4 APPPATH\Models\AjaxModel\AjaxPhotosModel.php(46): CodeIgniter\Database\BaseConnection->query('INSERT INTO galeria VALUES(0, :institute:, :name_gallery:, :description:, :main_img:, :carousel_media:, :infos:, :date:)', [...])
 5 APPPATH\Controllers\Ajax\AjaxPhotos.php(42): App\Models\AjaxModel\AjaxPhotosModel->photos([...])
 6 SYSTEMPATH\CodeIgniter.php(934): App\Controllers\Ajax\AjaxPhotos->photos()
 7 SYSTEMPATH\CodeIgniter.php(499): CodeIgniter\CodeIgniter->runController(Object(App\Controllers\Ajax\AjaxPhotos))
 8 SYSTEMPATH\CodeIgniter.php(368): CodeIgniter\CodeIgniter->handleRequest(null, Object(Config\Cache), false)
 9 FCPATH\index.php(67): CodeIgniter\CodeIgniter->run()
INFO - 2024-02-29 16:29:44 --> Session: Class initialized using 'CodeIgniter\Session\Handlers\FileHandler' driver.
INFO - 2024-02-29 16:29:52 --> Session: Class initialized using 'CodeIgniter\Session\Handlers\FileHandler' driver.
INFO - 2024-02-29 16:29:58 --> Session: Class initialized using 'CodeIgniter\Session\Handlers\FileHandler' driver.
INFO - 2024-02-29 16:29:59 --> Session: Class initialized using 'CodeIgniter\Session\Handlers\FileHandler' driver.
INFO - 2024-02-29 16:29:59 --> Session: Class initialized using 'CodeIgniter\Session\Handlers\FileHandler' driver.
INFO - 2024-02-29 19:30:12 --> Session: Class initialized using 'CodeIgniter\Session\Handlers\FileHandler' driver.
INFO - 2024-02-29 16:30:27 --> Session: Class initialized using 'CodeIgniter\Session\Handlers\FileHandler' driver.
INFO - 2024-02-29 16:30:45 --> Session: Class initialized using 'CodeIgniter\Session\Handlers\FileHandler' driver.
INFO - 2024-02-29 16:30:46 --> Session: Class initialized using 'CodeIgniter\Session\Handlers\FileHandler' driver.
INFO - 2024-02-29 16:30:46 --> Session: Class initialized using 'CodeIgniter\Session\Handlers\FileHandler' driver.
INFO - 2024-02-29 16:30:46 --> Session: Class initialized using 'CodeIgniter\Session\Handlers\FileHandler' driver.
INFO - 2024-02-29 16:30:52 --> Session: Class initialized using 'CodeIgniter\Session\Handlers\FileHandler' driver.
INFO - 2024-02-29 16:30:53 --> Session: Class initialized using 'CodeIgniter\Session\Handlers\FileHandler' driver.
INFO - 2024-02-29 16:30:53 --> Session: Class initialized using 'CodeIgniter\Session\Handlers\FileHandler' driver.
INFO - 2024-02-29 16:30:53 --> Session: Class initialized using 'CodeIgniter\Session\Handlers\FileHandler' driver.
INFO - 2024-02-29 16:30:53 --> Session: Class initialized using 'CodeIgniter\Session\Handlers\FileHandler' driver.
INFO - 2024-02-29 16:31:42 --> Session: Class initialized using 'CodeIgniter\Session\Handlers\FileHandler' driver.
INFO - 2024-02-29 16:31:42 --> Session: Class initialized using 'CodeIgniter\Session\Handlers\FileHandler' driver.
INFO - 2024-02-29 16:31:43 --> Session: Class initialized using 'CodeIgniter\Session\Handlers\FileHandler' driver.
INFO - 2024-02-29 19:32:08 --> Session: Class initialized using 'CodeIgniter\Session\Handlers\FileHandler' driver.
INFO - 2024-02-29 16:32:38 --> Session: Class initialized using 'CodeIgniter\Session\Handlers\FileHandler' driver.
INFO - 2024-02-29 16:32:39 --> Session: Class initialized using 'CodeIgniter\Session\Handlers\FileHandler' driver.
INFO - 2024-02-29 16:32:39 --> Session: Class initialized using 'CodeIgniter\Session\Handlers\FileHandler' driver.
INFO - 2024-02-29 16:32:39 --> Session: Class initialized using 'CodeIgniter\Session\Handlers\FileHandler' driver.
INFO - 2024-02-29 19:33:08 --> Session: Class initialized using 'CodeIgniter\Session\Handlers\FileHandler' driver.
INFO - 2024-02-29 16:33:16 --> Session: Class initialized using 'CodeIgniter\Session\Handlers\FileHandler' driver.
INFO - 2024-02-29 16:33:17 --> Session: Class initialized using 'CodeIgniter\Session\Handlers\FileHandler' driver.
INFO - 2024-02-29 16:33:18 --> Session: Class initialized using 'CodeIgniter\Session\Handlers\FileHandler' driver.
INFO - 2024-02-29 16:33:18 --> Session: Class initialized using 'CodeIgniter\Session\Handlers\FileHandler' driver.
INFO - 2024-02-29 16:33:18 --> Session: Class initialized using 'CodeIgniter\Session\Handlers\FileHandler' driver.
INFO - 2024-02-29 16:33:19 --> Session: Class initialized using 'CodeIgniter\Session\Handlers\FileHandler' driver.
INFO - 2024-02-29 16:33:19 --> Session: Class initialized using 'CodeIgniter\Session\Handlers\FileHandler' driver.
INFO - 2024-02-29 16:33:19 --> Session: Class initialized using 'CodeIgniter\Session\Handlers\FileHandler' driver.
INFO - 2024-02-29 19:33:24 --> Session: Class initialized using 'CodeIgniter\Session\Handlers\FileHandler' driver.
INFO - 2024-02-29 16:33:59 --> Session: Class initialized using 'CodeIgniter\Session\Handlers\FileHandler' driver.
INFO - 2024-02-29 16:34:04 --> Session: Class initialized using 'CodeIgniter\Session\Handlers\FileHandler' driver.
INFO - 2024-02-29 16:34:04 --> Session: Class initialized using 'CodeIgniter\Session\Handlers\FileHandler' driver.
INFO - 2024-02-29 16:34:05 --> Session: Class initialized using 'CodeIgniter\Session\Handlers\FileHandler' driver.
INFO - 2024-02-29 16:34:05 --> Session: Class initialized using 'CodeIgniter\Session\Handlers\FileHandler' driver.
INFO - 2024-02-29 16:34:05 --> Session: Class initialized using 'CodeIgniter\Session\Handlers\FileHandler' driver.
INFO - 2024-02-29 16:34:05 --> Session: Class initialized using 'CodeIgniter\Session\Handlers\FileHandler' driver.
INFO - 2024-02-29 16:34:06 --> Session: Class initialized using 'CodeIgniter\Session\Handlers\FileHandler' driver.
INFO - 2024-02-29 16:34:06 --> Session: Class initialized using 'CodeIgniter\Session\Handlers\FileHandler' driver.
INFO - 2024-02-29 16:34:06 --> Session: Class initialized using 'CodeIgniter\Session\Handlers\FileHandler' driver.
INFO - 2024-02-29 16:34:07 --> Session: Class initialized using 'CodeIgniter\Session\Handlers\FileHandler' driver.
INFO - 2024-02-29 16:34:07 --> Session: Class initialized using 'CodeIgniter\Session\Handlers\FileHandler' driver.
INFO - 2024-02-29 16:34:07 --> Session: Class initialized using 'CodeIgniter\Session\Handlers\FileHandler' driver.
INFO - 2024-02-29 16:34:07 --> Session: Class initialized using 'CodeIgniter\Session\Handlers\FileHandler' driver.
INFO - 2024-02-29 16:34:28 --> Session: Class initialized using 'CodeIgniter\Session\Handlers\FileHandler' driver.
INFO - 2024-02-29 16:34:57 --> Session: Class initialized using 'CodeIgniter\Session\Handlers\FileHandler' driver.
INFO - 2024-02-29 16:35:19 --> Session: Class initialized using 'CodeIgniter\Session\Handlers\FileHandler' driver.
INFO - 2024-02-29 16:36:06 --> Session: Class initialized using 'CodeIgniter\Session\Handlers\FileHandler' driver.
ERROR - 2024-02-29 16:36:06 --> mysqli_sql_exception: Column 'imagem_principal' cannot be null in C:\xampp\htdocs\RPPS\system\Database\MySQLi\Connection.php:295
Stack trace:
#0 C:\xampp\htdocs\RPPS\system\Database\MySQLi\Connection.php(295): mysqli->query('INSERT INTO gal...', 0)
#1 C:\xampp\htdocs\RPPS\system\Database\BaseConnection.php(692): CodeIgniter\Database\MySQLi\Connection->execute('INSERT INTO gal...')
#2 C:\xampp\htdocs\RPPS\system\Database\BaseConnection.php(606): CodeIgniter\Database\BaseConnection->simpleQuery('INSERT INTO gal...')
#3 C:\xampp\htdocs\RPPS\app\Models\AjaxModel\AjaxPhotosModel.php(46): CodeIgniter\Database\BaseConnection->query('INSERT INTO gal...', Array)
#4 C:\xampp\htdocs\RPPS\app\Controllers\Ajax\AjaxPhotos.php(40): App\Models\AjaxModel\AjaxPhotosModel->photos(Array)
#5 C:\xampp\htdocs\RPPS\system\CodeIgniter.php(934): App\Controllers\Ajax\AjaxPhotos->photos()
#6 C:\xampp\htdocs\RPPS\system\CodeIgniter.php(499): CodeIgniter\CodeIgniter->runController(Object(App\Controllers\Ajax\AjaxPhotos))
#7 C:\xampp\htdocs\RPPS\system\CodeIgniter.php(368): CodeIgniter\CodeIgniter->handleRequest(NULL, Object(Config\Cache), false)
#8 C:\xampp\htdocs\RPPS\public\index.php(67): CodeIgniter\CodeIgniter->run()
#9 {main}
CRITICAL - 2024-02-29 16:36:06 --> Column 'imagem_principal' cannot be null
in SYSTEMPATH\Database\MySQLi\Connection.php on line 295.
 1 SYSTEMPATH\Database\MySQLi\Connection.php(295): mysqli->query('INSERT INTO galeria VALUES(0, \'1\', \'Aaaaaaaaa\', \'Aaaaaaaaaa\', NULL, NULL, \'\', \'2024-2-29 16:36:06\')', 0)
 2 SYSTEMPATH\Database\BaseConnection.php(692): CodeIgniter\Database\MySQLi\Connection->execute('INSERT INTO galeria VALUES(0, \'1\', \'Aaaaaaaaa\', \'Aaaaaaaaaa\', NULL, NULL, \'\', \'2024-2-29 16:36:06\')')
 3 SYSTEMPATH\Database\BaseConnection.php(606): CodeIgniter\Database\BaseConnection->simpleQuery('INSERT INTO galeria VALUES(0, \'1\', \'Aaaaaaaaa\', \'Aaaaaaaaaa\', NULL, NULL, \'\', \'2024-2-29 16:36:06\')')
 4 APPPATH\Models\AjaxModel\AjaxPhotosModel.php(46): CodeIgniter\Database\BaseConnection->query('INSERT INTO galeria VALUES(0, :institute:, :name_gallery:, :description:, :main_img:, :carousel_media:, :infos:, :date:)', [...])
 5 APPPATH\Controllers\Ajax\AjaxPhotos.php(40): App\Models\AjaxModel\AjaxPhotosModel->photos([...])
 6 SYSTEMPATH\CodeIgniter.php(934): App\Controllers\Ajax\AjaxPhotos->photos()
 7 SYSTEMPATH\CodeIgniter.php(499): CodeIgniter\CodeIgniter->runController(Object(App\Controllers\Ajax\AjaxPhotos))
 8 SYSTEMPATH\CodeIgniter.php(368): CodeIgniter\CodeIgniter->handleRequest(null, Object(Config\Cache), false)
 9 FCPATH\index.php(67): CodeIgniter\CodeIgniter->run()
INFO - 2024-02-29 16:37:18 --> Session: Class initialized using 'CodeIgniter\Session\Handlers\FileHandler' driver.
CRITICAL - 2024-02-29 16:37:18 --> Undefined variable $msg
in APPPATH\Models\AjaxModel\AjaxPhotosModel.php on line 54.
 1 APPPATH\Models\AjaxModel\AjaxPhotosModel.php(54): CodeIgniter\Debug\Exceptions->errorHandler(2, 'Undefined variable $msg', 'C:\\xampp\\htdocs\\RPPS\\app\\Models\\AjaxModel\\AjaxPhotosModel.php', 54)
 2 APPPATH\Controllers\Ajax\AjaxPhotos.php(40): App\Models\AjaxModel\AjaxPhotosModel->photos([...])
 3 SYSTEMPATH\CodeIgniter.php(934): App\Controllers\Ajax\AjaxPhotos->photos()
 4 SYSTEMPATH\CodeIgniter.php(499): CodeIgniter\CodeIgniter->runController(Object(App\Controllers\Ajax\AjaxPhotos))
 5 SYSTEMPATH\CodeIgniter.php(368): CodeIgniter\CodeIgniter->handleRequest(null, Object(Config\Cache), false)
 6 FCPATH\index.php(67): CodeIgniter\CodeIgniter->run()
INFO - 2024-02-29 16:37:30 --> Session: Class initialized using 'CodeIgniter\Session\Handlers\FileHandler' driver.
INFO - 2024-02-29 16:41:53 --> Session: Class initialized using 'CodeIgniter\Session\Handlers\FileHandler' driver.
INFO - 2024-02-29 16:41:56 --> Session: Class initialized using 'CodeIgniter\Session\Handlers\FileHandler' driver.
INFO - 2024-02-29 16:41:57 --> Session: Class initialized using 'CodeIgniter\Session\Handlers\FileHandler' driver.
INFO - 2024-02-29 16:41:57 --> Session: Class initialized using 'CodeIgniter\Session\Handlers\FileHandler' driver.
INFO - 2024-02-29 16:42:05 --> Session: Class initialized using 'CodeIgniter\Session\Handlers\FileHandler' driver.
INFO - 2024-02-29 19:42:12 --> Session: Class initialized using 'CodeIgniter\Session\Handlers\FileHandler' driver.
INFO - 2024-02-29 19:42:33 --> Session: Class initialized using 'CodeIgniter\Session\Handlers\FileHandler' driver.
INFO - 2024-02-29 16:43:32 --> Session: Class initialized using 'CodeIgniter\Session\Handlers\FileHandler' driver.
INFO - 2024-02-29 16:45:17 --> Session: Class initialized using 'CodeIgniter\Session\Handlers\FileHandler' driver.
ERROR - 2024-02-29 16:45:17 --> mysqli_sql_exception: Column 'imagem_principal' cannot be null in C:\xampp\htdocs\RPPS\system\Database\MySQLi\Connection.php:295
Stack trace:
#0 C:\xampp\htdocs\RPPS\system\Database\MySQLi\Connection.php(295): mysqli->query('INSERT INTO gal...', 0)
#1 C:\xampp\htdocs\RPPS\system\Database\BaseConnection.php(692): CodeIgniter\Database\MySQLi\Connection->execute('INSERT INTO gal...')
#2 C:\xampp\htdocs\RPPS\system\Database\BaseConnection.php(606): CodeIgniter\Database\BaseConnection->simpleQuery('INSERT INTO gal...')
#3 C:\xampp\htdocs\RPPS\app\Models\AjaxModel\AjaxPhotosModel.php(46): CodeIgniter\Database\BaseConnection->query('INSERT INTO gal...', Array)
#4 C:\xampp\htdocs\RPPS\app\Controllers\Ajax\AjaxPhotos.php(40): App\Models\AjaxModel\AjaxPhotosModel->photos(Array)
#5 C:\xampp\htdocs\RPPS\system\CodeIgniter.php(934): App\Controllers\Ajax\AjaxPhotos->photos()
#6 C:\xampp\htdocs\RPPS\system\CodeIgniter.php(499): CodeIgniter\CodeIgniter->runController(Object(App\Controllers\Ajax\AjaxPhotos))
#7 C:\xampp\htdocs\RPPS\system\CodeIgniter.php(368): CodeIgniter\CodeIgniter->handleRequest(NULL, Object(Config\Cache), false)
#8 C:\xampp\htdocs\RPPS\public\index.php(67): CodeIgniter\CodeIgniter->run()
#9 {main}
CRITICAL - 2024-02-29 16:45:17 --> Column 'imagem_principal' cannot be null
in SYSTEMPATH\Database\MySQLi\Connection.php on line 295.
 1 SYSTEMPATH\Database\MySQLi\Connection.php(295): mysqli->query('INSERT INTO galeria VALUES(0, \'1\', \'Aaaaaaaaa\', \'Eeeeeeeeeee\', NULL, NULL, \'\', \'2024-2-29 16:45:17\')', 0)
 2 SYSTEMPATH\Database\BaseConnection.php(692): CodeIgniter\Database\MySQLi\Connection->execute('INSERT INTO galeria VALUES(0, \'1\', \'Aaaaaaaaa\', \'Eeeeeeeeeee\', NULL, NULL, \'\', \'2024-2-29 16:45:17\')')
 3 SYSTEMPATH\Database\BaseConnection.php(606): CodeIgniter\Database\BaseConnection->simpleQuery('INSERT INTO galeria VALUES(0, \'1\', \'Aaaaaaaaa\', \'Eeeeeeeeeee\', NULL, NULL, \'\', \'2024-2-29 16:45:17\')')
 4 APPPATH\Models\AjaxModel\AjaxPhotosModel.php(46): CodeIgniter\Database\BaseConnection->query('INSERT INTO galeria VALUES(0, :institute:, :name_gallery:, :description:, :main_img:, :carousel_media:, :infos:, :date:)', [...])
 5 APPPATH\Controllers\Ajax\AjaxPhotos.php(40): App\Models\AjaxModel\AjaxPhotosModel->photos([...])
 6 SYSTEMPATH\CodeIgniter.php(934): App\Controllers\Ajax\AjaxPhotos->photos()
 7 SYSTEMPATH\CodeIgniter.php(499): CodeIgniter\CodeIgniter->runController(Object(App\Controllers\Ajax\AjaxPhotos))
 8 SYSTEMPATH\CodeIgniter.php(368): CodeIgniter\CodeIgniter->handleRequest(null, Object(Config\Cache), false)
 9 FCPATH\index.php(67): CodeIgniter\CodeIgniter->run()
INFO - 2024-02-29 16:48:10 --> Session: Class initialized using 'CodeIgniter\Session\Handlers\FileHandler' driver.
ERROR - 2024-02-29 16:48:10 --> mysqli_sql_exception: Column 'imagem_principal' cannot be null in C:\xampp\htdocs\RPPS\system\Database\MySQLi\Connection.php:295
Stack trace:
#0 C:\xampp\htdocs\RPPS\system\Database\MySQLi\Connection.php(295): mysqli->query('INSERT INTO gal...', 0)
#1 C:\xampp\htdocs\RPPS\system\Database\BaseConnection.php(692): CodeIgniter\Database\MySQLi\Connection->execute('INSERT INTO gal...')
#2 C:\xampp\htdocs\RPPS\system\Database\BaseConnection.php(606): CodeIgniter\Database\BaseConnection->simpleQuery('INSERT INTO gal...')
#3 C:\xampp\htdocs\RPPS\app\Models\AjaxModel\AjaxPhotosModel.php(46): CodeIgniter\Database\BaseConnection->query('INSERT INTO gal...', Array)
#4 C:\xampp\htdocs\RPPS\app\Controllers\Ajax\AjaxPhotos.php(40): App\Models\AjaxModel\AjaxPhotosModel->photos(Array)
#5 C:\xampp\htdocs\RPPS\system\CodeIgniter.php(934): App\Controllers\Ajax\AjaxPhotos->photos()
#6 C:\xampp\htdocs\RPPS\system\CodeIgniter.php(499): CodeIgniter\CodeIgniter->runController(Object(App\Controllers\Ajax\AjaxPhotos))
#7 C:\xampp\htdocs\RPPS\system\CodeIgniter.php(368): CodeIgniter\CodeIgniter->handleRequest(NULL, Object(Config\Cache), false)
#8 C:\xampp\htdocs\RPPS\public\index.php(67): CodeIgniter\CodeIgniter->run()
#9 {main}
CRITICAL - 2024-02-29 16:48:10 --> Column 'imagem_principal' cannot be null
in SYSTEMPATH\Database\MySQLi\Connection.php on line 295.
 1 SYSTEMPATH\Database\MySQLi\Connection.php(295): mysqli->query('INSERT INTO galeria VALUES(0, \'1\', \'Aaaaaaaaa\', \'Eeeeeeeeeee\', NULL, NULL, \'\', \'2024-2-29 16:48:10\')', 0)
 2 SYSTEMPATH\Database\BaseConnection.php(692): CodeIgniter\Database\MySQLi\Connection->execute('INSERT INTO galeria VALUES(0, \'1\', \'Aaaaaaaaa\', \'Eeeeeeeeeee\', NULL, NULL, \'\', \'2024-2-29 16:48:10\')')
 3 SYSTEMPATH\Database\BaseConnection.php(606): CodeIgniter\Database\BaseConnection->simpleQuery('INSERT INTO galeria VALUES(0, \'1\', \'Aaaaaaaaa\', \'Eeeeeeeeeee\', NULL, NULL, \'\', \'2024-2-29 16:48:10\')')
 4 APPPATH\Models\AjaxModel\AjaxPhotosModel.php(46): CodeIgniter\Database\BaseConnection->query('INSERT INTO galeria VALUES(0, :institute:, :name_gallery:, :description:, :main_img:, :carousel_media:, :infos:, :date:)', [...])
 5 APPPATH\Controllers\Ajax\AjaxPhotos.php(40): App\Models\AjaxModel\AjaxPhotosModel->photos([...])
 6 SYSTEMPATH\CodeIgniter.php(934): App\Controllers\Ajax\AjaxPhotos->photos()
 7 SYSTEMPATH\CodeIgniter.php(499): CodeIgniter\CodeIgniter->runController(Object(App\Controllers\Ajax\AjaxPhotos))
 8 SYSTEMPATH\CodeIgniter.php(368): CodeIgniter\CodeIgniter->handleRequest(null, Object(Config\Cache), false)
 9 FCPATH\index.php(67): CodeIgniter\CodeIgniter->run()
INFO - 2024-02-29 16:48:24 --> Session: Class initialized using 'CodeIgniter\Session\Handlers\FileHandler' driver.
INFO - 2024-02-29 16:49:21 --> Session: Class initialized using 'CodeIgniter\Session\Handlers\FileHandler' driver.
INFO - 2024-02-29 16:49:36 --> Session: Class initialized using 'CodeIgniter\Session\Handlers\FileHandler' driver.
ERROR - 2024-02-29 16:49:36 --> mysqli_sql_exception: Column 'imagem_principal' cannot be null in C:\xampp\htdocs\RPPS\system\Database\MySQLi\Connection.php:295
Stack trace:
#0 C:\xampp\htdocs\RPPS\system\Database\MySQLi\Connection.php(295): mysqli->query('INSERT INTO gal...', 0)
#1 C:\xampp\htdocs\RPPS\system\Database\BaseConnection.php(692): CodeIgniter\Database\MySQLi\Connection->execute('INSERT INTO gal...')
#2 C:\xampp\htdocs\RPPS\system\Database\BaseConnection.php(606): CodeIgniter\Database\BaseConnection->simpleQuery('INSERT INTO gal...')
#3 C:\xampp\htdocs\RPPS\app\Models\AjaxModel\AjaxPhotosModel.php(46): CodeIgniter\Database\BaseConnection->query('INSERT INTO gal...', Array)
#4 C:\xampp\htdocs\RPPS\app\Controllers\Ajax\AjaxPhotos.php(40): App\Models\AjaxModel\AjaxPhotosModel->photos(Array)
#5 C:\xampp\htdocs\RPPS\system\CodeIgniter.php(934): App\Controllers\Ajax\AjaxPhotos->photos()
#6 C:\xampp\htdocs\RPPS\system\CodeIgniter.php(499): CodeIgniter\CodeIgniter->runController(Object(App\Controllers\Ajax\AjaxPhotos))
#7 C:\xampp\htdocs\RPPS\system\CodeIgniter.php(368): CodeIgniter\CodeIgniter->handleRequest(NULL, Object(Config\Cache), false)
#8 C:\xampp\htdocs\RPPS\public\index.php(67): CodeIgniter\CodeIgniter->run()
#9 {main}
CRITICAL - 2024-02-29 16:49:36 --> Column 'imagem_principal' cannot be null
in SYSTEMPATH\Database\MySQLi\Connection.php on line 295.
 1 SYSTEMPATH\Database\MySQLi\Connection.php(295): mysqli->query('INSERT INTO galeria VALUES(0, \'1\', \'aaaaaaaaa\', \'eeeeeeeeeee\', NULL, NULL, \'\', \'2024-2-29 16:49:36\')', 0)
 2 SYSTEMPATH\Database\BaseConnection.php(692): CodeIgniter\Database\MySQLi\Connection->execute('INSERT INTO galeria VALUES(0, \'1\', \'aaaaaaaaa\', \'eeeeeeeeeee\', NULL, NULL, \'\', \'2024-2-29 16:49:36\')')
 3 SYSTEMPATH\Database\BaseConnection.php(606): CodeIgniter\Database\BaseConnection->simpleQuery('INSERT INTO galeria VALUES(0, \'1\', \'aaaaaaaaa\', \'eeeeeeeeeee\', NULL, NULL, \'\', \'2024-2-29 16:49:36\')')
 4 APPPATH\Models\AjaxModel\AjaxPhotosModel.php(46): CodeIgniter\Database\BaseConnection->query('INSERT INTO galeria VALUES(0, :institute:, :name_gallery:, :description:, :main_img:, :carousel_media:, :infos:, :date:)', [...])
 5 APPPATH\Controllers\Ajax\AjaxPhotos.php(40): App\Models\AjaxModel\AjaxPhotosModel->photos([...])
 6 SYSTEMPATH\CodeIgniter.php(934): App\Controllers\Ajax\AjaxPhotos->photos()
 7 SYSTEMPATH\CodeIgniter.php(499): CodeIgniter\CodeIgniter->runController(Object(App\Controllers\Ajax\AjaxPhotos))
 8 SYSTEMPATH\CodeIgniter.php(368): CodeIgniter\CodeIgniter->handleRequest(null, Object(Config\Cache), false)
 9 FCPATH\index.php(67): CodeIgniter\CodeIgniter->run()
INFO - 2024-02-29 16:50:39 --> Session: Class initialized using 'CodeIgniter\Session\Handlers\FileHandler' driver.
ERROR - 2024-02-29 16:50:39 --> mysqli_sql_exception: Column 'imagem_principal' cannot be null in C:\xampp\htdocs\RPPS\system\Database\MySQLi\Connection.php:295
Stack trace:
#0 C:\xampp\htdocs\RPPS\system\Database\MySQLi\Connection.php(295): mysqli->query('INSERT INTO gal...', 0)
#1 C:\xampp\htdocs\RPPS\system\Database\BaseConnection.php(692): CodeIgniter\Database\MySQLi\Connection->execute('INSERT INTO gal...')
#2 C:\xampp\htdocs\RPPS\system\Database\BaseConnection.php(606): CodeIgniter\Database\BaseConnection->simpleQuery('INSERT INTO gal...')
#3 C:\xampp\htdocs\RPPS\app\Models\AjaxModel\AjaxPhotosModel.php(46): CodeIgniter\Database\BaseConnection->query('INSERT INTO gal...', Array)
#4 C:\xampp\htdocs\RPPS\app\Controllers\Ajax\AjaxPhotos.php(40): App\Models\AjaxModel\AjaxPhotosModel->photos(Array)
#5 C:\xampp\htdocs\RPPS\system\CodeIgniter.php(934): App\Controllers\Ajax\AjaxPhotos->photos()
#6 C:\xampp\htdocs\RPPS\system\CodeIgniter.php(499): CodeIgniter\CodeIgniter->runController(Object(App\Controllers\Ajax\AjaxPhotos))
#7 C:\xampp\htdocs\RPPS\system\CodeIgniter.php(368): CodeIgniter\CodeIgniter->handleRequest(NULL, Object(Config\Cache), false)
#8 C:\xampp\htdocs\RPPS\public\index.php(67): CodeIgniter\CodeIgniter->run()
#9 {main}
CRITICAL - 2024-02-29 16:50:39 --> Column 'imagem_principal' cannot be null
in SYSTEMPATH\Database\MySQLi\Connection.php on line 295.
 1 SYSTEMPATH\Database\MySQLi\Connection.php(295): mysqli->query('INSERT INTO galeria VALUES(0, \'1\', \'aaaaaaaaa\', \'eeeeeeeeeee\', NULL, \'Planet9_3840x2160-2024-2.jpg\', \'\', \'2024-2-29 16:50:39\')', 0)
 2 SYSTEMPATH\Database\BaseConnection.php(692): CodeIgniter\Database\MySQLi\Connection->execute('INSERT INTO galeria VALUES(0, \'1\', \'aaaaaaaaa\', \'eeeeeeeeeee\', NULL, \'Planet9_3840x2160-2024-2.jpg\', \'\', \'2024-2-29 16:50:39\')')
 3 SYSTEMPATH\Database\BaseConnection.php(606): CodeIgniter\Database\BaseConnection->simpleQuery('INSERT INTO galeria VALUES(0, \'1\', \'aaaaaaaaa\', \'eeeeeeeeeee\', NULL, \'Planet9_3840x2160-2024-2.jpg\', \'\', \'2024-2-29 16:50:39\')')
 4 APPPATH\Models\AjaxModel\AjaxPhotosModel.php(46): CodeIgniter\Database\BaseConnection->query('INSERT INTO galeria VALUES(0, :institute:, :name_gallery:, :description:, :main_img:, :carousel_media:, :infos:, :date:)', [...])
 5 APPPATH\Controllers\Ajax\AjaxPhotos.php(40): App\Models\AjaxModel\AjaxPhotosModel->photos([...])
 6 SYSTEMPATH\CodeIgniter.php(934): App\Controllers\Ajax\AjaxPhotos->photos()
 7 SYSTEMPATH\CodeIgniter.php(499): CodeIgniter\CodeIgniter->runController(Object(App\Controllers\Ajax\AjaxPhotos))
 8 SYSTEMPATH\CodeIgniter.php(368): CodeIgniter\CodeIgniter->handleRequest(null, Object(Config\Cache), false)
 9 FCPATH\index.php(67): CodeIgniter\CodeIgniter->run()
INFO - 2024-02-29 19:51:52 --> Session: Class initialized using 'CodeIgniter\Session\Handlers\FileHandler' driver.
INFO - 2024-02-29 16:52:14 --> Session: Class initialized using 'CodeIgniter\Session\Handlers\FileHandler' driver.
INFO - 2024-02-29 16:52:35 --> Session: Class initialized using 'CodeIgniter\Session\Handlers\FileHandler' driver.
ERROR - 2024-02-29 16:52:35 --> mysqli_sql_exception: Column 'midias' cannot be null in C:\xampp\htdocs\RPPS\system\Database\MySQLi\Connection.php:295
Stack trace:
#0 C:\xampp\htdocs\RPPS\system\Database\MySQLi\Connection.php(295): mysqli->query('INSERT INTO gal...', 0)
#1 C:\xampp\htdocs\RPPS\system\Database\BaseConnection.php(692): CodeIgniter\Database\MySQLi\Connection->execute('INSERT INTO gal...')
#2 C:\xampp\htdocs\RPPS\system\Database\BaseConnection.php(606): CodeIgniter\Database\BaseConnection->simpleQuery('INSERT INTO gal...')
#3 C:\xampp\htdocs\RPPS\app\Models\AjaxModel\AjaxPhotosModel.php(46): CodeIgniter\Database\BaseConnection->query('INSERT INTO gal...', Array)
#4 C:\xampp\htdocs\RPPS\app\Controllers\Ajax\AjaxPhotos.php(40): App\Models\AjaxModel\AjaxPhotosModel->photos(Array)
#5 C:\xampp\htdocs\RPPS\system\CodeIgniter.php(934): App\Controllers\Ajax\AjaxPhotos->photos()
#6 C:\xampp\htdocs\RPPS\system\CodeIgniter.php(499): CodeIgniter\CodeIgniter->runController(Object(App\Controllers\Ajax\AjaxPhotos))
#7 C:\xampp\htdocs\RPPS\system\CodeIgniter.php(368): CodeIgniter\CodeIgniter->handleRequest(NULL, Object(Config\Cache), false)
#8 C:\xampp\htdocs\RPPS\public\index.php(67): CodeIgniter\CodeIgniter->run()
#9 {main}
CRITICAL - 2024-02-29 16:52:35 --> Column 'midias' cannot be null
in SYSTEMPATH\Database\MySQLi\Connection.php on line 295.
 1 SYSTEMPATH\Database\MySQLi\Connection.php(295): mysqli->query('INSERT INTO galeria VALUES(0, \'1\', \'aaaaaaaaa\', \'aaaaaaaaaa\', \'Planet9_3840x2160-2024-2.jpg\', NULL, \'\', \'2024-2-29 16:52:35\')', 0)
 2 SYSTEMPATH\Database\BaseConnection.php(692): CodeIgniter\Database\MySQLi\Connection->execute('INSERT INTO galeria VALUES(0, \'1\', \'aaaaaaaaa\', \'aaaaaaaaaa\', \'Planet9_3840x2160-2024-2.jpg\', NULL, \'\', \'2024-2-29 16:52:35\')')
 3 SYSTEMPATH\Database\BaseConnection.php(606): CodeIgniter\Database\BaseConnection->simpleQuery('INSERT INTO galeria VALUES(0, \'1\', \'aaaaaaaaa\', \'aaaaaaaaaa\', \'Planet9_3840x2160-2024-2.jpg\', NULL, \'\', \'2024-2-29 16:52:35\')')
 4 APPPATH\Models\AjaxModel\AjaxPhotosModel.php(46): CodeIgniter\Database\BaseConnection->query('INSERT INTO galeria VALUES(0, :institute:, :name_gallery:, :description:, :main_img:, :carousel_media:, :infos:, :date:)', [...])
 5 APPPATH\Controllers\Ajax\AjaxPhotos.php(40): App\Models\AjaxModel\AjaxPhotosModel->photos([...])
 6 SYSTEMPATH\CodeIgniter.php(934): App\Controllers\Ajax\AjaxPhotos->photos()
 7 SYSTEMPATH\CodeIgniter.php(499): CodeIgniter\CodeIgniter->runController(Object(App\Controllers\Ajax\AjaxPhotos))
 8 SYSTEMPATH\CodeIgniter.php(368): CodeIgniter\CodeIgniter->handleRequest(null, Object(Config\Cache), false)
 9 FCPATH\index.php(67): CodeIgniter\CodeIgniter->run()
INFO - 2024-02-29 16:52:48 --> Session: Class initialized using 'CodeIgniter\Session\Handlers\FileHandler' driver.
ERROR - 2024-02-29 16:52:48 --> mysqli_sql_exception: Column 'imagem_principal' cannot be null in C:\xampp\htdocs\RPPS\system\Database\MySQLi\Connection.php:295
Stack trace:
#0 C:\xampp\htdocs\RPPS\system\Database\MySQLi\Connection.php(295): mysqli->query('INSERT INTO gal...', 0)
#1 C:\xampp\htdocs\RPPS\system\Database\BaseConnection.php(692): CodeIgniter\Database\MySQLi\Connection->execute('INSERT INTO gal...')
#2 C:\xampp\htdocs\RPPS\system\Database\BaseConnection.php(606): CodeIgniter\Database\BaseConnection->simpleQuery('INSERT INTO gal...')
#3 C:\xampp\htdocs\RPPS\app\Models\AjaxModel\AjaxPhotosModel.php(46): CodeIgniter\Database\BaseConnection->query('INSERT INTO gal...', Array)
#4 C:\xampp\htdocs\RPPS\app\Controllers\Ajax\AjaxPhotos.php(40): App\Models\AjaxModel\AjaxPhotosModel->photos(Array)
#5 C:\xampp\htdocs\RPPS\system\CodeIgniter.php(934): App\Controllers\Ajax\AjaxPhotos->photos()
#6 C:\xampp\htdocs\RPPS\system\CodeIgniter.php(499): CodeIgniter\CodeIgniter->runController(Object(App\Controllers\Ajax\AjaxPhotos))
#7 C:\xampp\htdocs\RPPS\system\CodeIgniter.php(368): CodeIgniter\CodeIgniter->handleRequest(NULL, Object(Config\Cache), false)
#8 C:\xampp\htdocs\RPPS\public\index.php(67): CodeIgniter\CodeIgniter->run()
#9 {main}
CRITICAL - 2024-02-29 16:52:48 --> Column 'imagem_principal' cannot be null
in SYSTEMPATH\Database\MySQLi\Connection.php on line 295.
 1 SYSTEMPATH\Database\MySQLi\Connection.php(295): mysqli->query('INSERT INTO galeria VALUES(0, \'1\', \'aaaaaaaaa\', \'aaaaaaaaaa\', NULL, \'Planet9_3840x2160-2024-2.jpg\', \'\', \'2024-2-29 16:52:48\')', 0)
 2 SYSTEMPATH\Database\BaseConnection.php(692): CodeIgniter\Database\MySQLi\Connection->execute('INSERT INTO galeria VALUES(0, \'1\', \'aaaaaaaaa\', \'aaaaaaaaaa\', NULL, \'Planet9_3840x2160-2024-2.jpg\', \'\', \'2024-2-29 16:52:48\')')
 3 SYSTEMPATH\Database\BaseConnection.php(606): CodeIgniter\Database\BaseConnection->simpleQuery('INSERT INTO galeria VALUES(0, \'1\', \'aaaaaaaaa\', \'aaaaaaaaaa\', NULL, \'Planet9_3840x2160-2024-2.jpg\', \'\', \'2024-2-29 16:52:48\')')
 4 APPPATH\Models\AjaxModel\AjaxPhotosModel.php(46): CodeIgniter\Database\BaseConnection->query('INSERT INTO galeria VALUES(0, :institute:, :name_gallery:, :description:, :main_img:, :carousel_media:, :infos:, :date:)', [...])
 5 APPPATH\Controllers\Ajax\AjaxPhotos.php(40): App\Models\AjaxModel\AjaxPhotosModel->photos([...])
 6 SYSTEMPATH\CodeIgniter.php(934): App\Controllers\Ajax\AjaxPhotos->photos()
 7 SYSTEMPATH\CodeIgniter.php(499): CodeIgniter\CodeIgniter->runController(Object(App\Controllers\Ajax\AjaxPhotos))
 8 SYSTEMPATH\CodeIgniter.php(368): CodeIgniter\CodeIgniter->handleRequest(null, Object(Config\Cache), false)
 9 FCPATH\index.php(67): CodeIgniter\CodeIgniter->run()
INFO - 2024-02-29 16:54:50 --> Session: Class initialized using 'CodeIgniter\Session\Handlers\FileHandler' driver.
ERROR - 2024-02-29 16:54:50 --> mysqli_sql_exception: Column 'imagem_principal' cannot be null in C:\xampp\htdocs\RPPS\system\Database\MySQLi\Connection.php:295
Stack trace:
#0 C:\xampp\htdocs\RPPS\system\Database\MySQLi\Connection.php(295): mysqli->query('INSERT INTO gal...', 0)
#1 C:\xampp\htdocs\RPPS\system\Database\BaseConnection.php(692): CodeIgniter\Database\MySQLi\Connection->execute('INSERT INTO gal...')
#2 C:\xampp\htdocs\RPPS\system\Database\BaseConnection.php(606): CodeIgniter\Database\BaseConnection->simpleQuery('INSERT INTO gal...')
#3 C:\xampp\htdocs\RPPS\app\Models\AjaxModel\AjaxPhotosModel.php(46): CodeIgniter\Database\BaseConnection->query('INSERT INTO gal...', Array)
#4 C:\xampp\htdocs\RPPS\app\Controllers\Ajax\AjaxPhotos.php(40): App\Models\AjaxModel\AjaxPhotosModel->photos(Array)
#5 C:\xampp\htdocs\RPPS\system\CodeIgniter.php(934): App\Controllers\Ajax\AjaxPhotos->photos()
#6 C:\xampp\htdocs\RPPS\system\CodeIgniter.php(499): CodeIgniter\CodeIgniter->runController(Object(App\Controllers\Ajax\AjaxPhotos))
#7 C:\xampp\htdocs\RPPS\system\CodeIgniter.php(368): CodeIgniter\CodeIgniter->handleRequest(NULL, Object(Config\Cache), false)
#8 C:\xampp\htdocs\RPPS\public\index.php(67): CodeIgniter\CodeIgniter->run()
#9 {main}
CRITICAL - 2024-02-29 16:54:50 --> Column 'imagem_principal' cannot be null
in SYSTEMPATH\Database\MySQLi\Connection.php on line 295.
 1 SYSTEMPATH\Database\MySQLi\Connection.php(295): mysqli->query('INSERT INTO galeria VALUES(0, \'1\', \'aaaaaaaaa\', \'aaaaaaaaaa\', NULL, NULL, \'\', \'2024-2-29 16:54:50\')', 0)
 2 SYSTEMPATH\Database\BaseConnection.php(692): CodeIgniter\Database\MySQLi\Connection->execute('INSERT INTO galeria VALUES(0, \'1\', \'aaaaaaaaa\', \'aaaaaaaaaa\', NULL, NULL, \'\', \'2024-2-29 16:54:50\')')
 3 SYSTEMPATH\Database\BaseConnection.php(606): CodeIgniter\Database\BaseConnection->simpleQuery('INSERT INTO galeria VALUES(0, \'1\', \'aaaaaaaaa\', \'aaaaaaaaaa\', NULL, NULL, \'\', \'2024-2-29 16:54:50\')')
 4 APPPATH\Models\AjaxModel\AjaxPhotosModel.php(46): CodeIgniter\Database\BaseConnection->query('INSERT INTO galeria VALUES(0, :institute:, :name_gallery:, :description:, :main_img:, :carousel_media:, :infos:, :date:)', [...])
 5 APPPATH\Controllers\Ajax\AjaxPhotos.php(40): App\Models\AjaxModel\AjaxPhotosModel->photos([...])
 6 SYSTEMPATH\CodeIgniter.php(934): App\Controllers\Ajax\AjaxPhotos->photos()
 7 SYSTEMPATH\CodeIgniter.php(499): CodeIgniter\CodeIgniter->runController(Object(App\Controllers\Ajax\AjaxPhotos))
 8 SYSTEMPATH\CodeIgniter.php(368): CodeIgniter\CodeIgniter->handleRequest(null, Object(Config\Cache), false)
 9 FCPATH\index.php(67): CodeIgniter\CodeIgniter->run()
INFO - 2024-02-29 16:55:32 --> Session: Class initialized using 'CodeIgniter\Session\Handlers\FileHandler' driver.
INFO - 2024-02-29 17:02:57 --> Session: Class initialized using 'CodeIgniter\Session\Handlers\FileHandler' driver.
INFO - 2024-02-29 20:23:17 --> Session: Class initialized using 'CodeIgniter\Session\Handlers\FileHandler' driver.
