ERROR - 2024-02-05 17:13:41 --> mysqli_sql_exception: You have an error in your SQL syntax; check the manual that corresponds to your MariaDB server version for the right syntax to use near '?' at line 3 in C:\xampp\htdocs\RPPS\system\Database\MySQLi\Connection.php:295
Stack trace:
#0 C:\xampp\htdocs\RPPS\system\Database\MySQLi\Connection.php(295): mysqli->query('\r\n            S...', 0)
#1 C:\xampp\htdocs\RPPS\system\Database\BaseConnection.php(692): CodeIgniter\Database\MySQLi\Connection->execute('\r\n            S...')
#2 C:\xampp\htdocs\RPPS\system\Database\BaseConnection.php(606): CodeIgniter\Database\BaseConnection->simpleQuery('\r\n            S...')
#3 C:\xampp\htdocs\RPPS\system\Model.php(836): CodeIgniter\Database\BaseConnection->query('\r\n            S...', NULL)
#4 C:\xampp\htdocs\RPPS\app\Models\Session\SessionModel.php(18): CodeIgniter\Model->__call('query', Array)
#5 C:\xampp\htdocs\RPPS\app\Controllers\Ajax\AjaxUser.php(15): App\Models\Session\SessionModel->requireInstituteId(NULL)
#6 C:\xampp\htdocs\RPPS\app\Controllers\Ajax\AjaxUser.php(181): App\Controllers\Ajax\AjaxUser->requireInstituteId(NULL)
#7 C:\xampp\htdocs\RPPS\system\CodeIgniter.php(934): App\Controllers\Ajax\AjaxUser->contact()
#8 C:\xampp\htdocs\RPPS\system\CodeIgniter.php(499): CodeIgniter\CodeIgniter->runController(Object(App\Controllers\Ajax\AjaxUser))
#9 C:\xampp\htdocs\RPPS\system\CodeIgniter.php(368): CodeIgniter\CodeIgniter->handleRequest(NULL, Object(Config\Cache), false)
#10 C:\xampp\htdocs\RPPS\public\index.php(67): CodeIgniter\CodeIgniter->run()
#11 {main}
CRITICAL - 2024-02-05 17:13:41 --> You have an error in your SQL syntax; check the manual that corresponds to your MariaDB server version for the right syntax to use near '?' at line 3
in SYSTEMPATH\Database\MySQLi\Connection.php on line 295.
 1 SYSTEMPATH\Database\MySQLi\Connection.php(295): mysqli->query('
            SELECT `id`
            FROM instituto 
            WHERE nome = ?', 0)
 2 SYSTEMPATH\Database\BaseConnection.php(692): CodeIgniter\Database\MySQLi\Connection->execute('
            SELECT `id`
            FROM instituto 
            WHERE nome = ?')
 3 SYSTEMPATH\Database\BaseConnection.php(606): CodeIgniter\Database\BaseConnection->simpleQuery('
            SELECT `id`
            FROM instituto 
            WHERE nome = ?')
 4 SYSTEMPATH\Model.php(836): CodeIgniter\Database\BaseConnection->query('
            SELECT `id`
            FROM instituto 
            WHERE nome = ?', null)
 5 APPPATH\Models\Session\SessionModel.php(18): CodeIgniter\Model->__call('query', [...])
 6 APPPATH\Controllers\Ajax\AjaxUser.php(15): App\Models\Session\SessionModel->requireInstituteId(null)
 7 APPPATH\Controllers\Ajax\AjaxUser.php(181): App\Controllers\Ajax\AjaxUser->requireInstituteId(null)
 8 SYSTEMPATH\CodeIgniter.php(934): App\Controllers\Ajax\AjaxUser->contact()
 9 SYSTEMPATH\CodeIgniter.php(499): CodeIgniter\CodeIgniter->runController(Object(App\Controllers\Ajax\AjaxUser))
10 SYSTEMPATH\CodeIgniter.php(368): CodeIgniter\CodeIgniter->handleRequest(null, Object(Config\Cache), false)
11 FCPATH\index.php(67): CodeIgniter\CodeIgniter->run()
ERROR - 2024-02-05 17:23:16 --> mysqli_sql_exception: You have an error in your SQL syntax; check the manual that corresponds to your MariaDB server version for the right syntax to use near '?' at line 3 in C:\xampp\htdocs\RPPS\system\Database\MySQLi\Connection.php:295
Stack trace:
#0 C:\xampp\htdocs\RPPS\system\Database\MySQLi\Connection.php(295): mysqli->query('\r\n            S...', 0)
#1 C:\xampp\htdocs\RPPS\system\Database\BaseConnection.php(692): CodeIgniter\Database\MySQLi\Connection->execute('\r\n            S...')
#2 C:\xampp\htdocs\RPPS\system\Database\BaseConnection.php(606): CodeIgniter\Database\BaseConnection->simpleQuery('\r\n            S...')
#3 C:\xampp\htdocs\RPPS\system\Model.php(836): CodeIgniter\Database\BaseConnection->query('\r\n            S...', NULL)
#4 C:\xampp\htdocs\RPPS\app\Models\Session\SessionModel.php(18): CodeIgniter\Model->__call('query', Array)
#5 C:\xampp\htdocs\RPPS\app\Controllers\Ajax\AjaxUser.php(15): App\Models\Session\SessionModel->requireInstituteId(NULL)
#6 C:\xampp\htdocs\RPPS\app\Controllers\Ajax\AjaxUser.php(181): App\Controllers\Ajax\AjaxUser->requireInstituteId(NULL)
#7 C:\xampp\htdocs\RPPS\system\CodeIgniter.php(934): App\Controllers\Ajax\AjaxUser->contact()
#8 C:\xampp\htdocs\RPPS\system\CodeIgniter.php(499): CodeIgniter\CodeIgniter->runController(Object(App\Controllers\Ajax\AjaxUser))
#9 C:\xampp\htdocs\RPPS\system\CodeIgniter.php(368): CodeIgniter\CodeIgniter->handleRequest(NULL, Object(Config\Cache), false)
#10 C:\xampp\htdocs\RPPS\public\index.php(67): CodeIgniter\CodeIgniter->run()
#11 {main}
CRITICAL - 2024-02-05 17:23:16 --> You have an error in your SQL syntax; check the manual that corresponds to your MariaDB server version for the right syntax to use near '?' at line 3
in SYSTEMPATH\Database\MySQLi\Connection.php on line 295.
 1 SYSTEMPATH\Database\MySQLi\Connection.php(295): mysqli->query('
            SELECT `id`
            FROM instituto 
            WHERE nome = ?', 0)
 2 SYSTEMPATH\Database\BaseConnection.php(692): CodeIgniter\Database\MySQLi\Connection->execute('
            SELECT `id`
            FROM instituto 
            WHERE nome = ?')
 3 SYSTEMPATH\Database\BaseConnection.php(606): CodeIgniter\Database\BaseConnection->simpleQuery('
            SELECT `id`
            FROM instituto 
            WHERE nome = ?')
 4 SYSTEMPATH\Model.php(836): CodeIgniter\Database\BaseConnection->query('
            SELECT `id`
            FROM instituto 
            WHERE nome = ?', null)
 5 APPPATH\Models\Session\SessionModel.php(18): CodeIgniter\Model->__call('query', [...])
 6 APPPATH\Controllers\Ajax\AjaxUser.php(15): App\Models\Session\SessionModel->requireInstituteId(null)
 7 APPPATH\Controllers\Ajax\AjaxUser.php(181): App\Controllers\Ajax\AjaxUser->requireInstituteId(null)
 8 SYSTEMPATH\CodeIgniter.php(934): App\Controllers\Ajax\AjaxUser->contact()
 9 SYSTEMPATH\CodeIgniter.php(499): CodeIgniter\CodeIgniter->runController(Object(App\Controllers\Ajax\AjaxUser))
10 SYSTEMPATH\CodeIgniter.php(368): CodeIgniter\CodeIgniter->handleRequest(null, Object(Config\Cache), false)
11 FCPATH\index.php(67): CodeIgniter\CodeIgniter->run()
ERROR - 2024-02-05 19:10:32 --> mysqli_sql_exception: You have an error in your SQL syntax; check the manual that corresponds to your MariaDB server version for the right syntax to use near ':id:' at line 1 in C:\xampp\htdocs\RPPS\system\Database\MySQLi\Connection.php:295
Stack trace:
#0 C:\xampp\htdocs\RPPS\system\Database\MySQLi\Connection.php(295): mysqli->query('SELECT * FROM i...', 0)
#1 C:\xampp\htdocs\RPPS\system\Database\BaseConnection.php(692): CodeIgniter\Database\MySQLi\Connection->execute('SELECT * FROM i...')
#2 C:\xampp\htdocs\RPPS\system\Database\BaseConnection.php(606): CodeIgniter\Database\BaseConnection->simpleQuery('SELECT * FROM i...')
#3 C:\xampp\htdocs\RPPS\system\Model.php(836): CodeIgniter\Database\BaseConnection->query('SELECT * FROM i...', Array)
#4 C:\xampp\htdocs\RPPS\app\Models\AjaxModel\AjaxInstituteModel.php(16): CodeIgniter\Model->__call('query', Array)
#5 C:\xampp\htdocs\RPPS\app\Controllers\Ajax\AjaxUser.php(195): App\Models\AjaxModel\AjaxInstituteModel->instituteData('1')
#6 C:\xampp\htdocs\RPPS\system\CodeIgniter.php(934): App\Controllers\Ajax\AjaxUser->contact()
#7 C:\xampp\htdocs\RPPS\system\CodeIgniter.php(499): CodeIgniter\CodeIgniter->runController(Object(App\Controllers\Ajax\AjaxUser))
#8 C:\xampp\htdocs\RPPS\system\CodeIgniter.php(368): CodeIgniter\CodeIgniter->handleRequest(NULL, Object(Config\Cache), false)
#9 C:\xampp\htdocs\RPPS\public\index.php(67): CodeIgniter\CodeIgniter->run()
#10 {main}
CRITICAL - 2024-02-05 19:10:32 --> You have an error in your SQL syntax; check the manual that corresponds to your MariaDB server version for the right syntax to use near ':id:' at line 1
in SYSTEMPATH\Database\MySQLi\Connection.php on line 295.
 1 SYSTEMPATH\Database\MySQLi\Connection.php(295): mysqli->query('SELECT * FROM instituto WHERE email = :id:', 0)
 2 SYSTEMPATH\Database\BaseConnection.php(692): CodeIgniter\Database\MySQLi\Connection->execute('SELECT * FROM instituto WHERE email = :id:')
 3 SYSTEMPATH\Database\BaseConnection.php(606): CodeIgniter\Database\BaseConnection->simpleQuery('SELECT * FROM instituto WHERE email = :id:')
 4 SYSTEMPATH\Model.php(836): CodeIgniter\Database\BaseConnection->query('SELECT * FROM instituto WHERE email = :id:', [...])
 5 APPPATH\Models\AjaxModel\AjaxInstituteModel.php(16): CodeIgniter\Model->__call('query', [...])
 6 APPPATH\Controllers\Ajax\AjaxUser.php(195): App\Models\AjaxModel\AjaxInstituteModel->instituteData('1')
 7 SYSTEMPATH\CodeIgniter.php(934): App\Controllers\Ajax\AjaxUser->contact()
 8 SYSTEMPATH\CodeIgniter.php(499): CodeIgniter\CodeIgniter->runController(Object(App\Controllers\Ajax\AjaxUser))
 9 SYSTEMPATH\CodeIgniter.php(368): CodeIgniter\CodeIgniter->handleRequest(null, Object(Config\Cache), false)
10 FCPATH\index.php(67): CodeIgniter\CodeIgniter->run()
ERROR - 2024-02-05 19:11:25 --> mysqli_sql_exception: You have an error in your SQL syntax; check the manual that corresponds to your MariaDB server version for the right syntax to use near ':id:' at line 1 in C:\xampp\htdocs\RPPS\system\Database\MySQLi\Connection.php:295
Stack trace:
#0 C:\xampp\htdocs\RPPS\system\Database\MySQLi\Connection.php(295): mysqli->query('SELECT * FROM i...', 0)
#1 C:\xampp\htdocs\RPPS\system\Database\BaseConnection.php(692): CodeIgniter\Database\MySQLi\Connection->execute('SELECT * FROM i...')
#2 C:\xampp\htdocs\RPPS\system\Database\BaseConnection.php(606): CodeIgniter\Database\BaseConnection->simpleQuery('SELECT * FROM i...')
#3 C:\xampp\htdocs\RPPS\system\Model.php(836): CodeIgniter\Database\BaseConnection->query('SELECT * FROM i...', Array)
#4 C:\xampp\htdocs\RPPS\app\Models\AjaxModel\AjaxInstituteModel.php(16): CodeIgniter\Model->__call('query', Array)
#5 C:\xampp\htdocs\RPPS\app\Controllers\Ajax\AjaxUser.php(195): App\Models\AjaxModel\AjaxInstituteModel->instituteData('1')
#6 C:\xampp\htdocs\RPPS\system\CodeIgniter.php(934): App\Controllers\Ajax\AjaxUser->contact()
#7 C:\xampp\htdocs\RPPS\system\CodeIgniter.php(499): CodeIgniter\CodeIgniter->runController(Object(App\Controllers\Ajax\AjaxUser))
#8 C:\xampp\htdocs\RPPS\system\CodeIgniter.php(368): CodeIgniter\CodeIgniter->handleRequest(NULL, Object(Config\Cache), false)
#9 C:\xampp\htdocs\RPPS\public\index.php(67): CodeIgniter\CodeIgniter->run()
#10 {main}
CRITICAL - 2024-02-05 19:11:25 --> You have an error in your SQL syntax; check the manual that corresponds to your MariaDB server version for the right syntax to use near ':id:' at line 1
in SYSTEMPATH\Database\MySQLi\Connection.php on line 295.
 1 SYSTEMPATH\Database\MySQLi\Connection.php(295): mysqli->query('SELECT * FROM instituto WHERE email = :id:', 0)
 2 SYSTEMPATH\Database\BaseConnection.php(692): CodeIgniter\Database\MySQLi\Connection->execute('SELECT * FROM instituto WHERE email = :id:')
 3 SYSTEMPATH\Database\BaseConnection.php(606): CodeIgniter\Database\BaseConnection->simpleQuery('SELECT * FROM instituto WHERE email = :id:')
 4 SYSTEMPATH\Model.php(836): CodeIgniter\Database\BaseConnection->query('SELECT * FROM instituto WHERE email = :id:', [...])
 5 APPPATH\Models\AjaxModel\AjaxInstituteModel.php(16): CodeIgniter\Model->__call('query', [...])
 6 APPPATH\Controllers\Ajax\AjaxUser.php(195): App\Models\AjaxModel\AjaxInstituteModel->instituteData('1')
 7 SYSTEMPATH\CodeIgniter.php(934): App\Controllers\Ajax\AjaxUser->contact()
 8 SYSTEMPATH\CodeIgniter.php(499): CodeIgniter\CodeIgniter->runController(Object(App\Controllers\Ajax\AjaxUser))
 9 SYSTEMPATH\CodeIgniter.php(368): CodeIgniter\CodeIgniter->handleRequest(null, Object(Config\Cache), false)
10 FCPATH\index.php(67): CodeIgniter\CodeIgniter->run()
CRITICAL - 2024-02-05 19:13:03 --> Undefined array key 0
in APPPATH\Models\AjaxModel\AjaxInstituteModel.php on line 18.
 1 APPPATH\Models\AjaxModel\AjaxInstituteModel.php(18): CodeIgniter\Debug\Exceptions->errorHandler(2, 'Undefined array key 0', 'C:\\xampp\\htdocs\\RPPS\\app\\Models\\AjaxModel\\AjaxInstituteModel.php', 18)
 2 APPPATH\Controllers\Ajax\AjaxUser.php(195): App\Models\AjaxModel\AjaxInstituteModel->instituteData('1')
 3 SYSTEMPATH\CodeIgniter.php(934): App\Controllers\Ajax\AjaxUser->contact()
 4 SYSTEMPATH\CodeIgniter.php(499): CodeIgniter\CodeIgniter->runController(Object(App\Controllers\Ajax\AjaxUser))
 5 SYSTEMPATH\CodeIgniter.php(368): CodeIgniter\CodeIgniter->handleRequest(null, Object(Config\Cache), false)
 6 FCPATH\index.php(67): CodeIgniter\CodeIgniter->run()
CRITICAL - 2024-02-05 19:21:04 --> Undefined variable $name
in APPPATH\Views\mails\recoverAccount.php on line 34.
 1 APPPATH\Views\mails\recoverAccount.php(34): CodeIgniter\Debug\Exceptions->errorHandler(2, 'Undefined variable $name', 'C:\\xampp\\htdocs\\RPPS\\app\\Views\\mails\\recoverAccount.php', 34)
 2 SYSTEMPATH\View\View.php(213): include('C:\\xampp\\htdocs\\RPPS\\app\\Views\\mails\\recoverAccount.php')
 3 SYSTEMPATH\View\View.php(216): CodeIgniter\View\View->CodeIgniter\View\{closure}()
 4 SYSTEMPATH\Common.php(1184): CodeIgniter\View\View->render('mails/recoverAccount', [], true)
 5 APPPATH\Controllers\Info.php(11): view('mails/recoverAccount')
 6 SYSTEMPATH\CodeIgniter.php(934): App\Controllers\Info->infos()
 7 SYSTEMPATH\CodeIgniter.php(499): CodeIgniter\CodeIgniter->runController(Object(App\Controllers\Info))
 8 SYSTEMPATH\CodeIgniter.php(368): CodeIgniter\CodeIgniter->handleRequest(null, Object(Config\Cache), false)
 9 FCPATH\index.php(67): CodeIgniter\CodeIgniter->run()
CRITICAL - 2024-02-05 19:43:26 --> Undefined variable $subject
in APPPATH\Views\mails\contactUs.php on line 15.
 1 APPPATH\Views\mails\contactUs.php(15): CodeIgniter\Debug\Exceptions->errorHandler(2, 'Undefined variable $subject', 'C:\\xampp\\htdocs\\RPPS\\app\\Views\\mails\\contactUs.php', 15)
 2 SYSTEMPATH\View\View.php(213): include('C:\\xampp\\htdocs\\RPPS\\app\\Views\\mails\\contactUs.php')
 3 SYSTEMPATH\View\View.php(216): CodeIgniter\View\View->CodeIgniter\View\{closure}()
 4 SYSTEMPATH\Common.php(1184): CodeIgniter\View\View->render('mails/contactUs', [], true)
 5 APPPATH\Controllers\Info.php(11): view('mails/contactUs')
 6 SYSTEMPATH\CodeIgniter.php(934): App\Controllers\Info->infos()
 7 SYSTEMPATH\CodeIgniter.php(499): CodeIgniter\CodeIgniter->runController(Object(App\Controllers\Info))
 8 SYSTEMPATH\CodeIgniter.php(368): CodeIgniter\CodeIgniter->handleRequest(null, Object(Config\Cache), false)
 9 FCPATH\index.php(67): CodeIgniter\CodeIgniter->run()
CRITICAL - 2024-02-05 20:18:21 --> Invalid file: "mails/Contact.php"
in SYSTEMPATH\Exceptions\FrameworkException.php on line 33.
 1 SYSTEMPATH\View\View.php(201): CodeIgniter\Exceptions\FrameworkException::forInvalidFile('mails/Contact.php')
 2 SYSTEMPATH\Common.php(1184): CodeIgniter\View\View->render('mails/Contact', [], true)
 3 APPPATH\Controllers\Ajax\AjaxUser.php(212): view('mails/Contact', [...])
 4 SYSTEMPATH\CodeIgniter.php(934): App\Controllers\Ajax\AjaxUser->contact()
 5 SYSTEMPATH\CodeIgniter.php(499): CodeIgniter\CodeIgniter->runController(Object(App\Controllers\Ajax\AjaxUser))
 6 SYSTEMPATH\CodeIgniter.php(368): CodeIgniter\CodeIgniter->handleRequest(null, Object(Config\Cache), false)
 7 FCPATH\index.php(67): CodeIgniter\CodeIgniter->run()
CRITICAL - 2024-02-05 20:19:44 --> Invalid file: "mails/Contact.php"
in SYSTEMPATH\Exceptions\FrameworkException.php on line 33.
 1 SYSTEMPATH\View\View.php(201): CodeIgniter\Exceptions\FrameworkException::forInvalidFile('mails/Contact.php')
 2 SYSTEMPATH\Common.php(1184): CodeIgniter\View\View->render('mails/Contact', [], true)
 3 APPPATH\Controllers\Ajax\AjaxUser.php(212): view('mails/Contact', [...])
 4 SYSTEMPATH\CodeIgniter.php(934): App\Controllers\Ajax\AjaxUser->contact()
 5 SYSTEMPATH\CodeIgniter.php(499): CodeIgniter\CodeIgniter->runController(Object(App\Controllers\Ajax\AjaxUser))
 6 SYSTEMPATH\CodeIgniter.php(368): CodeIgniter\CodeIgniter->handleRequest(null, Object(Config\Cache), false)
 7 FCPATH\index.php(67): CodeIgniter\CodeIgniter->run()
CRITICAL - 2024-02-05 20:20:23 --> Invalid file: "mails/Contact.php"
in SYSTEMPATH\Exceptions\FrameworkException.php on line 33.
 1 SYSTEMPATH\View\View.php(201): CodeIgniter\Exceptions\FrameworkException::forInvalidFile('mails/Contact.php')
 2 SYSTEMPATH\Common.php(1184): CodeIgniter\View\View->render('mails/Contact', [], true)
 3 APPPATH\Controllers\Ajax\AjaxUser.php(212): view('mails/Contact', [...])
 4 SYSTEMPATH\CodeIgniter.php(934): App\Controllers\Ajax\AjaxUser->contact()
 5 SYSTEMPATH\CodeIgniter.php(499): CodeIgniter\CodeIgniter->runController(Object(App\Controllers\Ajax\AjaxUser))
 6 SYSTEMPATH\CodeIgniter.php(368): CodeIgniter\CodeIgniter->handleRequest(null, Object(Config\Cache), false)
 7 FCPATH\index.php(67): CodeIgniter\CodeIgniter->run()
CRITICAL - 2024-02-05 20:21:57 --> Invalid file: "mails/Contact.php"
in SYSTEMPATH\Exceptions\FrameworkException.php on line 33.
 1 SYSTEMPATH\View\View.php(201): CodeIgniter\Exceptions\FrameworkException::forInvalidFile('mails/Contact.php')
 2 SYSTEMPATH\Common.php(1184): CodeIgniter\View\View->render('mails/Contact', [], true)
 3 APPPATH\Controllers\Ajax\AjaxUser.php(212): view('mails/Contact', [...])
 4 SYSTEMPATH\CodeIgniter.php(934): App\Controllers\Ajax\AjaxUser->contact()
 5 SYSTEMPATH\CodeIgniter.php(499): CodeIgniter\CodeIgniter->runController(Object(App\Controllers\Ajax\AjaxUser))
 6 SYSTEMPATH\CodeIgniter.php(368): CodeIgniter\CodeIgniter->handleRequest(null, Object(Config\Cache), false)
 7 FCPATH\index.php(67): CodeIgniter\CodeIgniter->run()
CRITICAL - 2024-02-05 20:22:07 --> Undefined variable $template
in APPPATH\Controllers\Ajax\AjaxUser.php on line 220.
 1 APPPATH\Controllers\Ajax\AjaxUser.php(220): CodeIgniter\Debug\Exceptions->errorHandler(2, 'Undefined variable $template', 'C:\\xampp\\htdocs\\RPPS\\app\\Controllers\\Ajax\\AjaxUser.php', 220)
 2 SYSTEMPATH\CodeIgniter.php(934): App\Controllers\Ajax\AjaxUser->contact()
 3 SYSTEMPATH\CodeIgniter.php(499): CodeIgniter\CodeIgniter->runController(Object(App\Controllers\Ajax\AjaxUser))
 4 SYSTEMPATH\CodeIgniter.php(368): CodeIgniter\CodeIgniter->handleRequest(null, Object(Config\Cache), false)
 5 FCPATH\index.php(67): CodeIgniter\CodeIgniter->run()
CRITICAL - 2024-02-05 20:22:26 --> Invalid file: "mails/Contact.php"
in SYSTEMPATH\Exceptions\FrameworkException.php on line 33.
 1 SYSTEMPATH\View\View.php(201): CodeIgniter\Exceptions\FrameworkException::forInvalidFile('mails/Contact.php')
 2 SYSTEMPATH\Common.php(1184): CodeIgniter\View\View->render('mails/Contact', [], true)
 3 APPPATH\Controllers\Ajax\AjaxUser.php(212): view('mails/Contact', [...])
 4 SYSTEMPATH\CodeIgniter.php(934): App\Controllers\Ajax\AjaxUser->contact()
 5 SYSTEMPATH\CodeIgniter.php(499): CodeIgniter\CodeIgniter->runController(Object(App\Controllers\Ajax\AjaxUser))
 6 SYSTEMPATH\CodeIgniter.php(368): CodeIgniter\CodeIgniter->handleRequest(null, Object(Config\Cache), false)
 7 FCPATH\index.php(67): CodeIgniter\CodeIgniter->run()
CRITICAL - 2024-02-05 20:23:06 --> Undefined array key "states"
in APPPATH\Views\mails\contactUs.php on line 25.
 1 APPPATH\Views\mails\contactUs.php(25): CodeIgniter\Debug\Exceptions->errorHandler(2, 'Undefined array key "states"', 'C:\\xampp\\htdocs\\RPPS\\app\\Views\\mails\\contactUs.php', 25)
 2 SYSTEMPATH\View\View.php(213): include('C:\\xampp\\htdocs\\RPPS\\app\\Views\\mails\\contactUs.php')
 3 SYSTEMPATH\View\View.php(216): CodeIgniter\View\View->CodeIgniter\View\{closure}()
 4 SYSTEMPATH\Common.php(1184): CodeIgniter\View\View->render('mails/contactUs', [], true)
 5 APPPATH\Controllers\Ajax\AjaxUser.php(212): view('mails/contactUs', [...])
 6 SYSTEMPATH\CodeIgniter.php(934): App\Controllers\Ajax\AjaxUser->contact()
 7 SYSTEMPATH\CodeIgniter.php(499): CodeIgniter\CodeIgniter->runController(Object(App\Controllers\Ajax\AjaxUser))
 8 SYSTEMPATH\CodeIgniter.php(368): CodeIgniter\CodeIgniter->handleRequest(null, Object(Config\Cache), false)
 9 FCPATH\index.php(67): CodeIgniter\CodeIgniter->run()
CRITICAL - 2024-02-05 20:23:53 --> Undefined array key "states"
in APPPATH\Views\mails\contactUs.php on line 25.
 1 APPPATH\Views\mails\contactUs.php(25): CodeIgniter\Debug\Exceptions->errorHandler(2, 'Undefined array key "states"', 'C:\\xampp\\htdocs\\RPPS\\app\\Views\\mails\\contactUs.php', 25)
 2 SYSTEMPATH\View\View.php(213): include('C:\\xampp\\htdocs\\RPPS\\app\\Views\\mails\\contactUs.php')
 3 SYSTEMPATH\View\View.php(216): CodeIgniter\View\View->CodeIgniter\View\{closure}()
 4 SYSTEMPATH\Common.php(1184): CodeIgniter\View\View->render('mails/contactUs', [], true)
 5 APPPATH\Controllers\Ajax\AjaxUser.php(212): view('mails/contactUs', [...])
 6 SYSTEMPATH\CodeIgniter.php(934): App\Controllers\Ajax\AjaxUser->contact()
 7 SYSTEMPATH\CodeIgniter.php(499): CodeIgniter\CodeIgniter->runController(Object(App\Controllers\Ajax\AjaxUser))
 8 SYSTEMPATH\CodeIgniter.php(368): CodeIgniter\CodeIgniter->handleRequest(null, Object(Config\Cache), false)
 9 FCPATH\index.php(67): CodeIgniter\CodeIgniter->run()
CRITICAL - 2024-02-05 20:25:55 --> Undefined array key "states"
in APPPATH\Views\mails\contactUs.php on line 25.
 1 APPPATH\Views\mails\contactUs.php(25): CodeIgniter\Debug\Exceptions->errorHandler(2, 'Undefined array key "states"', 'C:\\xampp\\htdocs\\RPPS\\app\\Views\\mails\\contactUs.php', 25)
 2 SYSTEMPATH\View\View.php(213): include('C:\\xampp\\htdocs\\RPPS\\app\\Views\\mails\\contactUs.php')
 3 SYSTEMPATH\View\View.php(216): CodeIgniter\View\View->CodeIgniter\View\{closure}()
 4 SYSTEMPATH\Common.php(1184): CodeIgniter\View\View->render('mails\\contactUs', [], true)
 5 APPPATH\Controllers\Ajax\AjaxUser.php(212): view('mails\\contactUs', [...])
 6 SYSTEMPATH\CodeIgniter.php(934): App\Controllers\Ajax\AjaxUser->contact()
 7 SYSTEMPATH\CodeIgniter.php(499): CodeIgniter\CodeIgniter->runController(Object(App\Controllers\Ajax\AjaxUser))
 8 SYSTEMPATH\CodeIgniter.php(368): CodeIgniter\CodeIgniter->handleRequest(null, Object(Config\Cache), false)
 9 FCPATH\index.php(67): CodeIgniter\CodeIgniter->run()
CRITICAL - 2024-02-05 20:27:10 --> Undefined array key "states"
in APPPATH\Views\mails\contactUs.php on line 25.
 1 APPPATH\Views\mails\contactUs.php(25): CodeIgniter\Debug\Exceptions->errorHandler(2, 'Undefined array key "states"', 'C:\\xampp\\htdocs\\RPPS\\app\\Views\\mails\\contactUs.php', 25)
 2 SYSTEMPATH\View\View.php(213): include('C:\\xampp\\htdocs\\RPPS\\app\\Views\\mails\\contactUs.php')
 3 SYSTEMPATH\View\View.php(216): CodeIgniter\View\View->CodeIgniter\View\{closure}()
 4 SYSTEMPATH\Common.php(1184): CodeIgniter\View\View->render('mails/contactUs', [], true)
 5 APPPATH\Controllers\Ajax\AjaxUser.php(212): view('mails/contactUs', [...])
 6 SYSTEMPATH\CodeIgniter.php(934): App\Controllers\Ajax\AjaxUser->contact()
 7 SYSTEMPATH\CodeIgniter.php(499): CodeIgniter\CodeIgniter->runController(Object(App\Controllers\Ajax\AjaxUser))
 8 SYSTEMPATH\CodeIgniter.php(368): CodeIgniter\CodeIgniter->handleRequest(null, Object(Config\Cache), false)
 9 FCPATH\index.php(67): CodeIgniter\CodeIgniter->run()
CRITICAL - 2024-02-05 20:32:35 --> Undefined array key 0
in APPPATH\Views\mails\contactUs.php on line 11.
 1 APPPATH\Views\mails\contactUs.php(11): CodeIgniter\Debug\Exceptions->errorHandler(2, 'Undefined array key 0', 'C:\\xampp\\htdocs\\RPPS\\app\\Views\\mails\\contactUs.php', 11)
 2 SYSTEMPATH\View\View.php(213): include('C:\\xampp\\htdocs\\RPPS\\app\\Views\\mails\\contactUs.php')
 3 SYSTEMPATH\View\View.php(216): CodeIgniter\View\View->CodeIgniter\View\{closure}()
 4 SYSTEMPATH\Common.php(1184): CodeIgniter\View\View->render('mails/contactUs', [], true)
 5 APPPATH\Controllers\Ajax\AjaxUser.php(212): view('mails/contactUs', [...])
 6 SYSTEMPATH\CodeIgniter.php(934): App\Controllers\Ajax\AjaxUser->contact()
 7 SYSTEMPATH\CodeIgniter.php(499): CodeIgniter\CodeIgniter->runController(Object(App\Controllers\Ajax\AjaxUser))
 8 SYSTEMPATH\CodeIgniter.php(368): CodeIgniter\CodeIgniter->handleRequest(null, Object(Config\Cache), false)
 9 FCPATH\index.php(67): CodeIgniter\CodeIgniter->run()
CRITICAL - 2024-02-05 20:34:55 --> Undefined array key 0
in APPPATH\Views\mails\contactUs.php on line 11.
 1 APPPATH\Views\mails\contactUs.php(11): CodeIgniter\Debug\Exceptions->errorHandler(2, 'Undefined array key 0', 'C:\\xampp\\htdocs\\RPPS\\app\\Views\\mails\\contactUs.php', 11)
 2 SYSTEMPATH\View\View.php(213): include('C:\\xampp\\htdocs\\RPPS\\app\\Views\\mails\\contactUs.php')
 3 SYSTEMPATH\View\View.php(216): CodeIgniter\View\View->CodeIgniter\View\{closure}()
 4 SYSTEMPATH\Common.php(1184): CodeIgniter\View\View->render('mails/contactUs', [], true)
 5 APPPATH\Controllers\Ajax\AjaxUser.php(212): view('mails/contactUs', [...])
 6 SYSTEMPATH\CodeIgniter.php(934): App\Controllers\Ajax\AjaxUser->contact()
 7 SYSTEMPATH\CodeIgniter.php(499): CodeIgniter\CodeIgniter->runController(Object(App\Controllers\Ajax\AjaxUser))
 8 SYSTEMPATH\CodeIgniter.php(368): CodeIgniter\CodeIgniter->handleRequest(null, Object(Config\Cache), false)
 9 FCPATH\index.php(67): CodeIgniter\CodeIgniter->run()
