CRITICAL - 2023-08-11 16:49:46 --> Undefined variable $url
in APPPATH\Views\contents\home-page\template-1\main\sections\slide-news.php on line 4.
 1 APPPATH\Views\contents\home-page\template-1\main\sections\slide-news.php(4): CodeIgniter\Debug\Exceptions->errorHandler(2, 'Undefined variable $url', 'C:\\xampp\\htdocs\\RPPS\\app\\Views\\contents\\home-page\\template-1\\main\\sections\\slide-news.php', 4)
 2 SYSTEMPATH\View\View.php(213): include('C:\\xampp\\htdocs\\RPPS\\app\\Views\\contents\\home-page\\template-1\\main\\sections\\slide-news.php')
 3 SYSTEMPATH\View\View.php(216): CodeIgniter\View\View->CodeIgniter\View\{closure}()
 4 SYSTEMPATH\Common.php(1184): CodeIgniter\View\View->render('contents/home-page/template-1/main/sections/slide-news', [], true)
 5 APPPATH\Controllers\Home.php(15): view('contents/home-page/template-1/main/sections/slide-news')
 6 SYSTEMPATH\CodeIgniter.php(934): App\Controllers\Home->index()
 7 SYSTEMPATH\CodeIgniter.php(499): CodeIgniter\CodeIgniter->runController(Object(App\Controllers\Home))
 8 SYSTEMPATH\CodeIgniter.php(368): CodeIgniter\CodeIgniter->handleRequest(null, Object(Config\Cache), false)
 9 FCPATH\index.php(67): CodeIgniter\CodeIgniter->run()
CRITICAL - 2023-08-11 16:53:50 --> Undefined variable $url
in APPPATH\Views\contents\home-page\template-1\main\sections\slide-news.php on line 4.
 1 APPPATH\Views\contents\home-page\template-1\main\sections\slide-news.php(4): CodeIgniter\Debug\Exceptions->errorHandler(2, 'Undefined variable $url', 'C:\\xampp\\htdocs\\RPPS\\app\\Views\\contents\\home-page\\template-1\\main\\sections\\slide-news.php', 4)
 2 SYSTEMPATH\View\View.php(213): include('C:\\xampp\\htdocs\\RPPS\\app\\Views\\contents\\home-page\\template-1\\main\\sections\\slide-news.php')
 3 SYSTEMPATH\View\View.php(216): CodeIgniter\View\View->CodeIgniter\View\{closure}()
 4 SYSTEMPATH\Common.php(1184): CodeIgniter\View\View->render('contents/home-page/template-1/main/sections/slide-news', [], true)
 5 APPPATH\Controllers\Home.php(15): view('contents/home-page/template-1/main/sections/slide-news')
 6 SYSTEMPATH\CodeIgniter.php(934): App\Controllers\Home->index()
 7 SYSTEMPATH\CodeIgniter.php(499): CodeIgniter\CodeIgniter->runController(Object(App\Controllers\Home))
 8 SYSTEMPATH\CodeIgniter.php(368): CodeIgniter\CodeIgniter->handleRequest(null, Object(Config\Cache), false)
 9 FCPATH\index.php(67): CodeIgniter\CodeIgniter->run()
CRITICAL - 2023-08-11 17:24:42 --> include(assets\include\slide-news.php): Failed to open stream: No such file or directory
in APPPATH\Views\contents\home-page\template-1\main\sections\hero.php on line 22.
 1 APPPATH\Views\contents\home-page\template-1\main\sections\hero.php(22): CodeIgniter\Debug\Exceptions->errorHandler(2, 'include(assets\\include\\slide-news.php): Failed to open stream: No such file or directory', 'C:\\xampp\\htdocs\\RPPS\\app\\Views\\contents\\home-page\\template-1\\main\\sections\\hero.php', 22)
 2 APPPATH\Views\contents\home-page\template-1\main\sections\hero.php(22): include()
 3 SYSTEMPATH\View\View.php(213): include('C:\\xampp\\htdocs\\RPPS\\app\\Views\\contents\\home-page\\template-1\\main\\sections\\hero.php')
 4 SYSTEMPATH\View\View.php(216): CodeIgniter\View\View->CodeIgniter\View\{closure}()
 5 SYSTEMPATH\View\View.php(229): CodeIgniter\View\View->render('contents\\home-page\\template-1\\main\\sections\\hero.php', [], true)
 6 SYSTEMPATH\Common.php(1184): CodeIgniter\View\View->render('contents/home-page/template-1/main/sections/slide-news', [], true)
 7 APPPATH\Controllers\Home.php(15): view('contents/home-page/template-1/main/sections/slide-news')
 8 SYSTEMPATH\CodeIgniter.php(934): App\Controllers\Home->index()
 9 SYSTEMPATH\CodeIgniter.php(499): CodeIgniter\CodeIgniter->runController(Object(App\Controllers\Home))
10 SYSTEMPATH\CodeIgniter.php(368): CodeIgniter\CodeIgniter->handleRequest(null, Object(Config\Cache), false)
11 FCPATH\index.php(67): CodeIgniter\CodeIgniter->run()
CRITICAL - 2023-08-11 17:27:12 --> include(assets\include\slide-news.php): Failed to open stream: No such file or directory
in APPPATH\Views\contents\home-page\template-1\main\sections\hero.php on line 22.
 1 APPPATH\Views\contents\home-page\template-1\main\sections\hero.php(22): CodeIgniter\Debug\Exceptions->errorHandler(2, 'include(assets\\include\\slide-news.php): Failed to open stream: No such file or directory', 'C:\\xampp\\htdocs\\RPPS\\app\\Views\\contents\\home-page\\template-1\\main\\sections\\hero.php', 22)
 2 APPPATH\Views\contents\home-page\template-1\main\sections\hero.php(22): include()
 3 SYSTEMPATH\View\View.php(213): include('C:\\xampp\\htdocs\\RPPS\\app\\Views\\contents\\home-page\\template-1\\main\\sections\\hero.php')
 4 SYSTEMPATH\View\View.php(216): CodeIgniter\View\View->CodeIgniter\View\{closure}()
 5 SYSTEMPATH\View\View.php(229): CodeIgniter\View\View->render('contents\\home-page\\template-1\\main\\sections\\hero.php', [], true)
 6 SYSTEMPATH\Common.php(1184): CodeIgniter\View\View->render('contents/home-page/template-1/main/sections/slide-news', [], true)
 7 APPPATH\Controllers\Home.php(15): view('contents/home-page/template-1/main/sections/slide-news')
 8 SYSTEMPATH\CodeIgniter.php(934): App\Controllers\Home->index()
 9 SYSTEMPATH\CodeIgniter.php(499): CodeIgniter\CodeIgniter->runController(Object(App\Controllers\Home))
10 SYSTEMPATH\CodeIgniter.php(368): CodeIgniter\CodeIgniter->handleRequest(null, Object(Config\Cache), false)
11 FCPATH\index.php(67): CodeIgniter\CodeIgniter->run()
CRITICAL - 2023-08-11 17:28:12 --> include(dynamic-page-content/home-page/contents/main/section-hero/content-1.php): Failed to open stream: No such file or directory
in APPPATH\Views\contents\home-page\template-1\main\sections\slide-news.php on line 21.
 1 APPPATH\Views\contents\home-page\template-1\main\sections\slide-news.php(21): CodeIgniter\Debug\Exceptions->errorHandler(2, 'include(dynamic-page-content/home-page/contents/main/section-hero/content-1.php): Failed to open stream: No such file or directory', 'C:\\xampp\\htdocs\\RPPS\\app\\Views\\contents\\home-page\\template-1\\main\\sections\\slide-news.php', 21)
 2 APPPATH\Views\contents\home-page\template-1\main\sections\slide-news.php(21): include()
 3 SYSTEMPATH\View\View.php(213): include('C:\\xampp\\htdocs\\RPPS\\app\\Views\\contents\\home-page\\template-1\\main\\sections\\slide-news.php')
 4 SYSTEMPATH\View\View.php(216): CodeIgniter\View\View->CodeIgniter\View\{closure}()
 5 SYSTEMPATH\Common.php(1184): CodeIgniter\View\View->render('contents/home-page/template-1/main/sections/slide-news', [], true)
 6 APPPATH\Controllers\Home.php(15): view('contents/home-page/template-1/main/sections/slide-news')
 7 SYSTEMPATH\CodeIgniter.php(934): App\Controllers\Home->index()
 8 SYSTEMPATH\CodeIgniter.php(499): CodeIgniter\CodeIgniter->runController(Object(App\Controllers\Home))
 9 SYSTEMPATH\CodeIgniter.php(368): CodeIgniter\CodeIgniter->handleRequest(null, Object(Config\Cache), false)
10 FCPATH\index.php(67): CodeIgniter\CodeIgniter->run()
CRITICAL - 2023-08-11 17:29:22 --> include(dynamic-page-content/home-page/contents/main/section-hero/content-1.php): Failed to open stream: No such file or directory
in APPPATH\Views\contents\home-page\template-1\main\sections\slide-news.php on line 21.
 1 APPPATH\Views\contents\home-page\template-1\main\sections\slide-news.php(21): CodeIgniter\Debug\Exceptions->errorHandler(2, 'include(dynamic-page-content/home-page/contents/main/section-hero/content-1.php): Failed to open stream: No such file or directory', 'C:\\xampp\\htdocs\\RPPS\\app\\Views\\contents\\home-page\\template-1\\main\\sections\\slide-news.php', 21)
 2 APPPATH\Views\contents\home-page\template-1\main\sections\slide-news.php(21): include()
 3 SYSTEMPATH\View\View.php(213): include('C:\\xampp\\htdocs\\RPPS\\app\\Views\\contents\\home-page\\template-1\\main\\sections\\slide-news.php')
 4 SYSTEMPATH\View\View.php(216): CodeIgniter\View\View->CodeIgniter\View\{closure}()
 5 SYSTEMPATH\Common.php(1184): CodeIgniter\View\View->render('contents/home-page/template-1/main/sections/slide-news', [], true)
 6 APPPATH\Controllers\Home.php(15): view('contents/home-page/template-1/main/sections/slide-news')
 7 SYSTEMPATH\CodeIgniter.php(934): App\Controllers\Home->index()
 8 SYSTEMPATH\CodeIgniter.php(499): CodeIgniter\CodeIgniter->runController(Object(App\Controllers\Home))
 9 SYSTEMPATH\CodeIgniter.php(368): CodeIgniter\CodeIgniter->handleRequest(null, Object(Config\Cache), false)
10 FCPATH\index.php(67): CodeIgniter\CodeIgniter->run()
CRITICAL - 2023-08-11 19:15:10 --> Undefined array key 3
in APPPATH\Views\contents\home-page\template-1\main\sections\hero-slides\slide-news.php on line 16.
 1 APPPATH\Views\contents\home-page\template-1\main\sections\hero-slides\slide-news.php(16): CodeIgniter\Debug\Exceptions->errorHandler(2, 'Undefined array key 3', 'C:\\xampp\\htdocs\\RPPS\\app\\Views\\contents\\home-page\\template-1\\main\\sections\\hero-slides\\slide-news.php', 16)
 2 SYSTEMPATH\View\View.php(213): include('C:\\xampp\\htdocs\\RPPS\\app\\Views\\contents\\home-page\\template-1\\main\\sections\\hero-slides\\slide-news.php')
 3 SYSTEMPATH\View\View.php(216): CodeIgniter\View\View->CodeIgniter\View\{closure}()
 4 SYSTEMPATH\Common.php(1184): CodeIgniter\View\View->render('contents/home-page/template-1/main/sections/hero-slides/slide-news', [], true)
 5 APPPATH\Controllers\Home.php(15): view('contents/home-page/template-1/main/sections/hero-slides/slide-news')
 6 SYSTEMPATH\CodeIgniter.php(934): App\Controllers\Home->index()
 7 SYSTEMPATH\CodeIgniter.php(499): CodeIgniter\CodeIgniter->runController(Object(App\Controllers\Home))
 8 SYSTEMPATH\CodeIgniter.php(368): CodeIgniter\CodeIgniter->handleRequest(null, Object(Config\Cache), false)
 9 FCPATH\index.php(67): CodeIgniter\CodeIgniter->run()
CRITICAL - 2023-08-11 19:28:26 --> Undefined array key 3
in APPPATH\Views\contents\home-page\template-1\main\sections\hero-slides\slide-news.php on line 46.
 1 APPPATH\Views\contents\home-page\template-1\main\sections\hero-slides\slide-news.php(46): CodeIgniter\Debug\Exceptions->errorHandler(2, 'Undefined array key 3', 'C:\\xampp\\htdocs\\RPPS\\app\\Views\\contents\\home-page\\template-1\\main\\sections\\hero-slides\\slide-news.php', 46)
 2 SYSTEMPATH\View\View.php(213): include('C:\\xampp\\htdocs\\RPPS\\app\\Views\\contents\\home-page\\template-1\\main\\sections\\hero-slides\\slide-news.php')
 3 SYSTEMPATH\View\View.php(216): CodeIgniter\View\View->CodeIgniter\View\{closure}()
 4 SYSTEMPATH\Common.php(1184): CodeIgniter\View\View->render('contents/home-page/template-1/main/sections/hero-slides/slide-news', [], true)
 5 APPPATH\Controllers\Home.php(15): view('contents/home-page/template-1/main/sections/hero-slides/slide-news')
 6 SYSTEMPATH\CodeIgniter.php(934): App\Controllers\Home->index()
 7 SYSTEMPATH\CodeIgniter.php(499): CodeIgniter\CodeIgniter->runController(Object(App\Controllers\Home))
 8 SYSTEMPATH\CodeIgniter.php(368): CodeIgniter\CodeIgniter->handleRequest(null, Object(Config\Cache), false)
 9 FCPATH\index.php(67): CodeIgniter\CodeIgniter->run()
CRITICAL - 2023-08-11 19:50:03 --> Trying to access array offset on value of type int
in APPPATH\Views\contents\home-page\template-1\main\sections\hero-slides\slide-news.php on line 42.
 1 APPPATH\Views\contents\home-page\template-1\main\sections\hero-slides\slide-news.php(42): CodeIgniter\Debug\Exceptions->errorHandler(2, 'Trying to access array offset on value of type int', 'C:\\xampp\\htdocs\\RPPS\\app\\Views\\contents\\home-page\\template-1\\main\\sections\\hero-slides\\slide-news.php', 42)
 2 SYSTEMPATH\View\View.php(213): include('C:\\xampp\\htdocs\\RPPS\\app\\Views\\contents\\home-page\\template-1\\main\\sections\\hero-slides\\slide-news.php')
 3 SYSTEMPATH\View\View.php(216): CodeIgniter\View\View->CodeIgniter\View\{closure}()
 4 SYSTEMPATH\Common.php(1184): CodeIgniter\View\View->render('contents/home-page/template-1/main/sections/hero-slides/slide-news', [], true)
 5 APPPATH\Controllers\Home.php(15): view('contents/home-page/template-1/main/sections/hero-slides/slide-news')
 6 SYSTEMPATH\CodeIgniter.php(934): App\Controllers\Home->index()
 7 SYSTEMPATH\CodeIgniter.php(499): CodeIgniter\CodeIgniter->runController(Object(App\Controllers\Home))
 8 SYSTEMPATH\CodeIgniter.php(368): CodeIgniter\CodeIgniter->handleRequest(null, Object(Config\Cache), false)
 9 FCPATH\index.php(67): CodeIgniter\CodeIgniter->run()
CRITICAL - 2023-08-11 20:13:55 --> Trying to access array offset on value of type int
in APPPATH\Views\contents\home-page\template-1\main\sections\hero-slides\slide-news.php on line 42.
 1 APPPATH\Views\contents\home-page\template-1\main\sections\hero-slides\slide-news.php(42): CodeIgniter\Debug\Exceptions->errorHandler(2, 'Trying to access array offset on value of type int', 'C:\\xampp\\htdocs\\RPPS\\app\\Views\\contents\\home-page\\template-1\\main\\sections\\hero-slides\\slide-news.php', 42)
 2 SYSTEMPATH\View\View.php(213): include('C:\\xampp\\htdocs\\RPPS\\app\\Views\\contents\\home-page\\template-1\\main\\sections\\hero-slides\\slide-news.php')
 3 SYSTEMPATH\View\View.php(216): CodeIgniter\View\View->CodeIgniter\View\{closure}()
 4 SYSTEMPATH\Common.php(1184): CodeIgniter\View\View->render('contents/home-page/template-1/main/sections/hero-slides/slide-news', [], true)
 5 APPPATH\Controllers\Home.php(15): view('contents/home-page/template-1/main/sections/hero-slides/slide-news')
 6 SYSTEMPATH\CodeIgniter.php(934): App\Controllers\Home->index()
 7 SYSTEMPATH\CodeIgniter.php(499): CodeIgniter\CodeIgniter->runController(Object(App\Controllers\Home))
 8 SYSTEMPATH\CodeIgniter.php(368): CodeIgniter\CodeIgniter->handleRequest(null, Object(Config\Cache), false)
 9 FCPATH\index.php(67): CodeIgniter\CodeIgniter->run()
CRITICAL - 2023-08-11 20:18:00 --> Trying to access array offset on value of type int
in APPPATH\Views\contents\home-page\template-1\main\sections\hero-slides\slide-news.php on line 48.
 1 APPPATH\Views\contents\home-page\template-1\main\sections\hero-slides\slide-news.php(48): CodeIgniter\Debug\Exceptions->errorHandler(2, 'Trying to access array offset on value of type int', 'C:\\xampp\\htdocs\\RPPS\\app\\Views\\contents\\home-page\\template-1\\main\\sections\\hero-slides\\slide-news.php', 48)
 2 SYSTEMPATH\View\View.php(213): include('C:\\xampp\\htdocs\\RPPS\\app\\Views\\contents\\home-page\\template-1\\main\\sections\\hero-slides\\slide-news.php')
 3 SYSTEMPATH\View\View.php(216): CodeIgniter\View\View->CodeIgniter\View\{closure}()
 4 SYSTEMPATH\Common.php(1184): CodeIgniter\View\View->render('contents/home-page/template-1/main/sections/hero-slides/slide-news', [], true)
 5 APPPATH\Controllers\Home.php(15): view('contents/home-page/template-1/main/sections/hero-slides/slide-news')
 6 SYSTEMPATH\CodeIgniter.php(934): App\Controllers\Home->index()
 7 SYSTEMPATH\CodeIgniter.php(499): CodeIgniter\CodeIgniter->runController(Object(App\Controllers\Home))
 8 SYSTEMPATH\CodeIgniter.php(368): CodeIgniter\CodeIgniter->handleRequest(null, Object(Config\Cache), false)
 9 FCPATH\index.php(67): CodeIgniter\CodeIgniter->run()
CRITICAL - 2023-08-11 21:00:32 --> count(): Argument #1 ($value) must be of type Countable|array, int given
in APPPATH\Views\contents\home-page\template-1\main\sections\hero-slides\slide-news.php on line 50.
 1 SYSTEMPATH\View\View.php(213): include()
 2 SYSTEMPATH\View\View.php(216): CodeIgniter\View\View->CodeIgniter\View\{closure}()
 3 SYSTEMPATH\Common.php(1184): CodeIgniter\View\View->render('contents/home-page/template-1/main/sections/hero-slides/slide-news', [], true)
 4 APPPATH\Controllers\Home.php(15): view('contents/home-page/template-1/main/sections/hero-slides/slide-news')
 5 SYSTEMPATH\CodeIgniter.php(934): App\Controllers\Home->index()
 6 SYSTEMPATH\CodeIgniter.php(499): CodeIgniter\CodeIgniter->runController(Object(App\Controllers\Home))
 7 SYSTEMPATH\CodeIgniter.php(368): CodeIgniter\CodeIgniter->handleRequest(null, Object(Config\Cache), false)
 8 FCPATH\index.php(67): CodeIgniter\CodeIgniter->run()
CRITICAL - 2023-08-11 21:04:08 --> count(): Argument #1 ($value) must be of type Countable|array, int given
in APPPATH\Views\contents\home-page\template-1\main\sections\hero-slides\slide-news.php on line 48.
 1 SYSTEMPATH\View\View.php(213): include()
 2 SYSTEMPATH\View\View.php(216): CodeIgniter\View\View->CodeIgniter\View\{closure}()
 3 SYSTEMPATH\Common.php(1184): CodeIgniter\View\View->render('contents/home-page/template-1/main/sections/hero-slides/slide-news', [], true)
 4 APPPATH\Controllers\Home.php(15): view('contents/home-page/template-1/main/sections/hero-slides/slide-news')
 5 SYSTEMPATH\CodeIgniter.php(934): App\Controllers\Home->index()
 6 SYSTEMPATH\CodeIgniter.php(499): CodeIgniter\CodeIgniter->runController(Object(App\Controllers\Home))
 7 SYSTEMPATH\CodeIgniter.php(368): CodeIgniter\CodeIgniter->handleRequest(null, Object(Config\Cache), false)
 8 FCPATH\index.php(67): CodeIgniter\CodeIgniter->run()
CRITICAL - 2023-08-11 21:11:34 --> count(): Argument #1 ($value) must be of type Countable|array, int given
in APPPATH\Views\contents\home-page\template-1\main\sections\hero-slides\slide-news.php on line 48.
 1 SYSTEMPATH\View\View.php(213): include()
 2 SYSTEMPATH\View\View.php(216): CodeIgniter\View\View->CodeIgniter\View\{closure}()
 3 SYSTEMPATH\Common.php(1184): CodeIgniter\View\View->render('contents/home-page/template-1/main/sections/hero-slides/slide-news', [], true)
 4 APPPATH\Controllers\Home.php(15): view('contents/home-page/template-1/main/sections/hero-slides/slide-news')
 5 SYSTEMPATH\CodeIgniter.php(934): App\Controllers\Home->index()
 6 SYSTEMPATH\CodeIgniter.php(499): CodeIgniter\CodeIgniter->runController(Object(App\Controllers\Home))
 7 SYSTEMPATH\CodeIgniter.php(368): CodeIgniter\CodeIgniter->handleRequest(null, Object(Config\Cache), false)
 8 FCPATH\index.php(67): CodeIgniter\CodeIgniter->run()
CRITICAL - 2023-08-11 21:11:41 --> count(): Argument #1 ($value) must be of type Countable|array, int given
in APPPATH\Views\contents\home-page\template-1\main\sections\hero-slides\slide-news.php on line 48.
 1 SYSTEMPATH\View\View.php(213): include()
 2 SYSTEMPATH\View\View.php(216): CodeIgniter\View\View->CodeIgniter\View\{closure}()
 3 SYSTEMPATH\Common.php(1184): CodeIgniter\View\View->render('contents/home-page/template-1/main/sections/hero-slides/slide-news', [], true)
 4 APPPATH\Controllers\Home.php(15): view('contents/home-page/template-1/main/sections/hero-slides/slide-news')
 5 SYSTEMPATH\CodeIgniter.php(934): App\Controllers\Home->index()
 6 SYSTEMPATH\CodeIgniter.php(499): CodeIgniter\CodeIgniter->runController(Object(App\Controllers\Home))
 7 SYSTEMPATH\CodeIgniter.php(368): CodeIgniter\CodeIgniter->handleRequest(null, Object(Config\Cache), false)
 8 FCPATH\index.php(67): CodeIgniter\CodeIgniter->run()
CRITICAL - 2023-08-11 21:11:54 --> count(): Argument #1 ($value) must be of type Countable|array, int given
in APPPATH\Views\contents\home-page\template-1\main\sections\hero-slides\slide-news.php on line 48.
 1 SYSTEMPATH\View\View.php(213): include()
 2 SYSTEMPATH\View\View.php(216): CodeIgniter\View\View->CodeIgniter\View\{closure}()
 3 SYSTEMPATH\Common.php(1184): CodeIgniter\View\View->render('contents/home-page/template-1/main/sections/hero-slides/slide-news', [], true)
 4 APPPATH\Controllers\Home.php(15): view('contents/home-page/template-1/main/sections/hero-slides/slide-news')
 5 SYSTEMPATH\CodeIgniter.php(934): App\Controllers\Home->index()
 6 SYSTEMPATH\CodeIgniter.php(499): CodeIgniter\CodeIgniter->runController(Object(App\Controllers\Home))
 7 SYSTEMPATH\CodeIgniter.php(368): CodeIgniter\CodeIgniter->handleRequest(null, Object(Config\Cache), false)
 8 FCPATH\index.php(67): CodeIgniter\CodeIgniter->run()
