INFO - 2024-02-07 13:39:06 --> Session: Class initialized using 'CodeIgniter\Session\Handlers\FileHandler' driver.
ERROR - 2024-02-07 13:39:06 --> mysqli_sql_exception: Column 'id_instituto' cannot be null in C:\xampp\htdocs\RPPS\system\Database\MySQLi\Connection.php:295
Stack trace:
#0 C:\xampp\htdocs\RPPS\system\Database\MySQLi\Connection.php(295): mysqli->query('INSERT INTO pos...', 0)
#1 C:\xampp\htdocs\RPPS\system\Database\BaseConnection.php(692): CodeIgniter\Database\MySQLi\Connection->execute('INSERT INTO pos...')
#2 C:\xampp\htdocs\RPPS\system\Database\BaseConnection.php(606): CodeIgniter\Database\BaseConnection->simpleQuery('INSERT INTO pos...')
#3 C:\xampp\htdocs\RPPS\app\Models\AjaxModel\AjaxPostModel.php(62): CodeIgniter\Database\BaseConnection->query('INSERT INTO pos...', Array)
#4 C:\xampp\htdocs\RPPS\app\Controllers\Ajax\AjaxPosts.php(56): App\Models\AjaxModel\AjaxPostModel->insertPost(Array)
#5 C:\xampp\htdocs\RPPS\system\CodeIgniter.php(934): App\Controllers\Ajax\AjaxPosts->insertPost()
#6 C:\xampp\htdocs\RPPS\system\CodeIgniter.php(499): CodeIgniter\CodeIgniter->runController(Object(App\Controllers\Ajax\AjaxPosts))
#7 C:\xampp\htdocs\RPPS\system\CodeIgniter.php(368): CodeIgniter\CodeIgniter->handleRequest(NULL, Object(Config\Cache), false)
#8 C:\xampp\htdocs\RPPS\public\index.php(67): CodeIgniter\CodeIgniter->run()
#9 {main}
CRITICAL - 2024-02-07 13:39:07 --> Column 'id_instituto' cannot be null
in SYSTEMPATH\Database\MySQLi\Connection.php on line 295.
 1 SYSTEMPATH\Database\MySQLi\Connection.php(295): mysqli->query('INSERT INTO posts VALUES( 0, NULL, \'0\', \'2024-2-07 13:39:06\', \'TESTE\', \'um teste\', NULL, 0, NULL, \'<p style=\\"text-align: center;\\"><strong>aaaaaaaaa<em>aaaaaaaaaaaaaa<span style=\\"text-decoration: underline;\\">aaaaaaaaaaaaa<s>aaaaaaaaaaaaaaaaaaaa</s></span></em></strong></p>\', \'<p><strong>uma citação para tes</strong>tar o pluggin de edição de texto</p>\', NULL, NULL, 0)', 0)
 2 SYSTEMPATH\Database\BaseConnection.php(692): CodeIgniter\Database\MySQLi\Connection->execute('INSERT INTO posts VALUES( 0, NULL, \'0\', \'2024-2-07 13:39:06\', \'TESTE\', \'um teste\', NULL, 0, NULL, \'<p style=\\"text-align: center;\\"><strong>aaaaaaaaa<em>aaaaaaaaaaaaaa<span style=\\"text-decoration: underline;\\">aaaaaaaaaaaaa<s>aaaaaaaaaaaaaaaaaaaa</s></span></em></strong></p>\', \'<p><strong>uma citação para tes</strong>tar o pluggin de edição de texto</p>\', NULL, NULL, 0)')
 3 SYSTEMPATH\Database\BaseConnection.php(606): CodeIgniter\Database\BaseConnection->simpleQuery('INSERT INTO posts VALUES( 0, NULL, \'0\', \'2024-2-07 13:39:06\', \'TESTE\', \'um teste\', NULL, 0, NULL, \'<p style=\\"text-align: center;\\"><strong>aaaaaaaaa<em>aaaaaaaaaaaaaa<span style=\\"text-decoration: underline;\\">aaaaaaaaaaaaa<s>aaaaaaaaaaaaaaaaaaaa</s></span></em></strong></p>\', \'<p><strong>uma citação para tes</strong>tar o pluggin de edição de texto</p>\', NULL, NULL, 0)')
 4 APPPATH\Models\AjaxModel\AjaxPostModel.php(62): CodeIgniter\Database\BaseConnection->query('INSERT INTO posts VALUES( 0, :institute:, :category:, :date:, :title:, :description:, :img:, 0, :carousel_media:, :main_content:, :quote:, :featured_video:, :pdf:, 0)', [...])
 5 APPPATH\Controllers\Ajax\AjaxPosts.php(56): App\Models\AjaxModel\AjaxPostModel->insertPost([...])
 6 SYSTEMPATH\CodeIgniter.php(934): App\Controllers\Ajax\AjaxPosts->insertPost()
 7 SYSTEMPATH\CodeIgniter.php(499): CodeIgniter\CodeIgniter->runController(Object(App\Controllers\Ajax\AjaxPosts))
 8 SYSTEMPATH\CodeIgniter.php(368): CodeIgniter\CodeIgniter->handleRequest(null, Object(Config\Cache), false)
 9 FCPATH\index.php(67): CodeIgniter\CodeIgniter->run()
INFO - 2024-02-07 13:39:30 --> Session: Class initialized using 'CodeIgniter\Session\Handlers\FileHandler' driver.
ERROR - 2024-02-07 13:39:30 --> mysqli_sql_exception: Column 'id_instituto' cannot be null in C:\xampp\htdocs\RPPS\system\Database\MySQLi\Connection.php:295
Stack trace:
#0 C:\xampp\htdocs\RPPS\system\Database\MySQLi\Connection.php(295): mysqli->query('INSERT INTO pos...', 0)
#1 C:\xampp\htdocs\RPPS\system\Database\BaseConnection.php(692): CodeIgniter\Database\MySQLi\Connection->execute('INSERT INTO pos...')
#2 C:\xampp\htdocs\RPPS\system\Database\BaseConnection.php(606): CodeIgniter\Database\BaseConnection->simpleQuery('INSERT INTO pos...')
#3 C:\xampp\htdocs\RPPS\app\Models\AjaxModel\AjaxPostModel.php(62): CodeIgniter\Database\BaseConnection->query('INSERT INTO pos...', Array)
#4 C:\xampp\htdocs\RPPS\app\Controllers\Ajax\AjaxPosts.php(56): App\Models\AjaxModel\AjaxPostModel->insertPost(Array)
#5 C:\xampp\htdocs\RPPS\system\CodeIgniter.php(934): App\Controllers\Ajax\AjaxPosts->insertPost()
#6 C:\xampp\htdocs\RPPS\system\CodeIgniter.php(499): CodeIgniter\CodeIgniter->runController(Object(App\Controllers\Ajax\AjaxPosts))
#7 C:\xampp\htdocs\RPPS\system\CodeIgniter.php(368): CodeIgniter\CodeIgniter->handleRequest(NULL, Object(Config\Cache), false)
#8 C:\xampp\htdocs\RPPS\public\index.php(67): CodeIgniter\CodeIgniter->run()
#9 {main}
CRITICAL - 2024-02-07 13:39:30 --> Column 'id_instituto' cannot be null
in SYSTEMPATH\Database\MySQLi\Connection.php on line 295.
 1 SYSTEMPATH\Database\MySQLi\Connection.php(295): mysqli->query('INSERT INTO posts VALUES( 0, NULL, \'0\', \'2024-2-07 13:39:30\', \'TESTE\', \'um teste\', NULL, 0, NULL, \'<p style=\\"text-align: center;\\"><strong>aaaaaaaaa<em>aaaaaaaaaaaaaa<span style=\\"text-decoration: underline;\\">aaaaaaaaaaaaa<s>aaaaaaaaaaaaaaaaaaaa</s></span></em></strong></p>\', \'<p><strong>uma citação para tes</strong>tar o pluggin de edição de texto</p>\', NULL, NULL, 0)', 0)
 2 SYSTEMPATH\Database\BaseConnection.php(692): CodeIgniter\Database\MySQLi\Connection->execute('INSERT INTO posts VALUES( 0, NULL, \'0\', \'2024-2-07 13:39:30\', \'TESTE\', \'um teste\', NULL, 0, NULL, \'<p style=\\"text-align: center;\\"><strong>aaaaaaaaa<em>aaaaaaaaaaaaaa<span style=\\"text-decoration: underline;\\">aaaaaaaaaaaaa<s>aaaaaaaaaaaaaaaaaaaa</s></span></em></strong></p>\', \'<p><strong>uma citação para tes</strong>tar o pluggin de edição de texto</p>\', NULL, NULL, 0)')
 3 SYSTEMPATH\Database\BaseConnection.php(606): CodeIgniter\Database\BaseConnection->simpleQuery('INSERT INTO posts VALUES( 0, NULL, \'0\', \'2024-2-07 13:39:30\', \'TESTE\', \'um teste\', NULL, 0, NULL, \'<p style=\\"text-align: center;\\"><strong>aaaaaaaaa<em>aaaaaaaaaaaaaa<span style=\\"text-decoration: underline;\\">aaaaaaaaaaaaa<s>aaaaaaaaaaaaaaaaaaaa</s></span></em></strong></p>\', \'<p><strong>uma citação para tes</strong>tar o pluggin de edição de texto</p>\', NULL, NULL, 0)')
 4 APPPATH\Models\AjaxModel\AjaxPostModel.php(62): CodeIgniter\Database\BaseConnection->query('INSERT INTO posts VALUES( 0, :institute:, :category:, :date:, :title:, :description:, :img:, 0, :carousel_media:, :main_content:, :quote:, :featured_video:, :pdf:, 0)', [...])
 5 APPPATH\Controllers\Ajax\AjaxPosts.php(56): App\Models\AjaxModel\AjaxPostModel->insertPost([...])
 6 SYSTEMPATH\CodeIgniter.php(934): App\Controllers\Ajax\AjaxPosts->insertPost()
 7 SYSTEMPATH\CodeIgniter.php(499): CodeIgniter\CodeIgniter->runController(Object(App\Controllers\Ajax\AjaxPosts))
 8 SYSTEMPATH\CodeIgniter.php(368): CodeIgniter\CodeIgniter->handleRequest(null, Object(Config\Cache), false)
 9 FCPATH\index.php(67): CodeIgniter\CodeIgniter->run()
INFO - 2024-02-07 13:42:22 --> Session: Class initialized using 'CodeIgniter\Session\Handlers\FileHandler' driver.
ERROR - 2024-02-07 13:42:22 --> mysqli_sql_exception: Column 'id_instituto' cannot be null in C:\xampp\htdocs\RPPS\system\Database\MySQLi\Connection.php:295
Stack trace:
#0 C:\xampp\htdocs\RPPS\system\Database\MySQLi\Connection.php(295): mysqli->query('INSERT INTO pos...', 0)
#1 C:\xampp\htdocs\RPPS\system\Database\BaseConnection.php(692): CodeIgniter\Database\MySQLi\Connection->execute('INSERT INTO pos...')
#2 C:\xampp\htdocs\RPPS\system\Database\BaseConnection.php(606): CodeIgniter\Database\BaseConnection->simpleQuery('INSERT INTO pos...')
#3 C:\xampp\htdocs\RPPS\app\Models\AjaxModel\AjaxPostModel.php(62): CodeIgniter\Database\BaseConnection->query('INSERT INTO pos...', Array)
#4 C:\xampp\htdocs\RPPS\app\Controllers\Ajax\AjaxPosts.php(56): App\Models\AjaxModel\AjaxPostModel->insertPost(Array)
#5 C:\xampp\htdocs\RPPS\system\CodeIgniter.php(934): App\Controllers\Ajax\AjaxPosts->insertPost()
#6 C:\xampp\htdocs\RPPS\system\CodeIgniter.php(499): CodeIgniter\CodeIgniter->runController(Object(App\Controllers\Ajax\AjaxPosts))
#7 C:\xampp\htdocs\RPPS\system\CodeIgniter.php(368): CodeIgniter\CodeIgniter->handleRequest(NULL, Object(Config\Cache), false)
#8 C:\xampp\htdocs\RPPS\public\index.php(67): CodeIgniter\CodeIgniter->run()
#9 {main}
CRITICAL - 2024-02-07 13:42:22 --> Column 'id_instituto' cannot be null
in SYSTEMPATH\Database\MySQLi\Connection.php on line 295.
 1 SYSTEMPATH\Database\MySQLi\Connection.php(295): mysqli->query('INSERT INTO posts VALUES( 0, NULL, \'0\', \'2024-2-07 13:42:22\', \'aaaaaaaaaa\', \'aaaaaaaaaa\', NULL, 0, NULL, \'<p>AAAAAAAAAAAAAAAAAa<strong>AAAAAAAAAa<em>AAAAAAAAAAAAAa<span style=\\"text-decoration: underline;\\">AAAAAAAAAAAAa<s>AAAAAAAAAAAAAAAa</s></span></em></strong></p>\', \'<p><strong>uma citação para tes</strong>tar o pluggin de edição de texto</p>\', NULL, NULL, 0)', 0)
 2 SYSTEMPATH\Database\BaseConnection.php(692): CodeIgniter\Database\MySQLi\Connection->execute('INSERT INTO posts VALUES( 0, NULL, \'0\', \'2024-2-07 13:42:22\', \'aaaaaaaaaa\', \'aaaaaaaaaa\', NULL, 0, NULL, \'<p>AAAAAAAAAAAAAAAAAa<strong>AAAAAAAAAa<em>AAAAAAAAAAAAAa<span style=\\"text-decoration: underline;\\">AAAAAAAAAAAAa<s>AAAAAAAAAAAAAAAa</s></span></em></strong></p>\', \'<p><strong>uma citação para tes</strong>tar o pluggin de edição de texto</p>\', NULL, NULL, 0)')
 3 SYSTEMPATH\Database\BaseConnection.php(606): CodeIgniter\Database\BaseConnection->simpleQuery('INSERT INTO posts VALUES( 0, NULL, \'0\', \'2024-2-07 13:42:22\', \'aaaaaaaaaa\', \'aaaaaaaaaa\', NULL, 0, NULL, \'<p>AAAAAAAAAAAAAAAAAa<strong>AAAAAAAAAa<em>AAAAAAAAAAAAAa<span style=\\"text-decoration: underline;\\">AAAAAAAAAAAAa<s>AAAAAAAAAAAAAAAa</s></span></em></strong></p>\', \'<p><strong>uma citação para tes</strong>tar o pluggin de edição de texto</p>\', NULL, NULL, 0)')
 4 APPPATH\Models\AjaxModel\AjaxPostModel.php(62): CodeIgniter\Database\BaseConnection->query('INSERT INTO posts VALUES( 0, :institute:, :category:, :date:, :title:, :description:, :img:, 0, :carousel_media:, :main_content:, :quote:, :featured_video:, :pdf:, 0)', [...])
 5 APPPATH\Controllers\Ajax\AjaxPosts.php(56): App\Models\AjaxModel\AjaxPostModel->insertPost([...])
 6 SYSTEMPATH\CodeIgniter.php(934): App\Controllers\Ajax\AjaxPosts->insertPost()
 7 SYSTEMPATH\CodeIgniter.php(499): CodeIgniter\CodeIgniter->runController(Object(App\Controllers\Ajax\AjaxPosts))
 8 SYSTEMPATH\CodeIgniter.php(368): CodeIgniter\CodeIgniter->handleRequest(null, Object(Config\Cache), false)
 9 FCPATH\index.php(67): CodeIgniter\CodeIgniter->run()
INFO - 2024-02-07 13:48:15 --> Session: Class initialized using 'CodeIgniter\Session\Handlers\FileHandler' driver.
ERROR - 2024-02-07 13:48:15 --> mysqli_sql_exception: Column 'id_instituto' cannot be null in C:\xampp\htdocs\RPPS\system\Database\MySQLi\Connection.php:295
Stack trace:
#0 C:\xampp\htdocs\RPPS\system\Database\MySQLi\Connection.php(295): mysqli->query('INSERT INTO pos...', 0)
#1 C:\xampp\htdocs\RPPS\system\Database\BaseConnection.php(692): CodeIgniter\Database\MySQLi\Connection->execute('INSERT INTO pos...')
#2 C:\xampp\htdocs\RPPS\system\Database\BaseConnection.php(606): CodeIgniter\Database\BaseConnection->simpleQuery('INSERT INTO pos...')
#3 C:\xampp\htdocs\RPPS\app\Models\AjaxModel\AjaxPostModel.php(62): CodeIgniter\Database\BaseConnection->query('INSERT INTO pos...', Array)
#4 C:\xampp\htdocs\RPPS\app\Controllers\Ajax\AjaxPosts.php(56): App\Models\AjaxModel\AjaxPostModel->insertPost(Array)
#5 C:\xampp\htdocs\RPPS\system\CodeIgniter.php(934): App\Controllers\Ajax\AjaxPosts->insertPost()
#6 C:\xampp\htdocs\RPPS\system\CodeIgniter.php(499): CodeIgniter\CodeIgniter->runController(Object(App\Controllers\Ajax\AjaxPosts))
#7 C:\xampp\htdocs\RPPS\system\CodeIgniter.php(368): CodeIgniter\CodeIgniter->handleRequest(NULL, Object(Config\Cache), false)
#8 C:\xampp\htdocs\RPPS\public\index.php(67): CodeIgniter\CodeIgniter->run()
#9 {main}
CRITICAL - 2024-02-07 13:48:15 --> Column 'id_instituto' cannot be null
in SYSTEMPATH\Database\MySQLi\Connection.php on line 295.
 1 SYSTEMPATH\Database\MySQLi\Connection.php(295): mysqli->query('INSERT INTO posts VALUES( 0, NULL, \'0\', \'2024-2-07 13:48:15\', \'aaaaaa\', \'aaaaaaaaaa\', NULL, 0, NULL, NULL, \'<p>aaaa<strong>aaaaa</strong>aaaaaaaaaaaaaaaaa<strong>aaaaaaaaaaaaaaaaaaaaaaaaaaaaaaaaaaaaaaaaaaaaaaaaaaaaaaaaaaaaa</strong></p>\', NULL, NULL, 0)', 0)
 2 SYSTEMPATH\Database\BaseConnection.php(692): CodeIgniter\Database\MySQLi\Connection->execute('INSERT INTO posts VALUES( 0, NULL, \'0\', \'2024-2-07 13:48:15\', \'aaaaaa\', \'aaaaaaaaaa\', NULL, 0, NULL, NULL, \'<p>aaaa<strong>aaaaa</strong>aaaaaaaaaaaaaaaaa<strong>aaaaaaaaaaaaaaaaaaaaaaaaaaaaaaaaaaaaaaaaaaaaaaaaaaaaaaaaaaaaa</strong></p>\', NULL, NULL, 0)')
 3 SYSTEMPATH\Database\BaseConnection.php(606): CodeIgniter\Database\BaseConnection->simpleQuery('INSERT INTO posts VALUES( 0, NULL, \'0\', \'2024-2-07 13:48:15\', \'aaaaaa\', \'aaaaaaaaaa\', NULL, 0, NULL, NULL, \'<p>aaaa<strong>aaaaa</strong>aaaaaaaaaaaaaaaaa<strong>aaaaaaaaaaaaaaaaaaaaaaaaaaaaaaaaaaaaaaaaaaaaaaaaaaaaaaaaaaaaa</strong></p>\', NULL, NULL, 0)')
 4 APPPATH\Models\AjaxModel\AjaxPostModel.php(62): CodeIgniter\Database\BaseConnection->query('INSERT INTO posts VALUES( 0, :institute:, :category:, :date:, :title:, :description:, :img:, 0, :carousel_media:, :main_content:, :quote:, :featured_video:, :pdf:, 0)', [...])
 5 APPPATH\Controllers\Ajax\AjaxPosts.php(56): App\Models\AjaxModel\AjaxPostModel->insertPost([...])
 6 SYSTEMPATH\CodeIgniter.php(934): App\Controllers\Ajax\AjaxPosts->insertPost()
 7 SYSTEMPATH\CodeIgniter.php(499): CodeIgniter\CodeIgniter->runController(Object(App\Controllers\Ajax\AjaxPosts))
 8 SYSTEMPATH\CodeIgniter.php(368): CodeIgniter\CodeIgniter->handleRequest(null, Object(Config\Cache), false)
 9 FCPATH\index.php(67): CodeIgniter\CodeIgniter->run()
INFO - 2024-02-07 13:48:30 --> Session: Class initialized using 'CodeIgniter\Session\Handlers\FileHandler' driver.
ERROR - 2024-02-07 13:48:30 --> mysqli_sql_exception: Column 'id_instituto' cannot be null in C:\xampp\htdocs\RPPS\system\Database\MySQLi\Connection.php:295
Stack trace:
#0 C:\xampp\htdocs\RPPS\system\Database\MySQLi\Connection.php(295): mysqli->query('INSERT INTO pos...', 0)
#1 C:\xampp\htdocs\RPPS\system\Database\BaseConnection.php(692): CodeIgniter\Database\MySQLi\Connection->execute('INSERT INTO pos...')
#2 C:\xampp\htdocs\RPPS\system\Database\BaseConnection.php(606): CodeIgniter\Database\BaseConnection->simpleQuery('INSERT INTO pos...')
#3 C:\xampp\htdocs\RPPS\app\Models\AjaxModel\AjaxPostModel.php(62): CodeIgniter\Database\BaseConnection->query('INSERT INTO pos...', Array)
#4 C:\xampp\htdocs\RPPS\app\Controllers\Ajax\AjaxPosts.php(56): App\Models\AjaxModel\AjaxPostModel->insertPost(Array)
#5 C:\xampp\htdocs\RPPS\system\CodeIgniter.php(934): App\Controllers\Ajax\AjaxPosts->insertPost()
#6 C:\xampp\htdocs\RPPS\system\CodeIgniter.php(499): CodeIgniter\CodeIgniter->runController(Object(App\Controllers\Ajax\AjaxPosts))
#7 C:\xampp\htdocs\RPPS\system\CodeIgniter.php(368): CodeIgniter\CodeIgniter->handleRequest(NULL, Object(Config\Cache), false)
#8 C:\xampp\htdocs\RPPS\public\index.php(67): CodeIgniter\CodeIgniter->run()
#9 {main}
CRITICAL - 2024-02-07 13:48:30 --> Column 'id_instituto' cannot be null
in SYSTEMPATH\Database\MySQLi\Connection.php on line 295.
 1 SYSTEMPATH\Database\MySQLi\Connection.php(295): mysqli->query('INSERT INTO posts VALUES( 0, NULL, \'0\', \'2024-2-07 13:48:30\', \'aaaaaa\', \'aaaaaaaaaa\', \'f7acb86b7c_2024_2_48.png\', 0, NULL, NULL, \'<p>aaaa<strong>aaaaa</strong>aaaaaaaaaaaaaaaaa<strong>aaaaaaaaaaaaaaaaaaaaaaaaaaaaaaaaaaaaaaaaaaaaaaaaaaaaaaaaaaaaa</strong></p>\', NULL, NULL, 0)', 0)
 2 SYSTEMPATH\Database\BaseConnection.php(692): CodeIgniter\Database\MySQLi\Connection->execute('INSERT INTO posts VALUES( 0, NULL, \'0\', \'2024-2-07 13:48:30\', \'aaaaaa\', \'aaaaaaaaaa\', \'f7acb86b7c_2024_2_48.png\', 0, NULL, NULL, \'<p>aaaa<strong>aaaaa</strong>aaaaaaaaaaaaaaaaa<strong>aaaaaaaaaaaaaaaaaaaaaaaaaaaaaaaaaaaaaaaaaaaaaaaaaaaaaaaaaaaaa</strong></p>\', NULL, NULL, 0)')
 3 SYSTEMPATH\Database\BaseConnection.php(606): CodeIgniter\Database\BaseConnection->simpleQuery('INSERT INTO posts VALUES( 0, NULL, \'0\', \'2024-2-07 13:48:30\', \'aaaaaa\', \'aaaaaaaaaa\', \'f7acb86b7c_2024_2_48.png\', 0, NULL, NULL, \'<p>aaaa<strong>aaaaa</strong>aaaaaaaaaaaaaaaaa<strong>aaaaaaaaaaaaaaaaaaaaaaaaaaaaaaaaaaaaaaaaaaaaaaaaaaaaaaaaaaaaa</strong></p>\', NULL, NULL, 0)')
 4 APPPATH\Models\AjaxModel\AjaxPostModel.php(62): CodeIgniter\Database\BaseConnection->query('INSERT INTO posts VALUES( 0, :institute:, :category:, :date:, :title:, :description:, :img:, 0, :carousel_media:, :main_content:, :quote:, :featured_video:, :pdf:, 0)', [...])
 5 APPPATH\Controllers\Ajax\AjaxPosts.php(56): App\Models\AjaxModel\AjaxPostModel->insertPost([...])
 6 SYSTEMPATH\CodeIgniter.php(934): App\Controllers\Ajax\AjaxPosts->insertPost()
 7 SYSTEMPATH\CodeIgniter.php(499): CodeIgniter\CodeIgniter->runController(Object(App\Controllers\Ajax\AjaxPosts))
 8 SYSTEMPATH\CodeIgniter.php(368): CodeIgniter\CodeIgniter->handleRequest(null, Object(Config\Cache), false)
 9 FCPATH\index.php(67): CodeIgniter\CodeIgniter->run()
INFO - 2024-02-07 14:08:13 --> Session: Class initialized using 'CodeIgniter\Session\Handlers\FileHandler' driver.
INFO - 2024-02-07 14:08:36 --> Session: Class initialized using 'CodeIgniter\Session\Handlers\FileHandler' driver.
INFO - 2024-02-07 14:10:21 --> Session: Class initialized using 'CodeIgniter\Session\Handlers\FileHandler' driver.
INFO - 2024-02-07 14:10:50 --> Session: Class initialized using 'CodeIgniter\Session\Handlers\FileHandler' driver.
ERROR - 2024-02-07 14:10:50 --> mysqli_sql_exception: Column 'id_instituto' cannot be null in C:\xampp\htdocs\RPPS\system\Database\MySQLi\Connection.php:295
Stack trace:
#0 C:\xampp\htdocs\RPPS\system\Database\MySQLi\Connection.php(295): mysqli->query('INSERT INTO pos...', 0)
#1 C:\xampp\htdocs\RPPS\system\Database\BaseConnection.php(692): CodeIgniter\Database\MySQLi\Connection->execute('INSERT INTO pos...')
#2 C:\xampp\htdocs\RPPS\system\Database\BaseConnection.php(606): CodeIgniter\Database\BaseConnection->simpleQuery('INSERT INTO pos...')
#3 C:\xampp\htdocs\RPPS\app\Models\AjaxModel\AjaxPostModel.php(64): CodeIgniter\Database\BaseConnection->query('INSERT INTO pos...', Array)
#4 C:\xampp\htdocs\RPPS\app\Controllers\Ajax\AjaxPosts.php(56): App\Models\AjaxModel\AjaxPostModel->insertPost(Array)
#5 C:\xampp\htdocs\RPPS\system\CodeIgniter.php(934): App\Controllers\Ajax\AjaxPosts->insertPost()
#6 C:\xampp\htdocs\RPPS\system\CodeIgniter.php(499): CodeIgniter\CodeIgniter->runController(Object(App\Controllers\Ajax\AjaxPosts))
#7 C:\xampp\htdocs\RPPS\system\CodeIgniter.php(368): CodeIgniter\CodeIgniter->handleRequest(NULL, Object(Config\Cache), false)
#8 C:\xampp\htdocs\RPPS\public\index.php(67): CodeIgniter\CodeIgniter->run()
#9 {main}
CRITICAL - 2024-02-07 14:10:50 --> Column 'id_instituto' cannot be null
in SYSTEMPATH\Database\MySQLi\Connection.php on line 295.
 1 SYSTEMPATH\Database\MySQLi\Connection.php(295): mysqli->query('INSERT INTO posts VALUES( 0, NULL, \'0\', \'2024-2-07 14:10:50\', \'uma citação para testar o pluggin de edição de texto\', \'uma citação para testar o pluggin de edição de texto\', NULL, 0, NULL, \'<p><strong>uma citação para tes</strong>tar o pluggin de edição de texto</p>\', \'<p><strong>uma citação para tes</strong>tar o pluggin de edição de texto</p>\', NULL, NULL, 0)', 0)
 2 SYSTEMPATH\Database\BaseConnection.php(692): CodeIgniter\Database\MySQLi\Connection->execute('INSERT INTO posts VALUES( 0, NULL, \'0\', \'2024-2-07 14:10:50\', \'uma citação para testar o pluggin de edição de texto\', \'uma citação para testar o pluggin de edição de texto\', NULL, 0, NULL, \'<p><strong>uma citação para tes</strong>tar o pluggin de edição de texto</p>\', \'<p><strong>uma citação para tes</strong>tar o pluggin de edição de texto</p>\', NULL, NULL, 0)')
 3 SYSTEMPATH\Database\BaseConnection.php(606): CodeIgniter\Database\BaseConnection->simpleQuery('INSERT INTO posts VALUES( 0, NULL, \'0\', \'2024-2-07 14:10:50\', \'uma citação para testar o pluggin de edição de texto\', \'uma citação para testar o pluggin de edição de texto\', NULL, 0, NULL, \'<p><strong>uma citação para tes</strong>tar o pluggin de edição de texto</p>\', \'<p><strong>uma citação para tes</strong>tar o pluggin de edição de texto</p>\', NULL, NULL, 0)')
 4 APPPATH\Models\AjaxModel\AjaxPostModel.php(64): CodeIgniter\Database\BaseConnection->query('INSERT INTO posts VALUES( 0, :institute:, :category:, :date:, :title:, :description:, :img:, 0, :carousel_media:, :main_content:, :quote:, :featured_video:, :pdf:, 0)', [...])
 5 APPPATH\Controllers\Ajax\AjaxPosts.php(56): App\Models\AjaxModel\AjaxPostModel->insertPost([...])
 6 SYSTEMPATH\CodeIgniter.php(934): App\Controllers\Ajax\AjaxPosts->insertPost()
 7 SYSTEMPATH\CodeIgniter.php(499): CodeIgniter\CodeIgniter->runController(Object(App\Controllers\Ajax\AjaxPosts))
 8 SYSTEMPATH\CodeIgniter.php(368): CodeIgniter\CodeIgniter->handleRequest(null, Object(Config\Cache), false)
 9 FCPATH\index.php(67): CodeIgniter\CodeIgniter->run()
INFO - 2024-02-07 14:11:13 --> Session: Class initialized using 'CodeIgniter\Session\Handlers\FileHandler' driver.
INFO - 2024-02-07 14:13:06 --> Session: Class initialized using 'CodeIgniter\Session\Handlers\FileHandler' driver.
ERROR - 2024-02-07 14:13:06 --> mysqli_sql_exception: Column 'id_instituto' cannot be null in C:\xampp\htdocs\RPPS\system\Database\MySQLi\Connection.php:295
Stack trace:
#0 C:\xampp\htdocs\RPPS\system\Database\MySQLi\Connection.php(295): mysqli->query('INSERT INTO pos...', 0)
#1 C:\xampp\htdocs\RPPS\system\Database\BaseConnection.php(692): CodeIgniter\Database\MySQLi\Connection->execute('INSERT INTO pos...')
#2 C:\xampp\htdocs\RPPS\system\Database\BaseConnection.php(606): CodeIgniter\Database\BaseConnection->simpleQuery('INSERT INTO pos...')
#3 C:\xampp\htdocs\RPPS\app\Models\AjaxModel\AjaxPostModel.php(64): CodeIgniter\Database\BaseConnection->query('INSERT INTO pos...', Array)
#4 C:\xampp\htdocs\RPPS\app\Controllers\Ajax\AjaxPosts.php(56): App\Models\AjaxModel\AjaxPostModel->insertPost(Array)
#5 C:\xampp\htdocs\RPPS\system\CodeIgniter.php(934): App\Controllers\Ajax\AjaxPosts->insertPost()
#6 C:\xampp\htdocs\RPPS\system\CodeIgniter.php(499): CodeIgniter\CodeIgniter->runController(Object(App\Controllers\Ajax\AjaxPosts))
#7 C:\xampp\htdocs\RPPS\system\CodeIgniter.php(368): CodeIgniter\CodeIgniter->handleRequest(NULL, Object(Config\Cache), false)
#8 C:\xampp\htdocs\RPPS\public\index.php(67): CodeIgniter\CodeIgniter->run()
#9 {main}
CRITICAL - 2024-02-07 14:13:06 --> Column 'id_instituto' cannot be null
in SYSTEMPATH\Database\MySQLi\Connection.php on line 295.
 1 SYSTEMPATH\Database\MySQLi\Connection.php(295): mysqli->query('INSERT INTO posts VALUES( 0, NULL, \'0\', \'2024-2-07 14:13:06\', \'uma citação para testar o pluggin de edição de texto\', \'uma citação para testar o pluggin de edição de texto\', NULL, 0, NULL, \'<p><strong>uma citação para tes</strong>tar o pluggin de edição de texto</p>\', \'<p><strong>uma citação para tes</strong>tar o pluggin de edição de texto</p>\', NULL, NULL, 0)', 0)
 2 SYSTEMPATH\Database\BaseConnection.php(692): CodeIgniter\Database\MySQLi\Connection->execute('INSERT INTO posts VALUES( 0, NULL, \'0\', \'2024-2-07 14:13:06\', \'uma citação para testar o pluggin de edição de texto\', \'uma citação para testar o pluggin de edição de texto\', NULL, 0, NULL, \'<p><strong>uma citação para tes</strong>tar o pluggin de edição de texto</p>\', \'<p><strong>uma citação para tes</strong>tar o pluggin de edição de texto</p>\', NULL, NULL, 0)')
 3 SYSTEMPATH\Database\BaseConnection.php(606): CodeIgniter\Database\BaseConnection->simpleQuery('INSERT INTO posts VALUES( 0, NULL, \'0\', \'2024-2-07 14:13:06\', \'uma citação para testar o pluggin de edição de texto\', \'uma citação para testar o pluggin de edição de texto\', NULL, 0, NULL, \'<p><strong>uma citação para tes</strong>tar o pluggin de edição de texto</p>\', \'<p><strong>uma citação para tes</strong>tar o pluggin de edição de texto</p>\', NULL, NULL, 0)')
 4 APPPATH\Models\AjaxModel\AjaxPostModel.php(64): CodeIgniter\Database\BaseConnection->query('INSERT INTO posts VALUES( 0, :institute:, :category:, :date:, :title:, :description:, :img:, 0, :carousel_media:, :main_content:, :quote:, :featured_video:, :pdf:, 0)', [...])
 5 APPPATH\Controllers\Ajax\AjaxPosts.php(56): App\Models\AjaxModel\AjaxPostModel->insertPost([...])
 6 SYSTEMPATH\CodeIgniter.php(934): App\Controllers\Ajax\AjaxPosts->insertPost()
 7 SYSTEMPATH\CodeIgniter.php(499): CodeIgniter\CodeIgniter->runController(Object(App\Controllers\Ajax\AjaxPosts))
 8 SYSTEMPATH\CodeIgniter.php(368): CodeIgniter\CodeIgniter->handleRequest(null, Object(Config\Cache), false)
 9 FCPATH\index.php(67): CodeIgniter\CodeIgniter->run()
INFO - 2024-02-07 14:14:01 --> Session: Class initialized using 'CodeIgniter\Session\Handlers\FileHandler' driver.
ERROR - 2024-02-07 14:14:01 --> mysqli_sql_exception: Column 'id_instituto' cannot be null in C:\xampp\htdocs\RPPS\system\Database\MySQLi\Connection.php:295
Stack trace:
#0 C:\xampp\htdocs\RPPS\system\Database\MySQLi\Connection.php(295): mysqli->query('INSERT INTO pos...', 0)
#1 C:\xampp\htdocs\RPPS\system\Database\BaseConnection.php(692): CodeIgniter\Database\MySQLi\Connection->execute('INSERT INTO pos...')
#2 C:\xampp\htdocs\RPPS\system\Database\BaseConnection.php(606): CodeIgniter\Database\BaseConnection->simpleQuery('INSERT INTO pos...')
#3 C:\xampp\htdocs\RPPS\app\Models\AjaxModel\AjaxPostModel.php(64): CodeIgniter\Database\BaseConnection->query('INSERT INTO pos...', Array)
#4 C:\xampp\htdocs\RPPS\app\Controllers\Ajax\AjaxPosts.php(56): App\Models\AjaxModel\AjaxPostModel->insertPost(Array)
#5 C:\xampp\htdocs\RPPS\system\CodeIgniter.php(934): App\Controllers\Ajax\AjaxPosts->insertPost()
#6 C:\xampp\htdocs\RPPS\system\CodeIgniter.php(499): CodeIgniter\CodeIgniter->runController(Object(App\Controllers\Ajax\AjaxPosts))
#7 C:\xampp\htdocs\RPPS\system\CodeIgniter.php(368): CodeIgniter\CodeIgniter->handleRequest(NULL, Object(Config\Cache), false)
#8 C:\xampp\htdocs\RPPS\public\index.php(67): CodeIgniter\CodeIgniter->run()
#9 {main}
CRITICAL - 2024-02-07 14:14:01 --> Column 'id_instituto' cannot be null
in SYSTEMPATH\Database\MySQLi\Connection.php on line 295.
 1 SYSTEMPATH\Database\MySQLi\Connection.php(295): mysqli->query('INSERT INTO posts VALUES( 0, NULL, \'0\', \'2024-2-07 14:14:01\', \'uma citação para testar o pluggin de edição de texto\', \'uma citação para testar o pluggin de edição de texto\', NULL, 0, NULL, \'<p><strong>uma citação para tes</strong>tar o pluggin de edição de texto</p>\', \'<p><strong>uma citação para tes</strong>tar o pluggin de edição de texto</p>\', NULL, NULL, 0)', 0)
 2 SYSTEMPATH\Database\BaseConnection.php(692): CodeIgniter\Database\MySQLi\Connection->execute('INSERT INTO posts VALUES( 0, NULL, \'0\', \'2024-2-07 14:14:01\', \'uma citação para testar o pluggin de edição de texto\', \'uma citação para testar o pluggin de edição de texto\', NULL, 0, NULL, \'<p><strong>uma citação para tes</strong>tar o pluggin de edição de texto</p>\', \'<p><strong>uma citação para tes</strong>tar o pluggin de edição de texto</p>\', NULL, NULL, 0)')
 3 SYSTEMPATH\Database\BaseConnection.php(606): CodeIgniter\Database\BaseConnection->simpleQuery('INSERT INTO posts VALUES( 0, NULL, \'0\', \'2024-2-07 14:14:01\', \'uma citação para testar o pluggin de edição de texto\', \'uma citação para testar o pluggin de edição de texto\', NULL, 0, NULL, \'<p><strong>uma citação para tes</strong>tar o pluggin de edição de texto</p>\', \'<p><strong>uma citação para tes</strong>tar o pluggin de edição de texto</p>\', NULL, NULL, 0)')
 4 APPPATH\Models\AjaxModel\AjaxPostModel.php(64): CodeIgniter\Database\BaseConnection->query('INSERT INTO posts VALUES( 0, :institute:, :category:, :date:, :title:, :description:, :img:, 0, :carousel_media:, :main_content:, :quote:, :featured_video:, :pdf:, 0)', [...])
 5 APPPATH\Controllers\Ajax\AjaxPosts.php(56): App\Models\AjaxModel\AjaxPostModel->insertPost([...])
 6 SYSTEMPATH\CodeIgniter.php(934): App\Controllers\Ajax\AjaxPosts->insertPost()
 7 SYSTEMPATH\CodeIgniter.php(499): CodeIgniter\CodeIgniter->runController(Object(App\Controllers\Ajax\AjaxPosts))
 8 SYSTEMPATH\CodeIgniter.php(368): CodeIgniter\CodeIgniter->handleRequest(null, Object(Config\Cache), false)
 9 FCPATH\index.php(67): CodeIgniter\CodeIgniter->run()
INFO - 2024-02-07 14:14:08 --> Session: Class initialized using 'CodeIgniter\Session\Handlers\FileHandler' driver.
INFO - 2024-02-07 14:15:03 --> Session: Class initialized using 'CodeIgniter\Session\Handlers\FileHandler' driver.
CRITICAL - 2024-02-07 14:15:03 --> Undefined variable $db
in APPPATH\Models\AjaxModel\AjaxPostModel.php on line 60.
 1 APPPATH\Models\AjaxModel\AjaxPostModel.php(60): CodeIgniter\Debug\Exceptions->errorHandler(2, 'Undefined variable $db', 'C:\\xampp\\htdocs\\RPPS\\app\\Models\\AjaxModel\\AjaxPostModel.php', 60)
 2 APPPATH\Controllers\Ajax\AjaxPosts.php(56): App\Models\AjaxModel\AjaxPostModel->insertPost([...])
 3 SYSTEMPATH\CodeIgniter.php(934): App\Controllers\Ajax\AjaxPosts->insertPost()
 4 SYSTEMPATH\CodeIgniter.php(499): CodeIgniter\CodeIgniter->runController(Object(App\Controllers\Ajax\AjaxPosts))
 5 SYSTEMPATH\CodeIgniter.php(368): CodeIgniter\CodeIgniter->handleRequest(null, Object(Config\Cache), false)
 6 FCPATH\index.php(67): CodeIgniter\CodeIgniter->run()
INFO - 2024-02-07 14:15:15 --> Session: Class initialized using 'CodeIgniter\Session\Handlers\FileHandler' driver.
ERROR - 2024-02-07 14:15:15 --> mysqli_sql_exception: Column 'id_instituto' cannot be null in C:\xampp\htdocs\RPPS\system\Database\MySQLi\Connection.php:295
Stack trace:
#0 C:\xampp\htdocs\RPPS\system\Database\MySQLi\Connection.php(295): mysqli->query('INSERT INTO pos...', 0)
#1 C:\xampp\htdocs\RPPS\system\Database\BaseConnection.php(692): CodeIgniter\Database\MySQLi\Connection->execute('INSERT INTO pos...')
#2 C:\xampp\htdocs\RPPS\system\Database\BaseConnection.php(606): CodeIgniter\Database\BaseConnection->simpleQuery('INSERT INTO pos...')
#3 C:\xampp\htdocs\RPPS\app\Models\AjaxModel\AjaxPostModel.php(62): CodeIgniter\Database\BaseConnection->query('INSERT INTO pos...', Array)
#4 C:\xampp\htdocs\RPPS\app\Controllers\Ajax\AjaxPosts.php(56): App\Models\AjaxModel\AjaxPostModel->insertPost(Array)
#5 C:\xampp\htdocs\RPPS\system\CodeIgniter.php(934): App\Controllers\Ajax\AjaxPosts->insertPost()
#6 C:\xampp\htdocs\RPPS\system\CodeIgniter.php(499): CodeIgniter\CodeIgniter->runController(Object(App\Controllers\Ajax\AjaxPosts))
#7 C:\xampp\htdocs\RPPS\system\CodeIgniter.php(368): CodeIgniter\CodeIgniter->handleRequest(NULL, Object(Config\Cache), false)
#8 C:\xampp\htdocs\RPPS\public\index.php(67): CodeIgniter\CodeIgniter->run()
#9 {main}
CRITICAL - 2024-02-07 14:15:15 --> Column 'id_instituto' cannot be null
in SYSTEMPATH\Database\MySQLi\Connection.php on line 295.
 1 SYSTEMPATH\Database\MySQLi\Connection.php(295): mysqli->query('INSERT INTO posts VALUES( 0, NULL, \'0\', \'2024-2-07 14:15:15\', \'uma citação para testar o pluggin de edição de texto\', \'uma citação para testar o pluggin de edição de texto\', NULL, 0, NULL, \'<p><strong>uma citação para tes</strong>tar o pluggin de edição de texto</p>\', \'<p><strong>uma citação para tes</strong>tar o pluggin de edição de texto</p>\', NULL, NULL, 0)', 0)
 2 SYSTEMPATH\Database\BaseConnection.php(692): CodeIgniter\Database\MySQLi\Connection->execute('INSERT INTO posts VALUES( 0, NULL, \'0\', \'2024-2-07 14:15:15\', \'uma citação para testar o pluggin de edição de texto\', \'uma citação para testar o pluggin de edição de texto\', NULL, 0, NULL, \'<p><strong>uma citação para tes</strong>tar o pluggin de edição de texto</p>\', \'<p><strong>uma citação para tes</strong>tar o pluggin de edição de texto</p>\', NULL, NULL, 0)')
 3 SYSTEMPATH\Database\BaseConnection.php(606): CodeIgniter\Database\BaseConnection->simpleQuery('INSERT INTO posts VALUES( 0, NULL, \'0\', \'2024-2-07 14:15:15\', \'uma citação para testar o pluggin de edição de texto\', \'uma citação para testar o pluggin de edição de texto\', NULL, 0, NULL, \'<p><strong>uma citação para tes</strong>tar o pluggin de edição de texto</p>\', \'<p><strong>uma citação para tes</strong>tar o pluggin de edição de texto</p>\', NULL, NULL, 0)')
 4 APPPATH\Models\AjaxModel\AjaxPostModel.php(62): CodeIgniter\Database\BaseConnection->query('INSERT INTO posts VALUES( 0, :institute:, :category:, :date:, :title:, :description:, :img:, 0, :carousel_media:, :main_content:, :quote:, :featured_video:, :pdf:, 0)', [...])
 5 APPPATH\Controllers\Ajax\AjaxPosts.php(56): App\Models\AjaxModel\AjaxPostModel->insertPost([...])
 6 SYSTEMPATH\CodeIgniter.php(934): App\Controllers\Ajax\AjaxPosts->insertPost()
 7 SYSTEMPATH\CodeIgniter.php(499): CodeIgniter\CodeIgniter->runController(Object(App\Controllers\Ajax\AjaxPosts))
 8 SYSTEMPATH\CodeIgniter.php(368): CodeIgniter\CodeIgniter->handleRequest(null, Object(Config\Cache), false)
 9 FCPATH\index.php(67): CodeIgniter\CodeIgniter->run()
INFO - 2024-02-07 14:16:06 --> Session: Class initialized using 'CodeIgniter\Session\Handlers\FileHandler' driver.
ERROR - 2024-02-07 14:16:06 --> mysqli_sql_exception: Column 'id_instituto' cannot be null in C:\xampp\htdocs\RPPS\system\Database\MySQLi\Connection.php:295
Stack trace:
#0 C:\xampp\htdocs\RPPS\system\Database\MySQLi\Connection.php(295): mysqli->query('INSERT INTO pos...', 0)
#1 C:\xampp\htdocs\RPPS\system\Database\BaseConnection.php(692): CodeIgniter\Database\MySQLi\Connection->execute('INSERT INTO pos...')
#2 C:\xampp\htdocs\RPPS\system\Database\BaseConnection.php(606): CodeIgniter\Database\BaseConnection->simpleQuery('INSERT INTO pos...')
#3 C:\xampp\htdocs\RPPS\app\Models\AjaxModel\AjaxPostModel.php(62): CodeIgniter\Database\BaseConnection->query('INSERT INTO pos...', Array)
#4 C:\xampp\htdocs\RPPS\app\Controllers\Ajax\AjaxPosts.php(56): App\Models\AjaxModel\AjaxPostModel->insertPost(Array)
#5 C:\xampp\htdocs\RPPS\system\CodeIgniter.php(934): App\Controllers\Ajax\AjaxPosts->insertPost()
#6 C:\xampp\htdocs\RPPS\system\CodeIgniter.php(499): CodeIgniter\CodeIgniter->runController(Object(App\Controllers\Ajax\AjaxPosts))
#7 C:\xampp\htdocs\RPPS\system\CodeIgniter.php(368): CodeIgniter\CodeIgniter->handleRequest(NULL, Object(Config\Cache), false)
#8 C:\xampp\htdocs\RPPS\public\index.php(67): CodeIgniter\CodeIgniter->run()
#9 {main}
CRITICAL - 2024-02-07 14:16:06 --> Column 'id_instituto' cannot be null
in SYSTEMPATH\Database\MySQLi\Connection.php on line 295.
 1 SYSTEMPATH\Database\MySQLi\Connection.php(295): mysqli->query('INSERT INTO posts VALUES(0, NULL, \'0\', \'2024-2-07 14:16:06\', \'uma citação para testar o pluggin de edição de texto\', \'uma citação para testar o pluggin de edição de texto\', NULL, 0, NULL, \'<p><strong>uma citação para tes</strong>tar o pluggin de edição de texto</p>\', \'<p><strong>uma citação para tes</strong>tar o pluggin de edição de texto</p>\', NULL, NULL, 0)', 0)
 2 SYSTEMPATH\Database\BaseConnection.php(692): CodeIgniter\Database\MySQLi\Connection->execute('INSERT INTO posts VALUES(0, NULL, \'0\', \'2024-2-07 14:16:06\', \'uma citação para testar o pluggin de edição de texto\', \'uma citação para testar o pluggin de edição de texto\', NULL, 0, NULL, \'<p><strong>uma citação para tes</strong>tar o pluggin de edição de texto</p>\', \'<p><strong>uma citação para tes</strong>tar o pluggin de edição de texto</p>\', NULL, NULL, 0)')
 3 SYSTEMPATH\Database\BaseConnection.php(606): CodeIgniter\Database\BaseConnection->simpleQuery('INSERT INTO posts VALUES(0, NULL, \'0\', \'2024-2-07 14:16:06\', \'uma citação para testar o pluggin de edição de texto\', \'uma citação para testar o pluggin de edição de texto\', NULL, 0, NULL, \'<p><strong>uma citação para tes</strong>tar o pluggin de edição de texto</p>\', \'<p><strong>uma citação para tes</strong>tar o pluggin de edição de texto</p>\', NULL, NULL, 0)')
 4 APPPATH\Models\AjaxModel\AjaxPostModel.php(62): CodeIgniter\Database\BaseConnection->query('INSERT INTO posts VALUES(0, :institute:, :category:, :date:, :title:, :description:, :img:, 0, :carousel_media:, :main_content:, :quote:, :featured_video:, :pdf:, 0)', [...])
 5 APPPATH\Controllers\Ajax\AjaxPosts.php(56): App\Models\AjaxModel\AjaxPostModel->insertPost([...])
 6 SYSTEMPATH\CodeIgniter.php(934): App\Controllers\Ajax\AjaxPosts->insertPost()
 7 SYSTEMPATH\CodeIgniter.php(499): CodeIgniter\CodeIgniter->runController(Object(App\Controllers\Ajax\AjaxPosts))
 8 SYSTEMPATH\CodeIgniter.php(368): CodeIgniter\CodeIgniter->handleRequest(null, Object(Config\Cache), false)
 9 FCPATH\index.php(67): CodeIgniter\CodeIgniter->run()
INFO - 2024-02-07 14:20:26 --> Session: Class initialized using 'CodeIgniter\Session\Handlers\FileHandler' driver.
ERROR - 2024-02-07 14:29:33 --> mysqli_sql_exception: Table 'teste_dados_instituto.events' doesn't exist in C:\xampp\htdocs\RPPS\system\Database\MySQLi\Connection.php:295
Stack trace:
#0 C:\xampp\htdocs\RPPS\system\Database\MySQLi\Connection.php(295): mysqli->query('\r\n            S...', 0)
#1 C:\xampp\htdocs\RPPS\system\Database\BaseConnection.php(692): CodeIgniter\Database\MySQLi\Connection->execute('\r\n            S...')
#2 C:\xampp\htdocs\RPPS\system\Database\BaseConnection.php(606): CodeIgniter\Database\BaseConnection->simpleQuery('\r\n            S...')
#3 C:\xampp\htdocs\RPPS\system\Model.php(836): CodeIgniter\Database\BaseConnection->query('\r\n            S...', Array)
#4 C:\xampp\htdocs\RPPS\app\Models\Home\Events.php(22): CodeIgniter\Model->__call('query', Array)
#5 C:\xampp\htdocs\RPPS\app\Controllers\Home.php(63): App\Models\Home\Events->allEvents(Array)
#6 C:\xampp\htdocs\RPPS\system\CodeIgniter.php(934): App\Controllers\Home->index()
#7 C:\xampp\htdocs\RPPS\system\CodeIgniter.php(499): CodeIgniter\CodeIgniter->runController(Object(App\Controllers\Home))
#8 C:\xampp\htdocs\RPPS\system\CodeIgniter.php(368): CodeIgniter\CodeIgniter->handleRequest(NULL, Object(Config\Cache), false)
#9 C:\xampp\htdocs\RPPS\public\index.php(67): CodeIgniter\CodeIgniter->run()
#10 {main}
CRITICAL - 2024-02-07 14:29:33 --> Table 'teste_dados_instituto.events' doesn't exist
in SYSTEMPATH\Database\MySQLi\Connection.php on line 295.
 1 SYSTEMPATH\Database\MySQLi\Connection.php(295): mysqli->query('
            SELECT data
            FROM events 
            WHERE id_instituto = \'1\'', 0)
 2 SYSTEMPATH\Database\BaseConnection.php(692): CodeIgniter\Database\MySQLi\Connection->execute('
            SELECT data
            FROM events 
            WHERE id_instituto = \'1\'')
 3 SYSTEMPATH\Database\BaseConnection.php(606): CodeIgniter\Database\BaseConnection->simpleQuery('
            SELECT data
            FROM events 
            WHERE id_instituto = \'1\'')
 4 SYSTEMPATH\Model.php(836): CodeIgniter\Database\BaseConnection->query('
            SELECT data
            FROM events 
            WHERE id_instituto = ?', [...])
 5 APPPATH\Models\Home\Events.php(22): CodeIgniter\Model->__call('query', [...])
 6 APPPATH\Controllers\Home.php(63): App\Models\Home\Events->allEvents([...])
 7 SYSTEMPATH\CodeIgniter.php(934): App\Controllers\Home->index()
 8 SYSTEMPATH\CodeIgniter.php(499): CodeIgniter\CodeIgniter->runController(Object(App\Controllers\Home))
 9 SYSTEMPATH\CodeIgniter.php(368): CodeIgniter\CodeIgniter->handleRequest(null, Object(Config\Cache), false)
10 FCPATH\index.php(67): CodeIgniter\CodeIgniter->run()
ERROR - 2024-02-07 14:29:44 --> mysqli_sql_exception: Table 'teste_dados_instituto.events' doesn't exist in C:\xampp\htdocs\RPPS\system\Database\MySQLi\Connection.php:295
Stack trace:
#0 C:\xampp\htdocs\RPPS\system\Database\MySQLi\Connection.php(295): mysqli->query('\r\n            S...', 0)
#1 C:\xampp\htdocs\RPPS\system\Database\BaseConnection.php(692): CodeIgniter\Database\MySQLi\Connection->execute('\r\n            S...')
#2 C:\xampp\htdocs\RPPS\system\Database\BaseConnection.php(606): CodeIgniter\Database\BaseConnection->simpleQuery('\r\n            S...')
#3 C:\xampp\htdocs\RPPS\system\Model.php(836): CodeIgniter\Database\BaseConnection->query('\r\n            S...', Array)
#4 C:\xampp\htdocs\RPPS\app\Models\Home\Events.php(22): CodeIgniter\Model->__call('query', Array)
#5 C:\xampp\htdocs\RPPS\app\Controllers\Home.php(63): App\Models\Home\Events->allEvents(Array)
#6 C:\xampp\htdocs\RPPS\system\CodeIgniter.php(934): App\Controllers\Home->index()
#7 C:\xampp\htdocs\RPPS\system\CodeIgniter.php(499): CodeIgniter\CodeIgniter->runController(Object(App\Controllers\Home))
#8 C:\xampp\htdocs\RPPS\system\CodeIgniter.php(368): CodeIgniter\CodeIgniter->handleRequest(NULL, Object(Config\Cache), false)
#9 C:\xampp\htdocs\RPPS\public\index.php(67): CodeIgniter\CodeIgniter->run()
#10 {main}
CRITICAL - 2024-02-07 14:29:44 --> Table 'teste_dados_instituto.events' doesn't exist
in SYSTEMPATH\Database\MySQLi\Connection.php on line 295.
 1 SYSTEMPATH\Database\MySQLi\Connection.php(295): mysqli->query('
            SELECT data
            FROM events 
            WHERE id_instituto = \'1\'', 0)
 2 SYSTEMPATH\Database\BaseConnection.php(692): CodeIgniter\Database\MySQLi\Connection->execute('
            SELECT data
            FROM events 
            WHERE id_instituto = \'1\'')
 3 SYSTEMPATH\Database\BaseConnection.php(606): CodeIgniter\Database\BaseConnection->simpleQuery('
            SELECT data
            FROM events 
            WHERE id_instituto = \'1\'')
 4 SYSTEMPATH\Model.php(836): CodeIgniter\Database\BaseConnection->query('
            SELECT data
            FROM events 
            WHERE id_instituto = ?', [...])
 5 APPPATH\Models\Home\Events.php(22): CodeIgniter\Model->__call('query', [...])
 6 APPPATH\Controllers\Home.php(63): App\Models\Home\Events->allEvents([...])
 7 SYSTEMPATH\CodeIgniter.php(934): App\Controllers\Home->index()
 8 SYSTEMPATH\CodeIgniter.php(499): CodeIgniter\CodeIgniter->runController(Object(App\Controllers\Home))
 9 SYSTEMPATH\CodeIgniter.php(368): CodeIgniter\CodeIgniter->handleRequest(null, Object(Config\Cache), false)
10 FCPATH\index.php(67): CodeIgniter\CodeIgniter->run()
INFO - 2024-02-07 17:44:00 --> Session: Class initialized using 'CodeIgniter\Session\Handlers\FileHandler' driver.
INFO - 2024-02-07 17:44:18 --> Session: Class initialized using 'CodeIgniter\Session\Handlers\FileHandler' driver.
INFO - 2024-02-07 14:44:33 --> Session: Class initialized using 'CodeIgniter\Session\Handlers\FileHandler' driver.
INFO - 2024-02-07 14:46:16 --> Session: Class initialized using 'CodeIgniter\Session\Handlers\FileHandler' driver.
INFO - 2024-02-07 14:46:41 --> Session: Class initialized using 'CodeIgniter\Session\Handlers\FileHandler' driver.
INFO - 2024-02-07 17:46:48 --> Session: Class initialized using 'CodeIgniter\Session\Handlers\FileHandler' driver.
INFO - 2024-02-07 14:47:54 --> Session: Class initialized using 'CodeIgniter\Session\Handlers\FileHandler' driver.
INFO - 2024-02-07 14:49:04 --> Session: Class initialized using 'CodeIgniter\Session\Handlers\FileHandler' driver.
INFO - 2024-02-07 17:13:06 --> Session: Class initialized using 'CodeIgniter\Session\Handlers\FileHandler' driver.
ERROR - 2024-02-07 17:13:06 --> mysqli_sql_exception: You have an error in your SQL syntax; check the manual that corresponds to your MariaDB server version for the right syntax to use near '?' at line 3 in C:\xampp\htdocs\RPPS\system\Database\MySQLi\Connection.php:295
Stack trace:
#0 C:\xampp\htdocs\RPPS\system\Database\MySQLi\Connection.php(295): mysqli->query('\r\n            S...', 0)
#1 C:\xampp\htdocs\RPPS\system\Database\BaseConnection.php(692): CodeIgniter\Database\MySQLi\Connection->execute('\r\n            S...')
#2 C:\xampp\htdocs\RPPS\system\Database\BaseConnection.php(606): CodeIgniter\Database\BaseConnection->simpleQuery('\r\n            S...')
#3 C:\xampp\htdocs\RPPS\system\Model.php(836): CodeIgniter\Database\BaseConnection->query('\r\n            S...', NULL)
#4 C:\xampp\htdocs\RPPS\app\Models\Session\SessionModel.php(29): CodeIgniter\Model->__call('query', Array)
#5 C:\xampp\htdocs\RPPS\app\Controllers\Ajax\AjaxUser.php(21): App\Models\Session\SessionModel->requireInstituteName(NULL)
#6 C:\xampp\htdocs\RPPS\app\Controllers\Ajax\AjaxUser.php(54): App\Controllers\Ajax\AjaxUser->requireInstituteName(NULL)
#7 C:\xampp\htdocs\RPPS\system\CodeIgniter.php(934): App\Controllers\Ajax\AjaxUser->uploadFiles()
#8 C:\xampp\htdocs\RPPS\system\CodeIgniter.php(499): CodeIgniter\CodeIgniter->runController(Object(App\Controllers\Ajax\AjaxUser))
#9 C:\xampp\htdocs\RPPS\system\CodeIgniter.php(368): CodeIgniter\CodeIgniter->handleRequest(NULL, Object(Config\Cache), false)
#10 C:\xampp\htdocs\RPPS\public\index.php(67): CodeIgniter\CodeIgniter->run()
#11 {main}
CRITICAL - 2024-02-07 17:13:06 --> You have an error in your SQL syntax; check the manual that corresponds to your MariaDB server version for the right syntax to use near '?' at line 3
in SYSTEMPATH\Database\MySQLi\Connection.php on line 295.
 1 SYSTEMPATH\Database\MySQLi\Connection.php(295): mysqli->query('
            SELECT `name`
            FROM instituto 
            WHERE id = ?', 0)
 2 SYSTEMPATH\Database\BaseConnection.php(692): CodeIgniter\Database\MySQLi\Connection->execute('
            SELECT `name`
            FROM instituto 
            WHERE id = ?')
 3 SYSTEMPATH\Database\BaseConnection.php(606): CodeIgniter\Database\BaseConnection->simpleQuery('
            SELECT `name`
            FROM instituto 
            WHERE id = ?')
 4 SYSTEMPATH\Model.php(836): CodeIgniter\Database\BaseConnection->query('
            SELECT `name`
            FROM instituto 
            WHERE id = ?', null)
 5 APPPATH\Models\Session\SessionModel.php(29): CodeIgniter\Model->__call('query', [...])
 6 APPPATH\Controllers\Ajax\AjaxUser.php(21): App\Models\Session\SessionModel->requireInstituteName(null)
 7 APPPATH\Controllers\Ajax\AjaxUser.php(54): App\Controllers\Ajax\AjaxUser->requireInstituteName(null)
 8 SYSTEMPATH\CodeIgniter.php(934): App\Controllers\Ajax\AjaxUser->uploadFiles()
 9 SYSTEMPATH\CodeIgniter.php(499): CodeIgniter\CodeIgniter->runController(Object(App\Controllers\Ajax\AjaxUser))
10 SYSTEMPATH\CodeIgniter.php(368): CodeIgniter\CodeIgniter->handleRequest(null, Object(Config\Cache), false)
11 FCPATH\index.php(67): CodeIgniter\CodeIgniter->run()
INFO - 2024-02-07 17:13:37 --> Session: Class initialized using 'CodeIgniter\Session\Handlers\FileHandler' driver.
ERROR - 2024-02-07 17:13:37 --> mysqli_sql_exception: You have an error in your SQL syntax; check the manual that corresponds to your MariaDB server version for the right syntax to use near '?' at line 3 in C:\xampp\htdocs\RPPS\system\Database\MySQLi\Connection.php:295
Stack trace:
#0 C:\xampp\htdocs\RPPS\system\Database\MySQLi\Connection.php(295): mysqli->query('\r\n            S...', 0)
#1 C:\xampp\htdocs\RPPS\system\Database\BaseConnection.php(692): CodeIgniter\Database\MySQLi\Connection->execute('\r\n            S...')
#2 C:\xampp\htdocs\RPPS\system\Database\BaseConnection.php(606): CodeIgniter\Database\BaseConnection->simpleQuery('\r\n            S...')
#3 C:\xampp\htdocs\RPPS\system\Model.php(836): CodeIgniter\Database\BaseConnection->query('\r\n            S...', NULL)
#4 C:\xampp\htdocs\RPPS\app\Models\Session\SessionModel.php(29): CodeIgniter\Model->__call('query', Array)
#5 C:\xampp\htdocs\RPPS\app\Controllers\Ajax\AjaxUser.php(21): App\Models\Session\SessionModel->requireInstituteName(NULL)
#6 C:\xampp\htdocs\RPPS\app\Controllers\Ajax\AjaxUser.php(54): App\Controllers\Ajax\AjaxUser->requireInstituteName(NULL)
#7 C:\xampp\htdocs\RPPS\system\CodeIgniter.php(934): App\Controllers\Ajax\AjaxUser->uploadFiles()
#8 C:\xampp\htdocs\RPPS\system\CodeIgniter.php(499): CodeIgniter\CodeIgniter->runController(Object(App\Controllers\Ajax\AjaxUser))
#9 C:\xampp\htdocs\RPPS\system\CodeIgniter.php(368): CodeIgniter\CodeIgniter->handleRequest(NULL, Object(Config\Cache), false)
#10 C:\xampp\htdocs\RPPS\public\index.php(67): CodeIgniter\CodeIgniter->run()
#11 {main}
CRITICAL - 2024-02-07 17:13:37 --> You have an error in your SQL syntax; check the manual that corresponds to your MariaDB server version for the right syntax to use near '?' at line 3
in SYSTEMPATH\Database\MySQLi\Connection.php on line 295.
 1 SYSTEMPATH\Database\MySQLi\Connection.php(295): mysqli->query('
            SELECT `name`
            FROM instituto 
            WHERE id = ?', 0)
 2 SYSTEMPATH\Database\BaseConnection.php(692): CodeIgniter\Database\MySQLi\Connection->execute('
            SELECT `name`
            FROM instituto 
            WHERE id = ?')
 3 SYSTEMPATH\Database\BaseConnection.php(606): CodeIgniter\Database\BaseConnection->simpleQuery('
            SELECT `name`
            FROM instituto 
            WHERE id = ?')
 4 SYSTEMPATH\Model.php(836): CodeIgniter\Database\BaseConnection->query('
            SELECT `name`
            FROM instituto 
            WHERE id = ?', null)
 5 APPPATH\Models\Session\SessionModel.php(29): CodeIgniter\Model->__call('query', [...])
 6 APPPATH\Controllers\Ajax\AjaxUser.php(21): App\Models\Session\SessionModel->requireInstituteName(null)
 7 APPPATH\Controllers\Ajax\AjaxUser.php(54): App\Controllers\Ajax\AjaxUser->requireInstituteName(null)
 8 SYSTEMPATH\CodeIgniter.php(934): App\Controllers\Ajax\AjaxUser->uploadFiles()
 9 SYSTEMPATH\CodeIgniter.php(499): CodeIgniter\CodeIgniter->runController(Object(App\Controllers\Ajax\AjaxUser))
10 SYSTEMPATH\CodeIgniter.php(368): CodeIgniter\CodeIgniter->handleRequest(null, Object(Config\Cache), false)
11 FCPATH\index.php(67): CodeIgniter\CodeIgniter->run()
INFO - 2024-02-07 17:17:35 --> Session: Class initialized using 'CodeIgniter\Session\Handlers\FileHandler' driver.
INFO - 2024-02-07 17:19:51 --> Session: Class initialized using 'CodeIgniter\Session\Handlers\FileHandler' driver.
INFO - 2024-02-07 17:20:08 --> Session: Class initialized using 'CodeIgniter\Session\Handlers\FileHandler' driver.
CRITICAL - 2024-02-07 20:24:03 --> Class "App\Controllers\Ajax\BaseController" not found
in APPPATH\Controllers\Ajax\AjaxUser.php on line 12.
 1 SYSTEMPATH\Autoloader\Autoloader.php(312): include_once()
 2 SYSTEMPATH\Autoloader\Autoloader.php(289): CodeIgniter\Autoloader\Autoloader->includeFile('C:\\xampp\\htdocs\\RPPS\\app\\Controllers\\Ajax\\AjaxUser.php')
 3 SYSTEMPATH\Autoloader\Autoloader.php(267): CodeIgniter\Autoloader\Autoloader->loadInNamespace('App\\Controllers\\Ajax\\AjaxUser')
 4 [internal function]: CodeIgniter\Autoloader\Autoloader->loadClass('App\\Controllers\\Ajax\\AjaxUser')
 5 SYSTEMPATH\CodeIgniter.php(892): class_exists('\\App\\Controllers\\Ajax\\AjaxUser', true)
 6 SYSTEMPATH\CodeIgniter.php(486): CodeIgniter\CodeIgniter->startController()
 7 SYSTEMPATH\CodeIgniter.php(368): CodeIgniter\CodeIgniter->handleRequest(null, Object(Config\Cache), false)
 8 FCPATH\index.php(67): CodeIgniter\CodeIgniter->run()
INFO - 2024-02-07 17:24:41 --> Session: Class initialized using 'CodeIgniter\Session\Handlers\FileHandler' driver.
INFO - 2024-02-07 17:26:09 --> Session: Class initialized using 'CodeIgniter\Session\Handlers\FileHandler' driver.
INFO - 2024-02-07 20:27:02 --> Session: Class initialized using 'CodeIgniter\Session\Handlers\FileHandler' driver.
INFO - 2024-02-07 20:27:51 --> Session: Class initialized using 'CodeIgniter\Session\Handlers\FileHandler' driver.
INFO - 2024-02-07 17:27:58 --> Session: Class initialized using 'CodeIgniter\Session\Handlers\FileHandler' driver.
INFO - 2024-02-07 17:28:33 --> Session: Class initialized using 'CodeIgniter\Session\Handlers\FileHandler' driver.
ERROR - 2024-02-07 17:28:33 --> mysqli_sql_exception: Unknown column 'name' in 'field list' in C:\xampp\htdocs\RPPS\system\Database\MySQLi\Connection.php:295
Stack trace:
#0 C:\xampp\htdocs\RPPS\system\Database\MySQLi\Connection.php(295): mysqli->query('\r\n            S...', 0)
#1 C:\xampp\htdocs\RPPS\system\Database\BaseConnection.php(692): CodeIgniter\Database\MySQLi\Connection->execute('\r\n            S...')
#2 C:\xampp\htdocs\RPPS\system\Database\BaseConnection.php(606): CodeIgniter\Database\BaseConnection->simpleQuery('\r\n            S...')
#3 C:\xampp\htdocs\RPPS\system\Model.php(836): CodeIgniter\Database\BaseConnection->query('\r\n            S...', '1')
#4 C:\xampp\htdocs\RPPS\app\Models\Session\SessionModel.php(29): CodeIgniter\Model->__call('query', Array)
#5 C:\xampp\htdocs\RPPS\app\Controllers\Ajax\AjaxUser.php(22): App\Models\Session\SessionModel->requireInstituteName('1')
#6 C:\xampp\htdocs\RPPS\app\Controllers\Ajax\AjaxUser.php(55): App\Controllers\Ajax\AjaxUser->requireInstituteName('1')
#7 C:\xampp\htdocs\RPPS\system\CodeIgniter.php(934): App\Controllers\Ajax\AjaxUser->uploadFiles()
#8 C:\xampp\htdocs\RPPS\system\CodeIgniter.php(499): CodeIgniter\CodeIgniter->runController(Object(App\Controllers\Ajax\AjaxUser))
#9 C:\xampp\htdocs\RPPS\system\CodeIgniter.php(368): CodeIgniter\CodeIgniter->handleRequest(NULL, Object(Config\Cache), false)
#10 C:\xampp\htdocs\RPPS\public\index.php(67): CodeIgniter\CodeIgniter->run()
#11 {main}
CRITICAL - 2024-02-07 17:28:33 --> Unknown column 'name' in 'field list'
in SYSTEMPATH\Database\MySQLi\Connection.php on line 295.
 1 SYSTEMPATH\Database\MySQLi\Connection.php(295): mysqli->query('
            SELECT `name`
            FROM instituto 
            WHERE id = \'1\'', 0)
 2 SYSTEMPATH\Database\BaseConnection.php(692): CodeIgniter\Database\MySQLi\Connection->execute('
            SELECT `name`
            FROM instituto 
            WHERE id = \'1\'')
 3 SYSTEMPATH\Database\BaseConnection.php(606): CodeIgniter\Database\BaseConnection->simpleQuery('
            SELECT `name`
            FROM instituto 
            WHERE id = \'1\'')
 4 SYSTEMPATH\Model.php(836): CodeIgniter\Database\BaseConnection->query('
            SELECT `name`
            FROM instituto 
            WHERE id = ?', '1')
 5 APPPATH\Models\Session\SessionModel.php(29): CodeIgniter\Model->__call('query', [...])
 6 APPPATH\Controllers\Ajax\AjaxUser.php(22): App\Models\Session\SessionModel->requireInstituteName('1')
 7 APPPATH\Controllers\Ajax\AjaxUser.php(55): App\Controllers\Ajax\AjaxUser->requireInstituteName('1')
 8 SYSTEMPATH\CodeIgniter.php(934): App\Controllers\Ajax\AjaxUser->uploadFiles()
 9 SYSTEMPATH\CodeIgniter.php(499): CodeIgniter\CodeIgniter->runController(Object(App\Controllers\Ajax\AjaxUser))
10 SYSTEMPATH\CodeIgniter.php(368): CodeIgniter\CodeIgniter->handleRequest(null, Object(Config\Cache), false)
11 FCPATH\index.php(67): CodeIgniter\CodeIgniter->run()
INFO - 2024-02-07 17:29:13 --> Session: Class initialized using 'CodeIgniter\Session\Handlers\FileHandler' driver.
INFO - 2024-02-07 17:30:06 --> Session: Class initialized using 'CodeIgniter\Session\Handlers\FileHandler' driver.
INFO - 2024-02-07 17:30:32 --> Session: Class initialized using 'CodeIgniter\Session\Handlers\FileHandler' driver.
INFO - 2024-02-07 17:37:14 --> Session: Class initialized using 'CodeIgniter\Session\Handlers\FileHandler' driver.
INFO - 2024-02-07 17:39:50 --> Session: Class initialized using 'CodeIgniter\Session\Handlers\FileHandler' driver.
INFO - 2024-02-07 17:40:43 --> Session: Class initialized using 'CodeIgniter\Session\Handlers\FileHandler' driver.
INFO - 2024-02-07 17:41:32 --> Session: Class initialized using 'CodeIgniter\Session\Handlers\FileHandler' driver.
INFO - 2024-02-07 17:42:08 --> Session: Class initialized using 'CodeIgniter\Session\Handlers\FileHandler' driver.
INFO - 2024-02-07 17:42:52 --> Session: Class initialized using 'CodeIgniter\Session\Handlers\FileHandler' driver.
INFO - 2024-02-07 17:44:39 --> Session: Class initialized using 'CodeIgniter\Session\Handlers\FileHandler' driver.
INFO - 2024-02-07 17:47:01 --> Session: Class initialized using 'CodeIgniter\Session\Handlers\FileHandler' driver.
INFO - 2024-02-07 17:48:21 --> Session: Class initialized using 'CodeIgniter\Session\Handlers\FileHandler' driver.
INFO - 2024-02-07 17:49:09 --> Session: Class initialized using 'CodeIgniter\Session\Handlers\FileHandler' driver.
INFO - 2024-02-07 17:50:16 --> Session: Class initialized using 'CodeIgniter\Session\Handlers\FileHandler' driver.
INFO - 2024-02-07 17:51:34 --> Session: Class initialized using 'CodeIgniter\Session\Handlers\FileHandler' driver.
