CRITICAL - 2023-12-15 17:05:42 --> Undefined variable $nameVideo
in FCPATH\functions\checks\checkFiles.php on line 17.
 1 FCPATH\functions\checks\checkFiles.php(17): CodeIgniter\Debug\Exceptions->errorHandler(2, 'Undefined variable $nameVideo', 'C:\\xampp\\htdocs\\RPPS\\public\\functions\\checks\\checkFiles.php', 17)
 2 APPPATH\Views\contents\template-1\home-page\main\sections\slide-news.php(73): checkFiles('aLjGTFfzF-Y', '2023/9')
 3 SYSTEMPATH\View\View.php(213): include('C:\\xampp\\htdocs\\RPPS\\app\\Views\\contents\\template-1\\home-page\\main\\sections\\slide-news.php')
 4 SYSTEMPATH\View\View.php(216): CodeIgniter\View\View->CodeIgniter\View\{closure}()
 5 SYSTEMPATH\Common.php(1184): CodeIgniter\View\View->render('contents/template-1/home-page/main/sections/slide-news', [], true)
 6 APPPATH\Controllers\Home.php(46): view('contents/template-1/home-page/main/sections/slide-news', [...])
 7 SYSTEMPATH\CodeIgniter.php(934): App\Controllers\Home->index()
 8 SYSTEMPATH\CodeIgniter.php(499): CodeIgniter\CodeIgniter->runController(Object(App\Controllers\Home))
 9 SYSTEMPATH\CodeIgniter.php(368): CodeIgniter\CodeIgniter->handleRequest(null, Object(Config\Cache), false)
10 FCPATH\index.php(67): CodeIgniter\CodeIgniter->run()
CRITICAL - 2023-12-15 17:44:44 --> Undefined property: stdClass::$video-principal
in APPPATH\Views\contents\template-1\home-page\main\sections\publications.php on line 47.
 1 APPPATH\Views\contents\template-1\home-page\main\sections\publications.php(47): CodeIgniter\Debug\Exceptions->errorHandler(2, 'Undefined property: stdClass::$video-principal', 'C:\\xampp\\htdocs\\RPPS\\app\\Views\\contents\\template-1\\home-page\\main\\sections\\publications.php', 47)
 2 SYSTEMPATH\View\View.php(213): include('C:\\xampp\\htdocs\\RPPS\\app\\Views\\contents\\template-1\\home-page\\main\\sections\\publications.php')
 3 SYSTEMPATH\View\View.php(216): CodeIgniter\View\View->CodeIgniter\View\{closure}()
 4 SYSTEMPATH\Common.php(1184): CodeIgniter\View\View->render('contents/template-1/home-page/main/sections/publications', [], true)
 5 APPPATH\Controllers\Home.php(53): view('contents/template-1/home-page/main/sections/publications', [...])
 6 SYSTEMPATH\CodeIgniter.php(934): App\Controllers\Home->index()
 7 SYSTEMPATH\CodeIgniter.php(499): CodeIgniter\CodeIgniter->runController(Object(App\Controllers\Home))
 8 SYSTEMPATH\CodeIgniter.php(368): CodeIgniter\CodeIgniter->handleRequest(null, Object(Config\Cache), false)
 9 FCPATH\index.php(67): CodeIgniter\CodeIgniter->run()
