INFO - 2024-10-03 18:44:16 --> Session: Class initialized using 'CodeIgniter\Session\Handlers\FileHandler' driver.
INFO - 2024-10-03 18:46:21 --> Session: Class initialized using 'CodeIgniter\Session\Handlers\FileHandler' driver.
INFO - 2024-10-03 18:48:32 --> Session: Class initialized using 'CodeIgniter\Session\Handlers\FileHandler' driver.
INFO - 2024-10-03 18:48:36 --> Session: Class initialized using 'CodeIgniter\Session\Handlers\FileHandler' driver.
INFO - 2024-10-03 18:48:51 --> Session: Class initialized using 'CodeIgniter\Session\Handlers\FileHandler' driver.
INFO - 2024-10-03 18:49:01 --> Session: Class initialized using 'CodeIgniter\Session\Handlers\FileHandler' driver.
INFO - 2024-10-03 18:49:01 --> Session: Class initialized using 'CodeIgniter\Session\Handlers\FileHandler' driver.
INFO - 2024-10-03 18:49:01 --> Session: Class initialized using 'CodeIgniter\Session\Handlers\FileHandler' driver.
CRITICAL - 2024-10-03 15:51:22 --> Maximum execution time of 120 seconds exceeded
in VENDORPATH\phpmailer\phpmailer\src\SMTP.php on line 1269.
 1 [internal function]: CodeIgniter\Debug\Exceptions->shutdownHandler()
CRITICAL - 2024-10-03 15:53:32 --> Maximum execution time of 120 seconds exceeded
in VENDORPATH\phpmailer\phpmailer\src\SMTP.php on line 1269.
 1 [internal function]: CodeIgniter\Debug\Exceptions->shutdownHandler()
INFO - 2024-10-03 19:56:55 --> Session: Class initialized using 'CodeIgniter\Session\Handlers\FileHandler' driver.
INFO - 2024-10-03 19:56:55 --> Session: Class initialized using 'CodeIgniter\Session\Handlers\FileHandler' driver.
INFO - 2024-10-03 19:57:38 --> Session: Class initialized using 'CodeIgniter\Session\Handlers\FileHandler' driver.
INFO - 2024-10-03 19:57:49 --> Session: Class initialized using 'CodeIgniter\Session\Handlers\FileHandler' driver.
INFO - 2024-10-03 19:58:01 --> Session: Class initialized using 'CodeIgniter\Session\Handlers\FileHandler' driver.
INFO - 2024-10-03 19:58:01 --> Session: Class initialized using 'CodeIgniter\Session\Handlers\FileHandler' driver.
INFO - 2024-10-03 19:58:02 --> Session: Class initialized using 'CodeIgniter\Session\Handlers\FileHandler' driver.
INFO - 2024-10-03 19:58:11 --> Session: Class initialized using 'CodeIgniter\Session\Handlers\FileHandler' driver.
INFO - 2024-10-03 19:58:15 --> Session: Class initialized using 'CodeIgniter\Session\Handlers\FileHandler' driver.
INFO - 2024-10-03 19:58:16 --> Session: Class initialized using 'CodeIgniter\Session\Handlers\FileHandler' driver.
INFO - 2024-10-03 19:58:30 --> Session: Class initialized using 'CodeIgniter\Session\Handlers\FileHandler' driver.
ERROR - 2024-10-03 19:58:30 --> mysqli_sql_exception: You have an error in your SQL syntax; check the manual that corresponds to your MariaDB server version for the right syntax to use near ':email:' at line 1 in C:\xampp\htdocs\RPPS\system\Database\MySQLi\Connection.php:295
Stack trace:
#0 C:\xampp\htdocs\RPPS\system\Database\MySQLi\Connection.php(295): mysqli->query('SELECT COUNT(0)...', 0)
#1 C:\xampp\htdocs\RPPS\system\Database\BaseConnection.php(692): CodeIgniter\Database\MySQLi\Connection->execute('SELECT COUNT(0)...')
#2 C:\xampp\htdocs\RPPS\system\Database\BaseConnection.php(606): CodeIgniter\Database\BaseConnection->simpleQuery('SELECT COUNT(0)...')
#3 C:\xampp\htdocs\RPPS\system\Model.php(836): CodeIgniter\Database\BaseConnection->query('SELECT COUNT(0)...', Array)
#4 C:\xampp\htdocs\RPPS\app\Models\AjaxModel\AjaxInstituteModel.php(278): CodeIgniter\Model->__call('query', Array)
#5 C:\xampp\htdocs\RPPS\app\Models\AjaxModel\AjaxInstituteModel.php(134): App\Models\AjaxModel\AjaxInstituteModel->verifyMail('meurppswebprev@...')
#6 C:\xampp\htdocs\RPPS\app\Controllers\Ajax\AjaxInstitute.php(181): App\Models\AjaxModel\AjaxInstituteModel->updateInfos(Array)
#7 C:\xampp\htdocs\RPPS\system\CodeIgniter.php(934): App\Controllers\Ajax\AjaxInstitute->changeInfos()
#8 C:\xampp\htdocs\RPPS\system\CodeIgniter.php(499): CodeIgniter\CodeIgniter->runController(Object(App\Controllers\Ajax\AjaxInstitute))
#9 C:\xampp\htdocs\RPPS\system\CodeIgniter.php(368): CodeIgniter\CodeIgniter->handleRequest(NULL, Object(Config\Cache), false)
#10 C:\xampp\htdocs\RPPS\public\index.php(67): CodeIgniter\CodeIgniter->run()
#11 {main}
CRITICAL - 2024-10-03 19:58:31 --> You have an error in your SQL syntax; check the manual that corresponds to your MariaDB server version for the right syntax to use near ':email:' at line 1
in SYSTEMPATH\Database\MySQLi\Connection.php on line 295.
 1 SYSTEMPATH\Database\MySQLi\Connection.php(295): mysqli->query('SELECT COUNT(0) as mails FROM instituto_contatos WHERE id_instituto != \'2\' AND email = :email:', 0)
 2 SYSTEMPATH\Database\BaseConnection.php(692): CodeIgniter\Database\MySQLi\Connection->execute('SELECT COUNT(0) as mails FROM instituto_contatos WHERE id_instituto != \'2\' AND email = :email:')
 3 SYSTEMPATH\Database\BaseConnection.php(606): CodeIgniter\Database\BaseConnection->simpleQuery('SELECT COUNT(0) as mails FROM instituto_contatos WHERE id_instituto != \'2\' AND email = :email:')
 4 SYSTEMPATH\Model.php(836): CodeIgniter\Database\BaseConnection->query('SELECT COUNT(0) as mails FROM instituto_contatos WHERE id_instituto != :id: AND email = :email:', [...])
 5 APPPATH\Models\AjaxModel\AjaxInstituteModel.php(278): CodeIgniter\Model->__call('query', [...])
 6 APPPATH\Models\AjaxModel\AjaxInstituteModel.php(134): App\Models\AjaxModel\AjaxInstituteModel->verifyMail('meurppswebprev@gmail.com')
 7 APPPATH\Controllers\Ajax\AjaxInstitute.php(181): App\Models\AjaxModel\AjaxInstituteModel->updateInfos([...])
 8 SYSTEMPATH\CodeIgniter.php(934): App\Controllers\Ajax\AjaxInstitute->changeInfos()
 9 SYSTEMPATH\CodeIgniter.php(499): CodeIgniter\CodeIgniter->runController(Object(App\Controllers\Ajax\AjaxInstitute))
10 SYSTEMPATH\CodeIgniter.php(368): CodeIgniter\CodeIgniter->handleRequest(null, Object(Config\Cache), false)
11 FCPATH\index.php(67): CodeIgniter\CodeIgniter->run()
