CRITICAL - 2023-11-27 20:33:18 --> Attempt to read property "imagem_principal" on array
in APPPATH\Views\contents\template-1\inner-pages\main\sections\post.php on line 21.
 1 APPPATH\Views\contents\template-1\inner-pages\main\sections\post.php(21): CodeIgniter\Debug\Exceptions->errorHandler(2, 'Attempt to read property "imagem_principal" on array', 'C:\\xampp\\htdocs\\RPPS\\app\\Views\\contents\\template-1\\inner-pages\\main\\sections\\post.php', 21)
 2 SYSTEMPATH\View\View.php(213): include('C:\\xampp\\htdocs\\RPPS\\app\\Views\\contents\\template-1\\inner-pages\\main\\sections\\post.php')
 3 SYSTEMPATH\View\View.php(216): CodeIgniter\View\View->CodeIgniter\View\{closure}()
 4 SYSTEMPATH\Common.php(1184): CodeIgniter\View\View->render('contents/template-1/inner-pages/main/sections/post.php', [], true)
 5 APPPATH\Controllers\InnerPages\Publications.php(53): view('contents/template-1/inner-pages/main/sections/post.php', [...])
 6 SYSTEMPATH\CodeIgniter.php(934): App\Controllers\InnerPages\Publications->noticias()
 7 SYSTEMPATH\CodeIgniter.php(499): CodeIgniter\CodeIgniter->runController(Object(App\Controllers\InnerPages\Publications))
 8 SYSTEMPATH\CodeIgniter.php(368): CodeIgniter\CodeIgniter->handleRequest(null, Object(Config\Cache), false)
 9 FCPATH\index.php(67): CodeIgniter\CodeIgniter->run()
CRITICAL - 2023-11-27 20:36:04 --> Attempt to read property "imagem_principal" on array
in APPPATH\Views\contents\template-1\inner-pages\main\sections\post.php on line 21.
 1 APPPATH\Views\contents\template-1\inner-pages\main\sections\post.php(21): CodeIgniter\Debug\Exceptions->errorHandler(2, 'Attempt to read property "imagem_principal" on array', 'C:\\xampp\\htdocs\\RPPS\\app\\Views\\contents\\template-1\\inner-pages\\main\\sections\\post.php', 21)
 2 SYSTEMPATH\View\View.php(213): include('C:\\xampp\\htdocs\\RPPS\\app\\Views\\contents\\template-1\\inner-pages\\main\\sections\\post.php')
 3 SYSTEMPATH\View\View.php(216): CodeIgniter\View\View->CodeIgniter\View\{closure}()
 4 SYSTEMPATH\Common.php(1184): CodeIgniter\View\View->render('contents/template-1/inner-pages/main/sections/post.php', [], true)
 5 APPPATH\Controllers\InnerPages\Publications.php(53): view('contents/template-1/inner-pages/main/sections/post.php', [...])
 6 SYSTEMPATH\CodeIgniter.php(934): App\Controllers\InnerPages\Publications->noticias()
 7 SYSTEMPATH\CodeIgniter.php(499): CodeIgniter\CodeIgniter->runController(Object(App\Controllers\InnerPages\Publications))
 8 SYSTEMPATH\CodeIgniter.php(368): CodeIgniter\CodeIgniter->handleRequest(null, Object(Config\Cache), false)
 9 FCPATH\index.php(67): CodeIgniter\CodeIgniter->run()
CRITICAL - 2023-11-27 18:12:34 --> Undefined variable $events
in APPPATH\Views\contents\template-1\home-page\main\sections\main-content\main-content.php on line 45.
 1 APPPATH\Views\contents\template-1\home-page\main\sections\main-content\main-content.php(45): CodeIgniter\Debug\Exceptions->errorHandler(2, 'Undefined variable $events', 'C:\\xampp\\htdocs\\RPPS\\app\\Views\\contents\\template-1\\home-page\\main\\sections\\main-content\\main-content.php', 45)
 2 SYSTEMPATH\View\View.php(213): include('C:\\xampp\\htdocs\\RPPS\\app\\Views\\contents\\template-1\\home-page\\main\\sections\\main-content\\main-content.php')
 3 SYSTEMPATH\View\View.php(216): CodeIgniter\View\View->CodeIgniter\View\{closure}()
 4 SYSTEMPATH\Common.php(1184): CodeIgniter\View\View->render('contents/template-1/home-page/main/sections/main-content/main-content', [], true)
 5 APPPATH\Controllers\Home.php(56): view('contents/template-1/home-page/main/sections/main-content/main-content')
 6 SYSTEMPATH\CodeIgniter.php(934): App\Controllers\Home->index()
 7 SYSTEMPATH\CodeIgniter.php(499): CodeIgniter\CodeIgniter->runController(Object(App\Controllers\Home))
 8 SYSTEMPATH\CodeIgniter.php(368): CodeIgniter\CodeIgniter->handleRequest(null, Object(Config\Cache), false)
 9 FCPATH\index.php(67): CodeIgniter\CodeIgniter->run()
CRITICAL - 2023-11-27 18:15:42 --> Class "App\Models\Home\Events" not found
in APPPATH\Controllers\Home.php on line 57.
 1 SYSTEMPATH\CodeIgniter.php(934): App\Controllers\Home->index()
 2 SYSTEMPATH\CodeIgniter.php(499): CodeIgniter\CodeIgniter->runController(Object(App\Controllers\Home))
 3 SYSTEMPATH\CodeIgniter.php(368): CodeIgniter\CodeIgniter->handleRequest(null, Object(Config\Cache), false)
 4 FCPATH\index.php(67): CodeIgniter\CodeIgniter->run()
CRITICAL - 2023-11-27 18:16:20 --> Class "App\Models\Home\Events" not found
in APPPATH\Controllers\Home.php on line 57.
 1 SYSTEMPATH\CodeIgniter.php(934): App\Controllers\Home->index()
 2 SYSTEMPATH\CodeIgniter.php(499): CodeIgniter\CodeIgniter->runController(Object(App\Controllers\Home))
 3 SYSTEMPATH\CodeIgniter.php(368): CodeIgniter\CodeIgniter->handleRequest(null, Object(Config\Cache), false)
 4 FCPATH\index.php(67): CodeIgniter\CodeIgniter->run()
CRITICAL - 2023-11-27 18:16:57 --> You must set the database table to be used with your query.
in SYSTEMPATH\Database\BaseConnection.php on line 883.
 1 SYSTEMPATH\Model.php(642): CodeIgniter\Database\BaseConnection->table(null)
 2 SYSTEMPATH\Model.php(832): CodeIgniter\Model->builder()
 3 APPPATH\Models\Home\Events.php(13): CodeIgniter\Model->__call('Model', [])
 4 APPPATH\Controllers\Home.php(58): App\Models\Home\Events->events([...])
 5 SYSTEMPATH\CodeIgniter.php(934): App\Controllers\Home->index()
 6 SYSTEMPATH\CodeIgniter.php(499): CodeIgniter\CodeIgniter->runController(Object(App\Controllers\Home))
 7 SYSTEMPATH\CodeIgniter.php(368): CodeIgniter\CodeIgniter->handleRequest(null, Object(Config\Cache), false)
 8 FCPATH\index.php(67): CodeIgniter\CodeIgniter->run()
CRITICAL - 2023-11-27 18:17:43 --> Call to undefined method App\Models\Home\Events::Model
in SYSTEMPATH\Model.php on line 842.
 1 APPPATH\Models\Home\Events.php(13): CodeIgniter\Model->__call('Model', [])
 2 APPPATH\Controllers\Home.php(58): App\Models\Home\Events->events([...])
 3 SYSTEMPATH\CodeIgniter.php(934): App\Controllers\Home->index()
 4 SYSTEMPATH\CodeIgniter.php(499): CodeIgniter\CodeIgniter->runController(Object(App\Controllers\Home))
 5 SYSTEMPATH\CodeIgniter.php(368): CodeIgniter\CodeIgniter->handleRequest(null, Object(Config\Cache), false)
 6 FCPATH\index.php(67): CodeIgniter\CodeIgniter->run()
CRITICAL - 2023-11-27 18:18:02 --> Call to undefined method App\Models\Home\Events::Model
in SYSTEMPATH\Model.php on line 842.
 1 APPPATH\Models\Home\Events.php(13): CodeIgniter\Model->__call('Model', [])
 2 APPPATH\Controllers\Home.php(58): App\Models\Home\Events->events([...])
 3 SYSTEMPATH\CodeIgniter.php(934): App\Controllers\Home->index()
 4 SYSTEMPATH\CodeIgniter.php(499): CodeIgniter\CodeIgniter->runController(Object(App\Controllers\Home))
 5 SYSTEMPATH\CodeIgniter.php(368): CodeIgniter\CodeIgniter->handleRequest(null, Object(Config\Cache), false)
 6 FCPATH\index.php(67): CodeIgniter\CodeIgniter->run()
ERROR - 2023-11-27 18:19:38 --> mysqli_sql_exception: Table 'teste_dados_instituto.events' doesn't exist in C:\xampp\htdocs\RPPS\system\Database\MySQLi\Connection.php:295
Stack trace:
#0 C:\xampp\htdocs\RPPS\system\Database\MySQLi\Connection.php(295): mysqli->query('\r\n            S...', 0)
#1 C:\xampp\htdocs\RPPS\system\Database\BaseConnection.php(692): CodeIgniter\Database\MySQLi\Connection->execute('\r\n            S...')
#2 C:\xampp\htdocs\RPPS\system\Database\BaseConnection.php(606): CodeIgniter\Database\BaseConnection->simpleQuery('\r\n            S...')
#3 C:\xampp\htdocs\RPPS\system\Model.php(836): CodeIgniter\Database\BaseConnection->query('\r\n            S...', Array)
#4 C:\xampp\htdocs\RPPS\app\Models\Home\Events.php(22): CodeIgniter\Model->__call('query', Array)
#5 C:\xampp\htdocs\RPPS\app\Controllers\Home.php(58): App\Models\Home\Events->allEvents(Array)
#6 C:\xampp\htdocs\RPPS\system\CodeIgniter.php(934): App\Controllers\Home->index()
#7 C:\xampp\htdocs\RPPS\system\CodeIgniter.php(499): CodeIgniter\CodeIgniter->runController(Object(App\Controllers\Home))
#8 C:\xampp\htdocs\RPPS\system\CodeIgniter.php(368): CodeIgniter\CodeIgniter->handleRequest(NULL, Object(Config\Cache), false)
#9 C:\xampp\htdocs\RPPS\public\index.php(67): CodeIgniter\CodeIgniter->run()
#10 {main}
CRITICAL - 2023-11-27 18:19:38 --> Table 'teste_dados_instituto.events' doesn't exist
in SYSTEMPATH\Database\MySQLi\Connection.php on line 295.
 1 SYSTEMPATH\Database\MySQLi\Connection.php(295): mysqli->query('
            SELECT data
            FROM events 
            WHERE id_instituto = \'1\'', 0)
 2 SYSTEMPATH\Database\BaseConnection.php(692): CodeIgniter\Database\MySQLi\Connection->execute('
            SELECT data
            FROM events 
            WHERE id_instituto = \'1\'')
 3 SYSTEMPATH\Database\BaseConnection.php(606): CodeIgniter\Database\BaseConnection->simpleQuery('
            SELECT data
            FROM events 
            WHERE id_instituto = \'1\'')
 4 SYSTEMPATH\Model.php(836): CodeIgniter\Database\BaseConnection->query('
            SELECT data
            FROM events 
            WHERE id_instituto = ?', [...])
 5 APPPATH\Models\Home\Events.php(22): CodeIgniter\Model->__call('query', [...])
 6 APPPATH\Controllers\Home.php(58): App\Models\Home\Events->allEvents([...])
 7 SYSTEMPATH\CodeIgniter.php(934): App\Controllers\Home->index()
 8 SYSTEMPATH\CodeIgniter.php(499): CodeIgniter\CodeIgniter->runController(Object(App\Controllers\Home))
 9 SYSTEMPATH\CodeIgniter.php(368): CodeIgniter\CodeIgniter->handleRequest(null, Object(Config\Cache), false)
10 FCPATH\index.php(67): CodeIgniter\CodeIgniter->run()
ERROR - 2023-11-27 18:19:51 --> mysqli_sql_exception: Table 'teste_dados_instituto.events' doesn't exist in C:\xampp\htdocs\RPPS\system\Database\MySQLi\Connection.php:295
Stack trace:
#0 C:\xampp\htdocs\RPPS\system\Database\MySQLi\Connection.php(295): mysqli->query('\r\n            S...', 0)
#1 C:\xampp\htdocs\RPPS\system\Database\BaseConnection.php(692): CodeIgniter\Database\MySQLi\Connection->execute('\r\n            S...')
#2 C:\xampp\htdocs\RPPS\system\Database\BaseConnection.php(606): CodeIgniter\Database\BaseConnection->simpleQuery('\r\n            S...')
#3 C:\xampp\htdocs\RPPS\system\Model.php(836): CodeIgniter\Database\BaseConnection->query('\r\n            S...', Array)
#4 C:\xampp\htdocs\RPPS\app\Models\Home\Events.php(22): CodeIgniter\Model->__call('query', Array)
#5 C:\xampp\htdocs\RPPS\app\Controllers\Home.php(58): App\Models\Home\Events->allEvents(Array)
#6 C:\xampp\htdocs\RPPS\system\CodeIgniter.php(934): App\Controllers\Home->index()
#7 C:\xampp\htdocs\RPPS\system\CodeIgniter.php(499): CodeIgniter\CodeIgniter->runController(Object(App\Controllers\Home))
#8 C:\xampp\htdocs\RPPS\system\CodeIgniter.php(368): CodeIgniter\CodeIgniter->handleRequest(NULL, Object(Config\Cache), false)
#9 C:\xampp\htdocs\RPPS\public\index.php(67): CodeIgniter\CodeIgniter->run()
#10 {main}
CRITICAL - 2023-11-27 18:19:51 --> Table 'teste_dados_instituto.events' doesn't exist
in SYSTEMPATH\Database\MySQLi\Connection.php on line 295.
 1 SYSTEMPATH\Database\MySQLi\Connection.php(295): mysqli->query('
            SELECT data
            FROM events 
            WHERE id_instituto = \'1\'', 0)
 2 SYSTEMPATH\Database\BaseConnection.php(692): CodeIgniter\Database\MySQLi\Connection->execute('
            SELECT data
            FROM events 
            WHERE id_instituto = \'1\'')
 3 SYSTEMPATH\Database\BaseConnection.php(606): CodeIgniter\Database\BaseConnection->simpleQuery('
            SELECT data
            FROM events 
            WHERE id_instituto = \'1\'')
 4 SYSTEMPATH\Model.php(836): CodeIgniter\Database\BaseConnection->query('
            SELECT data
            FROM events 
            WHERE id_instituto = ?', [...])
 5 APPPATH\Models\Home\Events.php(22): CodeIgniter\Model->__call('query', [...])
 6 APPPATH\Controllers\Home.php(58): App\Models\Home\Events->allEvents([...])
 7 SYSTEMPATH\CodeIgniter.php(934): App\Controllers\Home->index()
 8 SYSTEMPATH\CodeIgniter.php(499): CodeIgniter\CodeIgniter->runController(Object(App\Controllers\Home))
 9 SYSTEMPATH\CodeIgniter.php(368): CodeIgniter\CodeIgniter->handleRequest(null, Object(Config\Cache), false)
10 FCPATH\index.php(67): CodeIgniter\CodeIgniter->run()
ERROR - 2023-11-27 18:19:53 --> mysqli_sql_exception: Table 'teste_dados_instituto.events' doesn't exist in C:\xampp\htdocs\RPPS\system\Database\MySQLi\Connection.php:295
Stack trace:
#0 C:\xampp\htdocs\RPPS\system\Database\MySQLi\Connection.php(295): mysqli->query('\r\n            S...', 0)
#1 C:\xampp\htdocs\RPPS\system\Database\BaseConnection.php(692): CodeIgniter\Database\MySQLi\Connection->execute('\r\n            S...')
#2 C:\xampp\htdocs\RPPS\system\Database\BaseConnection.php(606): CodeIgniter\Database\BaseConnection->simpleQuery('\r\n            S...')
#3 C:\xampp\htdocs\RPPS\system\Model.php(836): CodeIgniter\Database\BaseConnection->query('\r\n            S...', Array)
#4 C:\xampp\htdocs\RPPS\app\Models\Home\Events.php(22): CodeIgniter\Model->__call('query', Array)
#5 C:\xampp\htdocs\RPPS\app\Controllers\Home.php(58): App\Models\Home\Events->allEvents(Array)
#6 C:\xampp\htdocs\RPPS\system\CodeIgniter.php(934): App\Controllers\Home->index()
#7 C:\xampp\htdocs\RPPS\system\CodeIgniter.php(499): CodeIgniter\CodeIgniter->runController(Object(App\Controllers\Home))
#8 C:\xampp\htdocs\RPPS\system\CodeIgniter.php(368): CodeIgniter\CodeIgniter->handleRequest(NULL, Object(Config\Cache), false)
#9 C:\xampp\htdocs\RPPS\public\index.php(67): CodeIgniter\CodeIgniter->run()
#10 {main}
CRITICAL - 2023-11-27 18:19:53 --> Table 'teste_dados_instituto.events' doesn't exist
in SYSTEMPATH\Database\MySQLi\Connection.php on line 295.
 1 SYSTEMPATH\Database\MySQLi\Connection.php(295): mysqli->query('
            SELECT data
            FROM events 
            WHERE id_instituto = \'1\'', 0)
 2 SYSTEMPATH\Database\BaseConnection.php(692): CodeIgniter\Database\MySQLi\Connection->execute('
            SELECT data
            FROM events 
            WHERE id_instituto = \'1\'')
 3 SYSTEMPATH\Database\BaseConnection.php(606): CodeIgniter\Database\BaseConnection->simpleQuery('
            SELECT data
            FROM events 
            WHERE id_instituto = \'1\'')
 4 SYSTEMPATH\Model.php(836): CodeIgniter\Database\BaseConnection->query('
            SELECT data
            FROM events 
            WHERE id_instituto = ?', [...])
 5 APPPATH\Models\Home\Events.php(22): CodeIgniter\Model->__call('query', [...])
 6 APPPATH\Controllers\Home.php(58): App\Models\Home\Events->allEvents([...])
 7 SYSTEMPATH\CodeIgniter.php(934): App\Controllers\Home->index()
 8 SYSTEMPATH\CodeIgniter.php(499): CodeIgniter\CodeIgniter->runController(Object(App\Controllers\Home))
 9 SYSTEMPATH\CodeIgniter.php(368): CodeIgniter\CodeIgniter->handleRequest(null, Object(Config\Cache), false)
10 FCPATH\index.php(67): CodeIgniter\CodeIgniter->run()
CRITICAL - 2023-11-27 18:22:52 --> Undefined variable $events
in APPPATH\Views\contents\template-1\home-page\main\sections\main-content\main-content.php on line 45.
 1 APPPATH\Views\contents\template-1\home-page\main\sections\main-content\main-content.php(45): CodeIgniter\Debug\Exceptions->errorHandler(2, 'Undefined variable $events', 'C:\\xampp\\htdocs\\RPPS\\app\\Views\\contents\\template-1\\home-page\\main\\sections\\main-content\\main-content.php', 45)
 2 SYSTEMPATH\View\View.php(213): include('C:\\xampp\\htdocs\\RPPS\\app\\Views\\contents\\template-1\\home-page\\main\\sections\\main-content\\main-content.php')
 3 SYSTEMPATH\View\View.php(216): CodeIgniter\View\View->CodeIgniter\View\{closure}()
 4 SYSTEMPATH\Common.php(1184): CodeIgniter\View\View->render('contents/template-1/home-page/main/sections/main-content/main-content', [], true)
 5 APPPATH\Controllers\Home.php(59): view('contents/template-1/home-page/main/sections/main-content/main-content')
 6 SYSTEMPATH\CodeIgniter.php(934): App\Controllers\Home->index()
 7 SYSTEMPATH\CodeIgniter.php(499): CodeIgniter\CodeIgniter->runController(Object(App\Controllers\Home))
 8 SYSTEMPATH\CodeIgniter.php(368): CodeIgniter\CodeIgniter->handleRequest(null, Object(Config\Cache), false)
 9 FCPATH\index.php(67): CodeIgniter\CodeIgniter->run()
CRITICAL - 2023-11-27 18:25:02 --> Undefined variable $events
in APPPATH\Views\contents\template-1\home-page\main\sections\main-content\main-content.php on line 45.
 1 APPPATH\Views\contents\template-1\home-page\main\sections\main-content\main-content.php(45): CodeIgniter\Debug\Exceptions->errorHandler(2, 'Undefined variable $events', 'C:\\xampp\\htdocs\\RPPS\\app\\Views\\contents\\template-1\\home-page\\main\\sections\\main-content\\main-content.php', 45)
 2 SYSTEMPATH\View\View.php(213): include('C:\\xampp\\htdocs\\RPPS\\app\\Views\\contents\\template-1\\home-page\\main\\sections\\main-content\\main-content.php')
 3 SYSTEMPATH\View\View.php(216): CodeIgniter\View\View->CodeIgniter\View\{closure}()
 4 SYSTEMPATH\Common.php(1184): CodeIgniter\View\View->render('contents/template-1/home-page/main/sections/main-content/main-content', [], true)
 5 APPPATH\Controllers\Home.php(59): view('contents/template-1/home-page/main/sections/main-content/main-content')
 6 SYSTEMPATH\CodeIgniter.php(934): App\Controllers\Home->index()
 7 SYSTEMPATH\CodeIgniter.php(499): CodeIgniter\CodeIgniter->runController(Object(App\Controllers\Home))
 8 SYSTEMPATH\CodeIgniter.php(368): CodeIgniter\CodeIgniter->handleRequest(null, Object(Config\Cache), false)
 9 FCPATH\index.php(67): CodeIgniter\CodeIgniter->run()
CRITICAL - 2023-11-27 18:26:57 --> Undefined variable $events
in APPPATH\Views\contents\template-1\home-page\main\sections\main-content\main-content.php on line 46.
 1 APPPATH\Views\contents\template-1\home-page\main\sections\main-content\main-content.php(46): CodeIgniter\Debug\Exceptions->errorHandler(2, 'Undefined variable $events', 'C:\\xampp\\htdocs\\RPPS\\app\\Views\\contents\\template-1\\home-page\\main\\sections\\main-content\\main-content.php', 46)
 2 SYSTEMPATH\View\View.php(213): include('C:\\xampp\\htdocs\\RPPS\\app\\Views\\contents\\template-1\\home-page\\main\\sections\\main-content\\main-content.php')
 3 SYSTEMPATH\View\View.php(216): CodeIgniter\View\View->CodeIgniter\View\{closure}()
 4 SYSTEMPATH\Common.php(1184): CodeIgniter\View\View->render('contents/template-1/home-page/main/sections/main-content/main-content', [], true)
 5 APPPATH\Controllers\Home.php(59): view('contents/template-1/home-page/main/sections/main-content/main-content')
 6 SYSTEMPATH\CodeIgniter.php(934): App\Controllers\Home->index()
 7 SYSTEMPATH\CodeIgniter.php(499): CodeIgniter\CodeIgniter->runController(Object(App\Controllers\Home))
 8 SYSTEMPATH\CodeIgniter.php(368): CodeIgniter\CodeIgniter->handleRequest(null, Object(Config\Cache), false)
 9 FCPATH\index.php(67): CodeIgniter\CodeIgniter->run()
CRITICAL - 2023-11-27 18:28:19 --> Invalid file: "contents/template-1/home-page/main/sections/other-events/events.php"
in SYSTEMPATH\Exceptions\FrameworkException.php on line 33.
 1 SYSTEMPATH\View\View.php(201): CodeIgniter\Exceptions\FrameworkException::forInvalidFile('contents/template-1/home-page/main/sections/other-events/events.php')
 2 SYSTEMPATH\Common.php(1184): CodeIgniter\View\View->render('contents/template-1/home-page/main/sections/other-events/events', [], true)
 3 APPPATH\Controllers\Home.php(65): view('contents/template-1/home-page/main/sections/other-events/events', [...])
 4 SYSTEMPATH\CodeIgniter.php(934): App\Controllers\Home->index()
 5 SYSTEMPATH\CodeIgniter.php(499): CodeIgniter\CodeIgniter->runController(Object(App\Controllers\Home))
 6 SYSTEMPATH\CodeIgniter.php(368): CodeIgniter\CodeIgniter->handleRequest(null, Object(Config\Cache), false)
 7 FCPATH\index.php(67): CodeIgniter\CodeIgniter->run()
CRITICAL - 2023-11-27 18:29:05 --> Invalid file: "contents/template-1/home-page/main/sections/other-events/events.php"
in SYSTEMPATH\Exceptions\FrameworkException.php on line 33.
 1 SYSTEMPATH\View\View.php(201): CodeIgniter\Exceptions\FrameworkException::forInvalidFile('contents/template-1/home-page/main/sections/other-events/events.php')
 2 SYSTEMPATH\Common.php(1184): CodeIgniter\View\View->render('contents/template-1/home-page/main/sections/other-events/events', [], true)
 3 APPPATH\Controllers\Home.php(65): view('contents/template-1/home-page/main/sections/other-events/events', [...])
 4 SYSTEMPATH\CodeIgniter.php(934): App\Controllers\Home->index()
 5 SYSTEMPATH\CodeIgniter.php(499): CodeIgniter\CodeIgniter->runController(Object(App\Controllers\Home))
 6 SYSTEMPATH\CodeIgniter.php(368): CodeIgniter\CodeIgniter->handleRequest(null, Object(Config\Cache), false)
 7 FCPATH\index.php(67): CodeIgniter\CodeIgniter->run()
CRITICAL - 2023-11-27 18:35:30 --> Invalid file: "contents/template-1/home-page/main/sections/other-events/events.php"
in SYSTEMPATH\Exceptions\FrameworkException.php on line 33.
 1 SYSTEMPATH\View\View.php(201): CodeIgniter\Exceptions\FrameworkException::forInvalidFile('contents/template-1/home-page/main/sections/other-events/events.php')
 2 SYSTEMPATH\Common.php(1184): CodeIgniter\View\View->render('contents/template-1/home-page/main/sections/other-events/events', [], true)
 3 APPPATH\Controllers\Home.php(65): view('contents/template-1/home-page/main/sections/other-events/events', [...])
 4 SYSTEMPATH\CodeIgniter.php(934): App\Controllers\Home->index()
 5 SYSTEMPATH\CodeIgniter.php(499): CodeIgniter\CodeIgniter->runController(Object(App\Controllers\Home))
 6 SYSTEMPATH\CodeIgniter.php(368): CodeIgniter\CodeIgniter->handleRequest(null, Object(Config\Cache), false)
 7 FCPATH\index.php(67): CodeIgniter\CodeIgniter->run()
CRITICAL - 2023-11-27 18:35:38 --> Invalid file: "contents/template-1/home-page/main/sections/other-events/events.php"
in SYSTEMPATH\Exceptions\FrameworkException.php on line 33.
 1 SYSTEMPATH\View\View.php(201): CodeIgniter\Exceptions\FrameworkException::forInvalidFile('contents/template-1/home-page/main/sections/other-events/events.php')
 2 SYSTEMPATH\Common.php(1184): CodeIgniter\View\View->render('contents/template-1/home-page/main/sections/other-events/events', [], true)
 3 APPPATH\Controllers\Home.php(65): view('contents/template-1/home-page/main/sections/other-events/events', [...])
 4 SYSTEMPATH\CodeIgniter.php(934): App\Controllers\Home->index()
 5 SYSTEMPATH\CodeIgniter.php(499): CodeIgniter\CodeIgniter->runController(Object(App\Controllers\Home))
 6 SYSTEMPATH\CodeIgniter.php(368): CodeIgniter\CodeIgniter->handleRequest(null, Object(Config\Cache), false)
 7 FCPATH\index.php(67): CodeIgniter\CodeIgniter->run()
CRITICAL - 2023-11-27 18:35:42 --> Invalid file: "contents/template-1/home-page/main/sections/other-events/events.php"
in SYSTEMPATH\Exceptions\FrameworkException.php on line 33.
 1 SYSTEMPATH\View\View.php(201): CodeIgniter\Exceptions\FrameworkException::forInvalidFile('contents/template-1/home-page/main/sections/other-events/events.php')
 2 SYSTEMPATH\Common.php(1184): CodeIgniter\View\View->render('contents/template-1/home-page/main/sections/other-events/events', [], true)
 3 APPPATH\Controllers\Home.php(65): view('contents/template-1/home-page/main/sections/other-events/events', [...])
 4 SYSTEMPATH\CodeIgniter.php(934): App\Controllers\Home->index()
 5 SYSTEMPATH\CodeIgniter.php(499): CodeIgniter\CodeIgniter->runController(Object(App\Controllers\Home))
 6 SYSTEMPATH\CodeIgniter.php(368): CodeIgniter\CodeIgniter->handleRequest(null, Object(Config\Cache), false)
 7 FCPATH\index.php(67): CodeIgniter\CodeIgniter->run()
CRITICAL - 2023-11-27 18:36:16 --> Invalid file: "contents/template-1/home-page/main/sections/other-events/events.php"
in SYSTEMPATH\Exceptions\FrameworkException.php on line 33.
 1 SYSTEMPATH\View\View.php(201): CodeIgniter\Exceptions\FrameworkException::forInvalidFile('contents/template-1/home-page/main/sections/other-events/events.php')
 2 SYSTEMPATH\Common.php(1184): CodeIgniter\View\View->render('contents/template-1/home-page/main/sections/other-events/events', [], true)
 3 APPPATH\Controllers\Home.php(65): view('contents/template-1/home-page/main/sections/other-events/events', [...])
 4 SYSTEMPATH\CodeIgniter.php(934): App\Controllers\Home->index()
 5 SYSTEMPATH\CodeIgniter.php(499): CodeIgniter\CodeIgniter->runController(Object(App\Controllers\Home))
 6 SYSTEMPATH\CodeIgniter.php(368): CodeIgniter\CodeIgniter->handleRequest(null, Object(Config\Cache), false)
 7 FCPATH\index.php(67): CodeIgniter\CodeIgniter->run()
CRITICAL - 2023-11-27 18:39:27 --> Invalid file: "contents/template-1/home-page/main/sections/other-events/events.php"
in SYSTEMPATH\Exceptions\FrameworkException.php on line 33.
 1 SYSTEMPATH\View\View.php(201): CodeIgniter\Exceptions\FrameworkException::forInvalidFile('contents/template-1/home-page/main/sections/other-events/events.php')
 2 SYSTEMPATH\Common.php(1184): CodeIgniter\View\View->render('contents/template-1/home-page/main/sections/other-events/events', [], true)
 3 APPPATH\Controllers\Home.php(65): view('contents/template-1/home-page/main/sections/other-events/events', [...])
 4 SYSTEMPATH\CodeIgniter.php(934): App\Controllers\Home->index()
 5 SYSTEMPATH\CodeIgniter.php(499): CodeIgniter\CodeIgniter->runController(Object(App\Controllers\Home))
 6 SYSTEMPATH\CodeIgniter.php(368): CodeIgniter\CodeIgniter->handleRequest(null, Object(Config\Cache), false)
 7 FCPATH\index.php(67): CodeIgniter\CodeIgniter->run()
CRITICAL - 2023-11-27 18:40:00 --> Invalid file: "contents/template-1/home-page/main/sections/other-events/events.php"
in SYSTEMPATH\Exceptions\FrameworkException.php on line 33.
 1 SYSTEMPATH\View\View.php(201): CodeIgniter\Exceptions\FrameworkException::forInvalidFile('contents/template-1/home-page/main/sections/other-events/events.php')
 2 SYSTEMPATH\Common.php(1184): CodeIgniter\View\View->render('contents/template-1/home-page/main/sections/other-events/events', [], true)
 3 APPPATH\Controllers\Home.php(65): view('contents/template-1/home-page/main/sections/other-events/events', [...])
 4 SYSTEMPATH\CodeIgniter.php(934): App\Controllers\Home->index()
 5 SYSTEMPATH\CodeIgniter.php(499): CodeIgniter\CodeIgniter->runController(Object(App\Controllers\Home))
 6 SYSTEMPATH\CodeIgniter.php(368): CodeIgniter\CodeIgniter->handleRequest(null, Object(Config\Cache), false)
 7 FCPATH\index.php(67): CodeIgniter\CodeIgniter->run()
CRITICAL - 2023-11-27 18:40:37 --> Invalid file: "contents/template-1/home-page/main/sections/other-events/events.php"
in SYSTEMPATH\Exceptions\FrameworkException.php on line 33.
 1 SYSTEMPATH\View\View.php(201): CodeIgniter\Exceptions\FrameworkException::forInvalidFile('contents/template-1/home-page/main/sections/other-events/events.php')
 2 SYSTEMPATH\Common.php(1184): CodeIgniter\View\View->render('contents/template-1/home-page/main/sections/other-events/events', [], true)
 3 APPPATH\Controllers\Home.php(65): view('contents/template-1/home-page/main/sections/other-events/events', [...])
 4 SYSTEMPATH\CodeIgniter.php(934): App\Controllers\Home->index()
 5 SYSTEMPATH\CodeIgniter.php(499): CodeIgniter\CodeIgniter->runController(Object(App\Controllers\Home))
 6 SYSTEMPATH\CodeIgniter.php(368): CodeIgniter\CodeIgniter->handleRequest(null, Object(Config\Cache), false)
 7 FCPATH\index.php(67): CodeIgniter\CodeIgniter->run()
CRITICAL - 2023-11-27 18:41:59 --> Invalid file: "contents/template-1/home-page/main/sections/other-events/events.php"
in SYSTEMPATH\Exceptions\FrameworkException.php on line 33.
 1 SYSTEMPATH\View\View.php(201): CodeIgniter\Exceptions\FrameworkException::forInvalidFile('contents/template-1/home-page/main/sections/other-events/events.php')
 2 SYSTEMPATH\Common.php(1184): CodeIgniter\View\View->render('contents/template-1/home-page/main/sections/other-events/events', [], true)
 3 APPPATH\Controllers\Home.php(65): view('contents/template-1/home-page/main/sections/other-events/events', [...])
 4 SYSTEMPATH\CodeIgniter.php(934): App\Controllers\Home->index()
 5 SYSTEMPATH\CodeIgniter.php(499): CodeIgniter\CodeIgniter->runController(Object(App\Controllers\Home))
 6 SYSTEMPATH\CodeIgniter.php(368): CodeIgniter\CodeIgniter->handleRequest(null, Object(Config\Cache), false)
 7 FCPATH\index.php(67): CodeIgniter\CodeIgniter->run()
CRITICAL - 2023-11-27 18:43:46 --> Invalid file: "contents/template-1/home-page/main/sections/other-events/events.php"
in SYSTEMPATH\Exceptions\FrameworkException.php on line 33.
 1 SYSTEMPATH\View\View.php(201): CodeIgniter\Exceptions\FrameworkException::forInvalidFile('contents/template-1/home-page/main/sections/other-events/events.php')
 2 SYSTEMPATH\Common.php(1184): CodeIgniter\View\View->render('contents/template-1/home-page/main/sections/other-events/events', [], true)
 3 APPPATH\Controllers\Home.php(64): view('contents/template-1/home-page/main/sections/other-events/events', [...])
 4 SYSTEMPATH\CodeIgniter.php(934): App\Controllers\Home->index()
 5 SYSTEMPATH\CodeIgniter.php(499): CodeIgniter\CodeIgniter->runController(Object(App\Controllers\Home))
 6 SYSTEMPATH\CodeIgniter.php(368): CodeIgniter\CodeIgniter->handleRequest(null, Object(Config\Cache), false)
 7 FCPATH\index.php(67): CodeIgniter\CodeIgniter->run()
CRITICAL - 2023-11-27 18:44:20 --> Undefined variable $news
in APPPATH\Views\contents\template-1\home-page\main\sections\other-news\news.php on line 13.
 1 APPPATH\Views\contents\template-1\home-page\main\sections\other-news\news.php(13): CodeIgniter\Debug\Exceptions->errorHandler(2, 'Undefined variable $news', 'C:\\xampp\\htdocs\\RPPS\\app\\Views\\contents\\template-1\\home-page\\main\\sections\\other-news\\news.php', 13)
 2 SYSTEMPATH\View\View.php(213): include('C:\\xampp\\htdocs\\RPPS\\app\\Views\\contents\\template-1\\home-page\\main\\sections\\other-news\\news.php')
 3 SYSTEMPATH\View\View.php(216): CodeIgniter\View\View->CodeIgniter\View\{closure}()
 4 SYSTEMPATH\Common.php(1184): CodeIgniter\View\View->render('contents/template-1/home-page/main/sections/other-news/news', [], true)
 5 APPPATH\Controllers\Home.php(64): view('contents/template-1/home-page/main/sections/other-news/news', [...])
 6 SYSTEMPATH\CodeIgniter.php(934): App\Controllers\Home->index()
 7 SYSTEMPATH\CodeIgniter.php(499): CodeIgniter\CodeIgniter->runController(Object(App\Controllers\Home))
 8 SYSTEMPATH\CodeIgniter.php(368): CodeIgniter\CodeIgniter->handleRequest(null, Object(Config\Cache), false)
 9 FCPATH\index.php(67): CodeIgniter\CodeIgniter->run()
CRITICAL - 2023-11-27 18:45:41 --> Undefined variable $news
in APPPATH\Views\contents\template-1\home-page\main\sections\other-news\news.php on line 13.
 1 APPPATH\Views\contents\template-1\home-page\main\sections\other-news\news.php(13): CodeIgniter\Debug\Exceptions->errorHandler(2, 'Undefined variable $news', 'C:\\xampp\\htdocs\\RPPS\\app\\Views\\contents\\template-1\\home-page\\main\\sections\\other-news\\news.php', 13)
 2 SYSTEMPATH\View\View.php(213): include('C:\\xampp\\htdocs\\RPPS\\app\\Views\\contents\\template-1\\home-page\\main\\sections\\other-news\\news.php')
 3 SYSTEMPATH\View\View.php(216): CodeIgniter\View\View->CodeIgniter\View\{closure}()
 4 SYSTEMPATH\Common.php(1184): CodeIgniter\View\View->render('contents/template-1/home-page/main/sections/other-news/news', [], true)
 5 APPPATH\Controllers\Home.php(64): view('contents/template-1/home-page/main/sections/other-news/news')
 6 SYSTEMPATH\CodeIgniter.php(934): App\Controllers\Home->index()
 7 SYSTEMPATH\CodeIgniter.php(499): CodeIgniter\CodeIgniter->runController(Object(App\Controllers\Home))
 8 SYSTEMPATH\CodeIgniter.php(368): CodeIgniter\CodeIgniter->handleRequest(null, Object(Config\Cache), false)
 9 FCPATH\index.php(67): CodeIgniter\CodeIgniter->run()
