CRITICAL - 2023-08-10 17:01:15 --> Call to undefined function prevMonth()
in FCPATH\assets\include\calendar.php on line 13.
 1 APPPATH\Views\contents\home-page\template-1\main\sections\main-content.php(42): include_once()
 2 SYSTEMPATH\View\View.php(213): include('C:\\xampp\\htdocs\\RPPS\\app\\Views\\contents\\home-page\\template-1\\main\\sections\\main-content.php')
 3 SYSTEMPATH\View\View.php(216): CodeIgniter\View\View->CodeIgniter\View\{closure}()
 4 SYSTEMPATH\Common.php(1184): CodeIgniter\View\View->render('contents/home-page/template-1/main/sections/main-content', [], true)
 5 APPPATH\Controllers\Home.php(16): view('contents/home-page/template-1/main/sections/main-content')
 6 SYSTEMPATH\CodeIgniter.php(934): App\Controllers\Home->index()
 7 SYSTEMPATH\CodeIgniter.php(499): CodeIgniter\CodeIgniter->runController(Object(App\Controllers\Home))
 8 SYSTEMPATH\CodeIgniter.php(368): CodeIgniter\CodeIgniter->handleRequest(null, Object(Config\Cache), false)
 9 FCPATH\index.php(67): CodeIgniter\CodeIgniter->run()
CRITICAL - 2023-08-10 14:02:20 --> Undefined variable $monthTime
in FCPATH\assets\include\calendar.php on line 21.
 1 FCPATH\assets\include\calendar.php(21): CodeIgniter\Debug\Exceptions->errorHandler(2, 'Undefined variable $monthTime', 'C:\\xampp\\htdocs\\RPPS\\public\\assets\\include\\calendar.php', 21)
 2 APPPATH\Views\contents\home-page\template-1\main\sections\main-content.php(42): include_once('C:\\xampp\\htdocs\\RPPS\\public\\assets\\include\\calendar.php')
 3 SYSTEMPATH\View\View.php(213): include('C:\\xampp\\htdocs\\RPPS\\app\\Views\\contents\\home-page\\template-1\\main\\sections\\main-content.php')
 4 SYSTEMPATH\View\View.php(216): CodeIgniter\View\View->CodeIgniter\View\{closure}()
 5 SYSTEMPATH\Common.php(1184): CodeIgniter\View\View->render('contents/home-page/template-1/main/sections/main-content', [], true)
 6 APPPATH\Controllers\Home.php(16): view('contents/home-page/template-1/main/sections/main-content')
 7 SYSTEMPATH\CodeIgniter.php(934): App\Controllers\Home->index()
 8 SYSTEMPATH\CodeIgniter.php(499): CodeIgniter\CodeIgniter->runController(Object(App\Controllers\Home))
 9 SYSTEMPATH\CodeIgniter.php(368): CodeIgniter\CodeIgniter->handleRequest(null, Object(Config\Cache), false)
10 FCPATH\index.php(67): CodeIgniter\CodeIgniter->run()
CRITICAL - 2023-08-10 17:03:07 --> include(dynamic-page-content/?month=2022-03-01/contents/main/section-hero/content.php): Failed to open stream: No such file or directory
in FCPATH\assets\include\slide-news.php on line 2.
 1 FCPATH\assets\include\slide-news.php(2): CodeIgniter\Debug\Exceptions->errorHandler(2, 'include(dynamic-page-content/?month=2022-03-01/contents/main/section-hero/content.php): Failed to open stream: No such file or directory', 'C:\\xampp\\htdocs\\RPPS\\public\\assets\\include\\slide-news.php', 2)
 2 FCPATH\assets\include\slide-news.php(2): include()
 3 APPPATH\Views\contents\home-page\template-1\main\sections\hero.php(18): require('C:\\xampp\\htdocs\\RPPS\\public\\assets\\include\\slide-news.php')
 4 SYSTEMPATH\View\View.php(213): include('C:\\xampp\\htdocs\\RPPS\\app\\Views\\contents\\home-page\\template-1\\main\\sections\\hero.php')
 5 SYSTEMPATH\View\View.php(216): CodeIgniter\View\View->CodeIgniter\View\{closure}()
 6 SYSTEMPATH\Common.php(1184): CodeIgniter\View\View->render('contents/home-page/template-1/main/sections/hero', [], true)
 7 APPPATH\Controllers\Home.php(15): view('contents/home-page/template-1/main/sections/hero')
 8 SYSTEMPATH\CodeIgniter.php(934): App\Controllers\Home->index()
 9 SYSTEMPATH\CodeIgniter.php(499): CodeIgniter\CodeIgniter->runController(Object(App\Controllers\Home))
10 SYSTEMPATH\CodeIgniter.php(368): CodeIgniter\CodeIgniter->handleRequest(null, Object(Config\Cache), false)
11 FCPATH\index.php(67): CodeIgniter\CodeIgniter->run()
CRITICAL - 2023-08-10 17:03:38 --> include(dynamic-page-content/?month=2022-03-01/contents/main/section-hero/content.php): Failed to open stream: No such file or directory
in FCPATH\assets\include\slide-news.php on line 2.
 1 FCPATH\assets\include\slide-news.php(2): CodeIgniter\Debug\Exceptions->errorHandler(2, 'include(dynamic-page-content/?month=2022-03-01/contents/main/section-hero/content.php): Failed to open stream: No such file or directory', 'C:\\xampp\\htdocs\\RPPS\\public\\assets\\include\\slide-news.php', 2)
 2 FCPATH\assets\include\slide-news.php(2): include()
 3 APPPATH\Views\contents\home-page\template-1\main\sections\hero.php(18): require('C:\\xampp\\htdocs\\RPPS\\public\\assets\\include\\slide-news.php')
 4 SYSTEMPATH\View\View.php(213): include('C:\\xampp\\htdocs\\RPPS\\app\\Views\\contents\\home-page\\template-1\\main\\sections\\hero.php')
 5 SYSTEMPATH\View\View.php(216): CodeIgniter\View\View->CodeIgniter\View\{closure}()
 6 SYSTEMPATH\Common.php(1184): CodeIgniter\View\View->render('contents/home-page/template-1/main/sections/hero', [], true)
 7 APPPATH\Controllers\Home.php(15): view('contents/home-page/template-1/main/sections/hero')
 8 SYSTEMPATH\CodeIgniter.php(934): App\Controllers\Home->index()
 9 SYSTEMPATH\CodeIgniter.php(499): CodeIgniter\CodeIgniter->runController(Object(App\Controllers\Home))
10 SYSTEMPATH\CodeIgniter.php(368): CodeIgniter\CodeIgniter->handleRequest(null, Object(Config\Cache), false)
11 FCPATH\index.php(67): CodeIgniter\CodeIgniter->run()
CRITICAL - 2023-08-10 17:21:57 --> include(dynamic-page-content/?month=2022-03-01/contents/main/section-hero/content.php): Failed to open stream: No such file or directory
in FCPATH\assets\include\slide-news.php on line 2.
 1 FCPATH\assets\include\slide-news.php(2): CodeIgniter\Debug\Exceptions->errorHandler(2, 'include(dynamic-page-content/?month=2022-03-01/contents/main/section-hero/content.php): Failed to open stream: No such file or directory', 'C:\\xampp\\htdocs\\RPPS\\public\\assets\\include\\slide-news.php', 2)
 2 FCPATH\assets\include\slide-news.php(2): include()
 3 APPPATH\Views\contents\home-page\template-1\main\sections\hero.php(18): require('C:\\xampp\\htdocs\\RPPS\\public\\assets\\include\\slide-news.php')
 4 SYSTEMPATH\View\View.php(213): include('C:\\xampp\\htdocs\\RPPS\\app\\Views\\contents\\home-page\\template-1\\main\\sections\\hero.php')
 5 SYSTEMPATH\View\View.php(216): CodeIgniter\View\View->CodeIgniter\View\{closure}()
 6 SYSTEMPATH\Common.php(1184): CodeIgniter\View\View->render('contents/home-page/template-1/main/sections/hero', [], true)
 7 APPPATH\Controllers\Home.php(15): view('contents/home-page/template-1/main/sections/hero')
 8 SYSTEMPATH\CodeIgniter.php(934): App\Controllers\Home->index()
 9 SYSTEMPATH\CodeIgniter.php(499): CodeIgniter\CodeIgniter->runController(Object(App\Controllers\Home))
10 SYSTEMPATH\CodeIgniter.php(368): CodeIgniter\CodeIgniter->handleRequest(null, Object(Config\Cache), false)
11 FCPATH\index.php(67): CodeIgniter\CodeIgniter->run()
CRITICAL - 2023-08-10 17:23:05 --> include(dynamic-page-content/?month=2022-03-01/contents/main/section-hero/content.php): Failed to open stream: No such file or directory
in FCPATH\assets\include\slide-news.php on line 2.
 1 FCPATH\assets\include\slide-news.php(2): CodeIgniter\Debug\Exceptions->errorHandler(2, 'include(dynamic-page-content/?month=2022-03-01/contents/main/section-hero/content.php): Failed to open stream: No such file or directory', 'C:\\xampp\\htdocs\\RPPS\\public\\assets\\include\\slide-news.php', 2)
 2 FCPATH\assets\include\slide-news.php(2): include()
 3 APPPATH\Views\contents\home-page\template-1\main\sections\hero.php(18): require('C:\\xampp\\htdocs\\RPPS\\public\\assets\\include\\slide-news.php')
 4 SYSTEMPATH\View\View.php(213): include('C:\\xampp\\htdocs\\RPPS\\app\\Views\\contents\\home-page\\template-1\\main\\sections\\hero.php')
 5 SYSTEMPATH\View\View.php(216): CodeIgniter\View\View->CodeIgniter\View\{closure}()
 6 SYSTEMPATH\Common.php(1184): CodeIgniter\View\View->render('contents/home-page/template-1/main/sections/hero', [], true)
 7 APPPATH\Controllers\Home.php(15): view('contents/home-page/template-1/main/sections/hero')
 8 SYSTEMPATH\CodeIgniter.php(934): App\Controllers\Home->index()
 9 SYSTEMPATH\CodeIgniter.php(499): CodeIgniter\CodeIgniter->runController(Object(App\Controllers\Home))
10 SYSTEMPATH\CodeIgniter.php(368): CodeIgniter\CodeIgniter->handleRequest(null, Object(Config\Cache), false)
11 FCPATH\index.php(67): CodeIgniter\CodeIgniter->run()
CRITICAL - 2023-08-10 17:25:58 --> var_dump() expects at least 1 argument, 0 given
in FCPATH\config\content-config.php on line 10.
 1 FCPATH\config\content-config.php(10): var_dump()
 2 APPPATH\Views\contents\home-page\template-1\header\head.php(37): require('C:\\xampp\\htdocs\\RPPS\\public\\config\\content-config.php')
 3 SYSTEMPATH\View\View.php(213): include('C:\\xampp\\htdocs\\RPPS\\app\\Views\\contents\\home-page\\template-1\\header\\head.php')
 4 SYSTEMPATH\View\View.php(216): CodeIgniter\View\View->CodeIgniter\View\{closure}()
 5 SYSTEMPATH\Common.php(1184): CodeIgniter\View\View->render('contents/home-page/template-1/header/head', [], true)
 6 APPPATH\Controllers\Home.php(10): view('contents/home-page/template-1/header/head')
 7 SYSTEMPATH\CodeIgniter.php(934): App\Controllers\Home->index()
 8 SYSTEMPATH\CodeIgniter.php(499): CodeIgniter\CodeIgniter->runController(Object(App\Controllers\Home))
 9 SYSTEMPATH\CodeIgniter.php(368): CodeIgniter\CodeIgniter->handleRequest(null, Object(Config\Cache), false)
10 FCPATH\index.php(67): CodeIgniter\CodeIgniter->run()
CRITICAL - 2023-08-10 17:26:14 --> include(dynamic-page-content//RPPS/public/?/contents/main/section-hero/content.php): Failed to open stream: No such file or directory
in FCPATH\assets\include\slide-news.php on line 2.
 1 FCPATH\assets\include\slide-news.php(2): CodeIgniter\Debug\Exceptions->errorHandler(2, 'include(dynamic-page-content//RPPS/public/?/contents/main/section-hero/content.php): Failed to open stream: No such file or directory', 'C:\\xampp\\htdocs\\RPPS\\public\\assets\\include\\slide-news.php', 2)
 2 FCPATH\assets\include\slide-news.php(2): include()
 3 APPPATH\Views\contents\home-page\template-1\main\sections\hero.php(18): require('C:\\xampp\\htdocs\\RPPS\\public\\assets\\include\\slide-news.php')
 4 SYSTEMPATH\View\View.php(213): include('C:\\xampp\\htdocs\\RPPS\\app\\Views\\contents\\home-page\\template-1\\main\\sections\\hero.php')
 5 SYSTEMPATH\View\View.php(216): CodeIgniter\View\View->CodeIgniter\View\{closure}()
 6 SYSTEMPATH\Common.php(1184): CodeIgniter\View\View->render('contents/home-page/template-1/main/sections/hero', [], true)
 7 APPPATH\Controllers\Home.php(15): view('contents/home-page/template-1/main/sections/hero')
 8 SYSTEMPATH\CodeIgniter.php(934): App\Controllers\Home->index()
 9 SYSTEMPATH\CodeIgniter.php(499): CodeIgniter\CodeIgniter->runController(Object(App\Controllers\Home))
10 SYSTEMPATH\CodeIgniter.php(368): CodeIgniter\CodeIgniter->handleRequest(null, Object(Config\Cache), false)
11 FCPATH\index.php(67): CodeIgniter\CodeIgniter->run()
CRITICAL - 2023-08-10 17:26:18 --> include(dynamic-page-content//RPPS/public/?/contents/main/section-hero/content.php): Failed to open stream: No such file or directory
in FCPATH\assets\include\slide-news.php on line 2.
 1 FCPATH\assets\include\slide-news.php(2): CodeIgniter\Debug\Exceptions->errorHandler(2, 'include(dynamic-page-content//RPPS/public/?/contents/main/section-hero/content.php): Failed to open stream: No such file or directory', 'C:\\xampp\\htdocs\\RPPS\\public\\assets\\include\\slide-news.php', 2)
 2 FCPATH\assets\include\slide-news.php(2): include()
 3 APPPATH\Views\contents\home-page\template-1\main\sections\hero.php(18): require('C:\\xampp\\htdocs\\RPPS\\public\\assets\\include\\slide-news.php')
 4 SYSTEMPATH\View\View.php(213): include('C:\\xampp\\htdocs\\RPPS\\app\\Views\\contents\\home-page\\template-1\\main\\sections\\hero.php')
 5 SYSTEMPATH\View\View.php(216): CodeIgniter\View\View->CodeIgniter\View\{closure}()
 6 SYSTEMPATH\Common.php(1184): CodeIgniter\View\View->render('contents/home-page/template-1/main/sections/hero', [], true)
 7 APPPATH\Controllers\Home.php(15): view('contents/home-page/template-1/main/sections/hero')
 8 SYSTEMPATH\CodeIgniter.php(934): App\Controllers\Home->index()
 9 SYSTEMPATH\CodeIgniter.php(499): CodeIgniter\CodeIgniter->runController(Object(App\Controllers\Home))
10 SYSTEMPATH\CodeIgniter.php(368): CodeIgniter\CodeIgniter->handleRequest(null, Object(Config\Cache), false)
11 FCPATH\index.php(67): CodeIgniter\CodeIgniter->run()
CRITICAL - 2023-08-10 17:26:27 --> include(dynamic-page-content//RPPS/public/?/contents/main/section-hero/content.php): Failed to open stream: No such file or directory
in FCPATH\assets\include\slide-news.php on line 2.
 1 FCPATH\assets\include\slide-news.php(2): CodeIgniter\Debug\Exceptions->errorHandler(2, 'include(dynamic-page-content//RPPS/public/?/contents/main/section-hero/content.php): Failed to open stream: No such file or directory', 'C:\\xampp\\htdocs\\RPPS\\public\\assets\\include\\slide-news.php', 2)
 2 FCPATH\assets\include\slide-news.php(2): include()
 3 APPPATH\Views\contents\home-page\template-1\main\sections\hero.php(18): require('C:\\xampp\\htdocs\\RPPS\\public\\assets\\include\\slide-news.php')
 4 SYSTEMPATH\View\View.php(213): include('C:\\xampp\\htdocs\\RPPS\\app\\Views\\contents\\home-page\\template-1\\main\\sections\\hero.php')
 5 SYSTEMPATH\View\View.php(216): CodeIgniter\View\View->CodeIgniter\View\{closure}()
 6 SYSTEMPATH\Common.php(1184): CodeIgniter\View\View->render('contents/home-page/template-1/main/sections/hero', [], true)
 7 APPPATH\Controllers\Home.php(15): view('contents/home-page/template-1/main/sections/hero')
 8 SYSTEMPATH\CodeIgniter.php(934): App\Controllers\Home->index()
 9 SYSTEMPATH\CodeIgniter.php(499): CodeIgniter\CodeIgniter->runController(Object(App\Controllers\Home))
10 SYSTEMPATH\CodeIgniter.php(368): CodeIgniter\CodeIgniter->handleRequest(null, Object(Config\Cache), false)
11 FCPATH\index.php(67): CodeIgniter\CodeIgniter->run()
CRITICAL - 2023-08-10 17:26:42 --> include(dynamic-page-content//RPPS/public/?/contents/main/section-hero/content.php): Failed to open stream: No such file or directory
in FCPATH\assets\include\slide-news.php on line 2.
 1 FCPATH\assets\include\slide-news.php(2): CodeIgniter\Debug\Exceptions->errorHandler(2, 'include(dynamic-page-content//RPPS/public/?/contents/main/section-hero/content.php): Failed to open stream: No such file or directory', 'C:\\xampp\\htdocs\\RPPS\\public\\assets\\include\\slide-news.php', 2)
 2 FCPATH\assets\include\slide-news.php(2): include()
 3 APPPATH\Views\contents\home-page\template-1\main\sections\hero.php(18): require('C:\\xampp\\htdocs\\RPPS\\public\\assets\\include\\slide-news.php')
 4 SYSTEMPATH\View\View.php(213): include('C:\\xampp\\htdocs\\RPPS\\app\\Views\\contents\\home-page\\template-1\\main\\sections\\hero.php')
 5 SYSTEMPATH\View\View.php(216): CodeIgniter\View\View->CodeIgniter\View\{closure}()
 6 SYSTEMPATH\Common.php(1184): CodeIgniter\View\View->render('contents/home-page/template-1/main/sections/hero', [], true)
 7 APPPATH\Controllers\Home.php(15): view('contents/home-page/template-1/main/sections/hero')
 8 SYSTEMPATH\CodeIgniter.php(934): App\Controllers\Home->index()
 9 SYSTEMPATH\CodeIgniter.php(499): CodeIgniter\CodeIgniter->runController(Object(App\Controllers\Home))
10 SYSTEMPATH\CodeIgniter.php(368): CodeIgniter\CodeIgniter->handleRequest(null, Object(Config\Cache), false)
11 FCPATH\index.php(67): CodeIgniter\CodeIgniter->run()
CRITICAL - 2023-08-10 17:27:15 --> include(dynamic-page-content//RPPS/public/?/contents/main/section-hero/content.php): Failed to open stream: No such file or directory
in FCPATH\assets\include\slide-news.php on line 2.
 1 FCPATH\assets\include\slide-news.php(2): CodeIgniter\Debug\Exceptions->errorHandler(2, 'include(dynamic-page-content//RPPS/public/?/contents/main/section-hero/content.php): Failed to open stream: No such file or directory', 'C:\\xampp\\htdocs\\RPPS\\public\\assets\\include\\slide-news.php', 2)
 2 FCPATH\assets\include\slide-news.php(2): include()
 3 APPPATH\Views\contents\home-page\template-1\main\sections\hero.php(18): require('C:\\xampp\\htdocs\\RPPS\\public\\assets\\include\\slide-news.php')
 4 SYSTEMPATH\View\View.php(213): include('C:\\xampp\\htdocs\\RPPS\\app\\Views\\contents\\home-page\\template-1\\main\\sections\\hero.php')
 5 SYSTEMPATH\View\View.php(216): CodeIgniter\View\View->CodeIgniter\View\{closure}()
 6 SYSTEMPATH\Common.php(1184): CodeIgniter\View\View->render('contents/home-page/template-1/main/sections/hero', [], true)
 7 APPPATH\Controllers\Home.php(15): view('contents/home-page/template-1/main/sections/hero')
 8 SYSTEMPATH\CodeIgniter.php(934): App\Controllers\Home->index()
 9 SYSTEMPATH\CodeIgniter.php(499): CodeIgniter\CodeIgniter->runController(Object(App\Controllers\Home))
10 SYSTEMPATH\CodeIgniter.php(368): CodeIgniter\CodeIgniter->handleRequest(null, Object(Config\Cache), false)
11 FCPATH\index.php(67): CodeIgniter\CodeIgniter->run()
CRITICAL - 2023-08-10 17:35:03 --> syntax error, unexpected identifier "var_dump"
in FCPATH\config\content-config.php on line 14.
 1 SYSTEMPATH\View\View.php(213): include()
 2 SYSTEMPATH\View\View.php(216): CodeIgniter\View\View->CodeIgniter\View\{closure}()
 3 SYSTEMPATH\Common.php(1184): CodeIgniter\View\View->render('contents/home-page/template-1/header/head', [], true)
 4 APPPATH\Controllers\Home.php(10): view('contents/home-page/template-1/header/head')
 5 SYSTEMPATH\CodeIgniter.php(934): App\Controllers\Home->index()
 6 SYSTEMPATH\CodeIgniter.php(499): CodeIgniter\CodeIgniter->runController(Object(App\Controllers\Home))
 7 SYSTEMPATH\CodeIgniter.php(368): CodeIgniter\CodeIgniter->handleRequest(null, Object(Config\Cache), false)
 8 FCPATH\index.php(67): CodeIgniter\CodeIgniter->run()
CRITICAL - 2023-08-10 17:35:19 --> Array to string conversion
in APPPATH\Views\contents\home-page\template-1\header\head.php on line 40.
 1 APPPATH\Views\contents\home-page\template-1\header\head.php(40): CodeIgniter\Debug\Exceptions->errorHandler(2, 'Array to string conversion', 'C:\\xampp\\htdocs\\RPPS\\app\\Views\\contents\\home-page\\template-1\\header\\head.php', 40)
 2 SYSTEMPATH\View\View.php(213): include('C:\\xampp\\htdocs\\RPPS\\app\\Views\\contents\\home-page\\template-1\\header\\head.php')
 3 SYSTEMPATH\View\View.php(216): CodeIgniter\View\View->CodeIgniter\View\{closure}()
 4 SYSTEMPATH\Common.php(1184): CodeIgniter\View\View->render('contents/home-page/template-1/header/head', [], true)
 5 APPPATH\Controllers\Home.php(10): view('contents/home-page/template-1/header/head')
 6 SYSTEMPATH\CodeIgniter.php(934): App\Controllers\Home->index()
 7 SYSTEMPATH\CodeIgniter.php(499): CodeIgniter\CodeIgniter->runController(Object(App\Controllers\Home))
 8 SYSTEMPATH\CodeIgniter.php(368): CodeIgniter\CodeIgniter->handleRequest(null, Object(Config\Cache), false)
 9 FCPATH\index.php(67): CodeIgniter\CodeIgniter->run()
CRITICAL - 2023-08-10 17:50:53 --> include(dynamic-page-content/ipresbs/contents/main/section-hero/content.php): Failed to open stream: No such file or directory
in FCPATH\assets\include\slide-news.php on line 2.
 1 FCPATH\assets\include\slide-news.php(2): CodeIgniter\Debug\Exceptions->errorHandler(2, 'include(dynamic-page-content/ipresbs/contents/main/section-hero/content.php): Failed to open stream: No such file or directory', 'C:\\xampp\\htdocs\\RPPS\\public\\assets\\include\\slide-news.php', 2)
 2 FCPATH\assets\include\slide-news.php(2): include()
 3 APPPATH\Views\contents\home-page\template-1\main\sections\hero.php(18): require('C:\\xampp\\htdocs\\RPPS\\public\\assets\\include\\slide-news.php')
 4 SYSTEMPATH\View\View.php(213): include('C:\\xampp\\htdocs\\RPPS\\app\\Views\\contents\\home-page\\template-1\\main\\sections\\hero.php')
 5 SYSTEMPATH\View\View.php(216): CodeIgniter\View\View->CodeIgniter\View\{closure}()
 6 SYSTEMPATH\Common.php(1184): CodeIgniter\View\View->render('contents/home-page/template-1/main/sections/hero', [], true)
 7 APPPATH\Controllers\Home.php(15): view('contents/home-page/template-1/main/sections/hero')
 8 SYSTEMPATH\CodeIgniter.php(934): App\Controllers\Home->index()
 9 SYSTEMPATH\CodeIgniter.php(499): CodeIgniter\CodeIgniter->runController(Object(App\Controllers\Home))
10 SYSTEMPATH\CodeIgniter.php(368): CodeIgniter\CodeIgniter->handleRequest(null, Object(Config\Cache), false)
11 FCPATH\index.php(67): CodeIgniter\CodeIgniter->run()
CRITICAL - 2023-08-10 20:31:05 --> Invalid file: "slide-images.php"
in SYSTEMPATH\Exceptions\FrameworkException.php on line 33.
 1 SYSTEMPATH\View\View.php(201): CodeIgniter\Exceptions\FrameworkException::forInvalidFile('slide-images.php')
 2 SYSTEMPATH\View\View.php(229): CodeIgniter\View\View->render('slide-images', [], true)
 3 SYSTEMPATH\Common.php(1184): CodeIgniter\View\View->render('contents/home-page/template-1/main/sections/hero', [], true)
 4 APPPATH\Controllers\Home.php(15): view('contents/home-page/template-1/main/sections/hero')
 5 SYSTEMPATH\CodeIgniter.php(934): App\Controllers\Home->index()
 6 SYSTEMPATH\CodeIgniter.php(499): CodeIgniter\CodeIgniter->runController(Object(App\Controllers\Home))
 7 SYSTEMPATH\CodeIgniter.php(368): CodeIgniter\CodeIgniter->handleRequest(null, Object(Config\Cache), false)
 8 FCPATH\index.php(67): CodeIgniter\CodeIgniter->run()
CRITICAL - 2023-08-10 20:31:52 --> Invalid file: "assets\include\slide-images.php"
in SYSTEMPATH\Exceptions\FrameworkException.php on line 33.
 1 SYSTEMPATH\View\View.php(201): CodeIgniter\Exceptions\FrameworkException::forInvalidFile('assets\\include\\slide-images.php')
 2 SYSTEMPATH\View\View.php(229): CodeIgniter\View\View->render('assets\\include\\slide-images.php', [], true)
 3 SYSTEMPATH\Common.php(1184): CodeIgniter\View\View->render('contents/home-page/template-1/main/sections/hero', [], true)
 4 APPPATH\Controllers\Home.php(15): view('contents/home-page/template-1/main/sections/hero')
 5 SYSTEMPATH\CodeIgniter.php(934): App\Controllers\Home->index()
 6 SYSTEMPATH\CodeIgniter.php(499): CodeIgniter\CodeIgniter->runController(Object(App\Controllers\Home))
 7 SYSTEMPATH\CodeIgniter.php(368): CodeIgniter\CodeIgniter->handleRequest(null, Object(Config\Cache), false)
 8 FCPATH\index.php(67): CodeIgniter\CodeIgniter->run()
CRITICAL - 2023-08-10 20:34:00 --> Invalid file: "public/assets/include/slide-images.php"
in SYSTEMPATH\Exceptions\FrameworkException.php on line 33.
 1 SYSTEMPATH\View\View.php(201): CodeIgniter\Exceptions\FrameworkException::forInvalidFile('public/assets/include/slide-images.php')
 2 SYSTEMPATH\View\View.php(229): CodeIgniter\View\View->render('public/assets/include/slide-images', [], true)
 3 SYSTEMPATH\Common.php(1184): CodeIgniter\View\View->render('contents/home-page/template-1/main/sections/hero', [], true)
 4 APPPATH\Controllers\Home.php(15): view('contents/home-page/template-1/main/sections/hero')
 5 SYSTEMPATH\CodeIgniter.php(934): App\Controllers\Home->index()
 6 SYSTEMPATH\CodeIgniter.php(499): CodeIgniter\CodeIgniter->runController(Object(App\Controllers\Home))
 7 SYSTEMPATH\CodeIgniter.php(368): CodeIgniter\CodeIgniter->handleRequest(null, Object(Config\Cache), false)
 8 FCPATH\index.php(67): CodeIgniter\CodeIgniter->run()
CRITICAL - 2023-08-10 20:36:23 --> include(assets\include\slide-news.php): Failed to open stream: No such file or directory
in APPPATH\Views\contents\home-page\template-1\main\sections\hero.php on line 18.
 1 APPPATH\Views\contents\home-page\template-1\main\sections\hero.php(18): CodeIgniter\Debug\Exceptions->errorHandler(2, 'include(assets\\include\\slide-news.php): Failed to open stream: No such file or directory', 'C:\\xampp\\htdocs\\RPPS\\app\\Views\\contents\\home-page\\template-1\\main\\sections\\hero.php', 18)
 2 APPPATH\Views\contents\home-page\template-1\main\sections\hero.php(18): include()
 3 SYSTEMPATH\View\View.php(213): include('C:\\xampp\\htdocs\\RPPS\\app\\Views\\contents\\home-page\\template-1\\main\\sections\\hero.php')
 4 SYSTEMPATH\View\View.php(216): CodeIgniter\View\View->CodeIgniter\View\{closure}()
 5 SYSTEMPATH\Common.php(1184): CodeIgniter\View\View->render('contents/home-page/template-1/main/sections/hero', [], true)
 6 APPPATH\Controllers\Home.php(15): view('contents/home-page/template-1/main/sections/hero')
 7 SYSTEMPATH\CodeIgniter.php(934): App\Controllers\Home->index()
 8 SYSTEMPATH\CodeIgniter.php(499): CodeIgniter\CodeIgniter->runController(Object(App\Controllers\Home))
 9 SYSTEMPATH\CodeIgniter.php(368): CodeIgniter\CodeIgniter->handleRequest(null, Object(Config\Cache), false)
10 FCPATH\index.php(67): CodeIgniter\CodeIgniter->run()
CRITICAL - 2023-08-10 20:36:36 --> include(assets\include\slide-news.php): Failed to open stream: No such file or directory
in APPPATH\Views\contents\home-page\template-1\main\sections\hero.php on line 18.
 1 APPPATH\Views\contents\home-page\template-1\main\sections\hero.php(18): CodeIgniter\Debug\Exceptions->errorHandler(2, 'include(assets\\include\\slide-news.php): Failed to open stream: No such file or directory', 'C:\\xampp\\htdocs\\RPPS\\app\\Views\\contents\\home-page\\template-1\\main\\sections\\hero.php', 18)
 2 APPPATH\Views\contents\home-page\template-1\main\sections\hero.php(18): include()
 3 SYSTEMPATH\View\View.php(213): include('C:\\xampp\\htdocs\\RPPS\\app\\Views\\contents\\home-page\\template-1\\main\\sections\\hero.php')
 4 SYSTEMPATH\View\View.php(216): CodeIgniter\View\View->CodeIgniter\View\{closure}()
 5 SYSTEMPATH\Common.php(1184): CodeIgniter\View\View->render('contents/home-page/template-1/main/sections/hero', [], true)
 6 APPPATH\Controllers\Home.php(15): view('contents/home-page/template-1/main/sections/hero')
 7 SYSTEMPATH\CodeIgniter.php(934): App\Controllers\Home->index()
 8 SYSTEMPATH\CodeIgniter.php(499): CodeIgniter\CodeIgniter->runController(Object(App\Controllers\Home))
 9 SYSTEMPATH\CodeIgniter.php(368): CodeIgniter\CodeIgniter->handleRequest(null, Object(Config\Cache), false)
10 FCPATH\index.php(67): CodeIgniter\CodeIgniter->run()
CRITICAL - 2023-08-10 20:40:11 --> include(assets\include\slide-news.php): Failed to open stream: No such file or directory
in APPPATH\Views\contents\home-page\template-1\main\sections\hero.php on line 21.
 1 APPPATH\Views\contents\home-page\template-1\main\sections\hero.php(21): CodeIgniter\Debug\Exceptions->errorHandler(2, 'include(assets\\include\\slide-news.php): Failed to open stream: No such file or directory', 'C:\\xampp\\htdocs\\RPPS\\app\\Views\\contents\\home-page\\template-1\\main\\sections\\hero.php', 21)
 2 APPPATH\Views\contents\home-page\template-1\main\sections\hero.php(21): include()
 3 SYSTEMPATH\View\View.php(213): include('C:\\xampp\\htdocs\\RPPS\\app\\Views\\contents\\home-page\\template-1\\main\\sections\\hero.php')
 4 SYSTEMPATH\View\View.php(216): CodeIgniter\View\View->CodeIgniter\View\{closure}()
 5 SYSTEMPATH\Common.php(1184): CodeIgniter\View\View->render('contents/home-page/template-1/main/sections/hero', [], true)
 6 APPPATH\Controllers\Home.php(15): view('contents/home-page/template-1/main/sections/hero')
 7 SYSTEMPATH\CodeIgniter.php(934): App\Controllers\Home->index()
 8 SYSTEMPATH\CodeIgniter.php(499): CodeIgniter\CodeIgniter->runController(Object(App\Controllers\Home))
 9 SYSTEMPATH\CodeIgniter.php(368): CodeIgniter\CodeIgniter->handleRequest(null, Object(Config\Cache), false)
10 FCPATH\index.php(67): CodeIgniter\CodeIgniter->run()
CRITICAL - 2023-08-10 20:56:38 --> include(assets\include\slide-news.php): Failed to open stream: No such file or directory
in APPPATH\Views\contents\home-page\template-1\main\sections\hero.php on line 21.
 1 APPPATH\Views\contents\home-page\template-1\main\sections\hero.php(21): CodeIgniter\Debug\Exceptions->errorHandler(2, 'include(assets\\include\\slide-news.php): Failed to open stream: No such file or directory', 'C:\\xampp\\htdocs\\RPPS\\app\\Views\\contents\\home-page\\template-1\\main\\sections\\hero.php', 21)
 2 APPPATH\Views\contents\home-page\template-1\main\sections\hero.php(21): include()
 3 SYSTEMPATH\View\View.php(213): include('C:\\xampp\\htdocs\\RPPS\\app\\Views\\contents\\home-page\\template-1\\main\\sections\\hero.php')
 4 SYSTEMPATH\View\View.php(216): CodeIgniter\View\View->CodeIgniter\View\{closure}()
 5 SYSTEMPATH\Common.php(1184): CodeIgniter\View\View->render('contents/home-page/template-1/main/sections/hero', [], true)
 6 APPPATH\Controllers\Home.php(15): view('contents/home-page/template-1/main/sections/hero')
 7 SYSTEMPATH\CodeIgniter.php(934): App\Controllers\Home->index()
 8 SYSTEMPATH\CodeIgniter.php(499): CodeIgniter\CodeIgniter->runController(Object(App\Controllers\Home))
 9 SYSTEMPATH\CodeIgniter.php(368): CodeIgniter\CodeIgniter->handleRequest(null, Object(Config\Cache), false)
10 FCPATH\index.php(67): CodeIgniter\CodeIgniter->run()
