CRITICAL - 2023-09-13 16:22:21 --> The namespace delimiter is a backslash (\), not a slash (/). Route handler: "\App\Controllers\InnerPages/Institute::historico"
in SYSTEMPATH\Router\Router.php on line 474.
 1 SYSTEMPATH\Router\Router.php(474): CodeIgniter\Router\Exceptions\RouterException::forInvalidControllerName('\\App\\Controllers\\InnerPages/Institute::historico')
 2 SYSTEMPATH\Router\Router.php(182): CodeIgniter\Router\Router->checkRoutes('meu-rpps/historico')
 3 SYSTEMPATH\CodeIgniter.php(815): CodeIgniter\Router\Router->handle('meu-rpps/historico')
 4 SYSTEMPATH\CodeIgniter.php(449): CodeIgniter\CodeIgniter->tryToRouteIt(Object(CodeIgniter\Router\RouteCollection))
 5 SYSTEMPATH\CodeIgniter.php(368): CodeIgniter\CodeIgniter->handleRequest(null, Object(Config\Cache), false)
 6 FCPATH\index.php(67): CodeIgniter\CodeIgniter->run()
CRITICAL - 2023-09-13 17:08:34 --> Invalid file: "App\Views\contents\institute\template-1\posts.php"
in SYSTEMPATH\Exceptions\FrameworkException.php on line 33.
 1 SYSTEMPATH\View\View.php(201): CodeIgniter\Exceptions\FrameworkException::forInvalidFile('App\\Views\\contents\\institute\\template-1\\posts.php')
 2 SYSTEMPATH\View\View.php(229): CodeIgniter\View\View->render('App\\Views\\contents\\institute\\template-1\\posts.php', [], true)
 3 SYSTEMPATH\Common.php(1184): CodeIgniter\View\View->render('contents/innerPages/template-1/main/sections/post.php', [], true)
 4 APPPATH\Controllers\InnerPages\Institute.php(29): view('contents/innerPages/template-1/main/sections/post.php', [...])
 5 SYSTEMPATH\CodeIgniter.php(934): App\Controllers\InnerPages\Institute->historico()
 6 SYSTEMPATH\CodeIgniter.php(499): CodeIgniter\CodeIgniter->runController(Object(App\Controllers\InnerPages\Institute))
 7 SYSTEMPATH\CodeIgniter.php(368): CodeIgniter\CodeIgniter->handleRequest(null, Object(Config\Cache), false)
 8 FCPATH\index.php(67): CodeIgniter\CodeIgniter->run()
CRITICAL - 2023-09-13 17:13:43 --> Invalid file: "App\Views\contents\innerPages\template-1\main\sections\posts.php"
in SYSTEMPATH\Exceptions\FrameworkException.php on line 33.
 1 SYSTEMPATH\View\View.php(201): CodeIgniter\Exceptions\FrameworkException::forInvalidFile('App\\Views\\contents\\innerPages\\template-1\\main\\sections\\posts.php')
 2 SYSTEMPATH\View\View.php(229): CodeIgniter\View\View->render('App\\Views\\contents\\innerPages\\template-1\\main\\sections\\posts.php', [], true)
 3 SYSTEMPATH\Common.php(1184): CodeIgniter\View\View->render('contents/innerPages/template-1/main/sections/post.php', [], true)
 4 APPPATH\Controllers\InnerPages\Institute.php(29): view('contents/innerPages/template-1/main/sections/post.php', [...])
 5 SYSTEMPATH\CodeIgniter.php(934): App\Controllers\InnerPages\Institute->historico()
 6 SYSTEMPATH\CodeIgniter.php(499): CodeIgniter\CodeIgniter->runController(Object(App\Controllers\InnerPages\Institute))
 7 SYSTEMPATH\CodeIgniter.php(368): CodeIgniter\CodeIgniter->handleRequest(null, Object(Config\Cache), false)
 8 FCPATH\index.php(67): CodeIgniter\CodeIgniter->run()
CRITICAL - 2023-09-13 14:55:24 --> Invalid file: "contents/template-1/common/footer/sectons/logos.php"
in SYSTEMPATH\Exceptions\FrameworkException.php on line 33.
 1 SYSTEMPATH\View\View.php(201): CodeIgniter\Exceptions\FrameworkException::forInvalidFile('contents/template-1/common/footer/sectons/logos.php')
 2 SYSTEMPATH\Common.php(1184): CodeIgniter\View\View->render('contents/template-1/common/footer/sectons/logos', [], true)
 3 APPPATH\Controllers\Home.php(24): view('contents/template-1/common/footer/sectons/logos')
 4 SYSTEMPATH\CodeIgniter.php(934): App\Controllers\Home->index()
 5 SYSTEMPATH\CodeIgniter.php(499): CodeIgniter\CodeIgniter->runController(Object(App\Controllers\Home))
 6 SYSTEMPATH\CodeIgniter.php(368): CodeIgniter\CodeIgniter->handleRequest(null, Object(Config\Cache), false)
 7 FCPATH\index.php(67): CodeIgniter\CodeIgniter->run()
CRITICAL - 2023-09-13 14:57:24 --> Invalid file: "App\Views\contents\home-page\template-1\footer\footer.php"
in SYSTEMPATH\Exceptions\FrameworkException.php on line 33.
 1 SYSTEMPATH\View\View.php(201): CodeIgniter\Exceptions\FrameworkException::forInvalidFile('App\\Views\\contents\\home-page\\template-1\\footer\\footer.php')
 2 SYSTEMPATH\View\View.php(229): CodeIgniter\View\View->render('App\\Views\\contents\\home-page\\template-1\\footer\\footer.php', [], true)
 3 SYSTEMPATH\Common.php(1184): CodeIgniter\View\View->render('contents/template-1/common/footer/sections/footer-infos.php', [], true)
 4 APPPATH\Controllers\Home.php(25): view('contents/template-1/common/footer/sections/footer-infos.php')
 5 SYSTEMPATH\CodeIgniter.php(934): App\Controllers\Home->index()
 6 SYSTEMPATH\CodeIgniter.php(499): CodeIgniter\CodeIgniter->runController(Object(App\Controllers\Home))
 7 SYSTEMPATH\CodeIgniter.php(368): CodeIgniter\CodeIgniter->handleRequest(null, Object(Config\Cache), false)
 8 FCPATH\index.php(67): CodeIgniter\CodeIgniter->run()
CRITICAL - 2023-09-13 18:12:49 --> Invalid file: "App\Views\contents\innerPages\template-1\header\header-links.php"
in SYSTEMPATH\Exceptions\FrameworkException.php on line 33.
 1 SYSTEMPATH\View\View.php(201): CodeIgniter\Exceptions\FrameworkException::forInvalidFile('App\\Views\\contents\\innerPages\\template-1\\header\\header-links.php')
 2 SYSTEMPATH\View\View.php(229): CodeIgniter\View\View->render('App\\Views\\contents\\innerPages\\template-1\\header\\header-links.php', [], true)
 3 SYSTEMPATH\Common.php(1184): CodeIgniter\View\View->render('contents/template-1/inner-pages/header/sections/header-links.php', [], true)
 4 APPPATH\Controllers\InnerPages\Institute.php(23): view('contents/template-1/inner-pages/header/sections/header-links.php', [...])
 5 SYSTEMPATH\CodeIgniter.php(934): App\Controllers\InnerPages\Institute->historico()
 6 SYSTEMPATH\CodeIgniter.php(499): CodeIgniter\CodeIgniter->runController(Object(App\Controllers\InnerPages\Institute))
 7 SYSTEMPATH\CodeIgniter.php(368): CodeIgniter\CodeIgniter->handleRequest(null, Object(Config\Cache), false)
 8 FCPATH\index.php(67): CodeIgniter\CodeIgniter->run()
CRITICAL - 2023-09-13 18:14:34 --> Invalid file: "App\Views\contents\innerPages\template-1\header\header-links.php"
in SYSTEMPATH\Exceptions\FrameworkException.php on line 33.
 1 SYSTEMPATH\View\View.php(201): CodeIgniter\Exceptions\FrameworkException::forInvalidFile('App\\Views\\contents\\innerPages\\template-1\\header\\header-links.php')
 2 SYSTEMPATH\View\View.php(229): CodeIgniter\View\View->render('App\\Views\\contents\\innerPages\\template-1\\header\\header-links.php', [], true)
 3 SYSTEMPATH\Common.php(1184): CodeIgniter\View\View->render('contents/template-1/inner-pages/header/sections/header-links.php', [], true)
 4 APPPATH\Controllers\InnerPages\Institute.php(23): view('contents/template-1/inner-pages/header/sections/header-links.php', [...])
 5 SYSTEMPATH\CodeIgniter.php(934): App\Controllers\InnerPages\Institute->historico()
 6 SYSTEMPATH\CodeIgniter.php(499): CodeIgniter\CodeIgniter->runController(Object(App\Controllers\InnerPages\Institute))
 7 SYSTEMPATH\CodeIgniter.php(368): CodeIgniter\CodeIgniter->handleRequest(null, Object(Config\Cache), false)
 8 FCPATH\index.php(67): CodeIgniter\CodeIgniter->run()
CRITICAL - 2023-09-13 18:15:40 --> Invalid file: "App\Views\contents\template-1\inner-pages\header\header-links.php"
in SYSTEMPATH\Exceptions\FrameworkException.php on line 33.
 1 SYSTEMPATH\View\View.php(201): CodeIgniter\Exceptions\FrameworkException::forInvalidFile('App\\Views\\contents\\template-1\\inner-pages\\header\\header-links.php')
 2 SYSTEMPATH\View\View.php(229): CodeIgniter\View\View->render('App\\Views\\contents\\template-1\\inner-pages\\header\\header-links.php', [], true)
 3 SYSTEMPATH\Common.php(1184): CodeIgniter\View\View->render('contents/template-1/inner-pages/header/sections/header-links.php', [], true)
 4 APPPATH\Controllers\InnerPages\Institute.php(23): view('contents/template-1/inner-pages/header/sections/header-links.php', [...])
 5 SYSTEMPATH\CodeIgniter.php(934): App\Controllers\InnerPages\Institute->historico()
 6 SYSTEMPATH\CodeIgniter.php(499): CodeIgniter\CodeIgniter->runController(Object(App\Controllers\InnerPages\Institute))
 7 SYSTEMPATH\CodeIgniter.php(368): CodeIgniter\CodeIgniter->handleRequest(null, Object(Config\Cache), false)
 8 FCPATH\index.php(67): CodeIgniter\CodeIgniter->run()
CRITICAL - 2023-09-13 18:18:22 --> Invalid file: "contents/common/header/head.php"
in SYSTEMPATH\Exceptions\FrameworkException.php on line 33.
 1 SYSTEMPATH\View\View.php(201): CodeIgniter\Exceptions\FrameworkException::forInvalidFile('contents/common/header/head.php')
 2 SYSTEMPATH\Common.php(1184): CodeIgniter\View\View->render('contents/common/header/head', [], true)
 3 APPPATH\Controllers\InnerPages\Institute.php(40): view('contents/common/header/head')
 4 SYSTEMPATH\CodeIgniter.php(934): App\Controllers\InnerPages\Institute->principios()
 5 SYSTEMPATH\CodeIgniter.php(499): CodeIgniter\CodeIgniter->runController(Object(App\Controllers\InnerPages\Institute))
 6 SYSTEMPATH\CodeIgniter.php(368): CodeIgniter\CodeIgniter->handleRequest(null, Object(Config\Cache), false)
 7 FCPATH\index.php(67): CodeIgniter\CodeIgniter->run()
CRITICAL - 2023-09-13 18:21:04 --> Invalid file: "contents/institute/dynamic-content/team.php"
in SYSTEMPATH\Exceptions\FrameworkException.php on line 33.
 1 SYSTEMPATH\View\View.php(201): CodeIgniter\Exceptions\FrameworkException::forInvalidFile('contents/institute/dynamic-content/team.php')
 2 SYSTEMPATH\Common.php(1184): CodeIgniter\View\View->render('contents/institute/dynamic-content/team.php', [], true)
 3 APPPATH\Controllers\InnerPages\Institute.php(104): view('contents/institute/dynamic-content/team.php', [...])
 4 SYSTEMPATH\CodeIgniter.php(934): App\Controllers\InnerPages\Institute->equipe()
 5 SYSTEMPATH\CodeIgniter.php(499): CodeIgniter\CodeIgniter->runController(Object(App\Controllers\InnerPages\Institute))
 6 SYSTEMPATH\CodeIgniter.php(368): CodeIgniter\CodeIgniter->handleRequest(null, Object(Config\Cache), false)
 7 FCPATH\index.php(67): CodeIgniter\CodeIgniter->run()
CRITICAL - 2023-09-13 18:21:20 --> Invalid file: "contents/common/header/head.php"
in SYSTEMPATH\Exceptions\FrameworkException.php on line 33.
 1 SYSTEMPATH\View\View.php(201): CodeIgniter\Exceptions\FrameworkException::forInvalidFile('contents/common/header/head.php')
 2 SYSTEMPATH\Common.php(1184): CodeIgniter\View\View->render('contents/common/header/head', [], true)
 3 APPPATH\Controllers\InnerPages\Institute.php(165): view('contents/common/header/head')
 4 SYSTEMPATH\CodeIgniter.php(934): App\Controllers\InnerPages\Institute->educacaoPrevidenciaria()
 5 SYSTEMPATH\CodeIgniter.php(499): CodeIgniter\CodeIgniter->runController(Object(App\Controllers\InnerPages\Institute))
 6 SYSTEMPATH\CodeIgniter.php(368): CodeIgniter\CodeIgniter->handleRequest(null, Object(Config\Cache), false)
 7 FCPATH\index.php(67): CodeIgniter\CodeIgniter->run()
CRITICAL - 2023-09-13 18:23:05 --> Invalid file: "App\Views\contents\template-1\inner-pages\render-sections\principles-content.php"
in SYSTEMPATH\Exceptions\FrameworkException.php on line 33.
 1 SYSTEMPATH\View\View.php(201): CodeIgniter\Exceptions\FrameworkException::forInvalidFile('App\\Views\\contents\\template-1\\inner-pages\\render-sections\\principles-content.php')
 2 SYSTEMPATH\View\View.php(229): CodeIgniter\View\View->render('App\\Views\\contents\\template-1\\inner-pages\\render-sections\\principles-content.php', [], true)
 3 SYSTEMPATH\Common.php(1184): CodeIgniter\View\View->render('contents/template-1/inner-pages/main/sections/principles.php', [], true)
 4 APPPATH\Controllers\InnerPages\Institute.php(53): view('contents/template-1/inner-pages/main/sections/principles.php', [...])
 5 SYSTEMPATH\CodeIgniter.php(934): App\Controllers\InnerPages\Institute->principios()
 6 SYSTEMPATH\CodeIgniter.php(499): CodeIgniter\CodeIgniter->runController(Object(App\Controllers\InnerPages\Institute))
 7 SYSTEMPATH\CodeIgniter.php(368): CodeIgniter\CodeIgniter->handleRequest(null, Object(Config\Cache), false)
 8 FCPATH\index.php(67): CodeIgniter\CodeIgniter->run()
CRITICAL - 2023-09-13 18:24:04 --> Invalid file: "App\Views\contents\template-1\inner-pages\render-sections\principles-content.php"
in SYSTEMPATH\Exceptions\FrameworkException.php on line 33.
 1 SYSTEMPATH\View\View.php(201): CodeIgniter\Exceptions\FrameworkException::forInvalidFile('App\\Views\\contents\\template-1\\inner-pages\\render-sections\\principles-content.php')
 2 SYSTEMPATH\View\View.php(229): CodeIgniter\View\View->render('App\\Views\\contents\\template-1\\inner-pages\\render-sections\\principles-content.php', [], true)
 3 SYSTEMPATH\Common.php(1184): CodeIgniter\View\View->render('contents/template-1/inner-pages/main/sections/principles.php', [], true)
 4 APPPATH\Controllers\InnerPages\Institute.php(53): view('contents/template-1/inner-pages/main/sections/principles.php', [...])
 5 SYSTEMPATH\CodeIgniter.php(934): App\Controllers\InnerPages\Institute->principios()
 6 SYSTEMPATH\CodeIgniter.php(499): CodeIgniter\CodeIgniter->runController(Object(App\Controllers\InnerPages\Institute))
 7 SYSTEMPATH\CodeIgniter.php(368): CodeIgniter\CodeIgniter->handleRequest(null, Object(Config\Cache), false)
 8 FCPATH\index.php(67): CodeIgniter\CodeIgniter->run()
CRITICAL - 2023-09-13 18:24:53 --> Invalid file: "App\Views\contents\template-1\inner-pages\render-sections\principles-content.php"
in SYSTEMPATH\Exceptions\FrameworkException.php on line 33.
 1 SYSTEMPATH\View\View.php(201): CodeIgniter\Exceptions\FrameworkException::forInvalidFile('App\\Views\\contents\\template-1\\inner-pages\\render-sections\\principles-content.php')
 2 SYSTEMPATH\View\View.php(229): CodeIgniter\View\View->render('App\\Views\\contents\\template-1\\inner-pages\\render-sections\\principles-content.php', [], true)
 3 SYSTEMPATH\Common.php(1184): CodeIgniter\View\View->render('contents/template-1/inner-pages/main/sections/principles.php', [], true)
 4 APPPATH\Controllers\InnerPages\Institute.php(53): view('contents/template-1/inner-pages/main/sections/principles.php', [...])
 5 SYSTEMPATH\CodeIgniter.php(934): App\Controllers\InnerPages\Institute->principios()
 6 SYSTEMPATH\CodeIgniter.php(499): CodeIgniter\CodeIgniter->runController(Object(App\Controllers\InnerPages\Institute))
 7 SYSTEMPATH\CodeIgniter.php(368): CodeIgniter\CodeIgniter->handleRequest(null, Object(Config\Cache), false)
 8 FCPATH\index.php(67): CodeIgniter\CodeIgniter->run()
CRITICAL - 2023-09-13 18:26:12 --> Invalid file: "contents/institute/dynamic-content/team.php"
in SYSTEMPATH\Exceptions\FrameworkException.php on line 33.
 1 SYSTEMPATH\View\View.php(201): CodeIgniter\Exceptions\FrameworkException::forInvalidFile('contents/institute/dynamic-content/team.php')
 2 SYSTEMPATH\Common.php(1184): CodeIgniter\View\View->render('contents/institute/dynamic-content/team.php', [], true)
 3 APPPATH\Controllers\InnerPages\Institute.php(104): view('contents/institute/dynamic-content/team.php', [...])
 4 SYSTEMPATH\CodeIgniter.php(934): App\Controllers\InnerPages\Institute->equipe()
 5 SYSTEMPATH\CodeIgniter.php(499): CodeIgniter\CodeIgniter->runController(Object(App\Controllers\InnerPages\Institute))
 6 SYSTEMPATH\CodeIgniter.php(368): CodeIgniter\CodeIgniter->handleRequest(null, Object(Config\Cache), false)
 7 FCPATH\index.php(67): CodeIgniter\CodeIgniter->run()
CRITICAL - 2023-09-13 16:17:45 --> Undefined variable $instituteData
in APPPATH\Views\contents\template-1\home-page\main\sections\infos-content\infos.php on line 11.
 1 APPPATH\Views\contents\template-1\home-page\main\sections\infos-content\infos.php(11): CodeIgniter\Debug\Exceptions->errorHandler(2, 'Undefined variable $instituteData', 'C:\\xampp\\htdocs\\RPPS\\app\\Views\\contents\\template-1\\home-page\\main\\sections\\infos-content\\infos.php', 11)
 2 SYSTEMPATH\View\View.php(213): include('C:\\xampp\\htdocs\\RPPS\\app\\Views\\contents\\template-1\\home-page\\main\\sections\\infos-content\\infos.php')
 3 SYSTEMPATH\View\View.php(216): CodeIgniter\View\View->CodeIgniter\View\{closure}()
 4 SYSTEMPATH\Common.php(1184): CodeIgniter\View\View->render('contents/template-1/home-page/main/sections/infos-content/infos', [], true)
 5 APPPATH\Controllers\Home.php(32): view('contents/template-1/home-page/main/sections/infos-content/infos')
 6 SYSTEMPATH\CodeIgniter.php(934): App\Controllers\Home->index()
 7 SYSTEMPATH\CodeIgniter.php(499): CodeIgniter\CodeIgniter->runController(Object(App\Controllers\Home))
 8 SYSTEMPATH\CodeIgniter.php(368): CodeIgniter\CodeIgniter->handleRequest(null, Object(Config\Cache), false)
 9 FCPATH\index.php(67): CodeIgniter\CodeIgniter->run()
CRITICAL - 2023-09-13 19:53:04 --> Undefined variable $dataFormatada
in FCPATH\functions\functionsCalendar\dataFormatter.php on line 21.
 1 FCPATH\functions\functionsCalendar\dataFormatter.php(21): CodeIgniter\Debug\Exceptions->errorHandler(2, 'Undefined variable $dataFormatada', 'C:\\xampp\\htdocs\\RPPS\\public\\functions\\functionsCalendar\\dataFormatter.php', 21)
 2 APPPATH\Views\contents\template-1\home-page\main\sections\latest-publications\publications.php(6): require_once('C:\\xampp\\htdocs\\RPPS\\public\\functions\\functionsCalendar\\dataFormatter.php')
 3 SYSTEMPATH\View\View.php(213): include('C:\\xampp\\htdocs\\RPPS\\app\\Views\\contents\\template-1\\home-page\\main\\sections\\latest-publications\\publications.php')
 4 SYSTEMPATH\View\View.php(216): CodeIgniter\View\View->CodeIgniter\View\{closure}()
 5 SYSTEMPATH\Common.php(1184): CodeIgniter\View\View->render('contents/template-1/home-page/main/sections/latest-publications/publications', [], true)
 6 APPPATH\Controllers\Home.php(30): view('contents/template-1/home-page/main/sections/latest-publications/publications', [...])
 7 SYSTEMPATH\CodeIgniter.php(934): App\Controllers\Home->index()
 8 SYSTEMPATH\CodeIgniter.php(499): CodeIgniter\CodeIgniter->runController(Object(App\Controllers\Home))
 9 SYSTEMPATH\CodeIgniter.php(368): CodeIgniter\CodeIgniter->handleRequest(null, Object(Config\Cache), false)
10 FCPATH\index.php(67): CodeIgniter\CodeIgniter->run()
CRITICAL - 2023-09-13 19:53:33 --> Undefined variable $dataFormatada
in FCPATH\functions\functionsCalendar\dataFormatter.php on line 21.
 1 FCPATH\functions\functionsCalendar\dataFormatter.php(21): CodeIgniter\Debug\Exceptions->errorHandler(2, 'Undefined variable $dataFormatada', 'C:\\xampp\\htdocs\\RPPS\\public\\functions\\functionsCalendar\\dataFormatter.php', 21)
 2 APPPATH\Views\contents\template-1\home-page\main\sections\latest-publications\publications.php(6): require_once('C:\\xampp\\htdocs\\RPPS\\public\\functions\\functionsCalendar\\dataFormatter.php')
 3 SYSTEMPATH\View\View.php(213): include('C:\\xampp\\htdocs\\RPPS\\app\\Views\\contents\\template-1\\home-page\\main\\sections\\latest-publications\\publications.php')
 4 SYSTEMPATH\View\View.php(216): CodeIgniter\View\View->CodeIgniter\View\{closure}()
 5 SYSTEMPATH\Common.php(1184): CodeIgniter\View\View->render('contents/template-1/home-page/main/sections/latest-publications/publications', [], true)
 6 APPPATH\Controllers\Home.php(30): view('contents/template-1/home-page/main/sections/latest-publications/publications', [...])
 7 SYSTEMPATH\CodeIgniter.php(934): App\Controllers\Home->index()
 8 SYSTEMPATH\CodeIgniter.php(499): CodeIgniter\CodeIgniter->runController(Object(App\Controllers\Home))
 9 SYSTEMPATH\CodeIgniter.php(368): CodeIgniter\CodeIgniter->handleRequest(null, Object(Config\Cache), false)
10 FCPATH\index.php(67): CodeIgniter\CodeIgniter->run()
CRITICAL - 2023-09-13 19:54:16 --> Undefined variable $dataFormatada
in FCPATH\functions\functionsCalendar\dataFormatter.php on line 21.
 1 FCPATH\functions\functionsCalendar\dataFormatter.php(21): CodeIgniter\Debug\Exceptions->errorHandler(2, 'Undefined variable $dataFormatada', 'C:\\xampp\\htdocs\\RPPS\\public\\functions\\functionsCalendar\\dataFormatter.php', 21)
 2 APPPATH\Views\contents\template-1\home-page\main\sections\latest-publications\publications.php(6): require_once('C:\\xampp\\htdocs\\RPPS\\public\\functions\\functionsCalendar\\dataFormatter.php')
 3 SYSTEMPATH\View\View.php(213): include('C:\\xampp\\htdocs\\RPPS\\app\\Views\\contents\\template-1\\home-page\\main\\sections\\latest-publications\\publications.php')
 4 SYSTEMPATH\View\View.php(216): CodeIgniter\View\View->CodeIgniter\View\{closure}()
 5 SYSTEMPATH\Common.php(1184): CodeIgniter\View\View->render('contents/template-1/home-page/main/sections/latest-publications/publications', [], true)
 6 APPPATH\Controllers\Home.php(30): view('contents/template-1/home-page/main/sections/latest-publications/publications', [...])
 7 SYSTEMPATH\CodeIgniter.php(934): App\Controllers\Home->index()
 8 SYSTEMPATH\CodeIgniter.php(499): CodeIgniter\CodeIgniter->runController(Object(App\Controllers\Home))
 9 SYSTEMPATH\CodeIgniter.php(368): CodeIgniter\CodeIgniter->handleRequest(null, Object(Config\Cache), false)
10 FCPATH\index.php(67): CodeIgniter\CodeIgniter->run()
CRITICAL - 2023-09-13 16:56:08 --> Undefined variable $mesPtBr
in FCPATH\assets\include\calendar.php on line 26.
 1 FCPATH\assets\include\calendar.php(26): CodeIgniter\Debug\Exceptions->errorHandler(2, 'Undefined variable $mesPtBr', 'C:\\xampp\\htdocs\\RPPS\\public\\assets\\include\\calendar.php', 26)
 2 APPPATH\Views\contents\template-1\home-page\main\sections\main-content\main-content.php(42): include_once('C:\\xampp\\htdocs\\RPPS\\public\\assets\\include\\calendar.php')
 3 SYSTEMPATH\View\View.php(213): include('C:\\xampp\\htdocs\\RPPS\\app\\Views\\contents\\template-1\\home-page\\main\\sections\\main-content\\main-content.php')
 4 SYSTEMPATH\View\View.php(216): CodeIgniter\View\View->CodeIgniter\View\{closure}()
 5 SYSTEMPATH\Common.php(1184): CodeIgniter\View\View->render('contents/template-1/home-page/main/sections/main-content/main-content', [], true)
 6 APPPATH\Controllers\Home.php(34): view('contents/template-1/home-page/main/sections/main-content/main-content')
 7 SYSTEMPATH\CodeIgniter.php(934): App\Controllers\Home->index()
 8 SYSTEMPATH\CodeIgniter.php(499): CodeIgniter\CodeIgniter->runController(Object(App\Controllers\Home))
 9 SYSTEMPATH\CodeIgniter.php(368): CodeIgniter\CodeIgniter->handleRequest(null, Object(Config\Cache), false)
10 FCPATH\index.php(67): CodeIgniter\CodeIgniter->run()
CRITICAL - 2023-09-13 17:06:51 --> Undefined variable $mesPtBr
in FCPATH\assets\include\calendar.php on line 26.
 1 FCPATH\assets\include\calendar.php(26): CodeIgniter\Debug\Exceptions->errorHandler(2, 'Undefined variable $mesPtBr', 'C:\\xampp\\htdocs\\RPPS\\public\\assets\\include\\calendar.php', 26)
 2 APPPATH\Views\contents\template-1\home-page\main\sections\main-content\main-content.php(42): include_once('C:\\xampp\\htdocs\\RPPS\\public\\assets\\include\\calendar.php')
 3 SYSTEMPATH\View\View.php(213): include('C:\\xampp\\htdocs\\RPPS\\app\\Views\\contents\\template-1\\home-page\\main\\sections\\main-content\\main-content.php')
 4 SYSTEMPATH\View\View.php(216): CodeIgniter\View\View->CodeIgniter\View\{closure}()
 5 SYSTEMPATH\Common.php(1184): CodeIgniter\View\View->render('contents/template-1/home-page/main/sections/main-content/main-content', [], true)
 6 APPPATH\Controllers\Home.php(34): view('contents/template-1/home-page/main/sections/main-content/main-content')
 7 SYSTEMPATH\CodeIgniter.php(934): App\Controllers\Home->index()
 8 SYSTEMPATH\CodeIgniter.php(499): CodeIgniter\CodeIgniter->runController(Object(App\Controllers\Home))
 9 SYSTEMPATH\CodeIgniter.php(368): CodeIgniter\CodeIgniter->handleRequest(null, Object(Config\Cache), false)
10 FCPATH\index.php(67): CodeIgniter\CodeIgniter->run()
CRITICAL - 2023-09-13 17:07:44 --> Undefined variable $mesPtBr
in FCPATH\assets\include\calendar.php on line 26.
 1 FCPATH\assets\include\calendar.php(26): CodeIgniter\Debug\Exceptions->errorHandler(2, 'Undefined variable $mesPtBr', 'C:\\xampp\\htdocs\\RPPS\\public\\assets\\include\\calendar.php', 26)
 2 APPPATH\Views\contents\template-1\home-page\main\sections\main-content\main-content.php(42): include_once('C:\\xampp\\htdocs\\RPPS\\public\\assets\\include\\calendar.php')
 3 SYSTEMPATH\View\View.php(213): include('C:\\xampp\\htdocs\\RPPS\\app\\Views\\contents\\template-1\\home-page\\main\\sections\\main-content\\main-content.php')
 4 SYSTEMPATH\View\View.php(216): CodeIgniter\View\View->CodeIgniter\View\{closure}()
 5 SYSTEMPATH\Common.php(1184): CodeIgniter\View\View->render('contents/template-1/home-page/main/sections/main-content/main-content', [], true)
 6 APPPATH\Controllers\Home.php(34): view('contents/template-1/home-page/main/sections/main-content/main-content')
 7 SYSTEMPATH\CodeIgniter.php(934): App\Controllers\Home->index()
 8 SYSTEMPATH\CodeIgniter.php(499): CodeIgniter\CodeIgniter->runController(Object(App\Controllers\Home))
 9 SYSTEMPATH\CodeIgniter.php(368): CodeIgniter\CodeIgniter->handleRequest(null, Object(Config\Cache), false)
10 FCPATH\index.php(67): CodeIgniter\CodeIgniter->run()
CRITICAL - 2023-09-13 17:09:45 --> Undefined variable $mesPtBr
in FCPATH\assets\include\calendar.php on line 26.
 1 FCPATH\assets\include\calendar.php(26): CodeIgniter\Debug\Exceptions->errorHandler(2, 'Undefined variable $mesPtBr', 'C:\\xampp\\htdocs\\RPPS\\public\\assets\\include\\calendar.php', 26)
 2 APPPATH\Views\contents\template-1\home-page\main\sections\main-content\main-content.php(42): include_once('C:\\xampp\\htdocs\\RPPS\\public\\assets\\include\\calendar.php')
 3 SYSTEMPATH\View\View.php(213): include('C:\\xampp\\htdocs\\RPPS\\app\\Views\\contents\\template-1\\home-page\\main\\sections\\main-content\\main-content.php')
 4 SYSTEMPATH\View\View.php(216): CodeIgniter\View\View->CodeIgniter\View\{closure}()
 5 SYSTEMPATH\Common.php(1184): CodeIgniter\View\View->render('contents/template-1/home-page/main/sections/main-content/main-content', [], true)
 6 APPPATH\Controllers\Home.php(34): view('contents/template-1/home-page/main/sections/main-content/main-content')
 7 SYSTEMPATH\CodeIgniter.php(934): App\Controllers\Home->index()
 8 SYSTEMPATH\CodeIgniter.php(499): CodeIgniter\CodeIgniter->runController(Object(App\Controllers\Home))
 9 SYSTEMPATH\CodeIgniter.php(368): CodeIgniter\CodeIgniter->handleRequest(null, Object(Config\Cache), false)
10 FCPATH\index.php(67): CodeIgniter\CodeIgniter->run()
CRITICAL - 2023-09-13 17:10:10 --> Cannot redeclare formatMonth() (previously declared in C:\xampp\htdocs\RPPS\public\functions\functionsCalendar\dateFormatter.php:12)
in FCPATH\functions\functionsCalendar\dateFormatter.php on line 12.
 1 [internal function]: CodeIgniter\Debug\Exceptions->shutdownHandler()
CRITICAL - 2023-09-13 17:11:00 --> Undefined variable $mesPtBr
in FCPATH\assets\include\calendar.php on line 25.
 1 FCPATH\assets\include\calendar.php(25): CodeIgniter\Debug\Exceptions->errorHandler(2, 'Undefined variable $mesPtBr', 'C:\\xampp\\htdocs\\RPPS\\public\\assets\\include\\calendar.php', 25)
 2 APPPATH\Views\contents\template-1\home-page\main\sections\main-content\main-content.php(42): include_once('C:\\xampp\\htdocs\\RPPS\\public\\assets\\include\\calendar.php')
 3 SYSTEMPATH\View\View.php(213): include('C:\\xampp\\htdocs\\RPPS\\app\\Views\\contents\\template-1\\home-page\\main\\sections\\main-content\\main-content.php')
 4 SYSTEMPATH\View\View.php(216): CodeIgniter\View\View->CodeIgniter\View\{closure}()
 5 SYSTEMPATH\Common.php(1184): CodeIgniter\View\View->render('contents/template-1/home-page/main/sections/main-content/main-content', [], true)
 6 APPPATH\Controllers\Home.php(34): view('contents/template-1/home-page/main/sections/main-content/main-content')
 7 SYSTEMPATH\CodeIgniter.php(934): App\Controllers\Home->index()
 8 SYSTEMPATH\CodeIgniter.php(499): CodeIgniter\CodeIgniter->runController(Object(App\Controllers\Home))
 9 SYSTEMPATH\CodeIgniter.php(368): CodeIgniter\CodeIgniter->handleRequest(null, Object(Config\Cache), false)
10 FCPATH\index.php(67): CodeIgniter\CodeIgniter->run()
CRITICAL - 2023-09-13 17:11:40 --> Undefined variable $mesPtBr
in FCPATH\assets\include\calendar.php on line 24.
 1 FCPATH\assets\include\calendar.php(24): CodeIgniter\Debug\Exceptions->errorHandler(2, 'Undefined variable $mesPtBr', 'C:\\xampp\\htdocs\\RPPS\\public\\assets\\include\\calendar.php', 24)
 2 APPPATH\Views\contents\template-1\home-page\main\sections\main-content\main-content.php(42): include_once('C:\\xampp\\htdocs\\RPPS\\public\\assets\\include\\calendar.php')
 3 SYSTEMPATH\View\View.php(213): include('C:\\xampp\\htdocs\\RPPS\\app\\Views\\contents\\template-1\\home-page\\main\\sections\\main-content\\main-content.php')
 4 SYSTEMPATH\View\View.php(216): CodeIgniter\View\View->CodeIgniter\View\{closure}()
 5 SYSTEMPATH\Common.php(1184): CodeIgniter\View\View->render('contents/template-1/home-page/main/sections/main-content/main-content', [], true)
 6 APPPATH\Controllers\Home.php(34): view('contents/template-1/home-page/main/sections/main-content/main-content')
 7 SYSTEMPATH\CodeIgniter.php(934): App\Controllers\Home->index()
 8 SYSTEMPATH\CodeIgniter.php(499): CodeIgniter\CodeIgniter->runController(Object(App\Controllers\Home))
 9 SYSTEMPATH\CodeIgniter.php(368): CodeIgniter\CodeIgniter->handleRequest(null, Object(Config\Cache), false)
10 FCPATH\index.php(67): CodeIgniter\CodeIgniter->run()
CRITICAL - 2023-09-13 17:14:43 --> Call to undefined function formatDatePublications()
in APPPATH\Views\contents\template-1\home-page\main\sections\latest-publications\publications.php on line 16.
 1 SYSTEMPATH\View\View.php(213): include()
 2 SYSTEMPATH\View\View.php(216): CodeIgniter\View\View->CodeIgniter\View\{closure}()
 3 SYSTEMPATH\Common.php(1184): CodeIgniter\View\View->render('contents/template-1/home-page/main/sections/latest-publications/publications', [], true)
 4 APPPATH\Controllers\Home.php(30): view('contents/template-1/home-page/main/sections/latest-publications/publications', [...])
 5 SYSTEMPATH\CodeIgniter.php(934): App\Controllers\Home->index()
 6 SYSTEMPATH\CodeIgniter.php(499): CodeIgniter\CodeIgniter->runController(Object(App\Controllers\Home))
 7 SYSTEMPATH\CodeIgniter.php(368): CodeIgniter\CodeIgniter->handleRequest(null, Object(Config\Cache), false)
 8 FCPATH\index.php(67): CodeIgniter\CodeIgniter->run()
CRITICAL - 2023-09-13 17:14:55 --> Undefined variable $mesPtBr
in FCPATH\assets\include\calendar.php on line 24.
 1 FCPATH\assets\include\calendar.php(24): CodeIgniter\Debug\Exceptions->errorHandler(2, 'Undefined variable $mesPtBr', 'C:\\xampp\\htdocs\\RPPS\\public\\assets\\include\\calendar.php', 24)
 2 APPPATH\Views\contents\template-1\home-page\main\sections\main-content\main-content.php(42): include_once('C:\\xampp\\htdocs\\RPPS\\public\\assets\\include\\calendar.php')
 3 SYSTEMPATH\View\View.php(213): include('C:\\xampp\\htdocs\\RPPS\\app\\Views\\contents\\template-1\\home-page\\main\\sections\\main-content\\main-content.php')
 4 SYSTEMPATH\View\View.php(216): CodeIgniter\View\View->CodeIgniter\View\{closure}()
 5 SYSTEMPATH\Common.php(1184): CodeIgniter\View\View->render('contents/template-1/home-page/main/sections/main-content/main-content', [], true)
 6 APPPATH\Controllers\Home.php(34): view('contents/template-1/home-page/main/sections/main-content/main-content')
 7 SYSTEMPATH\CodeIgniter.php(934): App\Controllers\Home->index()
 8 SYSTEMPATH\CodeIgniter.php(499): CodeIgniter\CodeIgniter->runController(Object(App\Controllers\Home))
 9 SYSTEMPATH\CodeIgniter.php(368): CodeIgniter\CodeIgniter->handleRequest(null, Object(Config\Cache), false)
10 FCPATH\index.php(67): CodeIgniter\CodeIgniter->run()
CRITICAL - 2023-09-13 17:16:43 --> Undefined variable $formatter
in APPPATH\Views\contents\template-1\home-page\main\sections\latest-publications\publications.php on line 20.
 1 APPPATH\Views\contents\template-1\home-page\main\sections\latest-publications\publications.php(20): CodeIgniter\Debug\Exceptions->errorHandler(2, 'Undefined variable $formatter', 'C:\\xampp\\htdocs\\RPPS\\app\\Views\\contents\\template-1\\home-page\\main\\sections\\latest-publications\\publications.php', 20)
 2 SYSTEMPATH\View\View.php(213): include('C:\\xampp\\htdocs\\RPPS\\app\\Views\\contents\\template-1\\home-page\\main\\sections\\latest-publications\\publications.php')
 3 SYSTEMPATH\View\View.php(216): CodeIgniter\View\View->CodeIgniter\View\{closure}()
 4 SYSTEMPATH\Common.php(1184): CodeIgniter\View\View->render('contents/template-1/home-page/main/sections/latest-publications/publications', [], true)
 5 APPPATH\Controllers\Home.php(30): view('contents/template-1/home-page/main/sections/latest-publications/publications', [...])
 6 SYSTEMPATH\CodeIgniter.php(934): App\Controllers\Home->index()
 7 SYSTEMPATH\CodeIgniter.php(499): CodeIgniter\CodeIgniter->runController(Object(App\Controllers\Home))
 8 SYSTEMPATH\CodeIgniter.php(368): CodeIgniter\CodeIgniter->handleRequest(null, Object(Config\Cache), false)
 9 FCPATH\index.php(67): CodeIgniter\CodeIgniter->run()
CRITICAL - 2023-09-13 17:19:33 --> Cannot redeclare formatMonth() (previously declared in C:\xampp\htdocs\RPPS\public\functions\functionsCalendar\dateFormatter.php:12)
in FCPATH\functions\functionsCalendar\dateFormatter.php on line 12.
 1 [internal function]: CodeIgniter\Debug\Exceptions->shutdownHandler()
CRITICAL - 2023-09-13 20:26:40 --> Cannot redeclare formatMonth() (previously declared in C:\xampp\htdocs\RPPS\public\functions\functionsCalendar\dateFormatter.php:12)
in FCPATH\functions\functionsCalendar\dateFormatter.php on line 12.
 1 [internal function]: CodeIgniter\Debug\Exceptions->shutdownHandler()
CRITICAL - 2023-09-13 17:27:41 --> Undefined variable $formatter
in APPPATH\Views\contents\template-1\home-page\main\sections\latest-publications\publications.php on line 20.
 1 APPPATH\Views\contents\template-1\home-page\main\sections\latest-publications\publications.php(20): CodeIgniter\Debug\Exceptions->errorHandler(2, 'Undefined variable $formatter', 'C:\\xampp\\htdocs\\RPPS\\app\\Views\\contents\\template-1\\home-page\\main\\sections\\latest-publications\\publications.php', 20)
 2 SYSTEMPATH\View\View.php(213): include('C:\\xampp\\htdocs\\RPPS\\app\\Views\\contents\\template-1\\home-page\\main\\sections\\latest-publications\\publications.php')
 3 SYSTEMPATH\View\View.php(216): CodeIgniter\View\View->CodeIgniter\View\{closure}()
 4 SYSTEMPATH\Common.php(1184): CodeIgniter\View\View->render('contents/template-1/home-page/main/sections/latest-publications/publications', [], true)
 5 APPPATH\Controllers\Home.php(34): view('contents/template-1/home-page/main/sections/latest-publications/publications', [...])
 6 SYSTEMPATH\CodeIgniter.php(934): App\Controllers\Home->index()
 7 SYSTEMPATH\CodeIgniter.php(499): CodeIgniter\CodeIgniter->runController(Object(App\Controllers\Home))
 8 SYSTEMPATH\CodeIgniter.php(368): CodeIgniter\CodeIgniter->handleRequest(null, Object(Config\Cache), false)
 9 FCPATH\index.php(67): CodeIgniter\CodeIgniter->run()
CRITICAL - 2023-09-13 17:28:31 --> Undefined variable $mesPtBr
in FCPATH\assets\include\calendar.php on line 32.
 1 FCPATH\assets\include\calendar.php(32): CodeIgniter\Debug\Exceptions->errorHandler(2, 'Undefined variable $mesPtBr', 'C:\\xampp\\htdocs\\RPPS\\public\\assets\\include\\calendar.php', 32)
 2 APPPATH\Views\contents\template-1\home-page\main\sections\main-content\main-content.php(42): include_once('C:\\xampp\\htdocs\\RPPS\\public\\assets\\include\\calendar.php')
 3 SYSTEMPATH\View\View.php(213): include('C:\\xampp\\htdocs\\RPPS\\app\\Views\\contents\\template-1\\home-page\\main\\sections\\main-content\\main-content.php')
 4 SYSTEMPATH\View\View.php(216): CodeIgniter\View\View->CodeIgniter\View\{closure}()
 5 SYSTEMPATH\Common.php(1184): CodeIgniter\View\View->render('contents/template-1/home-page/main/sections/main-content/main-content', [], true)
 6 APPPATH\Controllers\Home.php(38): view('contents/template-1/home-page/main/sections/main-content/main-content')
 7 SYSTEMPATH\CodeIgniter.php(934): App\Controllers\Home->index()
 8 SYSTEMPATH\CodeIgniter.php(499): CodeIgniter\CodeIgniter->runController(Object(App\Controllers\Home))
 9 SYSTEMPATH\CodeIgniter.php(368): CodeIgniter\CodeIgniter->handleRequest(null, Object(Config\Cache), false)
10 FCPATH\index.php(67): CodeIgniter\CodeIgniter->run()
CRITICAL - 2023-09-13 17:28:56 --> Cannot redeclare formatMonth() (previously declared in C:\xampp\htdocs\RPPS\public\functions\functionsCalendar\dateFormatter.php:12)
in FCPATH\functions\functionsCalendar\dateFormatter.php on line 12.
 1 [internal function]: CodeIgniter\Debug\Exceptions->shutdownHandler()
CRITICAL - 2023-09-13 20:33:15 --> require(include/dateFormatter.php): Failed to open stream: No such file or directory
in APPPATH\Views\contents\template-1\home-page\main\sections\latest-publications\publications.php on line 7.
 1 APPPATH\Views\contents\template-1\home-page\main\sections\latest-publications\publications.php(7): CodeIgniter\Debug\Exceptions->errorHandler(2, 'require(include/dateFormatter.php): Failed to open stream: No such file or directory', 'C:\\xampp\\htdocs\\RPPS\\app\\Views\\contents\\template-1\\home-page\\main\\sections\\latest-publications\\publications.php', 7)
 2 APPPATH\Views\contents\template-1\home-page\main\sections\latest-publications\publications.php(7): require()
 3 SYSTEMPATH\View\View.php(213): include('C:\\xampp\\htdocs\\RPPS\\app\\Views\\contents\\template-1\\home-page\\main\\sections\\latest-publications\\publications.php')
 4 SYSTEMPATH\View\View.php(216): CodeIgniter\View\View->CodeIgniter\View\{closure}()
 5 SYSTEMPATH\Common.php(1184): CodeIgniter\View\View->render('contents/template-1/home-page/main/sections/latest-publications/publications', [], true)
 6 APPPATH\Controllers\Home.php(34): view('contents/template-1/home-page/main/sections/latest-publications/publications', [...])
 7 SYSTEMPATH\CodeIgniter.php(934): App\Controllers\Home->index()
 8 SYSTEMPATH\CodeIgniter.php(499): CodeIgniter\CodeIgniter->runController(Object(App\Controllers\Home))
 9 SYSTEMPATH\CodeIgniter.php(368): CodeIgniter\CodeIgniter->handleRequest(null, Object(Config\Cache), false)
10 FCPATH\index.php(67): CodeIgniter\CodeIgniter->run()
CRITICAL - 2023-09-13 17:33:43 --> Cannot redeclare formatMonth() (previously declared in C:\xampp\htdocs\RPPS\public\functions\functionsCalendar\dateFormatter.php:4)
in FCPATH\functions\functionsCalendar\dateFormatter.php on line 4.
 1 [internal function]: CodeIgniter\Debug\Exceptions->shutdownHandler()
CRITICAL - 2023-09-13 17:34:43 --> Cannot redeclare formatMonth() (previously declared in C:\xampp\htdocs\RPPS\public\functions\functionsCalendar\dateFormatter.php:4)
in FCPATH\functions\functionsCalendar\dateFormatter.php on line 4.
 1 [internal function]: CodeIgniter\Debug\Exceptions->shutdownHandler()
CRITICAL - 2023-09-13 17:36:07 --> Call to undefined function formatDatePublications()
in APPPATH\Views\contents\template-1\home-page\main\sections\latest-publications\publications.php on line 16.
 1 SYSTEMPATH\View\View.php(213): include()
 2 SYSTEMPATH\View\View.php(216): CodeIgniter\View\View->CodeIgniter\View\{closure}()
 3 SYSTEMPATH\Common.php(1184): CodeIgniter\View\View->render('contents/template-1/home-page/main/sections/latest-publications/publications', [], true)
 4 APPPATH\Controllers\Home.php(34): view('contents/template-1/home-page/main/sections/latest-publications/publications', [...])
 5 SYSTEMPATH\CodeIgniter.php(934): App\Controllers\Home->index()
 6 SYSTEMPATH\CodeIgniter.php(499): CodeIgniter\CodeIgniter->runController(Object(App\Controllers\Home))
 7 SYSTEMPATH\CodeIgniter.php(368): CodeIgniter\CodeIgniter->handleRequest(null, Object(Config\Cache), false)
 8 FCPATH\index.php(67): CodeIgniter\CodeIgniter->run()
CRITICAL - 2023-09-13 17:38:10 --> Call to undefined function formatDatePublications()
in APPPATH\Views\contents\template-1\home-page\main\sections\latest-publications\publications.php on line 16.
 1 SYSTEMPATH\View\View.php(213): include()
 2 SYSTEMPATH\View\View.php(216): CodeIgniter\View\View->CodeIgniter\View\{closure}()
 3 SYSTEMPATH\Common.php(1184): CodeIgniter\View\View->render('contents/template-1/home-page/main/sections/latest-publications/publications', [], true)
 4 APPPATH\Controllers\Home.php(34): view('contents/template-1/home-page/main/sections/latest-publications/publications', [...])
 5 SYSTEMPATH\CodeIgniter.php(934): App\Controllers\Home->index()
 6 SYSTEMPATH\CodeIgniter.php(499): CodeIgniter\CodeIgniter->runController(Object(App\Controllers\Home))
 7 SYSTEMPATH\CodeIgniter.php(368): CodeIgniter\CodeIgniter->handleRequest(null, Object(Config\Cache), false)
 8 FCPATH\index.php(67): CodeIgniter\CodeIgniter->run()
CRITICAL - 2023-09-13 17:39:06 --> Call to undefined function formatMonth()
in FCPATH\assets\include\calendar.php on line 17.
 1 APPPATH\Views\contents\template-1\home-page\main\sections\main-content\main-content.php(42): include_once()
 2 SYSTEMPATH\View\View.php(213): include('C:\\xampp\\htdocs\\RPPS\\app\\Views\\contents\\template-1\\home-page\\main\\sections\\main-content\\main-content.php')
 3 SYSTEMPATH\View\View.php(216): CodeIgniter\View\View->CodeIgniter\View\{closure}()
 4 SYSTEMPATH\Common.php(1184): CodeIgniter\View\View->render('contents/template-1/home-page/main/sections/main-content/main-content', [], true)
 5 APPPATH\Controllers\Home.php(38): view('contents/template-1/home-page/main/sections/main-content/main-content')
 6 SYSTEMPATH\CodeIgniter.php(934): App\Controllers\Home->index()
 7 SYSTEMPATH\CodeIgniter.php(499): CodeIgniter\CodeIgniter->runController(Object(App\Controllers\Home))
 8 SYSTEMPATH\CodeIgniter.php(368): CodeIgniter\CodeIgniter->handleRequest(null, Object(Config\Cache), false)
 9 FCPATH\index.php(67): CodeIgniter\CodeIgniter->run()
CRITICAL - 2023-09-13 20:44:03 --> Invalid file: "contents/common/header/head.php"
in SYSTEMPATH\Exceptions\FrameworkException.php on line 33.
 1 SYSTEMPATH\View\View.php(201): CodeIgniter\Exceptions\FrameworkException::forInvalidFile('contents/common/header/head.php')
 2 SYSTEMPATH\Common.php(1184): CodeIgniter\View\View->render('contents/common/header/head', [], true)
 3 APPPATH\Controllers\InnerPages\Accountability.php(12): view('contents/common/header/head')
 4 SYSTEMPATH\CodeIgniter.php(934): App\Controllers\InnerPages\Accountability->audienciaPublica()
 5 SYSTEMPATH\CodeIgniter.php(499): CodeIgniter\CodeIgniter->runController(Object(App\Controllers\InnerPages\Accountability))
 6 SYSTEMPATH\CodeIgniter.php(368): CodeIgniter\CodeIgniter->handleRequest(null, Object(Config\Cache), false)
 7 FCPATH\index.php(67): CodeIgniter\CodeIgniter->run()
CRITICAL - 2023-09-13 20:55:31 --> Invalid file: "contents/institute/dynamic-content/post.php"
in SYSTEMPATH\Exceptions\FrameworkException.php on line 33.
 1 SYSTEMPATH\View\View.php(201): CodeIgniter\Exceptions\FrameworkException::forInvalidFile('contents/institute/dynamic-content/post.php')
 2 SYSTEMPATH\Common.php(1184): CodeIgniter\View\View->render('contents/institute/dynamic-content/post.php', [], true)
 3 APPPATH\Controllers\InnerPages\Accountability.php(27): view('contents/institute/dynamic-content/post.php', [...])
 4 SYSTEMPATH\CodeIgniter.php(934): App\Controllers\InnerPages\Accountability->audienciaPublica()
 5 SYSTEMPATH\CodeIgniter.php(499): CodeIgniter\CodeIgniter->runController(Object(App\Controllers\InnerPages\Accountability))
 6 SYSTEMPATH\CodeIgniter.php(368): CodeIgniter\CodeIgniter->handleRequest(null, Object(Config\Cache), false)
 7 FCPATH\index.php(67): CodeIgniter\CodeIgniter->run()
