CRITICAL - 2024-01-08 17:17:31 --> scandir(http://localhost/RPPS/public/dynamic-page-content/ipreve/assets/uploads/pdf/posts): Failed to open directory: not implemented
in APPPATH\Views\contents\template-1\uploads\sections\pdfs.php on line 37.
 1 [internal function]: CodeIgniter\Debug\Exceptions->errorHandler(2, 'scandir(http://localhost/RPPS/public/dynamic-page-content/ipreve/assets/uploads/pdf/posts): Failed to open directory: not implemented', 'C:\\xampp\\htdocs\\RPPS\\app\\Views\\contents\\template-1\\uploads\\sections\\pdfs.php', 37)
 2 APPPATH\Views\contents\template-1\uploads\sections\pdfs.php(37): scandir('http://localhost/RPPS/public/dynamic-page-content/ipreve/assets/uploads/pdf/posts')
 3 SYSTEMPATH\View\View.php(213): include('C:\\xampp\\htdocs\\RPPS\\app\\Views\\contents\\template-1\\uploads\\sections\\pdfs.php')
 4 SYSTEMPATH\View\View.php(216): CodeIgniter\View\View->CodeIgniter\View\{closure}()
 5 SYSTEMPATH\Common.php(1184): CodeIgniter\View\View->render('contents/template-1/uploads/sections/pdfs.php', [], true)
 6 APPPATH\Controllers\Uploads\Pdf.php(12): view('contents/template-1/uploads/sections/pdfs.php')
 7 SYSTEMPATH\CodeIgniter.php(934): App\Controllers\Uploads\Pdf->pdf()
 8 SYSTEMPATH\CodeIgniter.php(499): CodeIgniter\CodeIgniter->runController(Object(App\Controllers\Uploads\Pdf))
 9 SYSTEMPATH\CodeIgniter.php(368): CodeIgniter\CodeIgniter->handleRequest(null, Object(Config\Cache), false)
10 FCPATH\index.php(67): CodeIgniter\CodeIgniter->run()
CRITICAL - 2024-01-08 17:42:29 --> scandir(localhost/RPPS/public/ipreve/uploads/pdfs): O sistema não pode encontrar o caminho especifica (code: 3)
in APPPATH\Views\contents\template-1\uploads\sections\pdfs.php on line 42.
 1 [internal function]: CodeIgniter\Debug\Exceptions->errorHandler(2, 'scandir(localhost/RPPS/public/ipreve/uploads/pdfs): O sistema não pode encontrar o caminho especifica (code: 3)', 'C:\\xampp\\htdocs\\RPPS\\app\\Views\\contents\\template-1\\uploads\\sections\\pdfs.php', 42)
 2 APPPATH\Views\contents\template-1\uploads\sections\pdfs.php(42): scandir('localhost/RPPS/public/ipreve/uploads/pdfs')
 3 SYSTEMPATH\View\View.php(213): include('C:\\xampp\\htdocs\\RPPS\\app\\Views\\contents\\template-1\\uploads\\sections\\pdfs.php')
 4 SYSTEMPATH\View\View.php(216): CodeIgniter\View\View->CodeIgniter\View\{closure}()
 5 SYSTEMPATH\Common.php(1184): CodeIgniter\View\View->render('contents/template-1/uploads/sections/pdfs.php', [], true)
 6 APPPATH\Controllers\Uploads\Pdf.php(12): view('contents/template-1/uploads/sections/pdfs.php')
 7 SYSTEMPATH\CodeIgniter.php(934): App\Controllers\Uploads\Pdf->pdf()
 8 SYSTEMPATH\CodeIgniter.php(499): CodeIgniter\CodeIgniter->runController(Object(App\Controllers\Uploads\Pdf))
 9 SYSTEMPATH\CodeIgniter.php(368): CodeIgniter\CodeIgniter->handleRequest(null, Object(Config\Cache), false)
10 FCPATH\index.php(67): CodeIgniter\CodeIgniter->run()
CRITICAL - 2024-01-08 17:48:40 --> scandir(localhost/public/dynamic-page-content/ipreve/assets/uploads/pdf/posts): O sistema não pode encontrar o caminho especifica (code: 3)
in APPPATH\Views\contents\template-1\uploads\sections\pdfs.php on line 42.
 1 [internal function]: CodeIgniter\Debug\Exceptions->errorHandler(2, 'scandir(localhost/public/dynamic-page-content/ipreve/assets/uploads/pdf/posts): O sistema não pode encontrar o caminho especifica (code: 3)', 'C:\\xampp\\htdocs\\RPPS\\app\\Views\\contents\\template-1\\uploads\\sections\\pdfs.php', 42)
 2 APPPATH\Views\contents\template-1\uploads\sections\pdfs.php(42): scandir('localhost/public/dynamic-page-content/ipreve/assets/uploads/pdf/posts')
 3 SYSTEMPATH\View\View.php(213): include('C:\\xampp\\htdocs\\RPPS\\app\\Views\\contents\\template-1\\uploads\\sections\\pdfs.php')
 4 SYSTEMPATH\View\View.php(216): CodeIgniter\View\View->CodeIgniter\View\{closure}()
 5 SYSTEMPATH\Common.php(1184): CodeIgniter\View\View->render('contents/template-1/uploads/sections/pdfs.php', [], true)
 6 APPPATH\Controllers\Uploads\Pdf.php(12): view('contents/template-1/uploads/sections/pdfs.php')
 7 SYSTEMPATH\CodeIgniter.php(934): App\Controllers\Uploads\Pdf->pdf()
 8 SYSTEMPATH\CodeIgniter.php(499): CodeIgniter\CodeIgniter->runController(Object(App\Controllers\Uploads\Pdf))
 9 SYSTEMPATH\CodeIgniter.php(368): CodeIgniter\CodeIgniter->handleRequest(null, Object(Config\Cache), false)
10 FCPATH\index.php(67): CodeIgniter\CodeIgniter->run()
CRITICAL - 2024-01-08 17:48:42 --> scandir(localhost/public/dynamic-page-content/ipreve/assets/uploads/pdf/posts): O sistema não pode encontrar o caminho especifica (code: 3)
in APPPATH\Views\contents\template-1\uploads\sections\pdfs.php on line 42.
 1 [internal function]: CodeIgniter\Debug\Exceptions->errorHandler(2, 'scandir(localhost/public/dynamic-page-content/ipreve/assets/uploads/pdf/posts): O sistema não pode encontrar o caminho especifica (code: 3)', 'C:\\xampp\\htdocs\\RPPS\\app\\Views\\contents\\template-1\\uploads\\sections\\pdfs.php', 42)
 2 APPPATH\Views\contents\template-1\uploads\sections\pdfs.php(42): scandir('localhost/public/dynamic-page-content/ipreve/assets/uploads/pdf/posts')
 3 SYSTEMPATH\View\View.php(213): include('C:\\xampp\\htdocs\\RPPS\\app\\Views\\contents\\template-1\\uploads\\sections\\pdfs.php')
 4 SYSTEMPATH\View\View.php(216): CodeIgniter\View\View->CodeIgniter\View\{closure}()
 5 SYSTEMPATH\Common.php(1184): CodeIgniter\View\View->render('contents/template-1/uploads/sections/pdfs.php', [], true)
 6 APPPATH\Controllers\Uploads\Pdf.php(12): view('contents/template-1/uploads/sections/pdfs.php')
 7 SYSTEMPATH\CodeIgniter.php(934): App\Controllers\Uploads\Pdf->pdf()
 8 SYSTEMPATH\CodeIgniter.php(499): CodeIgniter\CodeIgniter->runController(Object(App\Controllers\Uploads\Pdf))
 9 SYSTEMPATH\CodeIgniter.php(368): CodeIgniter\CodeIgniter->handleRequest(null, Object(Config\Cache), false)
10 FCPATH\index.php(67): CodeIgniter\CodeIgniter->run()
CRITICAL - 2024-01-08 17:48:42 --> scandir(localhost/public/dynamic-page-content/ipreve/assets/uploads/pdf/posts): O sistema não pode encontrar o caminho especifica (code: 3)
in APPPATH\Views\contents\template-1\uploads\sections\pdfs.php on line 42.
 1 [internal function]: CodeIgniter\Debug\Exceptions->errorHandler(2, 'scandir(localhost/public/dynamic-page-content/ipreve/assets/uploads/pdf/posts): O sistema não pode encontrar o caminho especifica (code: 3)', 'C:\\xampp\\htdocs\\RPPS\\app\\Views\\contents\\template-1\\uploads\\sections\\pdfs.php', 42)
 2 APPPATH\Views\contents\template-1\uploads\sections\pdfs.php(42): scandir('localhost/public/dynamic-page-content/ipreve/assets/uploads/pdf/posts')
 3 SYSTEMPATH\View\View.php(213): include('C:\\xampp\\htdocs\\RPPS\\app\\Views\\contents\\template-1\\uploads\\sections\\pdfs.php')
 4 SYSTEMPATH\View\View.php(216): CodeIgniter\View\View->CodeIgniter\View\{closure}()
 5 SYSTEMPATH\Common.php(1184): CodeIgniter\View\View->render('contents/template-1/uploads/sections/pdfs.php', [], true)
 6 APPPATH\Controllers\Uploads\Pdf.php(12): view('contents/template-1/uploads/sections/pdfs.php')
 7 SYSTEMPATH\CodeIgniter.php(934): App\Controllers\Uploads\Pdf->pdf()
 8 SYSTEMPATH\CodeIgniter.php(499): CodeIgniter\CodeIgniter->runController(Object(App\Controllers\Uploads\Pdf))
 9 SYSTEMPATH\CodeIgniter.php(368): CodeIgniter\CodeIgniter->handleRequest(null, Object(Config\Cache), false)
10 FCPATH\index.php(67): CodeIgniter\CodeIgniter->run()
CRITICAL - 2024-01-08 17:49:01 --> scandir(localhost/RPPS/public/dynamic-page-content/ipreve/assets/uploads/pdf/posts): O sistema não pode encontrar o caminho especifica (code: 3)
in APPPATH\Views\contents\template-1\uploads\sections\pdfs.php on line 42.
 1 [internal function]: CodeIgniter\Debug\Exceptions->errorHandler(2, 'scandir(localhost/RPPS/public/dynamic-page-content/ipreve/assets/uploads/pdf/posts): O sistema não pode encontrar o caminho especifica (code: 3)', 'C:\\xampp\\htdocs\\RPPS\\app\\Views\\contents\\template-1\\uploads\\sections\\pdfs.php', 42)
 2 APPPATH\Views\contents\template-1\uploads\sections\pdfs.php(42): scandir('localhost/RPPS/public/dynamic-page-content/ipreve/assets/uploads/pdf/posts')
 3 SYSTEMPATH\View\View.php(213): include('C:\\xampp\\htdocs\\RPPS\\app\\Views\\contents\\template-1\\uploads\\sections\\pdfs.php')
 4 SYSTEMPATH\View\View.php(216): CodeIgniter\View\View->CodeIgniter\View\{closure}()
 5 SYSTEMPATH\Common.php(1184): CodeIgniter\View\View->render('contents/template-1/uploads/sections/pdfs.php', [], true)
 6 APPPATH\Controllers\Uploads\Pdf.php(12): view('contents/template-1/uploads/sections/pdfs.php')
 7 SYSTEMPATH\CodeIgniter.php(934): App\Controllers\Uploads\Pdf->pdf()
 8 SYSTEMPATH\CodeIgniter.php(499): CodeIgniter\CodeIgniter->runController(Object(App\Controllers\Uploads\Pdf))
 9 SYSTEMPATH\CodeIgniter.php(368): CodeIgniter\CodeIgniter->handleRequest(null, Object(Config\Cache), false)
10 FCPATH\index.php(67): CodeIgniter\CodeIgniter->run()
CRITICAL - 2024-01-08 17:51:58 --> scandir(public): O sistema não pode encontrar o arquivo especifica (code: 2)
in APPPATH\Views\contents\template-1\uploads\sections\pdfs.php on line 42.
 1 [internal function]: CodeIgniter\Debug\Exceptions->errorHandler(2, 'scandir(public): O sistema não pode encontrar o arquivo especifica (code: 2)', 'C:\\xampp\\htdocs\\RPPS\\app\\Views\\contents\\template-1\\uploads\\sections\\pdfs.php', 42)
 2 APPPATH\Views\contents\template-1\uploads\sections\pdfs.php(42): scandir('public')
 3 SYSTEMPATH\View\View.php(213): include('C:\\xampp\\htdocs\\RPPS\\app\\Views\\contents\\template-1\\uploads\\sections\\pdfs.php')
 4 SYSTEMPATH\View\View.php(216): CodeIgniter\View\View->CodeIgniter\View\{closure}()
 5 SYSTEMPATH\Common.php(1184): CodeIgniter\View\View->render('contents/template-1/uploads/sections/pdfs.php', [], true)
 6 APPPATH\Controllers\Uploads\Pdf.php(12): view('contents/template-1/uploads/sections/pdfs.php')
 7 SYSTEMPATH\CodeIgniter.php(934): App\Controllers\Uploads\Pdf->pdf()
 8 SYSTEMPATH\CodeIgniter.php(499): CodeIgniter\CodeIgniter->runController(Object(App\Controllers\Uploads\Pdf))
 9 SYSTEMPATH\CodeIgniter.php(368): CodeIgniter\CodeIgniter->handleRequest(null, Object(Config\Cache), false)
10 FCPATH\index.php(67): CodeIgniter\CodeIgniter->run()
CRITICAL - 2024-01-08 17:52:06 --> scandir(./public): O sistema não pode encontrar o arquivo especifica (code: 2)
in APPPATH\Views\contents\template-1\uploads\sections\pdfs.php on line 42.
 1 [internal function]: CodeIgniter\Debug\Exceptions->errorHandler(2, 'scandir(./public): O sistema não pode encontrar o arquivo especifica (code: 2)', 'C:\\xampp\\htdocs\\RPPS\\app\\Views\\contents\\template-1\\uploads\\sections\\pdfs.php', 42)
 2 APPPATH\Views\contents\template-1\uploads\sections\pdfs.php(42): scandir('./public')
 3 SYSTEMPATH\View\View.php(213): include('C:\\xampp\\htdocs\\RPPS\\app\\Views\\contents\\template-1\\uploads\\sections\\pdfs.php')
 4 SYSTEMPATH\View\View.php(216): CodeIgniter\View\View->CodeIgniter\View\{closure}()
 5 SYSTEMPATH\Common.php(1184): CodeIgniter\View\View->render('contents/template-1/uploads/sections/pdfs.php', [], true)
 6 APPPATH\Controllers\Uploads\Pdf.php(12): view('contents/template-1/uploads/sections/pdfs.php')
 7 SYSTEMPATH\CodeIgniter.php(934): App\Controllers\Uploads\Pdf->pdf()
 8 SYSTEMPATH\CodeIgniter.php(499): CodeIgniter\CodeIgniter->runController(Object(App\Controllers\Uploads\Pdf))
 9 SYSTEMPATH\CodeIgniter.php(368): CodeIgniter\CodeIgniter->handleRequest(null, Object(Config\Cache), false)
10 FCPATH\index.php(67): CodeIgniter\CodeIgniter->run()
CRITICAL - 2024-01-08 17:56:54 --> scandir(././dynamic-page-content/ipreve/assets/uploads/pdfs): O sistema não pode encontrar o arquivo especifica (code: 2)
in APPPATH\Views\contents\template-1\uploads\sections\pdfs.php on line 42.
 1 [internal function]: CodeIgniter\Debug\Exceptions->errorHandler(2, 'scandir(././dynamic-page-content/ipreve/assets/uploads/pdfs): O sistema não pode encontrar o arquivo especifica (code: 2)', 'C:\\xampp\\htdocs\\RPPS\\app\\Views\\contents\\template-1\\uploads\\sections\\pdfs.php', 42)
 2 APPPATH\Views\contents\template-1\uploads\sections\pdfs.php(42): scandir('././dynamic-page-content/ipreve/assets/uploads/pdfs')
 3 SYSTEMPATH\View\View.php(213): include('C:\\xampp\\htdocs\\RPPS\\app\\Views\\contents\\template-1\\uploads\\sections\\pdfs.php')
 4 SYSTEMPATH\View\View.php(216): CodeIgniter\View\View->CodeIgniter\View\{closure}()
 5 SYSTEMPATH\Common.php(1184): CodeIgniter\View\View->render('contents/template-1/uploads/sections/pdfs.php', [], true)
 6 APPPATH\Controllers\Uploads\Pdf.php(12): view('contents/template-1/uploads/sections/pdfs.php')
 7 SYSTEMPATH\CodeIgniter.php(934): App\Controllers\Uploads\Pdf->pdf()
 8 SYSTEMPATH\CodeIgniter.php(499): CodeIgniter\CodeIgniter->runController(Object(App\Controllers\Uploads\Pdf))
 9 SYSTEMPATH\CodeIgniter.php(368): CodeIgniter\CodeIgniter->handleRequest(null, Object(Config\Cache), false)
10 FCPATH\index.php(67): CodeIgniter\CodeIgniter->run()
CRITICAL - 2024-01-08 18:21:49 --> Undefined variable $path
in APPPATH\Views\contents\template-1\uploads\sections\pdfs.php on line 11.
 1 APPPATH\Views\contents\template-1\uploads\sections\pdfs.php(11): CodeIgniter\Debug\Exceptions->errorHandler(2, 'Undefined variable $path', 'C:\\xampp\\htdocs\\RPPS\\app\\Views\\contents\\template-1\\uploads\\sections\\pdfs.php', 11)
 2 SYSTEMPATH\View\View.php(213): include('C:\\xampp\\htdocs\\RPPS\\app\\Views\\contents\\template-1\\uploads\\sections\\pdfs.php')
 3 SYSTEMPATH\View\View.php(216): CodeIgniter\View\View->CodeIgniter\View\{closure}()
 4 SYSTEMPATH\Common.php(1184): CodeIgniter\View\View->render('contents/template-1/uploads/sections/pdfs.php', [], true)
 5 APPPATH\Controllers\Uploads\Pdf.php(12): view('contents/template-1/uploads/sections/pdfs.php')
 6 SYSTEMPATH\CodeIgniter.php(934): App\Controllers\Uploads\Pdf->pdf()
 7 SYSTEMPATH\CodeIgniter.php(499): CodeIgniter\CodeIgniter->runController(Object(App\Controllers\Uploads\Pdf))
 8 SYSTEMPATH\CodeIgniter.php(368): CodeIgniter\CodeIgniter->handleRequest(null, Object(Config\Cache), false)
 9 FCPATH\index.php(67): CodeIgniter\CodeIgniter->run()
CRITICAL - 2024-01-08 18:32:20 --> array_diff(): Argument #2 must be of type array, string given
in APPPATH\Views\contents\template-1\uploads\sections\pdfs.php on line 8.
 1 APPPATH\Views\contents\template-1\uploads\sections\pdfs.php(8): array_diff([...], '.', '..')
 2 SYSTEMPATH\View\View.php(213): include('C:\\xampp\\htdocs\\RPPS\\app\\Views\\contents\\template-1\\uploads\\sections\\pdfs.php')
 3 SYSTEMPATH\View\View.php(216): CodeIgniter\View\View->CodeIgniter\View\{closure}()
 4 SYSTEMPATH\Common.php(1184): CodeIgniter\View\View->render('contents/template-1/uploads/sections/pdfs.php', [], true)
 5 APPPATH\Controllers\Uploads\Pdf.php(12): view('contents/template-1/uploads/sections/pdfs.php')
 6 SYSTEMPATH\CodeIgniter.php(934): App\Controllers\Uploads\Pdf->pdf()
 7 SYSTEMPATH\CodeIgniter.php(499): CodeIgniter\CodeIgniter->runController(Object(App\Controllers\Uploads\Pdf))
 8 SYSTEMPATH\CodeIgniter.php(368): CodeIgniter\CodeIgniter->handleRequest(null, Object(Config\Cache), false)
 9 FCPATH\index.php(67): CodeIgniter\CodeIgniter->run()
