CRITICAL - 2024-01-10 16:09:51 --> Undefined array key 0
in APPPATH\Models\Session\SessionModel.php on line 24.
 1 APPPATH\Models\Session\SessionModel.php(24): CodeIgniter\Debug\Exceptions->errorHandler(2, 'Undefined array key 0', 'C:\\xampp\\htdocs\\RPPS\\app\\Models\\Session\\SessionModel.php', 24)
 2 APPPATH\Controllers\Session.php(14): App\Models\Session\SessionModel->requireInstituteId('ipremar')
 3 APPPATH\Controllers\Session.php(51): App\Controllers\Session->requireInstituteId('ipremar')
 4 APPPATH\Controllers\Home.php(18): App\Controllers\Session->currentInstitute(Object(App\Controllers\Home))
 5 APPPATH\Controllers\Home.php(44): App\Controllers\Home->requireCurrentInstitute()
 6 SYSTEMPATH\CodeIgniter.php(934): App\Controllers\Home->index()
 7 SYSTEMPATH\CodeIgniter.php(499): CodeIgniter\CodeIgniter->runController(Object(App\Controllers\Home))
 8 SYSTEMPATH\CodeIgniter.php(368): CodeIgniter\CodeIgniter->handleRequest(null, Object(Config\Cache), false)
 9 FCPATH\index.php(67): CodeIgniter\CodeIgniter->run()
CRITICAL - 2024-01-10 13:46:24 --> mkdir(): File exists
in APPPATH\Controllers\Ajax\AjaxPosts.php on line 92.
 1 [internal function]: CodeIgniter\Debug\Exceptions->errorHandler(2, 'mkdir(): File exists', 'C:\\xampp\\htdocs\\RPPS\\app\\Controllers\\Ajax\\AjaxPosts.php', 92)
 2 APPPATH\Controllers\Ajax\AjaxPosts.php(92): mkdir('././././dynamic-page-content/iprecal/assets/uploads/img/posts/2024/1/', 493, true)
 3 SYSTEMPATH\CodeIgniter.php(934): App\Controllers\Ajax\AjaxPosts->uploadFiles()
 4 SYSTEMPATH\CodeIgniter.php(499): CodeIgniter\CodeIgniter->runController(Object(App\Controllers\Ajax\AjaxPosts))
 5 SYSTEMPATH\CodeIgniter.php(368): CodeIgniter\CodeIgniter->handleRequest(null, Object(Config\Cache), false)
 6 FCPATH\index.php(67): CodeIgniter\CodeIgniter->run()
ERROR - 2024-01-10 18:43:23 --> mysqli_sql_exception: You have an error in your SQL syntax; check the manual that corresponds to your MariaDB server version for the right syntax to use near '? AND senha = ?' at line 3 in C:\xampp\htdocs\RPPS\system\Database\MySQLi\Connection.php:295
Stack trace:
#0 C:\xampp\htdocs\RPPS\system\Database\MySQLi\Connection.php(295): mysqli->query('\r\n            S...', 0)
#1 C:\xampp\htdocs\RPPS\system\Database\BaseConnection.php(692): CodeIgniter\Database\MySQLi\Connection->execute('\r\n            S...')
#2 C:\xampp\htdocs\RPPS\system\Database\BaseConnection.php(606): CodeIgniter\Database\BaseConnection->simpleQuery('\r\n            S...')
#3 C:\xampp\htdocs\RPPS\system\Model.php(836): CodeIgniter\Database\BaseConnection->query('\r\n            S...', Array)
#4 C:\xampp\htdocs\RPPS\app\Models\Session\SessionUserModel.php(19): CodeIgniter\Model->__call('query', Array)
#5 C:\xampp\htdocs\RPPS\app\Controllers\Session.php(30): App\Models\Session\SessionUserModel->getUserData(Array)
#6 C:\xampp\htdocs\RPPS\system\CodeIgniter.php(934): App\Controllers\Session->login()
#7 C:\xampp\htdocs\RPPS\system\CodeIgniter.php(499): CodeIgniter\CodeIgniter->runController(Object(App\Controllers\Session))
#8 C:\xampp\htdocs\RPPS\system\CodeIgniter.php(368): CodeIgniter\CodeIgniter->handleRequest(NULL, Object(Config\Cache), false)
#9 C:\xampp\htdocs\RPPS\public\index.php(67): CodeIgniter\CodeIgniter->run()
#10 {main}
CRITICAL - 2024-01-10 18:43:23 --> You have an error in your SQL syntax; check the manual that corresponds to your MariaDB server version for the right syntax to use near '? AND senha = ?' at line 3
in SYSTEMPATH\Database\MySQLi\Connection.php on line 295.
 1 SYSTEMPATH\Database\MySQLi\Connection.php(295): mysqli->query('
            SELECT *
            FROM beneficiados 
            WHERE nome = ? AND senha = ?', 0)
 2 SYSTEMPATH\Database\BaseConnection.php(692): CodeIgniter\Database\MySQLi\Connection->execute('
            SELECT *
            FROM beneficiados 
            WHERE nome = ? AND senha = ?')
 3 SYSTEMPATH\Database\BaseConnection.php(606): CodeIgniter\Database\BaseConnection->simpleQuery('
            SELECT *
            FROM beneficiados 
            WHERE nome = ? AND senha = ?')
 4 SYSTEMPATH\Model.php(836): CodeIgniter\Database\BaseConnection->query('
            SELECT *
            FROM beneficiados 
            WHERE nome = ? AND senha = ?', [...])
 5 APPPATH\Models\Session\SessionUserModel.php(19): CodeIgniter\Model->__call('query', [...])
 6 APPPATH\Controllers\Session.php(30): App\Models\Session\SessionUserModel->getUserData([...])
 7 SYSTEMPATH\CodeIgniter.php(934): App\Controllers\Session->login()
 8 SYSTEMPATH\CodeIgniter.php(499): CodeIgniter\CodeIgniter->runController(Object(App\Controllers\Session))
 9 SYSTEMPATH\CodeIgniter.php(368): CodeIgniter\CodeIgniter->handleRequest(null, Object(Config\Cache), false)
10 FCPATH\index.php(67): CodeIgniter\CodeIgniter->run()
ERROR - 2024-01-10 18:48:33 --> mysqli_sql_exception: You have an error in your SQL syntax; check the manual that corresponds to your MariaDB server version for the right syntax to use near '? AND senha = ?' at line 3 in C:\xampp\htdocs\RPPS\system\Database\MySQLi\Connection.php:295
Stack trace:
#0 C:\xampp\htdocs\RPPS\system\Database\MySQLi\Connection.php(295): mysqli->query('\r\n            S...', 0)
#1 C:\xampp\htdocs\RPPS\system\Database\BaseConnection.php(692): CodeIgniter\Database\MySQLi\Connection->execute('\r\n            S...')
#2 C:\xampp\htdocs\RPPS\system\Database\BaseConnection.php(606): CodeIgniter\Database\BaseConnection->simpleQuery('\r\n            S...')
#3 C:\xampp\htdocs\RPPS\system\Model.php(836): CodeIgniter\Database\BaseConnection->query('\r\n            S...', Array)
#4 C:\xampp\htdocs\RPPS\app\Models\Session\SessionUserModel.php(19): CodeIgniter\Model->__call('query', Array)
#5 C:\xampp\htdocs\RPPS\app\Controllers\Session.php(30): App\Models\Session\SessionUserModel->getUserData(Array)
#6 C:\xampp\htdocs\RPPS\system\CodeIgniter.php(934): App\Controllers\Session->login()
#7 C:\xampp\htdocs\RPPS\system\CodeIgniter.php(499): CodeIgniter\CodeIgniter->runController(Object(App\Controllers\Session))
#8 C:\xampp\htdocs\RPPS\system\CodeIgniter.php(368): CodeIgniter\CodeIgniter->handleRequest(NULL, Object(Config\Cache), false)
#9 C:\xampp\htdocs\RPPS\public\index.php(67): CodeIgniter\CodeIgniter->run()
#10 {main}
CRITICAL - 2024-01-10 18:48:33 --> You have an error in your SQL syntax; check the manual that corresponds to your MariaDB server version for the right syntax to use near '? AND senha = ?' at line 3
in SYSTEMPATH\Database\MySQLi\Connection.php on line 295.
 1 SYSTEMPATH\Database\MySQLi\Connection.php(295): mysqli->query('
            SELECT *
            FROM beneficiados 
            WHERE nome = ? AND senha = ?', 0)
 2 SYSTEMPATH\Database\BaseConnection.php(692): CodeIgniter\Database\MySQLi\Connection->execute('
            SELECT *
            FROM beneficiados 
            WHERE nome = ? AND senha = ?')
 3 SYSTEMPATH\Database\BaseConnection.php(606): CodeIgniter\Database\BaseConnection->simpleQuery('
            SELECT *
            FROM beneficiados 
            WHERE nome = ? AND senha = ?')
 4 SYSTEMPATH\Model.php(836): CodeIgniter\Database\BaseConnection->query('
            SELECT *
            FROM beneficiados 
            WHERE nome = ? AND senha = ?', [...])
 5 APPPATH\Models\Session\SessionUserModel.php(19): CodeIgniter\Model->__call('query', [...])
 6 APPPATH\Controllers\Session.php(30): App\Models\Session\SessionUserModel->getUserData([...])
 7 SYSTEMPATH\CodeIgniter.php(934): App\Controllers\Session->login()
 8 SYSTEMPATH\CodeIgniter.php(499): CodeIgniter\CodeIgniter->runController(Object(App\Controllers\Session))
 9 SYSTEMPATH\CodeIgniter.php(368): CodeIgniter\CodeIgniter->handleRequest(null, Object(Config\Cache), false)
10 FCPATH\index.php(67): CodeIgniter\CodeIgniter->run()
CRITICAL - 2024-01-10 19:45:16 --> Invalid file: "contents/template-1/login/login.php"
in SYSTEMPATH\Exceptions\FrameworkException.php on line 33.
 1 SYSTEMPATH\View\View.php(201): CodeIgniter\Exceptions\FrameworkException::forInvalidFile('contents/template-1/login/login.php')
 2 SYSTEMPATH\Common.php(1184): CodeIgniter\View\View->render('contents/template-1/login/login', [], true)
 3 APPPATH\Controllers\Session.php(20): view('contents/template-1/login/login')
 4 SYSTEMPATH\CodeIgniter.php(934): App\Controllers\Session->index()
 5 SYSTEMPATH\CodeIgniter.php(499): CodeIgniter\CodeIgniter->runController(Object(App\Controllers\Session))
 6 SYSTEMPATH\CodeIgniter.php(368): CodeIgniter\CodeIgniter->handleRequest(null, Object(Config\Cache), false)
 7 FCPATH\index.php(67): CodeIgniter\CodeIgniter->run()
