CRITICAL - 2023-08-18 10:28:18 --> Invalid file: "contents\home-page\template-1\main\sections\hero.php"
in SYSTEMPATH\Exceptions\FrameworkException.php on line 33.
 1 SYSTEMPATH\View\View.php(201): CodeIgniter\Exceptions\FrameworkException::forInvalidFile('contents\\home-page\\template-1\\main\\sections\\hero.php')
 2 SYSTEMPATH\View\View.php(229): CodeIgniter\View\View->render('contents\\home-page\\template-1\\main\\sections\\hero.php', [], true)
 3 SYSTEMPATH\Common.php(1184): CodeIgniter\View\View->render('contents/home-page/dynamic-content/hero-slides/slide-news', [], true)
 4 APPPATH\Controllers\Home.php(15): view('contents/home-page/dynamic-content/hero-slides/slide-news')
 5 SYSTEMPATH\CodeIgniter.php(934): App\Controllers\Home->index()
 6 SYSTEMPATH\CodeIgniter.php(499): CodeIgniter\CodeIgniter->runController(Object(App\Controllers\Home))
 7 SYSTEMPATH\CodeIgniter.php(368): CodeIgniter\CodeIgniter->handleRequest(null, Object(Config\Cache), false)
 8 FCPATH\index.php(67): CodeIgniter\CodeIgniter->run()
CRITICAL - 2023-08-18 10:29:06 --> Invalid file: "contents\home-page\template-1\main\sections\hero.php"
in SYSTEMPATH\Exceptions\FrameworkException.php on line 33.
 1 SYSTEMPATH\View\View.php(201): CodeIgniter\Exceptions\FrameworkException::forInvalidFile('contents\\home-page\\template-1\\main\\sections\\hero.php')
 2 SYSTEMPATH\View\View.php(229): CodeIgniter\View\View->render('contents\\home-page\\template-1\\main\\sections\\hero.php', [], true)
 3 SYSTEMPATH\Common.php(1184): CodeIgniter\View\View->render('contents/home-page/dynamic-content/hero-slides/slide-news', [], true)
 4 APPPATH\Controllers\Home.php(15): view('contents/home-page/dynamic-content/hero-slides/slide-news')
 5 SYSTEMPATH\CodeIgniter.php(934): App\Controllers\Home->index()
 6 SYSTEMPATH\CodeIgniter.php(499): CodeIgniter\CodeIgniter->runController(Object(App\Controllers\Home))
 7 SYSTEMPATH\CodeIgniter.php(368): CodeIgniter\CodeIgniter->handleRequest(null, Object(Config\Cache), false)
 8 FCPATH\index.php(67): CodeIgniter\CodeIgniter->run()
CRITICAL - 2023-08-18 10:29:07 --> Invalid file: "contents\home-page\template-1\main\sections\hero.php"
in SYSTEMPATH\Exceptions\FrameworkException.php on line 33.
 1 SYSTEMPATH\View\View.php(201): CodeIgniter\Exceptions\FrameworkException::forInvalidFile('contents\\home-page\\template-1\\main\\sections\\hero.php')
 2 SYSTEMPATH\View\View.php(229): CodeIgniter\View\View->render('contents\\home-page\\template-1\\main\\sections\\hero.php', [], true)
 3 SYSTEMPATH\Common.php(1184): CodeIgniter\View\View->render('contents/home-page/dynamic-content/hero-slides/slide-news', [], true)
 4 APPPATH\Controllers\Home.php(15): view('contents/home-page/dynamic-content/hero-slides/slide-news')
 5 SYSTEMPATH\CodeIgniter.php(934): App\Controllers\Home->index()
 6 SYSTEMPATH\CodeIgniter.php(499): CodeIgniter\CodeIgniter->runController(Object(App\Controllers\Home))
 7 SYSTEMPATH\CodeIgniter.php(368): CodeIgniter\CodeIgniter->handleRequest(null, Object(Config\Cache), false)
 8 FCPATH\index.php(67): CodeIgniter\CodeIgniter->run()
CRITICAL - 2023-08-18 07:30:38 --> Invalid file: "contents\home-page\template-1\main\sections\other-news.php"
in SYSTEMPATH\Exceptions\FrameworkException.php on line 33.
 1 SYSTEMPATH\View\View.php(201): CodeIgniter\Exceptions\FrameworkException::forInvalidFile('contents\\home-page\\template-1\\main\\sections\\other-news.php')
 2 SYSTEMPATH\View\View.php(229): CodeIgniter\View\View->render('contents\\home-page\\template-1\\main\\sections\\other-news.php', [], true)
 3 SYSTEMPATH\Common.php(1184): CodeIgniter\View\View->render('contents/home-page/dynamic-content/other-news/news', [], true)
 4 APPPATH\Controllers\Home.php(17): view('contents/home-page/dynamic-content/other-news/news')
 5 SYSTEMPATH\CodeIgniter.php(934): App\Controllers\Home->index()
 6 SYSTEMPATH\CodeIgniter.php(499): CodeIgniter\CodeIgniter->runController(Object(App\Controllers\Home))
 7 SYSTEMPATH\CodeIgniter.php(368): CodeIgniter\CodeIgniter->handleRequest(null, Object(Config\Cache), false)
 8 FCPATH\index.php(67): CodeIgniter\CodeIgniter->run()
CRITICAL - 2023-08-18 09:10:47 --> Failed to parse time string (1690858800) at position 8 (0): Unexpected character
in FCPATH\assets\include\calendar.php on line 15.
 1 FCPATH\assets\include\calendar.php(15): DateTime->__construct('1690858800')
 2 APPPATH\Views\contents\home-page\template-1\main\main-content.php(42): include_once('C:\\xampp\\htdocs\\RPPS\\public\\assets\\include\\calendar.php')
 3 SYSTEMPATH\View\View.php(213): include('C:\\xampp\\htdocs\\RPPS\\app\\Views\\contents\\home-page\\template-1\\main\\main-content.php')
 4 SYSTEMPATH\View\View.php(216): CodeIgniter\View\View->CodeIgniter\View\{closure}()
 5 SYSTEMPATH\Common.php(1184): CodeIgniter\View\View->render('contents/home-page/template-1/main/main-content', [], true)
 6 APPPATH\Controllers\Home.php(16): view('contents/home-page/template-1/main/main-content')
 7 SYSTEMPATH\CodeIgniter.php(934): App\Controllers\Home->index()
 8 SYSTEMPATH\CodeIgniter.php(499): CodeIgniter\CodeIgniter->runController(Object(App\Controllers\Home))
 9 SYSTEMPATH\CodeIgniter.php(368): CodeIgniter\CodeIgniter->handleRequest(null, Object(Config\Cache), false)
10 FCPATH\index.php(67): CodeIgniter\CodeIgniter->run()
CRITICAL - 2023-08-18 09:12:15 --> Failed to parse time string (1690858800) at position 8 (0): Unexpected character
in FCPATH\assets\include\calendar.php on line 15.
 1 FCPATH\assets\include\calendar.php(15): DateTime->__construct('1690858800')
 2 APPPATH\Views\contents\home-page\template-1\main\main-content.php(42): include_once('C:\\xampp\\htdocs\\RPPS\\public\\assets\\include\\calendar.php')
 3 SYSTEMPATH\View\View.php(213): include('C:\\xampp\\htdocs\\RPPS\\app\\Views\\contents\\home-page\\template-1\\main\\main-content.php')
 4 SYSTEMPATH\View\View.php(216): CodeIgniter\View\View->CodeIgniter\View\{closure}()
 5 SYSTEMPATH\Common.php(1184): CodeIgniter\View\View->render('contents/home-page/template-1/main/main-content', [], true)
 6 APPPATH\Controllers\Home.php(16): view('contents/home-page/template-1/main/main-content')
 7 SYSTEMPATH\CodeIgniter.php(934): App\Controllers\Home->index()
 8 SYSTEMPATH\CodeIgniter.php(499): CodeIgniter\CodeIgniter->runController(Object(App\Controllers\Home))
 9 SYSTEMPATH\CodeIgniter.php(368): CodeIgniter\CodeIgniter->handleRequest(null, Object(Config\Cache), false)
10 FCPATH\index.php(67): CodeIgniter\CodeIgniter->run()
CRITICAL - 2023-08-18 09:12:45 --> Failed to parse time string (1690858800) at position 8 (0): Unexpected character
in FCPATH\assets\include\calendar.php on line 15.
 1 FCPATH\assets\include\calendar.php(15): DateTime->__construct('1690858800')
 2 APPPATH\Views\contents\home-page\template-1\main\main-content.php(42): include_once('C:\\xampp\\htdocs\\RPPS\\public\\assets\\include\\calendar.php')
 3 SYSTEMPATH\View\View.php(213): include('C:\\xampp\\htdocs\\RPPS\\app\\Views\\contents\\home-page\\template-1\\main\\main-content.php')
 4 SYSTEMPATH\View\View.php(216): CodeIgniter\View\View->CodeIgniter\View\{closure}()
 5 SYSTEMPATH\Common.php(1184): CodeIgniter\View\View->render('contents/home-page/template-1/main/main-content', [], true)
 6 APPPATH\Controllers\Home.php(16): view('contents/home-page/template-1/main/main-content')
 7 SYSTEMPATH\CodeIgniter.php(934): App\Controllers\Home->index()
 8 SYSTEMPATH\CodeIgniter.php(499): CodeIgniter\CodeIgniter->runController(Object(App\Controllers\Home))
 9 SYSTEMPATH\CodeIgniter.php(368): CodeIgniter\CodeIgniter->handleRequest(null, Object(Config\Cache), false)
10 FCPATH\index.php(67): CodeIgniter\CodeIgniter->run()
CRITICAL - 2023-08-18 09:15:37 --> Failed to parse time string (1690858800) at position 8 (0): Unexpected character
in FCPATH\assets\include\calendar.php on line 15.
 1 FCPATH\assets\include\calendar.php(15): DateTime->__construct('1690858800')
 2 APPPATH\Views\contents\home-page\template-1\main\main-content.php(42): include_once('C:\\xampp\\htdocs\\RPPS\\public\\assets\\include\\calendar.php')
 3 SYSTEMPATH\View\View.php(213): include('C:\\xampp\\htdocs\\RPPS\\app\\Views\\contents\\home-page\\template-1\\main\\main-content.php')
 4 SYSTEMPATH\View\View.php(216): CodeIgniter\View\View->CodeIgniter\View\{closure}()
 5 SYSTEMPATH\Common.php(1184): CodeIgniter\View\View->render('contents/home-page/template-1/main/main-content', [], true)
 6 APPPATH\Controllers\Home.php(16): view('contents/home-page/template-1/main/main-content')
 7 SYSTEMPATH\CodeIgniter.php(934): App\Controllers\Home->index()
 8 SYSTEMPATH\CodeIgniter.php(499): CodeIgniter\CodeIgniter->runController(Object(App\Controllers\Home))
 9 SYSTEMPATH\CodeIgniter.php(368): CodeIgniter\CodeIgniter->handleRequest(null, Object(Config\Cache), false)
10 FCPATH\index.php(67): CodeIgniter\CodeIgniter->run()
CRITICAL - 2023-08-18 09:17:52 --> Failed to parse time string (1690858800) at position 8 (0): Unexpected character
in FCPATH\assets\include\calendar.php on line 15.
 1 FCPATH\assets\include\calendar.php(15): DateTime->__construct('1690858800')
 2 APPPATH\Views\contents\home-page\template-1\main\main-content.php(42): include_once('C:\\xampp\\htdocs\\RPPS\\public\\assets\\include\\calendar.php')
 3 SYSTEMPATH\View\View.php(213): include('C:\\xampp\\htdocs\\RPPS\\app\\Views\\contents\\home-page\\template-1\\main\\main-content.php')
 4 SYSTEMPATH\View\View.php(216): CodeIgniter\View\View->CodeIgniter\View\{closure}()
 5 SYSTEMPATH\Common.php(1184): CodeIgniter\View\View->render('contents/home-page/template-1/main/main-content', [], true)
 6 APPPATH\Controllers\Home.php(16): view('contents/home-page/template-1/main/main-content')
 7 SYSTEMPATH\CodeIgniter.php(934): App\Controllers\Home->index()
 8 SYSTEMPATH\CodeIgniter.php(499): CodeIgniter\CodeIgniter->runController(Object(App\Controllers\Home))
 9 SYSTEMPATH\CodeIgniter.php(368): CodeIgniter\CodeIgniter->handleRequest(null, Object(Config\Cache), false)
10 FCPATH\index.php(67): CodeIgniter\CodeIgniter->run()
CRITICAL - 2023-08-18 13:52:39 --> require_once(functions/monthToUpper/monthToUpper.php): Failed to open stream: No such file or directory
in FCPATH\assets\include\calendar.php on line 5.
 1 FCPATH\assets\include\calendar.php(5): CodeIgniter\Debug\Exceptions->errorHandler(2, 'require_once(functions/monthToUpper/monthToUpper.php): Failed to open stream: No such file or directory', 'C:\\xampp\\htdocs\\RPPS\\public\\assets\\include\\calendar.php', 5)
 2 FCPATH\assets\include\calendar.php(5): require_once()
 3 APPPATH\Views\contents\home-page\template-1\main\main-content.php(42): include_once('C:\\xampp\\htdocs\\RPPS\\public\\assets\\include\\calendar.php')
 4 SYSTEMPATH\View\View.php(213): include('C:\\xampp\\htdocs\\RPPS\\app\\Views\\contents\\home-page\\template-1\\main\\main-content.php')
 5 SYSTEMPATH\View\View.php(216): CodeIgniter\View\View->CodeIgniter\View\{closure}()
 6 SYSTEMPATH\Common.php(1184): CodeIgniter\View\View->render('contents/home-page/template-1/main/main-content', [], true)
 7 APPPATH\Controllers\Home.php(16): view('contents/home-page/template-1/main/main-content')
 8 SYSTEMPATH\CodeIgniter.php(934): App\Controllers\Home->index()
 9 SYSTEMPATH\CodeIgniter.php(499): CodeIgniter\CodeIgniter->runController(Object(App\Controllers\Home))
10 SYSTEMPATH\CodeIgniter.php(368): CodeIgniter\CodeIgniter->handleRequest(null, Object(Config\Cache), false)
11 FCPATH\index.php(67): CodeIgniter\CodeIgniter->run()
CRITICAL - 2023-08-18 10:53:38 --> Invalid file: "functions\month-to-upper.php"
in SYSTEMPATH\Exceptions\FrameworkException.php on line 33.
 1 SYSTEMPATH\View\View.php(201): CodeIgniter\Exceptions\FrameworkException::forInvalidFile('functions\\month-to-upper.php')
 2 SYSTEMPATH\View\View.php(431): CodeIgniter\View\View->render('functions\\month-to-upper.php', null, true)
 3 APPPATH\Views\contents\home-page\dynamic-content\other-news\news.php(4): CodeIgniter\View\View->include('functions\\month-to-upper.php')
 4 SYSTEMPATH\View\View.php(213): include('C:\\xampp\\htdocs\\RPPS\\app\\Views\\contents\\home-page\\dynamic-content\\other-news\\news.php')
 5 SYSTEMPATH\View\View.php(216): CodeIgniter\View\View->CodeIgniter\View\{closure}()
 6 SYSTEMPATH\Common.php(1184): CodeIgniter\View\View->render('contents/home-page/dynamic-content/other-news/news', [], true)
 7 APPPATH\Controllers\Home.php(17): view('contents/home-page/dynamic-content/other-news/news')
 8 SYSTEMPATH\CodeIgniter.php(934): App\Controllers\Home->index()
 9 SYSTEMPATH\CodeIgniter.php(499): CodeIgniter\CodeIgniter->runController(Object(App\Controllers\Home))
10 SYSTEMPATH\CodeIgniter.php(368): CodeIgniter\CodeIgniter->handleRequest(null, Object(Config\Cache), false)
11 FCPATH\index.php(67): CodeIgniter\CodeIgniter->run()
CRITICAL - 2023-08-18 11:01:57 --> Array to string conversion
in APPPATH\Views\contents\home-page\dynamic-content\other-news\news.php on line 48.
 1 APPPATH\Views\contents\home-page\dynamic-content\other-news\news.php(48): CodeIgniter\Debug\Exceptions->errorHandler(2, 'Array to string conversion', 'C:\\xampp\\htdocs\\RPPS\\app\\Views\\contents\\home-page\\dynamic-content\\other-news\\news.php', 48)
 2 SYSTEMPATH\View\View.php(213): include('C:\\xampp\\htdocs\\RPPS\\app\\Views\\contents\\home-page\\dynamic-content\\other-news\\news.php')
 3 SYSTEMPATH\View\View.php(216): CodeIgniter\View\View->CodeIgniter\View\{closure}()
 4 SYSTEMPATH\Common.php(1184): CodeIgniter\View\View->render('contents/home-page/dynamic-content/other-news/news', [], true)
 5 APPPATH\Controllers\Home.php(17): view('contents/home-page/dynamic-content/other-news/news')
 6 SYSTEMPATH\CodeIgniter.php(934): App\Controllers\Home->index()
 7 SYSTEMPATH\CodeIgniter.php(499): CodeIgniter\CodeIgniter->runController(Object(App\Controllers\Home))
 8 SYSTEMPATH\CodeIgniter.php(368): CodeIgniter\CodeIgniter->handleRequest(null, Object(Config\Cache), false)
 9 FCPATH\index.php(67): CodeIgniter\CodeIgniter->run()
