INFO - 2024-06-28 15:17:02 --> Session: Class initialized using 'CodeIgniter\Session\Handlers\FileHandler' driver.
INFO - 2024-06-28 15:17:04 --> Session: Class initialized using 'CodeIgniter\Session\Handlers\FileHandler' driver.
INFO - 2024-06-28 15:17:15 --> Session: Class initialized using 'CodeIgniter\Session\Handlers\FileHandler' driver.
INFO - 2024-06-28 15:18:08 --> Session: Class initialized using 'CodeIgniter\Session\Handlers\FileHandler' driver.
INFO - 2024-06-28 15:18:26 --> Session: Class initialized using 'CodeIgniter\Session\Handlers\FileHandler' driver.
INFO - 2024-06-28 15:18:27 --> Session: Class initialized using 'CodeIgniter\Session\Handlers\FileHandler' driver.
INFO - 2024-06-28 15:18:28 --> Session: Class initialized using 'CodeIgniter\Session\Handlers\FileHandler' driver.
INFO - 2024-06-28 15:18:44 --> Session: Class initialized using 'CodeIgniter\Session\Handlers\FileHandler' driver.
INFO - 2024-06-28 15:18:47 --> Session: Class initialized using 'CodeIgniter\Session\Handlers\FileHandler' driver.
INFO - 2024-06-28 15:19:07 --> Session: Class initialized using 'CodeIgniter\Session\Handlers\FileHandler' driver.
INFO - 2024-06-28 15:19:19 --> Session: Class initialized using 'CodeIgniter\Session\Handlers\FileHandler' driver.
INFO - 2024-06-28 15:20:41 --> Session: Class initialized using 'CodeIgniter\Session\Handlers\FileHandler' driver.
INFO - 2024-06-28 15:22:47 --> Session: Class initialized using 'CodeIgniter\Session\Handlers\FileHandler' driver.
INFO - 2024-06-28 15:25:07 --> Session: Class initialized using 'CodeIgniter\Session\Handlers\FileHandler' driver.
INFO - 2024-06-28 15:30:31 --> Session: Class initialized using 'CodeIgniter\Session\Handlers\FileHandler' driver.
INFO - 2024-06-28 15:42:28 --> Session: Class initialized using 'CodeIgniter\Session\Handlers\FileHandler' driver.
INFO - 2024-06-28 15:44:38 --> Session: Class initialized using 'CodeIgniter\Session\Handlers\FileHandler' driver.
INFO - 2024-06-28 15:52:48 --> Session: Class initialized using 'CodeIgniter\Session\Handlers\FileHandler' driver.
INFO - 2024-06-28 16:20:21 --> Session: Class initialized using 'CodeIgniter\Session\Handlers\FileHandler' driver.
INFO - 2024-06-28 16:22:03 --> Session: Class initialized using 'CodeIgniter\Session\Handlers\FileHandler' driver.
INFO - 2024-06-28 16:23:15 --> Session: Class initialized using 'CodeIgniter\Session\Handlers\FileHandler' driver.
INFO - 2024-06-28 16:23:33 --> Session: Class initialized using 'CodeIgniter\Session\Handlers\FileHandler' driver.
INFO - 2024-06-28 16:23:34 --> Session: Class initialized using 'CodeIgniter\Session\Handlers\FileHandler' driver.
INFO - 2024-06-28 16:23:35 --> Session: Class initialized using 'CodeIgniter\Session\Handlers\FileHandler' driver.
INFO - 2024-06-28 16:23:38 --> Session: Class initialized using 'CodeIgniter\Session\Handlers\FileHandler' driver.
INFO - 2024-06-28 16:23:40 --> Session: Class initialized using 'CodeIgniter\Session\Handlers\FileHandler' driver.
INFO - 2024-06-28 16:23:51 --> Session: Class initialized using 'CodeIgniter\Session\Handlers\FileHandler' driver.
INFO - 2024-06-28 16:23:51 --> Session: Class initialized using 'CodeIgniter\Session\Handlers\FileHandler' driver.
INFO - 2024-06-28 16:25:46 --> Session: Class initialized using 'CodeIgniter\Session\Handlers\FileHandler' driver.
INFO - 2024-06-28 16:25:51 --> Session: Class initialized using 'CodeIgniter\Session\Handlers\FileHandler' driver.
INFO - 2024-06-28 16:26:08 --> Session: Class initialized using 'CodeIgniter\Session\Handlers\FileHandler' driver.
INFO - 2024-06-28 16:28:42 --> Session: Class initialized using 'CodeIgniter\Session\Handlers\FileHandler' driver.
INFO - 2024-06-28 16:31:26 --> Session: Class initialized using 'CodeIgniter\Session\Handlers\FileHandler' driver.
INFO - 2024-06-28 16:40:08 --> Session: Class initialized using 'CodeIgniter\Session\Handlers\FileHandler' driver.
INFO - 2024-06-28 16:51:28 --> Session: Class initialized using 'CodeIgniter\Session\Handlers\FileHandler' driver.
INFO - 2024-06-28 16:55:17 --> Session: Class initialized using 'CodeIgniter\Session\Handlers\FileHandler' driver.
INFO - 2024-06-28 17:17:57 --> Session: Class initialized using 'CodeIgniter\Session\Handlers\FileHandler' driver.
WARNING - 2024-06-28 14:17:57 --> [DEPRECATED] pathinfo(): Passing null to parameter #1 ($path) of type string is deprecated in APPPATH\Views\contents\template-1\edit-pages\post.php on line 111.
 1 APPPATH\Views\contents\template-1\edit-pages\post.php(111): pathinfo(null, 4)
 2 SYSTEMPATH\View\View.php(213): include('C:\\xampp\\htdocs\\RPPS\\app\\Views\\contents\\template-1\\edit-pages\\post.php')
 3 SYSTEMPATH\View\View.php(216): CodeIgniter\View\View->CodeIgniter\View\{closure}()
 4 SYSTEMPATH\Common.php(1184): CodeIgniter\View\View->render('contents/template-1/edit-pages/post', [], true)
 5 APPPATH\Controllers\ConfigInfos\Institute.php(138): view('contents/template-1/edit-pages/post', [...])
 6 SYSTEMPATH\CodeIgniter.php(934): App\Controllers\ConfigInfos\Institute->editPost()
 7 SYSTEMPATH\CodeIgniter.php(499): CodeIgniter\CodeIgniter->runController(Object(App\Controllers\ConfigInfos\Institute))
 8 SYSTEMPATH\CodeIgniter.php(368): CodeIgniter\CodeIgniter->handleRequest(null, Object(Config\Cache), false)
 9 FCPATH\index.php(67): CodeIgniter\CodeIgniter->run()
INFO - 2024-06-28 17:21:06 --> Session: Class initialized using 'CodeIgniter\Session\Handlers\FileHandler' driver.
WARNING - 2024-06-28 14:21:06 --> [DEPRECATED] pathinfo(): Passing null to parameter #1 ($path) of type string is deprecated in APPPATH\Views\contents\template-1\edit-pages\post.php on line 111.
 1 APPPATH\Views\contents\template-1\edit-pages\post.php(111): pathinfo(null, 4)
 2 SYSTEMPATH\View\View.php(213): include('C:\\xampp\\htdocs\\RPPS\\app\\Views\\contents\\template-1\\edit-pages\\post.php')
 3 SYSTEMPATH\View\View.php(216): CodeIgniter\View\View->CodeIgniter\View\{closure}()
 4 SYSTEMPATH\Common.php(1184): CodeIgniter\View\View->render('contents/template-1/edit-pages/post', [], true)
 5 APPPATH\Controllers\ConfigInfos\Institute.php(138): view('contents/template-1/edit-pages/post', [...])
 6 SYSTEMPATH\CodeIgniter.php(934): App\Controllers\ConfigInfos\Institute->editPost()
 7 SYSTEMPATH\CodeIgniter.php(499): CodeIgniter\CodeIgniter->runController(Object(App\Controllers\ConfigInfos\Institute))
 8 SYSTEMPATH\CodeIgniter.php(368): CodeIgniter\CodeIgniter->handleRequest(null, Object(Config\Cache), false)
 9 FCPATH\index.php(67): CodeIgniter\CodeIgniter->run()
INFO - 2024-06-28 17:22:15 --> Session: Class initialized using 'CodeIgniter\Session\Handlers\FileHandler' driver.
INFO - 2024-06-28 17:41:55 --> Session: Class initialized using 'CodeIgniter\Session\Handlers\FileHandler' driver.
INFO - 2024-06-28 17:43:07 --> Session: Class initialized using 'CodeIgniter\Session\Handlers\FileHandler' driver.
INFO - 2024-06-28 17:44:35 --> Session: Class initialized using 'CodeIgniter\Session\Handlers\FileHandler' driver.
CRITICAL - 2024-06-28 14:44:35 --> Undefined variable $gallery
in APPPATH\Views\contents\template-1\edit-pages\post.php on line 115.
 1 APPPATH\Views\contents\template-1\edit-pages\post.php(115): CodeIgniter\Debug\Exceptions->errorHandler(2, 'Undefined variable $gallery', 'C:\\xampp\\htdocs\\RPPS\\app\\Views\\contents\\template-1\\edit-pages\\post.php', 115)
 2 SYSTEMPATH\View\View.php(213): include('C:\\xampp\\htdocs\\RPPS\\app\\Views\\contents\\template-1\\edit-pages\\post.php')
 3 SYSTEMPATH\View\View.php(216): CodeIgniter\View\View->CodeIgniter\View\{closure}()
 4 SYSTEMPATH\Common.php(1184): CodeIgniter\View\View->render('contents/template-1/edit-pages/post', [], true)
 5 APPPATH\Controllers\ConfigInfos\Institute.php(138): view('contents/template-1/edit-pages/post', [...])
 6 SYSTEMPATH\CodeIgniter.php(934): App\Controllers\ConfigInfos\Institute->editPost()
 7 SYSTEMPATH\CodeIgniter.php(499): CodeIgniter\CodeIgniter->runController(Object(App\Controllers\ConfigInfos\Institute))
 8 SYSTEMPATH\CodeIgniter.php(368): CodeIgniter\CodeIgniter->handleRequest(null, Object(Config\Cache), false)
 9 FCPATH\index.php(67): CodeIgniter\CodeIgniter->run()
INFO - 2024-06-28 17:45:04 --> Session: Class initialized using 'CodeIgniter\Session\Handlers\FileHandler' driver.
INFO - 2024-06-28 17:46:48 --> Session: Class initialized using 'CodeIgniter\Session\Handlers\FileHandler' driver.
INFO - 2024-06-28 17:49:15 --> Session: Class initialized using 'CodeIgniter\Session\Handlers\FileHandler' driver.
INFO - 2024-06-28 17:49:58 --> Session: Class initialized using 'CodeIgniter\Session\Handlers\FileHandler' driver.
INFO - 2024-06-28 17:52:40 --> Session: Class initialized using 'CodeIgniter\Session\Handlers\FileHandler' driver.
INFO - 2024-06-28 17:53:17 --> Session: Class initialized using 'CodeIgniter\Session\Handlers\FileHandler' driver.
INFO - 2024-06-28 17:55:26 --> Session: Class initialized using 'CodeIgniter\Session\Handlers\FileHandler' driver.
INFO - 2024-06-28 17:55:51 --> Session: Class initialized using 'CodeIgniter\Session\Handlers\FileHandler' driver.
INFO - 2024-06-28 18:03:14 --> Session: Class initialized using 'CodeIgniter\Session\Handlers\FileHandler' driver.
WARNING - 2024-06-28 15:03:15 --> [DEPRECATED] pathinfo(): Passing null to parameter #1 ($path) of type string is deprecated in APPPATH\Views\contents\template-1\edit-pages\post.php on line 137.
 1 APPPATH\Views\contents\template-1\edit-pages\post.php(137): pathinfo(null, 4)
 2 SYSTEMPATH\View\View.php(213): include('C:\\xampp\\htdocs\\RPPS\\app\\Views\\contents\\template-1\\edit-pages\\post.php')
 3 SYSTEMPATH\View\View.php(216): CodeIgniter\View\View->CodeIgniter\View\{closure}()
 4 SYSTEMPATH\Common.php(1184): CodeIgniter\View\View->render('contents/template-1/edit-pages/post', [], true)
 5 APPPATH\Controllers\ConfigInfos\Institute.php(138): view('contents/template-1/edit-pages/post', [...])
 6 SYSTEMPATH\CodeIgniter.php(934): App\Controllers\ConfigInfos\Institute->editPost()
 7 SYSTEMPATH\CodeIgniter.php(499): CodeIgniter\CodeIgniter->runController(Object(App\Controllers\ConfigInfos\Institute))
 8 SYSTEMPATH\CodeIgniter.php(368): CodeIgniter\CodeIgniter->handleRequest(null, Object(Config\Cache), false)
 9 FCPATH\index.php(67): CodeIgniter\CodeIgniter->run()
INFO - 2024-06-28 18:12:43 --> Session: Class initialized using 'CodeIgniter\Session\Handlers\FileHandler' driver.
WARNING - 2024-06-28 15:12:43 --> [DEPRECATED] pathinfo(): Passing null to parameter #1 ($path) of type string is deprecated in APPPATH\Views\contents\template-1\edit-pages\post.php on line 137.
 1 APPPATH\Views\contents\template-1\edit-pages\post.php(137): pathinfo(null, 4)
 2 SYSTEMPATH\View\View.php(213): include('C:\\xampp\\htdocs\\RPPS\\app\\Views\\contents\\template-1\\edit-pages\\post.php')
 3 SYSTEMPATH\View\View.php(216): CodeIgniter\View\View->CodeIgniter\View\{closure}()
 4 SYSTEMPATH\Common.php(1184): CodeIgniter\View\View->render('contents/template-1/edit-pages/post', [], true)
 5 APPPATH\Controllers\ConfigInfos\Institute.php(138): view('contents/template-1/edit-pages/post', [...])
 6 SYSTEMPATH\CodeIgniter.php(934): App\Controllers\ConfigInfos\Institute->editPost()
 7 SYSTEMPATH\CodeIgniter.php(499): CodeIgniter\CodeIgniter->runController(Object(App\Controllers\ConfigInfos\Institute))
 8 SYSTEMPATH\CodeIgniter.php(368): CodeIgniter\CodeIgniter->handleRequest(null, Object(Config\Cache), false)
 9 FCPATH\index.php(67): CodeIgniter\CodeIgniter->run()
INFO - 2024-06-28 18:29:20 --> Session: Class initialized using 'CodeIgniter\Session\Handlers\FileHandler' driver.
WARNING - 2024-06-28 15:29:20 --> [DEPRECATED] pathinfo(): Passing null to parameter #1 ($path) of type string is deprecated in APPPATH\Views\contents\template-1\edit-pages\post.php on line 137.
 1 APPPATH\Views\contents\template-1\edit-pages\post.php(137): pathinfo(null, 4)
 2 SYSTEMPATH\View\View.php(213): include('C:\\xampp\\htdocs\\RPPS\\app\\Views\\contents\\template-1\\edit-pages\\post.php')
 3 SYSTEMPATH\View\View.php(216): CodeIgniter\View\View->CodeIgniter\View\{closure}()
 4 SYSTEMPATH\Common.php(1184): CodeIgniter\View\View->render('contents/template-1/edit-pages/post', [], true)
 5 APPPATH\Controllers\ConfigInfos\Institute.php(138): view('contents/template-1/edit-pages/post', [...])
 6 SYSTEMPATH\CodeIgniter.php(934): App\Controllers\ConfigInfos\Institute->editPost()
 7 SYSTEMPATH\CodeIgniter.php(499): CodeIgniter\CodeIgniter->runController(Object(App\Controllers\ConfigInfos\Institute))
 8 SYSTEMPATH\CodeIgniter.php(368): CodeIgniter\CodeIgniter->handleRequest(null, Object(Config\Cache), false)
 9 FCPATH\index.php(67): CodeIgniter\CodeIgniter->run()
INFO - 2024-06-28 18:39:44 --> Session: Class initialized using 'CodeIgniter\Session\Handlers\FileHandler' driver.
WARNING - 2024-06-28 15:39:44 --> [DEPRECATED] pathinfo(): Passing null to parameter #1 ($path) of type string is deprecated in APPPATH\Views\contents\template-1\edit-pages\post.php on line 131.
 1 APPPATH\Views\contents\template-1\edit-pages\post.php(131): pathinfo(null, 4)
 2 SYSTEMPATH\View\View.php(213): include('C:\\xampp\\htdocs\\RPPS\\app\\Views\\contents\\template-1\\edit-pages\\post.php')
 3 SYSTEMPATH\View\View.php(216): CodeIgniter\View\View->CodeIgniter\View\{closure}()
 4 SYSTEMPATH\Common.php(1184): CodeIgniter\View\View->render('contents/template-1/edit-pages/post', [], true)
 5 APPPATH\Controllers\ConfigInfos\Institute.php(138): view('contents/template-1/edit-pages/post', [...])
 6 SYSTEMPATH\CodeIgniter.php(934): App\Controllers\ConfigInfos\Institute->editPost()
 7 SYSTEMPATH\CodeIgniter.php(499): CodeIgniter\CodeIgniter->runController(Object(App\Controllers\ConfigInfos\Institute))
 8 SYSTEMPATH\CodeIgniter.php(368): CodeIgniter\CodeIgniter->handleRequest(null, Object(Config\Cache), false)
 9 FCPATH\index.php(67): CodeIgniter\CodeIgniter->run()
INFO - 2024-06-28 18:40:06 --> Session: Class initialized using 'CodeIgniter\Session\Handlers\FileHandler' driver.
INFO - 2024-06-28 18:43:54 --> Session: Class initialized using 'CodeIgniter\Session\Handlers\FileHandler' driver.
INFO - 2024-06-28 19:00:17 --> Session: Class initialized using 'CodeIgniter\Session\Handlers\FileHandler' driver.
INFO - 2024-06-28 19:01:36 --> Session: Class initialized using 'CodeIgniter\Session\Handlers\FileHandler' driver.
INFO - 2024-06-28 19:03:47 --> Session: Class initialized using 'CodeIgniter\Session\Handlers\FileHandler' driver.
INFO - 2024-06-28 19:04:33 --> Session: Class initialized using 'CodeIgniter\Session\Handlers\FileHandler' driver.
INFO - 2024-06-28 19:05:41 --> Session: Class initialized using 'CodeIgniter\Session\Handlers\FileHandler' driver.
INFO - 2024-06-28 19:06:51 --> Session: Class initialized using 'CodeIgniter\Session\Handlers\FileHandler' driver.
INFO - 2024-06-28 19:08:39 --> Session: Class initialized using 'CodeIgniter\Session\Handlers\FileHandler' driver.
INFO - 2024-06-28 19:13:33 --> Session: Class initialized using 'CodeIgniter\Session\Handlers\FileHandler' driver.
INFO - 2024-06-28 19:15:48 --> Session: Class initialized using 'CodeIgniter\Session\Handlers\FileHandler' driver.
INFO - 2024-06-28 19:18:05 --> Session: Class initialized using 'CodeIgniter\Session\Handlers\FileHandler' driver.
INFO - 2024-06-28 19:26:20 --> Session: Class initialized using 'CodeIgniter\Session\Handlers\FileHandler' driver.
INFO - 2024-06-28 19:27:18 --> Session: Class initialized using 'CodeIgniter\Session\Handlers\FileHandler' driver.
WARNING - 2024-06-28 16:27:18 --> [DEPRECATED] pathinfo(): Passing null to parameter #1 ($path) of type string is deprecated in APPPATH\Views\contents\template-1\edit-pages\post.php on line 136.
 1 APPPATH\Views\contents\template-1\edit-pages\post.php(136): pathinfo(null, 4)
 2 SYSTEMPATH\View\View.php(213): include('C:\\xampp\\htdocs\\RPPS\\app\\Views\\contents\\template-1\\edit-pages\\post.php')
 3 SYSTEMPATH\View\View.php(216): CodeIgniter\View\View->CodeIgniter\View\{closure}()
 4 SYSTEMPATH\Common.php(1184): CodeIgniter\View\View->render('contents/template-1/edit-pages/post', [], true)
 5 APPPATH\Controllers\ConfigInfos\Institute.php(138): view('contents/template-1/edit-pages/post', [...])
 6 SYSTEMPATH\CodeIgniter.php(934): App\Controllers\ConfigInfos\Institute->editPost()
 7 SYSTEMPATH\CodeIgniter.php(499): CodeIgniter\CodeIgniter->runController(Object(App\Controllers\ConfigInfos\Institute))
 8 SYSTEMPATH\CodeIgniter.php(368): CodeIgniter\CodeIgniter->handleRequest(null, Object(Config\Cache), false)
 9 FCPATH\index.php(67): CodeIgniter\CodeIgniter->run()
INFO - 2024-06-28 19:32:27 --> Session: Class initialized using 'CodeIgniter\Session\Handlers\FileHandler' driver.
WARNING - 2024-06-28 16:32:27 --> [DEPRECATED] pathinfo(): Passing null to parameter #1 ($path) of type string is deprecated in APPPATH\Views\contents\template-1\edit-pages\post.php on line 145.
 1 APPPATH\Views\contents\template-1\edit-pages\post.php(145): pathinfo(null, 4)
 2 SYSTEMPATH\View\View.php(213): include('C:\\xampp\\htdocs\\RPPS\\app\\Views\\contents\\template-1\\edit-pages\\post.php')
 3 SYSTEMPATH\View\View.php(216): CodeIgniter\View\View->CodeIgniter\View\{closure}()
 4 SYSTEMPATH\Common.php(1184): CodeIgniter\View\View->render('contents/template-1/edit-pages/post', [], true)
 5 APPPATH\Controllers\ConfigInfos\Institute.php(138): view('contents/template-1/edit-pages/post', [...])
 6 SYSTEMPATH\CodeIgniter.php(934): App\Controllers\ConfigInfos\Institute->editPost()
 7 SYSTEMPATH\CodeIgniter.php(499): CodeIgniter\CodeIgniter->runController(Object(App\Controllers\ConfigInfos\Institute))
 8 SYSTEMPATH\CodeIgniter.php(368): CodeIgniter\CodeIgniter->handleRequest(null, Object(Config\Cache), false)
 9 FCPATH\index.php(67): CodeIgniter\CodeIgniter->run()
INFO - 2024-06-28 19:33:41 --> Session: Class initialized using 'CodeIgniter\Session\Handlers\FileHandler' driver.
WARNING - 2024-06-28 16:33:41 --> [DEPRECATED] pathinfo(): Passing null to parameter #1 ($path) of type string is deprecated in APPPATH\Views\contents\template-1\edit-pages\post.php on line 147.
 1 APPPATH\Views\contents\template-1\edit-pages\post.php(147): pathinfo(null, 4)
 2 SYSTEMPATH\View\View.php(213): include('C:\\xampp\\htdocs\\RPPS\\app\\Views\\contents\\template-1\\edit-pages\\post.php')
 3 SYSTEMPATH\View\View.php(216): CodeIgniter\View\View->CodeIgniter\View\{closure}()
 4 SYSTEMPATH\Common.php(1184): CodeIgniter\View\View->render('contents/template-1/edit-pages/post', [], true)
 5 APPPATH\Controllers\ConfigInfos\Institute.php(138): view('contents/template-1/edit-pages/post', [...])
 6 SYSTEMPATH\CodeIgniter.php(934): App\Controllers\ConfigInfos\Institute->editPost()
 7 SYSTEMPATH\CodeIgniter.php(499): CodeIgniter\CodeIgniter->runController(Object(App\Controllers\ConfigInfos\Institute))
 8 SYSTEMPATH\CodeIgniter.php(368): CodeIgniter\CodeIgniter->handleRequest(null, Object(Config\Cache), false)
 9 FCPATH\index.php(67): CodeIgniter\CodeIgniter->run()
INFO - 2024-06-28 19:34:34 --> Session: Class initialized using 'CodeIgniter\Session\Handlers\FileHandler' driver.
INFO - 2024-06-28 19:35:23 --> Session: Class initialized using 'CodeIgniter\Session\Handlers\FileHandler' driver.
INFO - 2024-06-28 19:35:36 --> Session: Class initialized using 'CodeIgniter\Session\Handlers\FileHandler' driver.
INFO - 2024-06-28 19:35:37 --> Session: Class initialized using 'CodeIgniter\Session\Handlers\FileHandler' driver.
INFO - 2024-06-28 19:37:48 --> Session: Class initialized using 'CodeIgniter\Session\Handlers\FileHandler' driver.
WARNING - 2024-06-28 16:37:48 --> [DEPRECATED] pathinfo(): Passing null to parameter #1 ($path) of type string is deprecated in APPPATH\Views\contents\template-1\edit-pages\post.php on line 147.
 1 APPPATH\Views\contents\template-1\edit-pages\post.php(147): pathinfo(null, 4)
 2 SYSTEMPATH\View\View.php(213): include('C:\\xampp\\htdocs\\RPPS\\app\\Views\\contents\\template-1\\edit-pages\\post.php')
 3 SYSTEMPATH\View\View.php(216): CodeIgniter\View\View->CodeIgniter\View\{closure}()
 4 SYSTEMPATH\Common.php(1184): CodeIgniter\View\View->render('contents/template-1/edit-pages/post', [], true)
 5 APPPATH\Controllers\ConfigInfos\Institute.php(138): view('contents/template-1/edit-pages/post', [...])
 6 SYSTEMPATH\CodeIgniter.php(934): App\Controllers\ConfigInfos\Institute->editPost()
 7 SYSTEMPATH\CodeIgniter.php(499): CodeIgniter\CodeIgniter->runController(Object(App\Controllers\ConfigInfos\Institute))
 8 SYSTEMPATH\CodeIgniter.php(368): CodeIgniter\CodeIgniter->handleRequest(null, Object(Config\Cache), false)
 9 FCPATH\index.php(67): CodeIgniter\CodeIgniter->run()
INFO - 2024-06-28 19:40:27 --> Session: Class initialized using 'CodeIgniter\Session\Handlers\FileHandler' driver.
WARNING - 2024-06-28 16:40:27 --> [DEPRECATED] pathinfo(): Passing null to parameter #1 ($path) of type string is deprecated in APPPATH\Views\contents\template-1\edit-pages\post.php on line 153.
 1 APPPATH\Views\contents\template-1\edit-pages\post.php(153): pathinfo(null, 4)
 2 SYSTEMPATH\View\View.php(213): include('C:\\xampp\\htdocs\\RPPS\\app\\Views\\contents\\template-1\\edit-pages\\post.php')
 3 SYSTEMPATH\View\View.php(216): CodeIgniter\View\View->CodeIgniter\View\{closure}()
 4 SYSTEMPATH\Common.php(1184): CodeIgniter\View\View->render('contents/template-1/edit-pages/post', [], true)
 5 APPPATH\Controllers\ConfigInfos\Institute.php(138): view('contents/template-1/edit-pages/post', [...])
 6 SYSTEMPATH\CodeIgniter.php(934): App\Controllers\ConfigInfos\Institute->editPost()
 7 SYSTEMPATH\CodeIgniter.php(499): CodeIgniter\CodeIgniter->runController(Object(App\Controllers\ConfigInfos\Institute))
 8 SYSTEMPATH\CodeIgniter.php(368): CodeIgniter\CodeIgniter->handleRequest(null, Object(Config\Cache), false)
 9 FCPATH\index.php(67): CodeIgniter\CodeIgniter->run()
INFO - 2024-06-28 19:41:44 --> Session: Class initialized using 'CodeIgniter\Session\Handlers\FileHandler' driver.
WARNING - 2024-06-28 16:41:44 --> [DEPRECATED] pathinfo(): Passing null to parameter #1 ($path) of type string is deprecated in APPPATH\Views\contents\template-1\edit-pages\post.php on line 142.
 1 APPPATH\Views\contents\template-1\edit-pages\post.php(142): pathinfo(null, 4)
 2 SYSTEMPATH\View\View.php(213): include('C:\\xampp\\htdocs\\RPPS\\app\\Views\\contents\\template-1\\edit-pages\\post.php')
 3 SYSTEMPATH\View\View.php(216): CodeIgniter\View\View->CodeIgniter\View\{closure}()
 4 SYSTEMPATH\Common.php(1184): CodeIgniter\View\View->render('contents/template-1/edit-pages/post', [], true)
 5 APPPATH\Controllers\ConfigInfos\Institute.php(138): view('contents/template-1/edit-pages/post', [...])
 6 SYSTEMPATH\CodeIgniter.php(934): App\Controllers\ConfigInfos\Institute->editPost()
 7 SYSTEMPATH\CodeIgniter.php(499): CodeIgniter\CodeIgniter->runController(Object(App\Controllers\ConfigInfos\Institute))
 8 SYSTEMPATH\CodeIgniter.php(368): CodeIgniter\CodeIgniter->handleRequest(null, Object(Config\Cache), false)
 9 FCPATH\index.php(67): CodeIgniter\CodeIgniter->run()
INFO - 2024-06-28 19:44:13 --> Session: Class initialized using 'CodeIgniter\Session\Handlers\FileHandler' driver.
WARNING - 2024-06-28 16:44:13 --> [DEPRECATED] pathinfo(): Passing null to parameter #1 ($path) of type string is deprecated in APPPATH\Views\contents\template-1\edit-pages\post.php on line 142.
 1 APPPATH\Views\contents\template-1\edit-pages\post.php(142): pathinfo(null, 4)
 2 SYSTEMPATH\View\View.php(213): include('C:\\xampp\\htdocs\\RPPS\\app\\Views\\contents\\template-1\\edit-pages\\post.php')
 3 SYSTEMPATH\View\View.php(216): CodeIgniter\View\View->CodeIgniter\View\{closure}()
 4 SYSTEMPATH\Common.php(1184): CodeIgniter\View\View->render('contents/template-1/edit-pages/post', [], true)
 5 APPPATH\Controllers\ConfigInfos\Institute.php(138): view('contents/template-1/edit-pages/post', [...])
 6 SYSTEMPATH\CodeIgniter.php(934): App\Controllers\ConfigInfos\Institute->editPost()
 7 SYSTEMPATH\CodeIgniter.php(499): CodeIgniter\CodeIgniter->runController(Object(App\Controllers\ConfigInfos\Institute))
 8 SYSTEMPATH\CodeIgniter.php(368): CodeIgniter\CodeIgniter->handleRequest(null, Object(Config\Cache), false)
 9 FCPATH\index.php(67): CodeIgniter\CodeIgniter->run()
INFO - 2024-06-28 19:51:34 --> Session: Class initialized using 'CodeIgniter\Session\Handlers\FileHandler' driver.
WARNING - 2024-06-28 16:51:34 --> [DEPRECATED] pathinfo(): Passing null to parameter #1 ($path) of type string is deprecated in APPPATH\Views\contents\template-1\edit-pages\post.php on line 149.
 1 APPPATH\Views\contents\template-1\edit-pages\post.php(149): pathinfo(null, 4)
 2 SYSTEMPATH\View\View.php(213): include('C:\\xampp\\htdocs\\RPPS\\app\\Views\\contents\\template-1\\edit-pages\\post.php')
 3 SYSTEMPATH\View\View.php(216): CodeIgniter\View\View->CodeIgniter\View\{closure}()
 4 SYSTEMPATH\Common.php(1184): CodeIgniter\View\View->render('contents/template-1/edit-pages/post', [], true)
 5 APPPATH\Controllers\ConfigInfos\Institute.php(138): view('contents/template-1/edit-pages/post', [...])
 6 SYSTEMPATH\CodeIgniter.php(934): App\Controllers\ConfigInfos\Institute->editPost()
 7 SYSTEMPATH\CodeIgniter.php(499): CodeIgniter\CodeIgniter->runController(Object(App\Controllers\ConfigInfos\Institute))
 8 SYSTEMPATH\CodeIgniter.php(368): CodeIgniter\CodeIgniter->handleRequest(null, Object(Config\Cache), false)
 9 FCPATH\index.php(67): CodeIgniter\CodeIgniter->run()
INFO - 2024-06-28 19:53:55 --> Session: Class initialized using 'CodeIgniter\Session\Handlers\FileHandler' driver.
WARNING - 2024-06-28 16:53:55 --> [DEPRECATED] pathinfo(): Passing null to parameter #1 ($path) of type string is deprecated in APPPATH\Views\contents\template-1\edit-pages\post.php on line 147.
 1 APPPATH\Views\contents\template-1\edit-pages\post.php(147): pathinfo(null, 4)
 2 SYSTEMPATH\View\View.php(213): include('C:\\xampp\\htdocs\\RPPS\\app\\Views\\contents\\template-1\\edit-pages\\post.php')
 3 SYSTEMPATH\View\View.php(216): CodeIgniter\View\View->CodeIgniter\View\{closure}()
 4 SYSTEMPATH\Common.php(1184): CodeIgniter\View\View->render('contents/template-1/edit-pages/post', [], true)
 5 APPPATH\Controllers\ConfigInfos\Institute.php(138): view('contents/template-1/edit-pages/post', [...])
 6 SYSTEMPATH\CodeIgniter.php(934): App\Controllers\ConfigInfos\Institute->editPost()
 7 SYSTEMPATH\CodeIgniter.php(499): CodeIgniter\CodeIgniter->runController(Object(App\Controllers\ConfigInfos\Institute))
 8 SYSTEMPATH\CodeIgniter.php(368): CodeIgniter\CodeIgniter->handleRequest(null, Object(Config\Cache), false)
 9 FCPATH\index.php(67): CodeIgniter\CodeIgniter->run()
INFO - 2024-06-28 19:56:33 --> Session: Class initialized using 'CodeIgniter\Session\Handlers\FileHandler' driver.
INFO - 2024-06-28 19:56:55 --> Session: Class initialized using 'CodeIgniter\Session\Handlers\FileHandler' driver.
INFO - 2024-06-28 20:10:27 --> Session: Class initialized using 'CodeIgniter\Session\Handlers\FileHandler' driver.
INFO - 2024-06-28 20:10:30 --> Session: Class initialized using 'CodeIgniter\Session\Handlers\FileHandler' driver.
INFO - 2024-06-28 20:10:38 --> Session: Class initialized using 'CodeIgniter\Session\Handlers\FileHandler' driver.
INFO - 2024-06-28 20:10:43 --> Session: Class initialized using 'CodeIgniter\Session\Handlers\FileHandler' driver.
INFO - 2024-06-28 20:12:19 --> Session: Class initialized using 'CodeIgniter\Session\Handlers\FileHandler' driver.
INFO - 2024-06-28 20:12:41 --> Session: Class initialized using 'CodeIgniter\Session\Handlers\FileHandler' driver.
INFO - 2024-06-28 20:21:17 --> Session: Class initialized using 'CodeIgniter\Session\Handlers\FileHandler' driver.
INFO - 2024-06-28 20:21:39 --> Session: Class initialized using 'CodeIgniter\Session\Handlers\FileHandler' driver.
CRITICAL - 2024-06-28 20:21:39 --> Undefined array key "highlighted"
in APPPATH\Models\AjaxModel\AjaxPostModel.php on line 39.
 1 APPPATH\Models\AjaxModel\AjaxPostModel.php(39): CodeIgniter\Debug\Exceptions->errorHandler(2, 'Undefined array key "highlighted"', 'C:\\xampp\\htdocs\\RPPS\\app\\Models\\AjaxModel\\AjaxPostModel.php', 39)
 2 APPPATH\Controllers\Pagination.php(145): App\Models\AjaxModel\AjaxPostModel->getPosts('1', [...])
 3 SYSTEMPATH\CodeIgniter.php(934): App\Controllers\Pagination->posts()
 4 SYSTEMPATH\CodeIgniter.php(499): CodeIgniter\CodeIgniter->runController(Object(App\Controllers\Pagination))
 5 SYSTEMPATH\CodeIgniter.php(368): CodeIgniter\CodeIgniter->handleRequest(null, Object(Config\Cache), false)
 6 FCPATH\index.php(67): CodeIgniter\CodeIgniter->run()
INFO - 2024-06-28 20:22:13 --> Session: Class initialized using 'CodeIgniter\Session\Handlers\FileHandler' driver.
INFO - 2024-06-28 20:22:31 --> Session: Class initialized using 'CodeIgniter\Session\Handlers\FileHandler' driver.
