CRITICAL - 2023-09-18 16:13:22 --> Call to undefined function PHPSTORM_META\type()
in FCPATH\functions\functionAbstractPosts.php\abbreviate.php on line 35.
 1 FCPATH\functions\functionAbstractPosts.php\abbreviate.php(8): removeHyphen([...])
 2 APPPATH\Views\contents\template-1\inner-pages\header\sections\header-links.php(35): abbreviate('Comitê de Investimento')
 3 SYSTEMPATH\View\View.php(213): include('C:\\xampp\\htdocs\\RPPS\\app\\Views\\contents\\template-1\\inner-pages\\header\\sections\\header-links.php')
 4 SYSTEMPATH\View\View.php(216): CodeIgniter\View\View->CodeIgniter\View\{closure}()
 5 SYSTEMPATH\Common.php(1184): CodeIgniter\View\View->render('contents/template-1/inner-pages/header/sections/header-links.php', [], true)
 6 APPPATH\Controllers\InnerPages\Advices\InvestmentCommittee.php(301): view('contents/template-1/inner-pages/header/sections/header-links.php', [...])
 7 SYSTEMPATH\CodeIgniter.php(934): App\Controllers\InnerPages\Advices\InvestmentCommittee->aplicacoesResgates()
 8 SYSTEMPATH\CodeIgniter.php(499): CodeIgniter\CodeIgniter->runController(Object(App\Controllers\InnerPages\Advices\InvestmentCommittee))
 9 SYSTEMPATH\CodeIgniter.php(368): CodeIgniter\CodeIgniter->handleRequest(null, Object(Config\Cache), false)
10 FCPATH\index.php(67): CodeIgniter\CodeIgniter->run()
CRITICAL - 2023-09-18 16:16:54 --> Undefined array key 3
in FCPATH\functions\functionAbstractPosts.php\abbreviate.php on line 31.
 1 FCPATH\functions\functionAbstractPosts.php\abbreviate.php(31): CodeIgniter\Debug\Exceptions->errorHandler(2, 'Undefined array key 3', 'C:\\xampp\\htdocs\\RPPS\\public\\functions\\functionAbstractPosts.php\\abbreviate.php', 31)
 2 FCPATH\functions\functionAbstractPosts.php\abbreviate.php(6): removeHyphen([...])
 3 APPPATH\Views\contents\template-1\inner-pages\header\sections\header-links.php(35): abbreviate('Comitê de Investimento')
 4 SYSTEMPATH\View\View.php(213): include('C:\\xampp\\htdocs\\RPPS\\app\\Views\\contents\\template-1\\inner-pages\\header\\sections\\header-links.php')
 5 SYSTEMPATH\View\View.php(216): CodeIgniter\View\View->CodeIgniter\View\{closure}()
 6 SYSTEMPATH\Common.php(1184): CodeIgniter\View\View->render('contents/template-1/inner-pages/header/sections/header-links.php', [], true)
 7 APPPATH\Controllers\InnerPages\Advices\InvestmentCommittee.php(301): view('contents/template-1/inner-pages/header/sections/header-links.php', [...])
 8 SYSTEMPATH\CodeIgniter.php(934): App\Controllers\InnerPages\Advices\InvestmentCommittee->aplicacoesResgates()
 9 SYSTEMPATH\CodeIgniter.php(499): CodeIgniter\CodeIgniter->runController(Object(App\Controllers\InnerPages\Advices\InvestmentCommittee))
10 SYSTEMPATH\CodeIgniter.php(368): CodeIgniter\CodeIgniter->handleRequest(null, Object(Config\Cache), false)
11 FCPATH\index.php(67): CodeIgniter\CodeIgniter->run()
CRITICAL - 2023-09-18 16:17:18 --> Undefined array key 3
in FCPATH\functions\functionAbstractPosts.php\abbreviate.php on line 31.
 1 FCPATH\functions\functionAbstractPosts.php\abbreviate.php(31): CodeIgniter\Debug\Exceptions->errorHandler(2, 'Undefined array key 3', 'C:\\xampp\\htdocs\\RPPS\\public\\functions\\functionAbstractPosts.php\\abbreviate.php', 31)
 2 FCPATH\functions\functionAbstractPosts.php\abbreviate.php(6): removeHyphen([...])
 3 APPPATH\Views\contents\template-1\inner-pages\header\sections\header-links.php(35): abbreviate('Comitê de Investimento')
 4 SYSTEMPATH\View\View.php(213): include('C:\\xampp\\htdocs\\RPPS\\app\\Views\\contents\\template-1\\inner-pages\\header\\sections\\header-links.php')
 5 SYSTEMPATH\View\View.php(216): CodeIgniter\View\View->CodeIgniter\View\{closure}()
 6 SYSTEMPATH\Common.php(1184): CodeIgniter\View\View->render('contents/template-1/inner-pages/header/sections/header-links.php', [], true)
 7 APPPATH\Controllers\InnerPages\Advices\InvestmentCommittee.php(301): view('contents/template-1/inner-pages/header/sections/header-links.php', [...])
 8 SYSTEMPATH\CodeIgniter.php(934): App\Controllers\InnerPages\Advices\InvestmentCommittee->aplicacoesResgates()
 9 SYSTEMPATH\CodeIgniter.php(499): CodeIgniter\CodeIgniter->runController(Object(App\Controllers\InnerPages\Advices\InvestmentCommittee))
10 SYSTEMPATH\CodeIgniter.php(368): CodeIgniter\CodeIgniter->handleRequest(null, Object(Config\Cache), false)
11 FCPATH\index.php(67): CodeIgniter\CodeIgniter->run()
CRITICAL - 2023-09-18 16:17:43 --> Array to string conversion
in FCPATH\functions\functionAbstractPosts.php\abbreviate.php on line 31.
 1 FCPATH\functions\functionAbstractPosts.php\abbreviate.php(31): CodeIgniter\Debug\Exceptions->errorHandler(2, 'Array to string conversion', 'C:\\xampp\\htdocs\\RPPS\\public\\functions\\functionAbstractPosts.php\\abbreviate.php', 31)
 2 FCPATH\functions\functionAbstractPosts.php\abbreviate.php(6): removeHyphen([...])
 3 APPPATH\Views\contents\template-1\inner-pages\header\sections\header-links.php(35): abbreviate('Comitê de Investimento')
 4 SYSTEMPATH\View\View.php(213): include('C:\\xampp\\htdocs\\RPPS\\app\\Views\\contents\\template-1\\inner-pages\\header\\sections\\header-links.php')
 5 SYSTEMPATH\View\View.php(216): CodeIgniter\View\View->CodeIgniter\View\{closure}()
 6 SYSTEMPATH\Common.php(1184): CodeIgniter\View\View->render('contents/template-1/inner-pages/header/sections/header-links.php', [], true)
 7 APPPATH\Controllers\InnerPages\Advices\InvestmentCommittee.php(301): view('contents/template-1/inner-pages/header/sections/header-links.php', [...])
 8 SYSTEMPATH\CodeIgniter.php(934): App\Controllers\InnerPages\Advices\InvestmentCommittee->aplicacoesResgates()
 9 SYSTEMPATH\CodeIgniter.php(499): CodeIgniter\CodeIgniter->runController(Object(App\Controllers\InnerPages\Advices\InvestmentCommittee))
10 SYSTEMPATH\CodeIgniter.php(368): CodeIgniter\CodeIgniter->handleRequest(null, Object(Config\Cache), false)
11 FCPATH\index.php(67): CodeIgniter\CodeIgniter->run()
CRITICAL - 2023-09-18 16:18:33 --> Undefined array key 3
in FCPATH\functions\functionAbstractPosts.php\abbreviate.php on line 33.
 1 FCPATH\functions\functionAbstractPosts.php\abbreviate.php(33): CodeIgniter\Debug\Exceptions->errorHandler(2, 'Undefined array key 3', 'C:\\xampp\\htdocs\\RPPS\\public\\functions\\functionAbstractPosts.php\\abbreviate.php', 33)
 2 FCPATH\functions\functionAbstractPosts.php\abbreviate.php(6): removeHyphen([...])
 3 APPPATH\Views\contents\template-1\inner-pages\header\sections\header-links.php(35): abbreviate('Comitê de Investimento')
 4 SYSTEMPATH\View\View.php(213): include('C:\\xampp\\htdocs\\RPPS\\app\\Views\\contents\\template-1\\inner-pages\\header\\sections\\header-links.php')
 5 SYSTEMPATH\View\View.php(216): CodeIgniter\View\View->CodeIgniter\View\{closure}()
 6 SYSTEMPATH\Common.php(1184): CodeIgniter\View\View->render('contents/template-1/inner-pages/header/sections/header-links.php', [], true)
 7 APPPATH\Controllers\InnerPages\Advices\InvestmentCommittee.php(301): view('contents/template-1/inner-pages/header/sections/header-links.php', [...])
 8 SYSTEMPATH\CodeIgniter.php(934): App\Controllers\InnerPages\Advices\InvestmentCommittee->aplicacoesResgates()
 9 SYSTEMPATH\CodeIgniter.php(499): CodeIgniter\CodeIgniter->runController(Object(App\Controllers\InnerPages\Advices\InvestmentCommittee))
10 SYSTEMPATH\CodeIgniter.php(368): CodeIgniter\CodeIgniter->handleRequest(null, Object(Config\Cache), false)
11 FCPATH\index.php(67): CodeIgniter\CodeIgniter->run()
CRITICAL - 2023-09-18 16:18:44 --> Undefined array key 4
in FCPATH\functions\functionAbstractPosts.php\abbreviate.php on line 33.
 1 FCPATH\functions\functionAbstractPosts.php\abbreviate.php(33): CodeIgniter\Debug\Exceptions->errorHandler(2, 'Undefined array key 4', 'C:\\xampp\\htdocs\\RPPS\\public\\functions\\functionAbstractPosts.php\\abbreviate.php', 33)
 2 FCPATH\functions\functionAbstractPosts.php\abbreviate.php(6): removeHyphen([...])
 3 APPPATH\Views\contents\template-1\inner-pages\header\sections\header-links.php(35): abbreviate('Comitê de Investimento')
 4 SYSTEMPATH\View\View.php(213): include('C:\\xampp\\htdocs\\RPPS\\app\\Views\\contents\\template-1\\inner-pages\\header\\sections\\header-links.php')
 5 SYSTEMPATH\View\View.php(216): CodeIgniter\View\View->CodeIgniter\View\{closure}()
 6 SYSTEMPATH\Common.php(1184): CodeIgniter\View\View->render('contents/template-1/inner-pages/header/sections/header-links.php', [], true)
 7 APPPATH\Controllers\InnerPages\Advices\InvestmentCommittee.php(301): view('contents/template-1/inner-pages/header/sections/header-links.php', [...])
 8 SYSTEMPATH\CodeIgniter.php(934): App\Controllers\InnerPages\Advices\InvestmentCommittee->aplicacoesResgates()
 9 SYSTEMPATH\CodeIgniter.php(499): CodeIgniter\CodeIgniter->runController(Object(App\Controllers\InnerPages\Advices\InvestmentCommittee))
10 SYSTEMPATH\CodeIgniter.php(368): CodeIgniter\CodeIgniter->handleRequest(null, Object(Config\Cache), false)
11 FCPATH\index.php(67): CodeIgniter\CodeIgniter->run()
CRITICAL - 2023-09-18 16:21:11 --> Undefined variable $text´
in FCPATH\functions\functionAbstractPosts.php\abbreviate.php on line 30.
 1 FCPATH\functions\functionAbstractPosts.php\abbreviate.php(30): CodeIgniter\Debug\Exceptions->errorHandler(2, 'Undefined variable $text´', 'C:\\xampp\\htdocs\\RPPS\\public\\functions\\functionAbstractPosts.php\\abbreviate.php', 30)
 2 FCPATH\functions\functionAbstractPosts.php\abbreviate.php(6): removeHyphen([...])
 3 APPPATH\Views\contents\template-1\inner-pages\header\sections\header-links.php(35): abbreviate('Comitê de Investimento')
 4 SYSTEMPATH\View\View.php(213): include('C:\\xampp\\htdocs\\RPPS\\app\\Views\\contents\\template-1\\inner-pages\\header\\sections\\header-links.php')
 5 SYSTEMPATH\View\View.php(216): CodeIgniter\View\View->CodeIgniter\View\{closure}()
 6 SYSTEMPATH\Common.php(1184): CodeIgniter\View\View->render('contents/template-1/inner-pages/header/sections/header-links.php', [], true)
 7 APPPATH\Controllers\InnerPages\Advices\InvestmentCommittee.php(301): view('contents/template-1/inner-pages/header/sections/header-links.php', [...])
 8 SYSTEMPATH\CodeIgniter.php(934): App\Controllers\InnerPages\Advices\InvestmentCommittee->aplicacoesResgates()
 9 SYSTEMPATH\CodeIgniter.php(499): CodeIgniter\CodeIgniter->runController(Object(App\Controllers\InnerPages\Advices\InvestmentCommittee))
10 SYSTEMPATH\CodeIgniter.php(368): CodeIgniter\CodeIgniter->handleRequest(null, Object(Config\Cache), false)
11 FCPATH\index.php(67): CodeIgniter\CodeIgniter->run()
CRITICAL - 2023-09-18 16:21:20 --> Undefined array key 3
in FCPATH\functions\functionAbstractPosts.php\abbreviate.php on line 30.
 1 FCPATH\functions\functionAbstractPosts.php\abbreviate.php(30): CodeIgniter\Debug\Exceptions->errorHandler(2, 'Undefined array key 3', 'C:\\xampp\\htdocs\\RPPS\\public\\functions\\functionAbstractPosts.php\\abbreviate.php', 30)
 2 FCPATH\functions\functionAbstractPosts.php\abbreviate.php(6): removeHyphen([...])
 3 APPPATH\Views\contents\template-1\inner-pages\header\sections\header-links.php(35): abbreviate('Comitê de Investimento')
 4 SYSTEMPATH\View\View.php(213): include('C:\\xampp\\htdocs\\RPPS\\app\\Views\\contents\\template-1\\inner-pages\\header\\sections\\header-links.php')
 5 SYSTEMPATH\View\View.php(216): CodeIgniter\View\View->CodeIgniter\View\{closure}()
 6 SYSTEMPATH\Common.php(1184): CodeIgniter\View\View->render('contents/template-1/inner-pages/header/sections/header-links.php', [], true)
 7 APPPATH\Controllers\InnerPages\Advices\InvestmentCommittee.php(301): view('contents/template-1/inner-pages/header/sections/header-links.php', [...])
 8 SYSTEMPATH\CodeIgniter.php(934): App\Controllers\InnerPages\Advices\InvestmentCommittee->aplicacoesResgates()
 9 SYSTEMPATH\CodeIgniter.php(499): CodeIgniter\CodeIgniter->runController(Object(App\Controllers\InnerPages\Advices\InvestmentCommittee))
10 SYSTEMPATH\CodeIgniter.php(368): CodeIgniter\CodeIgniter->handleRequest(null, Object(Config\Cache), false)
11 FCPATH\index.php(67): CodeIgniter\CodeIgniter->run()
CRITICAL - 2023-09-18 18:31:00 --> Invalid file: "ontents\template-1\uploads\sections\diario-oficial-municipios.php"
in SYSTEMPATH\Exceptions\FrameworkException.php on line 33.
 1 SYSTEMPATH\View\View.php(201): CodeIgniter\Exceptions\FrameworkException::forInvalidFile('ontents\\template-1\\uploads\\sections\\diario-oficial-municipios.php')
 2 SYSTEMPATH\Common.php(1184): CodeIgniter\View\View->render('ontents\\template-1\\uploads\\sections\\diario-oficial-municipios.php', [], true)
 3 APPPATH\Controllers\Uploads\Pdf.php(26): view('ontents\\template-1\\uploads\\sections\\diario-oficial-municipios.php')
 4 SYSTEMPATH\CodeIgniter.php(934): App\Controllers\Uploads\Pdf->diarioOficialMunicipios()
 5 SYSTEMPATH\CodeIgniter.php(499): CodeIgniter\CodeIgniter->runController(Object(App\Controllers\Uploads\Pdf))
 6 SYSTEMPATH\CodeIgniter.php(368): CodeIgniter\CodeIgniter->handleRequest(null, Object(Config\Cache), false)
 7 FCPATH\index.php(67): CodeIgniter\CodeIgniter->run()
CRITICAL - 2023-09-18 19:27:17 --> Undefined array key 8
in APPPATH\Views\contents\template-1\inner-pages\main\sections\team.php on line 16.
 1 APPPATH\Views\contents\template-1\inner-pages\main\sections\team.php(16): CodeIgniter\Debug\Exceptions->errorHandler(2, 'Undefined array key 8', 'C:\\xampp\\htdocs\\RPPS\\app\\Views\\contents\\template-1\\inner-pages\\main\\sections\\team.php', 16)
 2 SYSTEMPATH\View\View.php(213): include('C:\\xampp\\htdocs\\RPPS\\app\\Views\\contents\\template-1\\inner-pages\\main\\sections\\team.php')
 3 SYSTEMPATH\View\View.php(216): CodeIgniter\View\View->CodeIgniter\View\{closure}()
 4 SYSTEMPATH\Common.php(1184): CodeIgniter\View\View->render('contents/template-1/inner-pages/main/sections/team.php', [], true)
 5 APPPATH\Controllers\InnerPages\Advices\InvestmentCommittee.php(57): view('contents/template-1/inner-pages/main/sections/team.php', [...])
 6 SYSTEMPATH\CodeIgniter.php(934): App\Controllers\InnerPages\Advices\InvestmentCommittee->membros()
 7 SYSTEMPATH\CodeIgniter.php(499): CodeIgniter\CodeIgniter->runController(Object(App\Controllers\InnerPages\Advices\InvestmentCommittee))
 8 SYSTEMPATH\CodeIgniter.php(368): CodeIgniter\CodeIgniter->handleRequest(null, Object(Config\Cache), false)
 9 FCPATH\index.php(67): CodeIgniter\CodeIgniter->run()
