CRITICAL - 2023-11-23 09:13:55 --> Undefined variable $post
in APPPATH\Views\contents\template-1\inner-pages\main\sections\post.php on line 16.
 1 APPPATH\Views\contents\template-1\inner-pages\main\sections\post.php(16): CodeIgniter\Debug\Exceptions->errorHandler(2, 'Undefined variable $post', 'C:\\xampp\\htdocs\\RPPS\\app\\Views\\contents\\template-1\\inner-pages\\main\\sections\\post.php', 16)
 2 SYSTEMPATH\View\View.php(213): include('C:\\xampp\\htdocs\\RPPS\\app\\Views\\contents\\template-1\\inner-pages\\main\\sections\\post.php')
 3 SYSTEMPATH\View\View.php(216): CodeIgniter\View\View->CodeIgniter\View\{closure}()
 4 SYSTEMPATH\Common.php(1184): CodeIgniter\View\View->render('contents/template-1/inner-pages/main/sections/post.php', [], true)
 5 APPPATH\Controllers\InnerPages\Institute.php(191): view('contents/template-1/inner-pages/main/sections/post.php', [...])
 6 SYSTEMPATH\CodeIgniter.php(934): App\Controllers\InnerPages\Institute->educacaoPrevidenciaria()
 7 SYSTEMPATH\CodeIgniter.php(499): CodeIgniter\CodeIgniter->runController(Object(App\Controllers\InnerPages\Institute))
 8 SYSTEMPATH\CodeIgniter.php(368): CodeIgniter\CodeIgniter->handleRequest(null, Object(Config\Cache), false)
 9 FCPATH\index.php(67): CodeIgniter\CodeIgniter->run()
CRITICAL - 2023-11-23 09:17:54 --> Undefined array key 0
in APPPATH\Models\Session\SessionModel.php on line 24.
 1 APPPATH\Models\Session\SessionModel.php(24): CodeIgniter\Debug\Exceptions->errorHandler(2, 'Undefined array key 0', 'C:\\xampp\\htdocs\\RPPS\\app\\Models\\Session\\SessionModel.php', 24)
 2 APPPATH\Controllers\Session.php(31): App\Models\Session\SessionModel->requireInstituteId('meu-rpps')
 3 APPPATH\Controllers\Session.php(41): App\Controllers\Session->requireInstituteId('meu-rpps')
 4 APPPATH\Controllers\InnerPages\Institute.php(18): App\Controllers\Session->currentInstitute(Object(App\Controllers\InnerPages\Institute))
 5 APPPATH\Controllers\InnerPages\Institute.php(62): App\Controllers\InnerPages\Institute->requireCurrentInstitute()
 6 SYSTEMPATH\CodeIgniter.php(934): App\Controllers\InnerPages\Institute->principios()
 7 SYSTEMPATH\CodeIgniter.php(499): CodeIgniter\CodeIgniter->runController(Object(App\Controllers\InnerPages\Institute))
 8 SYSTEMPATH\CodeIgniter.php(368): CodeIgniter\CodeIgniter->handleRequest(null, Object(Config\Cache), false)
 9 FCPATH\index.php(67): CodeIgniter\CodeIgniter->run()
CRITICAL - 2023-11-23 09:18:24 --> Undefined array key 0
in APPPATH\Models\Session\SessionModel.php on line 24.
 1 APPPATH\Models\Session\SessionModel.php(24): CodeIgniter\Debug\Exceptions->errorHandler(2, 'Undefined array key 0', 'C:\\xampp\\htdocs\\RPPS\\app\\Models\\Session\\SessionModel.php', 24)
 2 APPPATH\Controllers\Session.php(31): App\Models\Session\SessionModel->requireInstituteId('ipresbs')
 3 APPPATH\Controllers\Session.php(41): App\Controllers\Session->requireInstituteId('ipresbs')
 4 APPPATH\Controllers\InnerPages\Institute.php(18): App\Controllers\Session->currentInstitute(Object(App\Controllers\InnerPages\Institute))
 5 APPPATH\Controllers\InnerPages\Institute.php(62): App\Controllers\InnerPages\Institute->requireCurrentInstitute()
 6 SYSTEMPATH\CodeIgniter.php(934): App\Controllers\InnerPages\Institute->principios()
 7 SYSTEMPATH\CodeIgniter.php(499): CodeIgniter\CodeIgniter->runController(Object(App\Controllers\InnerPages\Institute))
 8 SYSTEMPATH\CodeIgniter.php(368): CodeIgniter\CodeIgniter->handleRequest(null, Object(Config\Cache), false)
 9 FCPATH\index.php(67): CodeIgniter\CodeIgniter->run()
CRITICAL - 2023-11-23 09:18:35 --> Undefined array key 0
in APPPATH\Models\Session\SessionModel.php on line 24.
 1 APPPATH\Models\Session\SessionModel.php(24): CodeIgniter\Debug\Exceptions->errorHandler(2, 'Undefined array key 0', 'C:\\xampp\\htdocs\\RPPS\\app\\Models\\Session\\SessionModel.php', 24)
 2 APPPATH\Controllers\Session.php(31): App\Models\Session\SessionModel->requireInstituteId('irpecal')
 3 APPPATH\Controllers\Session.php(41): App\Controllers\Session->requireInstituteId('irpecal')
 4 APPPATH\Controllers\InnerPages\Institute.php(18): App\Controllers\Session->currentInstitute(Object(App\Controllers\InnerPages\Institute))
 5 APPPATH\Controllers\InnerPages\Institute.php(62): App\Controllers\InnerPages\Institute->requireCurrentInstitute()
 6 SYSTEMPATH\CodeIgniter.php(934): App\Controllers\InnerPages\Institute->principios()
 7 SYSTEMPATH\CodeIgniter.php(499): CodeIgniter\CodeIgniter->runController(Object(App\Controllers\InnerPages\Institute))
 8 SYSTEMPATH\CodeIgniter.php(368): CodeIgniter\CodeIgniter->handleRequest(null, Object(Config\Cache), false)
 9 FCPATH\index.php(67): CodeIgniter\CodeIgniter->run()
CRITICAL - 2023-11-23 09:18:59 --> Attempt to read property "imagem_principal" on array
in APPPATH\Views\contents\template-1\inner-pages\main\sections\post.php on line 21.
 1 APPPATH\Views\contents\template-1\inner-pages\main\sections\post.php(21): CodeIgniter\Debug\Exceptions->errorHandler(2, 'Attempt to read property "imagem_principal" on array', 'C:\\xampp\\htdocs\\RPPS\\app\\Views\\contents\\template-1\\inner-pages\\main\\sections\\post.php', 21)
 2 SYSTEMPATH\View\View.php(213): include('C:\\xampp\\htdocs\\RPPS\\app\\Views\\contents\\template-1\\inner-pages\\main\\sections\\post.php')
 3 SYSTEMPATH\View\View.php(216): CodeIgniter\View\View->CodeIgniter\View\{closure}()
 4 SYSTEMPATH\Common.php(1184): CodeIgniter\View\View->render('contents/template-1/inner-pages/main/sections/post.php', [], true)
 5 APPPATH\Controllers\InnerPages\Institute.php(90): view('contents/template-1/inner-pages/main/sections/post.php', [...])
 6 SYSTEMPATH\CodeIgniter.php(934): App\Controllers\InnerPages\Institute->codigoDeEtica()
 7 SYSTEMPATH\CodeIgniter.php(499): CodeIgniter\CodeIgniter->runController(Object(App\Controllers\InnerPages\Institute))
 8 SYSTEMPATH\CodeIgniter.php(368): CodeIgniter\CodeIgniter->handleRequest(null, Object(Config\Cache), false)
 9 FCPATH\index.php(67): CodeIgniter\CodeIgniter->run()
CRITICAL - 2023-11-23 09:21:08 --> Attempt to read property "imagem_principal" on array
in APPPATH\Views\contents\template-1\inner-pages\main\sections\post.php on line 21.
 1 APPPATH\Views\contents\template-1\inner-pages\main\sections\post.php(21): CodeIgniter\Debug\Exceptions->errorHandler(2, 'Attempt to read property "imagem_principal" on array', 'C:\\xampp\\htdocs\\RPPS\\app\\Views\\contents\\template-1\\inner-pages\\main\\sections\\post.php', 21)
 2 SYSTEMPATH\View\View.php(213): include('C:\\xampp\\htdocs\\RPPS\\app\\Views\\contents\\template-1\\inner-pages\\main\\sections\\post.php')
 3 SYSTEMPATH\View\View.php(216): CodeIgniter\View\View->CodeIgniter\View\{closure}()
 4 SYSTEMPATH\Common.php(1184): CodeIgniter\View\View->render('contents/template-1/inner-pages/main/sections/post.php', [], true)
 5 APPPATH\Controllers\InnerPages\Institute.php(90): view('contents/template-1/inner-pages/main/sections/post.php', [...])
 6 SYSTEMPATH\CodeIgniter.php(934): App\Controllers\InnerPages\Institute->codigoDeEtica()
 7 SYSTEMPATH\CodeIgniter.php(499): CodeIgniter\CodeIgniter->runController(Object(App\Controllers\InnerPages\Institute))
 8 SYSTEMPATH\CodeIgniter.php(368): CodeIgniter\CodeIgniter->handleRequest(null, Object(Config\Cache), false)
 9 FCPATH\index.php(67): CodeIgniter\CodeIgniter->run()
CRITICAL - 2023-11-23 09:21:49 --> Unmatched '}'
in APPPATH\Views\contents\template-1\inner-pages\main\sections\post.php on line 57.
 1 SYSTEMPATH\View\View.php(216): CodeIgniter\View\View->CodeIgniter\View\{closure}()
 2 SYSTEMPATH\Common.php(1184): CodeIgniter\View\View->render('contents/template-1/inner-pages/main/sections/post.php', [], true)
 3 APPPATH\Controllers\InnerPages\Institute.php(90): view('contents/template-1/inner-pages/main/sections/post.php', [...])
 4 SYSTEMPATH\CodeIgniter.php(934): App\Controllers\InnerPages\Institute->codigoDeEtica()
 5 SYSTEMPATH\CodeIgniter.php(499): CodeIgniter\CodeIgniter->runController(Object(App\Controllers\InnerPages\Institute))
 6 SYSTEMPATH\CodeIgniter.php(368): CodeIgniter\CodeIgniter->handleRequest(null, Object(Config\Cache), false)
 7 FCPATH\index.php(67): CodeIgniter\CodeIgniter->run()
CRITICAL - 2023-11-23 09:22:03 --> Attempt to read property "titulo" on array
in APPPATH\Views\contents\template-1\inner-pages\main\sections\post.php on line 30.
 1 APPPATH\Views\contents\template-1\inner-pages\main\sections\post.php(30): CodeIgniter\Debug\Exceptions->errorHandler(2, 'Attempt to read property "titulo" on array', 'C:\\xampp\\htdocs\\RPPS\\app\\Views\\contents\\template-1\\inner-pages\\main\\sections\\post.php', 30)
 2 SYSTEMPATH\View\View.php(213): include('C:\\xampp\\htdocs\\RPPS\\app\\Views\\contents\\template-1\\inner-pages\\main\\sections\\post.php')
 3 SYSTEMPATH\View\View.php(216): CodeIgniter\View\View->CodeIgniter\View\{closure}()
 4 SYSTEMPATH\Common.php(1184): CodeIgniter\View\View->render('contents/template-1/inner-pages/main/sections/post.php', [], true)
 5 APPPATH\Controllers\InnerPages\Institute.php(90): view('contents/template-1/inner-pages/main/sections/post.php', [...])
 6 SYSTEMPATH\CodeIgniter.php(934): App\Controllers\InnerPages\Institute->codigoDeEtica()
 7 SYSTEMPATH\CodeIgniter.php(499): CodeIgniter\CodeIgniter->runController(Object(App\Controllers\InnerPages\Institute))
 8 SYSTEMPATH\CodeIgniter.php(368): CodeIgniter\CodeIgniter->handleRequest(null, Object(Config\Cache), false)
 9 FCPATH\index.php(67): CodeIgniter\CodeIgniter->run()
CRITICAL - 2023-11-23 09:22:27 --> Attempt to read property "titulo" on array
in APPPATH\Views\contents\template-1\inner-pages\main\sections\post.php on line 30.
 1 APPPATH\Views\contents\template-1\inner-pages\main\sections\post.php(30): CodeIgniter\Debug\Exceptions->errorHandler(2, 'Attempt to read property "titulo" on array', 'C:\\xampp\\htdocs\\RPPS\\app\\Views\\contents\\template-1\\inner-pages\\main\\sections\\post.php', 30)
 2 SYSTEMPATH\View\View.php(213): include('C:\\xampp\\htdocs\\RPPS\\app\\Views\\contents\\template-1\\inner-pages\\main\\sections\\post.php')
 3 SYSTEMPATH\View\View.php(216): CodeIgniter\View\View->CodeIgniter\View\{closure}()
 4 SYSTEMPATH\Common.php(1184): CodeIgniter\View\View->render('contents/template-1/inner-pages/main/sections/post.php', [], true)
 5 APPPATH\Controllers\InnerPages\Institute.php(90): view('contents/template-1/inner-pages/main/sections/post.php', [...])
 6 SYSTEMPATH\CodeIgniter.php(934): App\Controllers\InnerPages\Institute->codigoDeEtica()
 7 SYSTEMPATH\CodeIgniter.php(499): CodeIgniter\CodeIgniter->runController(Object(App\Controllers\InnerPages\Institute))
 8 SYSTEMPATH\CodeIgniter.php(368): CodeIgniter\CodeIgniter->handleRequest(null, Object(Config\Cache), false)
 9 FCPATH\index.php(67): CodeIgniter\CodeIgniter->run()
CRITICAL - 2023-11-23 09:26:03 --> Attempt to read property "imagem_principal" on array
in APPPATH\Views\contents\template-1\inner-pages\main\sections\post.php on line 21.
 1 APPPATH\Views\contents\template-1\inner-pages\main\sections\post.php(21): CodeIgniter\Debug\Exceptions->errorHandler(2, 'Attempt to read property "imagem_principal" on array', 'C:\\xampp\\htdocs\\RPPS\\app\\Views\\contents\\template-1\\inner-pages\\main\\sections\\post.php', 21)
 2 SYSTEMPATH\View\View.php(213): include('C:\\xampp\\htdocs\\RPPS\\app\\Views\\contents\\template-1\\inner-pages\\main\\sections\\post.php')
 3 SYSTEMPATH\View\View.php(216): CodeIgniter\View\View->CodeIgniter\View\{closure}()
 4 SYSTEMPATH\Common.php(1184): CodeIgniter\View\View->render('contents/template-1/inner-pages/main/sections/post.php', [], true)
 5 APPPATH\Controllers\InnerPages\Institute.php(90): view('contents/template-1/inner-pages/main/sections/post.php', [...])
 6 SYSTEMPATH\CodeIgniter.php(934): App\Controllers\InnerPages\Institute->codigoDeEtica()
 7 SYSTEMPATH\CodeIgniter.php(499): CodeIgniter\CodeIgniter->runController(Object(App\Controllers\InnerPages\Institute))
 8 SYSTEMPATH\CodeIgniter.php(368): CodeIgniter\CodeIgniter->handleRequest(null, Object(Config\Cache), false)
 9 FCPATH\index.php(67): CodeIgniter\CodeIgniter->run()
CRITICAL - 2023-11-23 10:23:07 --> Array to string conversion
in APPPATH\Models\InnerPages\Post.php on line 92.
 1 APPPATH\Models\InnerPages\Post.php(92): CodeIgniter\Debug\Exceptions->errorHandler(2, 'Array to string conversion', 'C:\\xampp\\htdocs\\RPPS\\app\\Models\\InnerPages\\Post.php', 92)
 2 APPPATH\Models\InnerPages\Post.php(20): App\Models\InnerPages\Post->requireCategoryId('codigo-de-etica')
 3 APPPATH\Controllers\InnerPages\Institute.php(88): App\Models\InnerPages\Post->requirePosts([...])
 4 SYSTEMPATH\CodeIgniter.php(934): App\Controllers\InnerPages\Institute->codigoDeEtica()
 5 SYSTEMPATH\CodeIgniter.php(499): CodeIgniter\CodeIgniter->runController(Object(App\Controllers\InnerPages\Institute))
 6 SYSTEMPATH\CodeIgniter.php(368): CodeIgniter\CodeIgniter->handleRequest(null, Object(Config\Cache), false)
 7 FCPATH\index.php(67): CodeIgniter\CodeIgniter->run()
CRITICAL - 2023-11-23 10:31:22 --> Attempt to read property "imagem_principal" on array
in APPPATH\Views\contents\template-1\inner-pages\main\sections\post.php on line 21.
 1 APPPATH\Views\contents\template-1\inner-pages\main\sections\post.php(21): CodeIgniter\Debug\Exceptions->errorHandler(2, 'Attempt to read property "imagem_principal" on array', 'C:\\xampp\\htdocs\\RPPS\\app\\Views\\contents\\template-1\\inner-pages\\main\\sections\\post.php', 21)
 2 SYSTEMPATH\View\View.php(213): include('C:\\xampp\\htdocs\\RPPS\\app\\Views\\contents\\template-1\\inner-pages\\main\\sections\\post.php')
 3 SYSTEMPATH\View\View.php(216): CodeIgniter\View\View->CodeIgniter\View\{closure}()
 4 SYSTEMPATH\Common.php(1184): CodeIgniter\View\View->render('contents/template-1/inner-pages/main/sections/post.php', [], true)
 5 APPPATH\Controllers\InnerPages\Institute.php(291): view('contents/template-1/inner-pages/main/sections/post.php', [...])
 6 SYSTEMPATH\CodeIgniter.php(934): App\Controllers\InnerPages\Institute->manualDeProcedimentosDeBeneficio()
 7 SYSTEMPATH\CodeIgniter.php(499): CodeIgniter\CodeIgniter->runController(Object(App\Controllers\InnerPages\Institute))
 8 SYSTEMPATH\CodeIgniter.php(368): CodeIgniter\CodeIgniter->handleRequest(null, Object(Config\Cache), false)
 9 FCPATH\index.php(67): CodeIgniter\CodeIgniter->run()
CRITICAL - 2023-11-23 10:31:30 --> Attempt to read property "imagem_principal" on array
in APPPATH\Views\contents\template-1\inner-pages\main\sections\post.php on line 21.
 1 APPPATH\Views\contents\template-1\inner-pages\main\sections\post.php(21): CodeIgniter\Debug\Exceptions->errorHandler(2, 'Attempt to read property "imagem_principal" on array', 'C:\\xampp\\htdocs\\RPPS\\app\\Views\\contents\\template-1\\inner-pages\\main\\sections\\post.php', 21)
 2 SYSTEMPATH\View\View.php(213): include('C:\\xampp\\htdocs\\RPPS\\app\\Views\\contents\\template-1\\inner-pages\\main\\sections\\post.php')
 3 SYSTEMPATH\View\View.php(216): CodeIgniter\View\View->CodeIgniter\View\{closure}()
 4 SYSTEMPATH\Common.php(1184): CodeIgniter\View\View->render('contents/template-1/inner-pages/main/sections/post.php', [], true)
 5 APPPATH\Controllers\InnerPages\Institute.php(167): view('contents/template-1/inner-pages/main/sections/post.php', [...])
 6 SYSTEMPATH\CodeIgniter.php(934): App\Controllers\InnerPages\Institute->processoSeletivo()
 7 SYSTEMPATH\CodeIgniter.php(499): CodeIgniter\CodeIgniter->runController(Object(App\Controllers\InnerPages\Institute))
 8 SYSTEMPATH\CodeIgniter.php(368): CodeIgniter\CodeIgniter->handleRequest(null, Object(Config\Cache), false)
 9 FCPATH\index.php(67): CodeIgniter\CodeIgniter->run()
CRITICAL - 2023-11-23 10:57:48 --> array_push(): Argument #1 ($array) must be of type array, null given
in APPPATH\Models\InnerPages\Post.php on line 42.
 1 APPPATH\Models\InnerPages\Post.php(42): array_push(null, 'historico')
 2 APPPATH\Models\InnerPages\Post.php(22): App\Models\InnerPages\Post->requireCategoryId([...])
 3 APPPATH\Controllers\InnerPages\Institute.php(36): App\Models\InnerPages\Post->requirePosts([...])
 4 SYSTEMPATH\CodeIgniter.php(934): App\Controllers\InnerPages\Institute->historico()
 5 SYSTEMPATH\CodeIgniter.php(499): CodeIgniter\CodeIgniter->runController(Object(App\Controllers\InnerPages\Institute))
 6 SYSTEMPATH\CodeIgniter.php(368): CodeIgniter\CodeIgniter->handleRequest(null, Object(Config\Cache), false)
 7 FCPATH\index.php(67): CodeIgniter\CodeIgniter->run()
ERROR - 2023-11-23 11:07:17 --> mysqli_sql_exception: You have an error in your SQL syntax; check the manual that corresponds to your MariaDB server version for the right syntax to use near '?' at line 3 in C:\xampp\htdocs\RPPS\system\Database\MySQLi\Connection.php:295
Stack trace:
#0 C:\xampp\htdocs\RPPS\system\Database\MySQLi\Connection.php(295): mysqli->query('\r\n        SELEC...', 0)
#1 C:\xampp\htdocs\RPPS\system\Database\BaseConnection.php(692): CodeIgniter\Database\MySQLi\Connection->execute('\r\n        SELEC...')
#2 C:\xampp\htdocs\RPPS\system\Database\BaseConnection.php(606): CodeIgniter\Database\BaseConnection->simpleQuery('\r\n        SELEC...')
#3 C:\xampp\htdocs\RPPS\system\Model.php(836): CodeIgniter\Database\BaseConnection->query('\r\n        SELEC...', Array)
#4 C:\xampp\htdocs\RPPS\app\Models\InnerPages\Post.php(34): CodeIgniter\Model->__call('query', Array)
#5 C:\xampp\htdocs\RPPS\app\Controllers\InnerPages\Institute.php(36): App\Models\InnerPages\Post->requirePosts(Array)
#6 C:\xampp\htdocs\RPPS\system\CodeIgniter.php(934): App\Controllers\InnerPages\Institute->historico()
#7 C:\xampp\htdocs\RPPS\system\CodeIgniter.php(499): CodeIgniter\CodeIgniter->runController(Object(App\Controllers\InnerPages\Institute))
#8 C:\xampp\htdocs\RPPS\system\CodeIgniter.php(368): CodeIgniter\CodeIgniter->handleRequest(NULL, Object(Config\Cache), false)
#9 C:\xampp\htdocs\RPPS\public\index.php(67): CodeIgniter\CodeIgniter->run()
#10 {main}
CRITICAL - 2023-11-23 11:07:17 --> You have an error in your SQL syntax; check the manual that corresponds to your MariaDB server version for the right syntax to use near '?' at line 3
in SYSTEMPATH\Database\MySQLi\Connection.php on line 295.
 1 SYSTEMPATH\Database\MySQLi\Connection.php(295): mysqli->query('
        SELECT *
        FROM posts 
        WHERE id_categoria = ?', 0)
 2 SYSTEMPATH\Database\BaseConnection.php(692): CodeIgniter\Database\MySQLi\Connection->execute('
        SELECT *
        FROM posts 
        WHERE id_categoria = ?')
 3 SYSTEMPATH\Database\BaseConnection.php(606): CodeIgniter\Database\BaseConnection->simpleQuery('
        SELECT *
        FROM posts 
        WHERE id_categoria = ?')
 4 SYSTEMPATH\Model.php(836): CodeIgniter\Database\BaseConnection->query('
        SELECT *
        FROM posts 
        WHERE id_categoria = ?', [...])
 5 APPPATH\Models\InnerPages\Post.php(34): CodeIgniter\Model->__call('query', [...])
 6 APPPATH\Controllers\InnerPages\Institute.php(36): App\Models\InnerPages\Post->requirePosts([...])
 7 SYSTEMPATH\CodeIgniter.php(934): App\Controllers\InnerPages\Institute->historico()
 8 SYSTEMPATH\CodeIgniter.php(499): CodeIgniter\CodeIgniter->runController(Object(App\Controllers\InnerPages\Institute))
 9 SYSTEMPATH\CodeIgniter.php(368): CodeIgniter\CodeIgniter->handleRequest(null, Object(Config\Cache), false)
10 FCPATH\index.php(67): CodeIgniter\CodeIgniter->run()
ERROR - 2023-11-23 11:08:04 --> mysqli_sql_exception: Unknown column 'categoria' in 'where clause' in C:\xampp\htdocs\RPPS\system\Database\MySQLi\Connection.php:295
Stack trace:
#0 C:\xampp\htdocs\RPPS\system\Database\MySQLi\Connection.php(295): mysqli->query('\r\n            S...', 0)
#1 C:\xampp\htdocs\RPPS\system\Database\BaseConnection.php(692): CodeIgniter\Database\MySQLi\Connection->execute('\r\n            S...')
#2 C:\xampp\htdocs\RPPS\system\Database\BaseConnection.php(606): CodeIgniter\Database\BaseConnection->simpleQuery('\r\n            S...')
#3 C:\xampp\htdocs\RPPS\system\Model.php(836): CodeIgniter\Database\BaseConnection->query('\r\n            S...', Array)
#4 C:\xampp\htdocs\RPPS\app\Models\InnerPages\Post.php(27): CodeIgniter\Model->__call('query', Array)
#5 C:\xampp\htdocs\RPPS\app\Controllers\InnerPages\Institute.php(36): App\Models\InnerPages\Post->requirePosts(Array)
#6 C:\xampp\htdocs\RPPS\system\CodeIgniter.php(934): App\Controllers\InnerPages\Institute->historico()
#7 C:\xampp\htdocs\RPPS\system\CodeIgniter.php(499): CodeIgniter\CodeIgniter->runController(Object(App\Controllers\InnerPages\Institute))
#8 C:\xampp\htdocs\RPPS\system\CodeIgniter.php(368): CodeIgniter\CodeIgniter->handleRequest(NULL, Object(Config\Cache), false)
#9 C:\xampp\htdocs\RPPS\public\index.php(67): CodeIgniter\CodeIgniter->run()
#10 {main}
CRITICAL - 2023-11-23 11:08:04 --> Unknown column 'categoria' in 'where clause'
in SYSTEMPATH\Database\MySQLi\Connection.php on line 295.
 1 SYSTEMPATH\Database\MySQLi\Connection.php(295): mysqli->query('
            SELECT *
            FROM posts 
            WHERE id_instituto = \'1\' AND categoria = 0', 0)
 2 SYSTEMPATH\Database\BaseConnection.php(692): CodeIgniter\Database\MySQLi\Connection->execute('
            SELECT *
            FROM posts 
            WHERE id_instituto = \'1\' AND categoria = 0')
 3 SYSTEMPATH\Database\BaseConnection.php(606): CodeIgniter\Database\BaseConnection->simpleQuery('
            SELECT *
            FROM posts 
            WHERE id_instituto = \'1\' AND categoria = 0')
 4 SYSTEMPATH\Model.php(836): CodeIgniter\Database\BaseConnection->query('
            SELECT *
            FROM posts 
            WHERE id_instituto = ? AND categoria = ?', [...])
 5 APPPATH\Models\InnerPages\Post.php(27): CodeIgniter\Model->__call('query', [...])
 6 APPPATH\Controllers\InnerPages\Institute.php(36): App\Models\InnerPages\Post->requirePosts([...])
 7 SYSTEMPATH\CodeIgniter.php(934): App\Controllers\InnerPages\Institute->historico()
 8 SYSTEMPATH\CodeIgniter.php(499): CodeIgniter\CodeIgniter->runController(Object(App\Controllers\InnerPages\Institute))
 9 SYSTEMPATH\CodeIgniter.php(368): CodeIgniter\CodeIgniter->handleRequest(null, Object(Config\Cache), false)
10 FCPATH\index.php(67): CodeIgniter\CodeIgniter->run()
CRITICAL - 2023-11-23 12:51:04 --> Cannot use object of type stdClass as array
in APPPATH\Views\contents\template-1\inner-pages\main\sections\team.php on line 16.
 1 SYSTEMPATH\View\View.php(213): include()
 2 SYSTEMPATH\View\View.php(216): CodeIgniter\View\View->CodeIgniter\View\{closure}()
 3 SYSTEMPATH\Common.php(1184): CodeIgniter\View\View->render('contents/template-1/inner-pages/main/sections/team.php', [], true)
 4 APPPATH\Controllers\InnerPages\Institute.php(117): view('contents/template-1/inner-pages/main/sections/team.php', [...])
 5 SYSTEMPATH\CodeIgniter.php(934): App\Controllers\InnerPages\Institute->equipe()
 6 SYSTEMPATH\CodeIgniter.php(499): CodeIgniter\CodeIgniter->runController(Object(App\Controllers\InnerPages\Institute))
 7 SYSTEMPATH\CodeIgniter.php(368): CodeIgniter\CodeIgniter->handleRequest(null, Object(Config\Cache), false)
 8 FCPATH\index.php(67): CodeIgniter\CodeIgniter->run()
CRITICAL - 2023-11-23 13:04:00 --> Undefined property: stdClass::$telefone
in APPPATH\Views\contents\template-1\inner-pages\main\sections\team.php on line 47.
 1 APPPATH\Views\contents\template-1\inner-pages\main\sections\team.php(47): CodeIgniter\Debug\Exceptions->errorHandler(2, 'Undefined property: stdClass::$telefone', 'C:\\xampp\\htdocs\\RPPS\\app\\Views\\contents\\template-1\\inner-pages\\main\\sections\\team.php', 47)
 2 SYSTEMPATH\View\View.php(213): include('C:\\xampp\\htdocs\\RPPS\\app\\Views\\contents\\template-1\\inner-pages\\main\\sections\\team.php')
 3 SYSTEMPATH\View\View.php(216): CodeIgniter\View\View->CodeIgniter\View\{closure}()
 4 SYSTEMPATH\Common.php(1184): CodeIgniter\View\View->render('contents/template-1/inner-pages/main/sections/team.php', [], true)
 5 APPPATH\Controllers\InnerPages\Institute.php(117): view('contents/template-1/inner-pages/main/sections/team.php', [...])
 6 SYSTEMPATH\CodeIgniter.php(934): App\Controllers\InnerPages\Institute->equipe()
 7 SYSTEMPATH\CodeIgniter.php(499): CodeIgniter\CodeIgniter->runController(Object(App\Controllers\InnerPages\Institute))
 8 SYSTEMPATH\CodeIgniter.php(368): CodeIgniter\CodeIgniter->handleRequest(null, Object(Config\Cache), false)
 9 FCPATH\index.php(67): CodeIgniter\CodeIgniter->run()
CRITICAL - 2023-11-23 13:04:22 --> Undefined property: stdClass::$telefone
in APPPATH\Views\contents\template-1\inner-pages\main\sections\team.php on line 47.
 1 APPPATH\Views\contents\template-1\inner-pages\main\sections\team.php(47): CodeIgniter\Debug\Exceptions->errorHandler(2, 'Undefined property: stdClass::$telefone', 'C:\\xampp\\htdocs\\RPPS\\app\\Views\\contents\\template-1\\inner-pages\\main\\sections\\team.php', 47)
 2 SYSTEMPATH\View\View.php(213): include('C:\\xampp\\htdocs\\RPPS\\app\\Views\\contents\\template-1\\inner-pages\\main\\sections\\team.php')
 3 SYSTEMPATH\View\View.php(216): CodeIgniter\View\View->CodeIgniter\View\{closure}()
 4 SYSTEMPATH\Common.php(1184): CodeIgniter\View\View->render('contents/template-1/inner-pages/main/sections/team.php', [], true)
 5 APPPATH\Controllers\InnerPages\Institute.php(117): view('contents/template-1/inner-pages/main/sections/team.php', [...])
 6 SYSTEMPATH\CodeIgniter.php(934): App\Controllers\InnerPages\Institute->equipe()
 7 SYSTEMPATH\CodeIgniter.php(499): CodeIgniter\CodeIgniter->runController(Object(App\Controllers\InnerPages\Institute))
 8 SYSTEMPATH\CodeIgniter.php(368): CodeIgniter\CodeIgniter->handleRequest(null, Object(Config\Cache), false)
 9 FCPATH\index.php(67): CodeIgniter\CodeIgniter->run()
