CRITICAL - 2023-09-28 16:13:27 --> Invalid file: "contents/template-1/inner-pages/main/sections/galery.php"
in SYSTEMPATH\Exceptions\FrameworkException.php on line 33.
 1 SYSTEMPATH\View\View.php(201): CodeIgniter\Exceptions\FrameworkException::forInvalidFile('contents/template-1/inner-pages/main/sections/galery.php')
 2 SYSTEMPATH\Common.php(1184): CodeIgniter\View\View->render('contents/template-1/inner-pages/main/sections/galery.php', [], true)
 3 APPPATH\Controllers\InnerPages\Publications.php(79): view('contents/template-1/inner-pages/main/sections/galery.php', [...])
 4 SYSTEMPATH\CodeIgniter.php(934): App\Controllers\InnerPages\Publications->galeriaFotos()
 5 SYSTEMPATH\CodeIgniter.php(499): CodeIgniter\CodeIgniter->runController(Object(App\Controllers\InnerPages\Publications))
 6 SYSTEMPATH\CodeIgniter.php(368): CodeIgniter\CodeIgniter->handleRequest(null, Object(Config\Cache), false)
 7 FCPATH\index.php(67): CodeIgniter\CodeIgniter->run()
CRITICAL - 2023-09-28 16:15:26 --> You must set the database table to be used with your query.
in SYSTEMPATH\Database\BaseConnection.php on line 883.
 1 SYSTEMPATH\Model.php(642): CodeIgniter\Database\BaseConnection->table(null)
 2 SYSTEMPATH\Model.php(832): CodeIgniter\Model->builder()
 3 APPPATH\Controllers\InnerPages\Publications.php(77): CodeIgniter\Model->__call('photos', [])
 4 SYSTEMPATH\CodeIgniter.php(934): App\Controllers\InnerPages\Publications->galeriaFotos()
 5 SYSTEMPATH\CodeIgniter.php(499): CodeIgniter\CodeIgniter->runController(Object(App\Controllers\InnerPages\Publications))
 6 SYSTEMPATH\CodeIgniter.php(368): CodeIgniter\CodeIgniter->handleRequest(null, Object(Config\Cache), false)
 7 FCPATH\index.php(67): CodeIgniter\CodeIgniter->run()
CRITICAL - 2023-09-28 16:18:28 --> Invalid file: "contents/template-1/inner-pages/main/sections/galery.php"
in SYSTEMPATH\Exceptions\FrameworkException.php on line 33.
 1 SYSTEMPATH\View\View.php(201): CodeIgniter\Exceptions\FrameworkException::forInvalidFile('contents/template-1/inner-pages/main/sections/galery.php')
 2 SYSTEMPATH\Common.php(1184): CodeIgniter\View\View->render('contents/template-1/inner-pages/main/sections/galery.php', [], true)
 3 APPPATH\Controllers\InnerPages\Publications.php(79): view('contents/template-1/inner-pages/main/sections/galery.php', [...])
 4 SYSTEMPATH\CodeIgniter.php(934): App\Controllers\InnerPages\Publications->galeriaFotos()
 5 SYSTEMPATH\CodeIgniter.php(499): CodeIgniter\CodeIgniter->runController(Object(App\Controllers\InnerPages\Publications))
 6 SYSTEMPATH\CodeIgniter.php(368): CodeIgniter\CodeIgniter->handleRequest(null, Object(Config\Cache), false)
 7 FCPATH\index.php(67): CodeIgniter\CodeIgniter->run()
CRITICAL - 2023-09-28 23:43:08 --> Undefined variable $teste
in APPPATH\Models\InnerPages\Publications\Birthdays.php on line 46.
 1 APPPATH\Models\InnerPages\Publications\Birthdays.php(46): CodeIgniter\Debug\Exceptions->errorHandler(2, 'Undefined variable $teste', 'C:\\xampp\\htdocs\\RPPS\\app\\Models\\InnerPages\\Publications\\Birthdays.php', 46)
 2 APPPATH\Controllers\InnerPages\Policyholders.php(50): App\Models\InnerPages\Publications\Birthdays->birthdays()
 3 SYSTEMPATH\CodeIgniter.php(934): App\Controllers\InnerPages\Policyholders->aniversario()
 4 SYSTEMPATH\CodeIgniter.php(499): CodeIgniter\CodeIgniter->runController(Object(App\Controllers\InnerPages\Policyholders))
 5 SYSTEMPATH\CodeIgniter.php(368): CodeIgniter\CodeIgniter->handleRequest(null, Object(Config\Cache), false)
 6 FCPATH\index.php(67): CodeIgniter\CodeIgniter->run()
CRITICAL - 2023-09-28 23:43:25 --> Undefined variable $i
in APPPATH\Views\contents\template-1\inner-pages\main\sections\birthdays.php on line 38.
 1 APPPATH\Views\contents\template-1\inner-pages\main\sections\birthdays.php(38): CodeIgniter\Debug\Exceptions->errorHandler(2, 'Undefined variable $i', 'C:\\xampp\\htdocs\\RPPS\\app\\Views\\contents\\template-1\\inner-pages\\main\\sections\\birthdays.php', 38)
 2 SYSTEMPATH\View\View.php(213): include('C:\\xampp\\htdocs\\RPPS\\app\\Views\\contents\\template-1\\inner-pages\\main\\sections\\birthdays.php')
 3 SYSTEMPATH\View\View.php(216): CodeIgniter\View\View->CodeIgniter\View\{closure}()
 4 SYSTEMPATH\Common.php(1184): CodeIgniter\View\View->render('contents/template-1/inner-pages/main/sections/birthdays.php', [], true)
 5 APPPATH\Controllers\InnerPages\Policyholders.php(53): view('contents/template-1/inner-pages/main/sections/birthdays.php', [...])
 6 SYSTEMPATH\CodeIgniter.php(934): App\Controllers\InnerPages\Policyholders->aniversario()
 7 SYSTEMPATH\CodeIgniter.php(499): CodeIgniter\CodeIgniter->runController(Object(App\Controllers\InnerPages\Policyholders))
 8 SYSTEMPATH\CodeIgniter.php(368): CodeIgniter\CodeIgniter->handleRequest(null, Object(Config\Cache), false)
 9 FCPATH\index.php(67): CodeIgniter\CodeIgniter->run()
CRITICAL - 2023-09-28 23:50:27 --> date(): Argument #2 ($timestamp) must be of type ?int, string given
in APPPATH\Views\contents\template-1\inner-pages\main\sections\birthdays.php on line 39.
 1 APPPATH\Views\contents\template-1\inner-pages\main\sections\birthdays.php(39): date('f', '2023-01-01')
 2 SYSTEMPATH\View\View.php(213): include('C:\\xampp\\htdocs\\RPPS\\app\\Views\\contents\\template-1\\inner-pages\\main\\sections\\birthdays.php')
 3 SYSTEMPATH\View\View.php(216): CodeIgniter\View\View->CodeIgniter\View\{closure}()
 4 SYSTEMPATH\Common.php(1184): CodeIgniter\View\View->render('contents/template-1/inner-pages/main/sections/birthdays.php', [], true)
 5 APPPATH\Controllers\InnerPages\Policyholders.php(53): view('contents/template-1/inner-pages/main/sections/birthdays.php', [...])
 6 SYSTEMPATH\CodeIgniter.php(934): App\Controllers\InnerPages\Policyholders->aniversario()
 7 SYSTEMPATH\CodeIgniter.php(499): CodeIgniter\CodeIgniter->runController(Object(App\Controllers\InnerPages\Policyholders))
 8 SYSTEMPATH\CodeIgniter.php(368): CodeIgniter\CodeIgniter->handleRequest(null, Object(Config\Cache), false)
 9 FCPATH\index.php(67): CodeIgniter\CodeIgniter->run()
CRITICAL - 2023-09-28 23:58:56 --> Call to undefined function formatMonth()
in APPPATH\Views\contents\template-1\inner-pages\main\sections\birthdays.php on line 39.
 1 SYSTEMPATH\View\View.php(213): include()
 2 SYSTEMPATH\View\View.php(216): CodeIgniter\View\View->CodeIgniter\View\{closure}()
 3 SYSTEMPATH\Common.php(1184): CodeIgniter\View\View->render('contents/template-1/inner-pages/main/sections/birthdays.php', [], true)
 4 APPPATH\Controllers\InnerPages\Policyholders.php(53): view('contents/template-1/inner-pages/main/sections/birthdays.php', [...])
 5 SYSTEMPATH\CodeIgniter.php(934): App\Controllers\InnerPages\Policyholders->aniversario()
 6 SYSTEMPATH\CodeIgniter.php(499): CodeIgniter\CodeIgniter->runController(Object(App\Controllers\InnerPages\Policyholders))
 7 SYSTEMPATH\CodeIgniter.php(368): CodeIgniter\CodeIgniter->handleRequest(null, Object(Config\Cache), false)
 8 FCPATH\index.php(67): CodeIgniter\CodeIgniter->run()
CRITICAL - 2023-09-28 20:59:52 --> Call to undefined function formatMonth()
in APPPATH\Views\contents\template-1\inner-pages\main\sections\birthdays.php on line 44.
 1 SYSTEMPATH\View\View.php(213): include()
 2 SYSTEMPATH\View\View.php(216): CodeIgniter\View\View->CodeIgniter\View\{closure}()
 3 SYSTEMPATH\Common.php(1184): CodeIgniter\View\View->render('contents/template-1/inner-pages/main/sections/birthdays.php', [], true)
 4 APPPATH\Controllers\InnerPages\Policyholders.php(53): view('contents/template-1/inner-pages/main/sections/birthdays.php', [...])
 5 SYSTEMPATH\CodeIgniter.php(934): App\Controllers\InnerPages\Policyholders->aniversario()
 6 SYSTEMPATH\CodeIgniter.php(499): CodeIgniter\CodeIgniter->runController(Object(App\Controllers\InnerPages\Policyholders))
 7 SYSTEMPATH\CodeIgniter.php(368): CodeIgniter\CodeIgniter->handleRequest(null, Object(Config\Cache), false)
 8 FCPATH\index.php(67): CodeIgniter\CodeIgniter->run()
CRITICAL - 2023-09-28 21:00:01 --> Call to undefined function formatMonth()
in APPPATH\Views\contents\template-1\inner-pages\main\sections\birthdays.php on line 44.
 1 SYSTEMPATH\View\View.php(213): include()
 2 SYSTEMPATH\View\View.php(216): CodeIgniter\View\View->CodeIgniter\View\{closure}()
 3 SYSTEMPATH\Common.php(1184): CodeIgniter\View\View->render('contents/template-1/inner-pages/main/sections/birthdays.php', [], true)
 4 APPPATH\Controllers\InnerPages\Policyholders.php(53): view('contents/template-1/inner-pages/main/sections/birthdays.php', [...])
 5 SYSTEMPATH\CodeIgniter.php(934): App\Controllers\InnerPages\Policyholders->aniversario()
 6 SYSTEMPATH\CodeIgniter.php(499): CodeIgniter\CodeIgniter->runController(Object(App\Controllers\InnerPages\Policyholders))
 7 SYSTEMPATH\CodeIgniter.php(368): CodeIgniter\CodeIgniter->handleRequest(null, Object(Config\Cache), false)
 8 FCPATH\index.php(67): CodeIgniter\CodeIgniter->run()
CRITICAL - 2023-09-28 21:01:43 --> Object of class DateTime could not be converted to string
in APPPATH\Views\contents\template-1\inner-pages\main\sections\birthdays.php on line 44.
 1 SYSTEMPATH\View\View.php(213): include()
 2 SYSTEMPATH\View\View.php(216): CodeIgniter\View\View->CodeIgniter\View\{closure}()
 3 SYSTEMPATH\Common.php(1184): CodeIgniter\View\View->render('contents/template-1/inner-pages/main/sections/birthdays.php', [], true)
 4 APPPATH\Controllers\InnerPages\Policyholders.php(53): view('contents/template-1/inner-pages/main/sections/birthdays.php', [...])
 5 SYSTEMPATH\CodeIgniter.php(934): App\Controllers\InnerPages\Policyholders->aniversario()
 6 SYSTEMPATH\CodeIgniter.php(499): CodeIgniter\CodeIgniter->runController(Object(App\Controllers\InnerPages\Policyholders))
 7 SYSTEMPATH\CodeIgniter.php(368): CodeIgniter\CodeIgniter->handleRequest(null, Object(Config\Cache), false)
 8 FCPATH\index.php(67): CodeIgniter\CodeIgniter->run()
CRITICAL - 2023-09-28 21:02:19 --> Object of class DateTime could not be converted to string
in APPPATH\Views\contents\template-1\inner-pages\main\sections\birthdays.php on line 44.
 1 SYSTEMPATH\View\View.php(213): include()
 2 SYSTEMPATH\View\View.php(216): CodeIgniter\View\View->CodeIgniter\View\{closure}()
 3 SYSTEMPATH\Common.php(1184): CodeIgniter\View\View->render('contents/template-1/inner-pages/main/sections/birthdays.php', [], true)
 4 APPPATH\Controllers\InnerPages\Policyholders.php(53): view('contents/template-1/inner-pages/main/sections/birthdays.php', [...])
 5 SYSTEMPATH\CodeIgniter.php(934): App\Controllers\InnerPages\Policyholders->aniversario()
 6 SYSTEMPATH\CodeIgniter.php(499): CodeIgniter\CodeIgniter->runController(Object(App\Controllers\InnerPages\Policyholders))
 7 SYSTEMPATH\CodeIgniter.php(368): CodeIgniter\CodeIgniter->handleRequest(null, Object(Config\Cache), false)
 8 FCPATH\index.php(67): CodeIgniter\CodeIgniter->run()
CRITICAL - 2023-09-28 21:03:23 --> Object of class DateTime could not be converted to string
in APPPATH\Views\contents\template-1\inner-pages\main\sections\birthdays.php on line 44.
 1 SYSTEMPATH\View\View.php(213): include()
 2 SYSTEMPATH\View\View.php(216): CodeIgniter\View\View->CodeIgniter\View\{closure}()
 3 SYSTEMPATH\Common.php(1184): CodeIgniter\View\View->render('contents/template-1/inner-pages/main/sections/birthdays.php', [], true)
 4 APPPATH\Controllers\InnerPages\Policyholders.php(53): view('contents/template-1/inner-pages/main/sections/birthdays.php', [...])
 5 SYSTEMPATH\CodeIgniter.php(934): App\Controllers\InnerPages\Policyholders->aniversario()
 6 SYSTEMPATH\CodeIgniter.php(499): CodeIgniter\CodeIgniter->runController(Object(App\Controllers\InnerPages\Policyholders))
 7 SYSTEMPATH\CodeIgniter.php(368): CodeIgniter\CodeIgniter->handleRequest(null, Object(Config\Cache), false)
 8 FCPATH\index.php(67): CodeIgniter\CodeIgniter->run()
CRITICAL - 2023-09-28 21:04:00 --> date(): Argument #2 ($timestamp) must be of type ?int, string given
in FCPATH\functions\functionsCalendar\functionCalendar.php on line 39.
 1 FCPATH\functions\functionsCalendar\functionCalendar.php(39): date('Y-m-d', '2023-01-01')
 2 APPPATH\Views\contents\template-1\inner-pages\main\sections\birthdays.php(44): formatMonth('2023-01-01')
 3 SYSTEMPATH\View\View.php(213): include('C:\\xampp\\htdocs\\RPPS\\app\\Views\\contents\\template-1\\inner-pages\\main\\sections\\birthdays.php')
 4 SYSTEMPATH\View\View.php(216): CodeIgniter\View\View->CodeIgniter\View\{closure}()
 5 SYSTEMPATH\Common.php(1184): CodeIgniter\View\View->render('contents/template-1/inner-pages/main/sections/birthdays.php', [], true)
 6 APPPATH\Controllers\InnerPages\Policyholders.php(53): view('contents/template-1/inner-pages/main/sections/birthdays.php', [...])
 7 SYSTEMPATH\CodeIgniter.php(934): App\Controllers\InnerPages\Policyholders->aniversario()
 8 SYSTEMPATH\CodeIgniter.php(499): CodeIgniter\CodeIgniter->runController(Object(App\Controllers\InnerPages\Policyholders))
 9 SYSTEMPATH\CodeIgniter.php(368): CodeIgniter\CodeIgniter->handleRequest(null, Object(Config\Cache), false)
10 FCPATH\index.php(67): CodeIgniter\CodeIgniter->run()
CRITICAL - 2023-09-28 21:08:19 --> ucfirst() expects exactly 1 argument, 2 given
in APPPATH\Views\contents\template-1\inner-pages\main\sections\birthdays.php on line 47.
 1 APPPATH\Views\contents\template-1\inner-pages\main\sections\birthdays.php(47): ucfirst('janeiro', 'UTF-8')
 2 SYSTEMPATH\View\View.php(213): include('C:\\xampp\\htdocs\\RPPS\\app\\Views\\contents\\template-1\\inner-pages\\main\\sections\\birthdays.php')
 3 SYSTEMPATH\View\View.php(216): CodeIgniter\View\View->CodeIgniter\View\{closure}()
 4 SYSTEMPATH\Common.php(1184): CodeIgniter\View\View->render('contents/template-1/inner-pages/main/sections/birthdays.php', [], true)
 5 APPPATH\Controllers\InnerPages\Policyholders.php(53): view('contents/template-1/inner-pages/main/sections/birthdays.php', [...])
 6 SYSTEMPATH\CodeIgniter.php(934): App\Controllers\InnerPages\Policyholders->aniversario()
 7 SYSTEMPATH\CodeIgniter.php(499): CodeIgniter\CodeIgniter->runController(Object(App\Controllers\InnerPages\Policyholders))
 8 SYSTEMPATH\CodeIgniter.php(368): CodeIgniter\CodeIgniter->handleRequest(null, Object(Config\Cache), false)
 9 FCPATH\index.php(67): CodeIgniter\CodeIgniter->run()
CRITICAL - 2023-09-28 21:18:00 --> date(): Argument #2 ($timestamp) must be of type ?int, string given
in FCPATH\functions\functionsCalendar\functionCalendar.php on line 39.
 1 FCPATH\functions\functionsCalendar\functionCalendar.php(39): date('Y-m-d', '2023-01-01')
 2 APPPATH\Views\contents\template-1\inner-pages\main\sections\birthdays.php(28): formatMonth('2023-01-01')
 3 SYSTEMPATH\View\View.php(213): include('C:\\xampp\\htdocs\\RPPS\\app\\Views\\contents\\template-1\\inner-pages\\main\\sections\\birthdays.php')
 4 SYSTEMPATH\View\View.php(216): CodeIgniter\View\View->CodeIgniter\View\{closure}()
 5 SYSTEMPATH\Common.php(1184): CodeIgniter\View\View->render('contents/template-1/inner-pages/main/sections/birthdays.php', [], true)
 6 APPPATH\Controllers\InnerPages\Policyholders.php(53): view('contents/template-1/inner-pages/main/sections/birthdays.php', [...])
 7 SYSTEMPATH\CodeIgniter.php(934): App\Controllers\InnerPages\Policyholders->aniversario()
 8 SYSTEMPATH\CodeIgniter.php(499): CodeIgniter\CodeIgniter->runController(Object(App\Controllers\InnerPages\Policyholders))
 9 SYSTEMPATH\CodeIgniter.php(368): CodeIgniter\CodeIgniter->handleRequest(null, Object(Config\Cache), false)
10 FCPATH\index.php(67): CodeIgniter\CodeIgniter->run()
CRITICAL - 2023-09-28 21:20:04 --> date(): Argument #2 ($timestamp) must be of type ?int, string given
in FCPATH\functions\functionsCalendar\functionCalendar.php on line 39.
 1 FCPATH\functions\functionsCalendar\functionCalendar.php(39): date('Y-m-d', '2023-02-01')
 2 APPPATH\Views\contents\template-1\inner-pages\main\sections\birthdays.php(28): formatMonth('2023-02-01')
 3 SYSTEMPATH\View\View.php(213): include('C:\\xampp\\htdocs\\RPPS\\app\\Views\\contents\\template-1\\inner-pages\\main\\sections\\birthdays.php')
 4 SYSTEMPATH\View\View.php(216): CodeIgniter\View\View->CodeIgniter\View\{closure}()
 5 SYSTEMPATH\Common.php(1184): CodeIgniter\View\View->render('contents/template-1/inner-pages/main/sections/birthdays.php', [], true)
 6 APPPATH\Controllers\InnerPages\Policyholders.php(53): view('contents/template-1/inner-pages/main/sections/birthdays.php', [...])
 7 SYSTEMPATH\CodeIgniter.php(934): App\Controllers\InnerPages\Policyholders->aniversario()
 8 SYSTEMPATH\CodeIgniter.php(499): CodeIgniter\CodeIgniter->runController(Object(App\Controllers\InnerPages\Policyholders))
 9 SYSTEMPATH\CodeIgniter.php(368): CodeIgniter\CodeIgniter->handleRequest(null, Object(Config\Cache), false)
10 FCPATH\index.php(67): CodeIgniter\CodeIgniter->run()
