CRITICAL - 2024-05-21 15:04:38 --> Undefined array key 0
in APPPATH\Models\Session\SessionModel.php on line 19.
 1 APPPATH\Models\Session\SessionModel.php(19): CodeIgniter\Debug\Exceptions->errorHandler(2, 'Undefined array key 0', 'C:\\xampp\\htdocs\\RPPS\\app\\Models\\Session\\SessionModel.php', 19)
 2 APPPATH\Controllers\Session.php(14): App\Models\Session\SessionModel->requireInstituteId('login-institute')
 3 APPPATH\Controllers\Session.php(225): App\Controllers\Session->requireInstituteId('login-institute')
 4 APPPATH\Controllers\Home.php(18): App\Controllers\Session->currentInstitute(Object(App\Controllers\Home))
 5 APPPATH\Controllers\Home.php(25): App\Controllers\Home->requireCurrentInstitute()
 6 SYSTEMPATH\CodeIgniter.php(934): App\Controllers\Home->index()
 7 SYSTEMPATH\CodeIgniter.php(499): CodeIgniter\CodeIgniter->runController(Object(App\Controllers\Home))
 8 SYSTEMPATH\CodeIgniter.php(368): CodeIgniter\CodeIgniter->handleRequest(null, Object(Config\Cache), false)
 9 FCPATH\index.php(67): CodeIgniter\CodeIgniter->run()
INFO - 2024-05-21 15:09:33 --> Session: Class initialized using 'CodeIgniter\Session\Handlers\FileHandler' driver.
CRITICAL - 2024-05-21 15:09:34 --> Undefined array key 0
in APPPATH\Models\Session\SessionModel.php on line 67.
 1 APPPATH\Models\Session\SessionModel.php(67): CodeIgniter\Debug\Exceptions->errorHandler(2, 'Undefined array key 0', 'C:\\xampp\\htdocs\\RPPS\\app\\Models\\Session\\SessionModel.php', 67)
 2 APPPATH\Controllers\Session.php(255): App\Models\Session\SessionModel->dataInstitute([...])
 3 APPPATH\Controllers\Home.php(72): App\Controllers\Session->dataInstitute(null, [...], [...])
 4 SYSTEMPATH\CodeIgniter.php(934): App\Controllers\Home->index()
 5 SYSTEMPATH\CodeIgniter.php(499): CodeIgniter\CodeIgniter->runController(Object(App\Controllers\Home))
 6 SYSTEMPATH\CodeIgniter.php(368): CodeIgniter\CodeIgniter->handleRequest(null, Object(Config\Cache), false)
 7 FCPATH\index.php(67): CodeIgniter\CodeIgniter->run()
CRITICAL - 2024-05-21 15:09:42 --> Undefined array key 0
in APPPATH\Models\Session\SessionModel.php on line 67.
 1 APPPATH\Models\Session\SessionModel.php(67): CodeIgniter\Debug\Exceptions->errorHandler(2, 'Undefined array key 0', 'C:\\xampp\\htdocs\\RPPS\\app\\Models\\Session\\SessionModel.php', 67)
 2 APPPATH\Controllers\Session.php(255): App\Models\Session\SessionModel->dataInstitute([...])
 3 APPPATH\Controllers\Ajax\AjaxInstitute.php(162): App\Controllers\Session->dataInstitute(null, [...], [...])
 4 SYSTEMPATH\CodeIgniter.php(934): App\Controllers\Ajax\AjaxInstitute->getColors()
 5 SYSTEMPATH\CodeIgniter.php(499): CodeIgniter\CodeIgniter->runController(Object(App\Controllers\Ajax\AjaxInstitute))
 6 SYSTEMPATH\CodeIgniter.php(368): CodeIgniter\CodeIgniter->handleRequest(null, Object(Config\Cache), false)
 7 FCPATH\index.php(67): CodeIgniter\CodeIgniter->run()
CRITICAL - 2024-05-21 15:09:42 --> Undefined array key 0
in APPPATH\Models\Session\SessionModel.php on line 67.
 1 APPPATH\Models\Session\SessionModel.php(67): CodeIgniter\Debug\Exceptions->errorHandler(2, 'Undefined array key 0', 'C:\\xampp\\htdocs\\RPPS\\app\\Models\\Session\\SessionModel.php', 67)
 2 APPPATH\Controllers\Session.php(255): App\Models\Session\SessionModel->dataInstitute([...])
 3 APPPATH\Controllers\Ajax\AjaxInstitute.php(162): App\Controllers\Session->dataInstitute(null, [...], [...])
 4 SYSTEMPATH\CodeIgniter.php(934): App\Controllers\Ajax\AjaxInstitute->getColors()
 5 SYSTEMPATH\CodeIgniter.php(499): CodeIgniter\CodeIgniter->runController(Object(App\Controllers\Ajax\AjaxInstitute))
 6 SYSTEMPATH\CodeIgniter.php(368): CodeIgniter\CodeIgniter->handleRequest(null, Object(Config\Cache), false)
 7 FCPATH\index.php(67): CodeIgniter\CodeIgniter->run()
CRITICAL - 2024-05-21 15:09:42 --> Undefined array key 0
in APPPATH\Models\Session\SessionModel.php on line 67.
 1 APPPATH\Models\Session\SessionModel.php(67): CodeIgniter\Debug\Exceptions->errorHandler(2, 'Undefined array key 0', 'C:\\xampp\\htdocs\\RPPS\\app\\Models\\Session\\SessionModel.php', 67)
 2 APPPATH\Controllers\Session.php(255): App\Models\Session\SessionModel->dataInstitute([...])
 3 APPPATH\Controllers\Ajax\AjaxInstitute.php(162): App\Controllers\Session->dataInstitute(null, [...], [...])
 4 SYSTEMPATH\CodeIgniter.php(934): App\Controllers\Ajax\AjaxInstitute->getColors()
 5 SYSTEMPATH\CodeIgniter.php(499): CodeIgniter\CodeIgniter->runController(Object(App\Controllers\Ajax\AjaxInstitute))
 6 SYSTEMPATH\CodeIgniter.php(368): CodeIgniter\CodeIgniter->handleRequest(null, Object(Config\Cache), false)
 7 FCPATH\index.php(67): CodeIgniter\CodeIgniter->run()
CRITICAL - 2024-05-21 15:09:42 --> Undefined array key 0
in APPPATH\Models\Session\SessionModel.php on line 67.
 1 APPPATH\Models\Session\SessionModel.php(67): CodeIgniter\Debug\Exceptions->errorHandler(2, 'Undefined array key 0', 'C:\\xampp\\htdocs\\RPPS\\app\\Models\\Session\\SessionModel.php', 67)
 2 APPPATH\Controllers\Session.php(255): App\Models\Session\SessionModel->dataInstitute([...])
 3 APPPATH\Controllers\Ajax\AjaxInstitute.php(162): App\Controllers\Session->dataInstitute(null, [...], [...])
 4 SYSTEMPATH\CodeIgniter.php(934): App\Controllers\Ajax\AjaxInstitute->getColors()
 5 SYSTEMPATH\CodeIgniter.php(499): CodeIgniter\CodeIgniter->runController(Object(App\Controllers\Ajax\AjaxInstitute))
 6 SYSTEMPATH\CodeIgniter.php(368): CodeIgniter\CodeIgniter->handleRequest(null, Object(Config\Cache), false)
 7 FCPATH\index.php(67): CodeIgniter\CodeIgniter->run()
CRITICAL - 2024-05-21 15:09:42 --> Undefined array key 0
in APPPATH\Models\Session\SessionModel.php on line 67.
 1 APPPATH\Models\Session\SessionModel.php(67): CodeIgniter\Debug\Exceptions->errorHandler(2, 'Undefined array key 0', 'C:\\xampp\\htdocs\\RPPS\\app\\Models\\Session\\SessionModel.php', 67)
 2 APPPATH\Controllers\Session.php(255): App\Models\Session\SessionModel->dataInstitute([...])
 3 APPPATH\Controllers\Ajax\AjaxInstitute.php(162): App\Controllers\Session->dataInstitute(null, [...], [...])
 4 SYSTEMPATH\CodeIgniter.php(934): App\Controllers\Ajax\AjaxInstitute->getColors()
 5 SYSTEMPATH\CodeIgniter.php(499): CodeIgniter\CodeIgniter->runController(Object(App\Controllers\Ajax\AjaxInstitute))
 6 SYSTEMPATH\CodeIgniter.php(368): CodeIgniter\CodeIgniter->handleRequest(null, Object(Config\Cache), false)
 7 FCPATH\index.php(67): CodeIgniter\CodeIgniter->run()
CRITICAL - 2024-05-21 15:09:42 --> Undefined array key 0
in APPPATH\Models\Session\SessionModel.php on line 67.
 1 APPPATH\Models\Session\SessionModel.php(67): CodeIgniter\Debug\Exceptions->errorHandler(2, 'Undefined array key 0', 'C:\\xampp\\htdocs\\RPPS\\app\\Models\\Session\\SessionModel.php', 67)
 2 APPPATH\Controllers\Session.php(255): App\Models\Session\SessionModel->dataInstitute([...])
 3 APPPATH\Controllers\Ajax\AjaxInstitute.php(162): App\Controllers\Session->dataInstitute(null, [...], [...])
 4 SYSTEMPATH\CodeIgniter.php(934): App\Controllers\Ajax\AjaxInstitute->getColors()
 5 SYSTEMPATH\CodeIgniter.php(499): CodeIgniter\CodeIgniter->runController(Object(App\Controllers\Ajax\AjaxInstitute))
 6 SYSTEMPATH\CodeIgniter.php(368): CodeIgniter\CodeIgniter->handleRequest(null, Object(Config\Cache), false)
 7 FCPATH\index.php(67): CodeIgniter\CodeIgniter->run()
CRITICAL - 2024-05-21 15:09:42 --> Undefined array key 0
in APPPATH\Models\Session\SessionModel.php on line 67.
 1 APPPATH\Models\Session\SessionModel.php(67): CodeIgniter\Debug\Exceptions->errorHandler(2, 'Undefined array key 0', 'C:\\xampp\\htdocs\\RPPS\\app\\Models\\Session\\SessionModel.php', 67)
 2 APPPATH\Controllers\Session.php(255): App\Models\Session\SessionModel->dataInstitute([...])
 3 APPPATH\Controllers\Ajax\AjaxInstitute.php(162): App\Controllers\Session->dataInstitute(null, [...], [...])
 4 SYSTEMPATH\CodeIgniter.php(934): App\Controllers\Ajax\AjaxInstitute->getColors()
 5 SYSTEMPATH\CodeIgniter.php(499): CodeIgniter\CodeIgniter->runController(Object(App\Controllers\Ajax\AjaxInstitute))
 6 SYSTEMPATH\CodeIgniter.php(368): CodeIgniter\CodeIgniter->handleRequest(null, Object(Config\Cache), false)
 7 FCPATH\index.php(67): CodeIgniter\CodeIgniter->run()
CRITICAL - 2024-05-21 15:09:42 --> Undefined array key 0
in APPPATH\Models\Session\SessionModel.php on line 67.
 1 APPPATH\Models\Session\SessionModel.php(67): CodeIgniter\Debug\Exceptions->errorHandler(2, 'Undefined array key 0', 'C:\\xampp\\htdocs\\RPPS\\app\\Models\\Session\\SessionModel.php', 67)
 2 APPPATH\Controllers\Session.php(255): App\Models\Session\SessionModel->dataInstitute([...])
 3 APPPATH\Controllers\Ajax\AjaxInstitute.php(162): App\Controllers\Session->dataInstitute(null, [...], [...])
 4 SYSTEMPATH\CodeIgniter.php(934): App\Controllers\Ajax\AjaxInstitute->getColors()
 5 SYSTEMPATH\CodeIgniter.php(499): CodeIgniter\CodeIgniter->runController(Object(App\Controllers\Ajax\AjaxInstitute))
 6 SYSTEMPATH\CodeIgniter.php(368): CodeIgniter\CodeIgniter->handleRequest(null, Object(Config\Cache), false)
 7 FCPATH\index.php(67): CodeIgniter\CodeIgniter->run()
CRITICAL - 2024-05-21 15:09:42 --> Undefined array key 0
in APPPATH\Models\Session\SessionModel.php on line 67.
 1 APPPATH\Models\Session\SessionModel.php(67): CodeIgniter\Debug\Exceptions->errorHandler(2, 'Undefined array key 0', 'C:\\xampp\\htdocs\\RPPS\\app\\Models\\Session\\SessionModel.php', 67)
 2 APPPATH\Controllers\Session.php(255): App\Models\Session\SessionModel->dataInstitute([...])
 3 APPPATH\Controllers\Ajax\AjaxInstitute.php(162): App\Controllers\Session->dataInstitute(null, [...], [...])
 4 SYSTEMPATH\CodeIgniter.php(934): App\Controllers\Ajax\AjaxInstitute->getColors()
 5 SYSTEMPATH\CodeIgniter.php(499): CodeIgniter\CodeIgniter->runController(Object(App\Controllers\Ajax\AjaxInstitute))
 6 SYSTEMPATH\CodeIgniter.php(368): CodeIgniter\CodeIgniter->handleRequest(null, Object(Config\Cache), false)
 7 FCPATH\index.php(67): CodeIgniter\CodeIgniter->run()
CRITICAL - 2024-05-21 15:09:42 --> Undefined array key 0
in APPPATH\Models\Session\SessionModel.php on line 67.
 1 APPPATH\Models\Session\SessionModel.php(67): CodeIgniter\Debug\Exceptions->errorHandler(2, 'Undefined array key 0', 'C:\\xampp\\htdocs\\RPPS\\app\\Models\\Session\\SessionModel.php', 67)
 2 APPPATH\Controllers\Session.php(255): App\Models\Session\SessionModel->dataInstitute([...])
 3 APPPATH\Controllers\Ajax\AjaxInstitute.php(162): App\Controllers\Session->dataInstitute(null, [...], [...])
 4 SYSTEMPATH\CodeIgniter.php(934): App\Controllers\Ajax\AjaxInstitute->getColors()
 5 SYSTEMPATH\CodeIgniter.php(499): CodeIgniter\CodeIgniter->runController(Object(App\Controllers\Ajax\AjaxInstitute))
 6 SYSTEMPATH\CodeIgniter.php(368): CodeIgniter\CodeIgniter->handleRequest(null, Object(Config\Cache), false)
 7 FCPATH\index.php(67): CodeIgniter\CodeIgniter->run()
CRITICAL - 2024-05-21 15:09:42 --> Undefined array key 0
in APPPATH\Models\Session\SessionModel.php on line 67.
 1 APPPATH\Models\Session\SessionModel.php(67): CodeIgniter\Debug\Exceptions->errorHandler(2, 'Undefined array key 0', 'C:\\xampp\\htdocs\\RPPS\\app\\Models\\Session\\SessionModel.php', 67)
 2 APPPATH\Controllers\Session.php(255): App\Models\Session\SessionModel->dataInstitute([...])
 3 APPPATH\Controllers\Ajax\AjaxInstitute.php(162): App\Controllers\Session->dataInstitute(null, [...], [...])
 4 SYSTEMPATH\CodeIgniter.php(934): App\Controllers\Ajax\AjaxInstitute->getColors()
 5 SYSTEMPATH\CodeIgniter.php(499): CodeIgniter\CodeIgniter->runController(Object(App\Controllers\Ajax\AjaxInstitute))
 6 SYSTEMPATH\CodeIgniter.php(368): CodeIgniter\CodeIgniter->handleRequest(null, Object(Config\Cache), false)
 7 FCPATH\index.php(67): CodeIgniter\CodeIgniter->run()
CRITICAL - 2024-05-21 15:09:42 --> Undefined array key 0
in APPPATH\Models\Session\SessionModel.php on line 67.
 1 APPPATH\Models\Session\SessionModel.php(67): CodeIgniter\Debug\Exceptions->errorHandler(2, 'Undefined array key 0', 'C:\\xampp\\htdocs\\RPPS\\app\\Models\\Session\\SessionModel.php', 67)
 2 APPPATH\Controllers\Session.php(255): App\Models\Session\SessionModel->dataInstitute([...])
 3 APPPATH\Controllers\Ajax\AjaxInstitute.php(162): App\Controllers\Session->dataInstitute(null, [...], [...])
 4 SYSTEMPATH\CodeIgniter.php(934): App\Controllers\Ajax\AjaxInstitute->getColors()
 5 SYSTEMPATH\CodeIgniter.php(499): CodeIgniter\CodeIgniter->runController(Object(App\Controllers\Ajax\AjaxInstitute))
 6 SYSTEMPATH\CodeIgniter.php(368): CodeIgniter\CodeIgniter->handleRequest(null, Object(Config\Cache), false)
 7 FCPATH\index.php(67): CodeIgniter\CodeIgniter->run()
CRITICAL - 2024-05-21 15:09:42 --> Undefined array key 0
in APPPATH\Models\Session\SessionModel.php on line 67.
 1 APPPATH\Models\Session\SessionModel.php(67): CodeIgniter\Debug\Exceptions->errorHandler(2, 'Undefined array key 0', 'C:\\xampp\\htdocs\\RPPS\\app\\Models\\Session\\SessionModel.php', 67)
 2 APPPATH\Controllers\Session.php(255): App\Models\Session\SessionModel->dataInstitute([...])
 3 APPPATH\Controllers\Ajax\AjaxInstitute.php(162): App\Controllers\Session->dataInstitute(null, [...], [...])
 4 SYSTEMPATH\CodeIgniter.php(934): App\Controllers\Ajax\AjaxInstitute->getColors()
 5 SYSTEMPATH\CodeIgniter.php(499): CodeIgniter\CodeIgniter->runController(Object(App\Controllers\Ajax\AjaxInstitute))
 6 SYSTEMPATH\CodeIgniter.php(368): CodeIgniter\CodeIgniter->handleRequest(null, Object(Config\Cache), false)
 7 FCPATH\index.php(67): CodeIgniter\CodeIgniter->run()
CRITICAL - 2024-05-21 15:09:42 --> Undefined array key 0
in APPPATH\Models\Session\SessionModel.php on line 67.
 1 APPPATH\Models\Session\SessionModel.php(67): CodeIgniter\Debug\Exceptions->errorHandler(2, 'Undefined array key 0', 'C:\\xampp\\htdocs\\RPPS\\app\\Models\\Session\\SessionModel.php', 67)
 2 APPPATH\Controllers\Session.php(255): App\Models\Session\SessionModel->dataInstitute([...])
 3 APPPATH\Controllers\Ajax\AjaxInstitute.php(162): App\Controllers\Session->dataInstitute(null, [...], [...])
 4 SYSTEMPATH\CodeIgniter.php(934): App\Controllers\Ajax\AjaxInstitute->getColors()
 5 SYSTEMPATH\CodeIgniter.php(499): CodeIgniter\CodeIgniter->runController(Object(App\Controllers\Ajax\AjaxInstitute))
 6 SYSTEMPATH\CodeIgniter.php(368): CodeIgniter\CodeIgniter->handleRequest(null, Object(Config\Cache), false)
 7 FCPATH\index.php(67): CodeIgniter\CodeIgniter->run()
CRITICAL - 2024-05-21 15:09:42 --> Undefined array key 0
in APPPATH\Models\Session\SessionModel.php on line 67.
 1 APPPATH\Models\Session\SessionModel.php(67): CodeIgniter\Debug\Exceptions->errorHandler(2, 'Undefined array key 0', 'C:\\xampp\\htdocs\\RPPS\\app\\Models\\Session\\SessionModel.php', 67)
 2 APPPATH\Controllers\Session.php(255): App\Models\Session\SessionModel->dataInstitute([...])
 3 APPPATH\Controllers\Ajax\AjaxInstitute.php(162): App\Controllers\Session->dataInstitute(null, [...], [...])
 4 SYSTEMPATH\CodeIgniter.php(934): App\Controllers\Ajax\AjaxInstitute->getColors()
 5 SYSTEMPATH\CodeIgniter.php(499): CodeIgniter\CodeIgniter->runController(Object(App\Controllers\Ajax\AjaxInstitute))
 6 SYSTEMPATH\CodeIgniter.php(368): CodeIgniter\CodeIgniter->handleRequest(null, Object(Config\Cache), false)
 7 FCPATH\index.php(67): CodeIgniter\CodeIgniter->run()
CRITICAL - 2024-05-21 15:09:42 --> Undefined array key 0
in APPPATH\Models\Session\SessionModel.php on line 67.
 1 APPPATH\Models\Session\SessionModel.php(67): CodeIgniter\Debug\Exceptions->errorHandler(2, 'Undefined array key 0', 'C:\\xampp\\htdocs\\RPPS\\app\\Models\\Session\\SessionModel.php', 67)
 2 APPPATH\Controllers\Session.php(255): App\Models\Session\SessionModel->dataInstitute([...])
 3 APPPATH\Controllers\Ajax\AjaxInstitute.php(162): App\Controllers\Session->dataInstitute(null, [...], [...])
 4 SYSTEMPATH\CodeIgniter.php(934): App\Controllers\Ajax\AjaxInstitute->getColors()
 5 SYSTEMPATH\CodeIgniter.php(499): CodeIgniter\CodeIgniter->runController(Object(App\Controllers\Ajax\AjaxInstitute))
 6 SYSTEMPATH\CodeIgniter.php(368): CodeIgniter\CodeIgniter->handleRequest(null, Object(Config\Cache), false)
 7 FCPATH\index.php(67): CodeIgniter\CodeIgniter->run()
CRITICAL - 2024-05-21 15:09:42 --> Undefined array key 0
in APPPATH\Models\Session\SessionModel.php on line 67.
 1 APPPATH\Models\Session\SessionModel.php(67): CodeIgniter\Debug\Exceptions->errorHandler(2, 'Undefined array key 0', 'C:\\xampp\\htdocs\\RPPS\\app\\Models\\Session\\SessionModel.php', 67)
 2 APPPATH\Controllers\Session.php(255): App\Models\Session\SessionModel->dataInstitute([...])
 3 APPPATH\Controllers\Ajax\AjaxInstitute.php(162): App\Controllers\Session->dataInstitute(null, [...], [...])
 4 SYSTEMPATH\CodeIgniter.php(934): App\Controllers\Ajax\AjaxInstitute->getColors()
 5 SYSTEMPATH\CodeIgniter.php(499): CodeIgniter\CodeIgniter->runController(Object(App\Controllers\Ajax\AjaxInstitute))
 6 SYSTEMPATH\CodeIgniter.php(368): CodeIgniter\CodeIgniter->handleRequest(null, Object(Config\Cache), false)
 7 FCPATH\index.php(67): CodeIgniter\CodeIgniter->run()
CRITICAL - 2024-05-21 15:09:42 --> Undefined array key 0
in APPPATH\Models\Session\SessionModel.php on line 67.
 1 APPPATH\Models\Session\SessionModel.php(67): CodeIgniter\Debug\Exceptions->errorHandler(2, 'Undefined array key 0', 'C:\\xampp\\htdocs\\RPPS\\app\\Models\\Session\\SessionModel.php', 67)
 2 APPPATH\Controllers\Session.php(255): App\Models\Session\SessionModel->dataInstitute([...])
 3 APPPATH\Controllers\Ajax\AjaxInstitute.php(162): App\Controllers\Session->dataInstitute(null, [...], [...])
 4 SYSTEMPATH\CodeIgniter.php(934): App\Controllers\Ajax\AjaxInstitute->getColors()
 5 SYSTEMPATH\CodeIgniter.php(499): CodeIgniter\CodeIgniter->runController(Object(App\Controllers\Ajax\AjaxInstitute))
 6 SYSTEMPATH\CodeIgniter.php(368): CodeIgniter\CodeIgniter->handleRequest(null, Object(Config\Cache), false)
 7 FCPATH\index.php(67): CodeIgniter\CodeIgniter->run()
CRITICAL - 2024-05-21 15:09:42 --> Undefined array key 0
in APPPATH\Models\Session\SessionModel.php on line 67.
 1 APPPATH\Models\Session\SessionModel.php(67): CodeIgniter\Debug\Exceptions->errorHandler(2, 'Undefined array key 0', 'C:\\xampp\\htdocs\\RPPS\\app\\Models\\Session\\SessionModel.php', 67)
 2 APPPATH\Controllers\Session.php(255): App\Models\Session\SessionModel->dataInstitute([...])
 3 APPPATH\Controllers\Ajax\AjaxInstitute.php(162): App\Controllers\Session->dataInstitute(null, [...], [...])
 4 SYSTEMPATH\CodeIgniter.php(934): App\Controllers\Ajax\AjaxInstitute->getColors()
 5 SYSTEMPATH\CodeIgniter.php(499): CodeIgniter\CodeIgniter->runController(Object(App\Controllers\Ajax\AjaxInstitute))
 6 SYSTEMPATH\CodeIgniter.php(368): CodeIgniter\CodeIgniter->handleRequest(null, Object(Config\Cache), false)
 7 FCPATH\index.php(67): CodeIgniter\CodeIgniter->run()
CRITICAL - 2024-05-21 15:09:42 --> Undefined array key 0
in APPPATH\Models\Session\SessionModel.php on line 67.
 1 APPPATH\Models\Session\SessionModel.php(67): CodeIgniter\Debug\Exceptions->errorHandler(2, 'Undefined array key 0', 'C:\\xampp\\htdocs\\RPPS\\app\\Models\\Session\\SessionModel.php', 67)
 2 APPPATH\Controllers\Session.php(255): App\Models\Session\SessionModel->dataInstitute([...])
 3 APPPATH\Controllers\Ajax\AjaxInstitute.php(162): App\Controllers\Session->dataInstitute(null, [...], [...])
 4 SYSTEMPATH\CodeIgniter.php(934): App\Controllers\Ajax\AjaxInstitute->getColors()
 5 SYSTEMPATH\CodeIgniter.php(499): CodeIgniter\CodeIgniter->runController(Object(App\Controllers\Ajax\AjaxInstitute))
 6 SYSTEMPATH\CodeIgniter.php(368): CodeIgniter\CodeIgniter->handleRequest(null, Object(Config\Cache), false)
 7 FCPATH\index.php(67): CodeIgniter\CodeIgniter->run()
CRITICAL - 2024-05-21 15:09:42 --> Undefined array key 0
in APPPATH\Models\Session\SessionModel.php on line 67.
 1 APPPATH\Models\Session\SessionModel.php(67): CodeIgniter\Debug\Exceptions->errorHandler(2, 'Undefined array key 0', 'C:\\xampp\\htdocs\\RPPS\\app\\Models\\Session\\SessionModel.php', 67)
 2 APPPATH\Controllers\Session.php(255): App\Models\Session\SessionModel->dataInstitute([...])
 3 APPPATH\Controllers\Ajax\AjaxInstitute.php(162): App\Controllers\Session->dataInstitute(null, [...], [...])
 4 SYSTEMPATH\CodeIgniter.php(934): App\Controllers\Ajax\AjaxInstitute->getColors()
 5 SYSTEMPATH\CodeIgniter.php(499): CodeIgniter\CodeIgniter->runController(Object(App\Controllers\Ajax\AjaxInstitute))
 6 SYSTEMPATH\CodeIgniter.php(368): CodeIgniter\CodeIgniter->handleRequest(null, Object(Config\Cache), false)
 7 FCPATH\index.php(67): CodeIgniter\CodeIgniter->run()
CRITICAL - 2024-05-21 15:09:42 --> Undefined array key 0
in APPPATH\Models\Session\SessionModel.php on line 67.
 1 APPPATH\Models\Session\SessionModel.php(67): CodeIgniter\Debug\Exceptions->errorHandler(2, 'Undefined array key 0', 'C:\\xampp\\htdocs\\RPPS\\app\\Models\\Session\\SessionModel.php', 67)
 2 APPPATH\Controllers\Session.php(255): App\Models\Session\SessionModel->dataInstitute([...])
 3 APPPATH\Controllers\Ajax\AjaxInstitute.php(162): App\Controllers\Session->dataInstitute(null, [...], [...])
 4 SYSTEMPATH\CodeIgniter.php(934): App\Controllers\Ajax\AjaxInstitute->getColors()
 5 SYSTEMPATH\CodeIgniter.php(499): CodeIgniter\CodeIgniter->runController(Object(App\Controllers\Ajax\AjaxInstitute))
 6 SYSTEMPATH\CodeIgniter.php(368): CodeIgniter\CodeIgniter->handleRequest(null, Object(Config\Cache), false)
 7 FCPATH\index.php(67): CodeIgniter\CodeIgniter->run()
CRITICAL - 2024-05-21 15:09:43 --> Undefined array key 0
in APPPATH\Models\Session\SessionModel.php on line 67.
 1 APPPATH\Models\Session\SessionModel.php(67): CodeIgniter\Debug\Exceptions->errorHandler(2, 'Undefined array key 0', 'C:\\xampp\\htdocs\\RPPS\\app\\Models\\Session\\SessionModel.php', 67)
 2 APPPATH\Controllers\Session.php(255): App\Models\Session\SessionModel->dataInstitute([...])
 3 APPPATH\Controllers\Ajax\AjaxInstitute.php(162): App\Controllers\Session->dataInstitute(null, [...], [...])
 4 SYSTEMPATH\CodeIgniter.php(934): App\Controllers\Ajax\AjaxInstitute->getColors()
 5 SYSTEMPATH\CodeIgniter.php(499): CodeIgniter\CodeIgniter->runController(Object(App\Controllers\Ajax\AjaxInstitute))
 6 SYSTEMPATH\CodeIgniter.php(368): CodeIgniter\CodeIgniter->handleRequest(null, Object(Config\Cache), false)
 7 FCPATH\index.php(67): CodeIgniter\CodeIgniter->run()
CRITICAL - 2024-05-21 15:09:43 --> Undefined array key 0
in APPPATH\Models\Session\SessionModel.php on line 67.
 1 APPPATH\Models\Session\SessionModel.php(67): CodeIgniter\Debug\Exceptions->errorHandler(2, 'Undefined array key 0', 'C:\\xampp\\htdocs\\RPPS\\app\\Models\\Session\\SessionModel.php', 67)
 2 APPPATH\Controllers\Session.php(255): App\Models\Session\SessionModel->dataInstitute([...])
 3 APPPATH\Controllers\Ajax\AjaxInstitute.php(162): App\Controllers\Session->dataInstitute(null, [...], [...])
 4 SYSTEMPATH\CodeIgniter.php(934): App\Controllers\Ajax\AjaxInstitute->getColors()
 5 SYSTEMPATH\CodeIgniter.php(499): CodeIgniter\CodeIgniter->runController(Object(App\Controllers\Ajax\AjaxInstitute))
 6 SYSTEMPATH\CodeIgniter.php(368): CodeIgniter\CodeIgniter->handleRequest(null, Object(Config\Cache), false)
 7 FCPATH\index.php(67): CodeIgniter\CodeIgniter->run()
CRITICAL - 2024-05-21 15:09:43 --> Undefined array key 0
in APPPATH\Models\Session\SessionModel.php on line 67.
 1 APPPATH\Models\Session\SessionModel.php(67): CodeIgniter\Debug\Exceptions->errorHandler(2, 'Undefined array key 0', 'C:\\xampp\\htdocs\\RPPS\\app\\Models\\Session\\SessionModel.php', 67)
 2 APPPATH\Controllers\Session.php(255): App\Models\Session\SessionModel->dataInstitute([...])
 3 APPPATH\Controllers\Ajax\AjaxInstitute.php(162): App\Controllers\Session->dataInstitute(null, [...], [...])
 4 SYSTEMPATH\CodeIgniter.php(934): App\Controllers\Ajax\AjaxInstitute->getColors()
 5 SYSTEMPATH\CodeIgniter.php(499): CodeIgniter\CodeIgniter->runController(Object(App\Controllers\Ajax\AjaxInstitute))
 6 SYSTEMPATH\CodeIgniter.php(368): CodeIgniter\CodeIgniter->handleRequest(null, Object(Config\Cache), false)
 7 FCPATH\index.php(67): CodeIgniter\CodeIgniter->run()
CRITICAL - 2024-05-21 15:09:43 --> Undefined array key 0
in APPPATH\Models\Session\SessionModel.php on line 67.
 1 APPPATH\Models\Session\SessionModel.php(67): CodeIgniter\Debug\Exceptions->errorHandler(2, 'Undefined array key 0', 'C:\\xampp\\htdocs\\RPPS\\app\\Models\\Session\\SessionModel.php', 67)
 2 APPPATH\Controllers\Session.php(255): App\Models\Session\SessionModel->dataInstitute([...])
 3 APPPATH\Controllers\Ajax\AjaxInstitute.php(162): App\Controllers\Session->dataInstitute(null, [...], [...])
 4 SYSTEMPATH\CodeIgniter.php(934): App\Controllers\Ajax\AjaxInstitute->getColors()
 5 SYSTEMPATH\CodeIgniter.php(499): CodeIgniter\CodeIgniter->runController(Object(App\Controllers\Ajax\AjaxInstitute))
 6 SYSTEMPATH\CodeIgniter.php(368): CodeIgniter\CodeIgniter->handleRequest(null, Object(Config\Cache), false)
 7 FCPATH\index.php(67): CodeIgniter\CodeIgniter->run()
CRITICAL - 2024-05-21 15:09:43 --> Undefined array key 0
in APPPATH\Models\Session\SessionModel.php on line 67.
 1 APPPATH\Models\Session\SessionModel.php(67): CodeIgniter\Debug\Exceptions->errorHandler(2, 'Undefined array key 0', 'C:\\xampp\\htdocs\\RPPS\\app\\Models\\Session\\SessionModel.php', 67)
 2 APPPATH\Controllers\Session.php(255): App\Models\Session\SessionModel->dataInstitute([...])
 3 APPPATH\Controllers\Ajax\AjaxInstitute.php(162): App\Controllers\Session->dataInstitute(null, [...], [...])
 4 SYSTEMPATH\CodeIgniter.php(934): App\Controllers\Ajax\AjaxInstitute->getColors()
 5 SYSTEMPATH\CodeIgniter.php(499): CodeIgniter\CodeIgniter->runController(Object(App\Controllers\Ajax\AjaxInstitute))
 6 SYSTEMPATH\CodeIgniter.php(368): CodeIgniter\CodeIgniter->handleRequest(null, Object(Config\Cache), false)
 7 FCPATH\index.php(67): CodeIgniter\CodeIgniter->run()
CRITICAL - 2024-05-21 15:09:43 --> Undefined array key 0
in APPPATH\Models\Session\SessionModel.php on line 67.
 1 APPPATH\Models\Session\SessionModel.php(67): CodeIgniter\Debug\Exceptions->errorHandler(2, 'Undefined array key 0', 'C:\\xampp\\htdocs\\RPPS\\app\\Models\\Session\\SessionModel.php', 67)
 2 APPPATH\Controllers\Session.php(255): App\Models\Session\SessionModel->dataInstitute([...])
 3 APPPATH\Controllers\Ajax\AjaxInstitute.php(162): App\Controllers\Session->dataInstitute(null, [...], [...])
 4 SYSTEMPATH\CodeIgniter.php(934): App\Controllers\Ajax\AjaxInstitute->getColors()
 5 SYSTEMPATH\CodeIgniter.php(499): CodeIgniter\CodeIgniter->runController(Object(App\Controllers\Ajax\AjaxInstitute))
 6 SYSTEMPATH\CodeIgniter.php(368): CodeIgniter\CodeIgniter->handleRequest(null, Object(Config\Cache), false)
 7 FCPATH\index.php(67): CodeIgniter\CodeIgniter->run()
CRITICAL - 2024-05-21 15:09:43 --> Undefined array key 0
in APPPATH\Models\Session\SessionModel.php on line 67.
 1 APPPATH\Models\Session\SessionModel.php(67): CodeIgniter\Debug\Exceptions->errorHandler(2, 'Undefined array key 0', 'C:\\xampp\\htdocs\\RPPS\\app\\Models\\Session\\SessionModel.php', 67)
 2 APPPATH\Controllers\Session.php(255): App\Models\Session\SessionModel->dataInstitute([...])
 3 APPPATH\Controllers\Ajax\AjaxInstitute.php(162): App\Controllers\Session->dataInstitute(null, [...], [...])
 4 SYSTEMPATH\CodeIgniter.php(934): App\Controllers\Ajax\AjaxInstitute->getColors()
 5 SYSTEMPATH\CodeIgniter.php(499): CodeIgniter\CodeIgniter->runController(Object(App\Controllers\Ajax\AjaxInstitute))
 6 SYSTEMPATH\CodeIgniter.php(368): CodeIgniter\CodeIgniter->handleRequest(null, Object(Config\Cache), false)
 7 FCPATH\index.php(67): CodeIgniter\CodeIgniter->run()
CRITICAL - 2024-05-21 15:09:43 --> Undefined array key 0
in APPPATH\Models\Session\SessionModel.php on line 67.
 1 APPPATH\Models\Session\SessionModel.php(67): CodeIgniter\Debug\Exceptions->errorHandler(2, 'Undefined array key 0', 'C:\\xampp\\htdocs\\RPPS\\app\\Models\\Session\\SessionModel.php', 67)
 2 APPPATH\Controllers\Session.php(255): App\Models\Session\SessionModel->dataInstitute([...])
 3 APPPATH\Controllers\Ajax\AjaxInstitute.php(162): App\Controllers\Session->dataInstitute(null, [...], [...])
 4 SYSTEMPATH\CodeIgniter.php(934): App\Controllers\Ajax\AjaxInstitute->getColors()
 5 SYSTEMPATH\CodeIgniter.php(499): CodeIgniter\CodeIgniter->runController(Object(App\Controllers\Ajax\AjaxInstitute))
 6 SYSTEMPATH\CodeIgniter.php(368): CodeIgniter\CodeIgniter->handleRequest(null, Object(Config\Cache), false)
 7 FCPATH\index.php(67): CodeIgniter\CodeIgniter->run()
CRITICAL - 2024-05-21 15:09:43 --> Undefined array key 0
in APPPATH\Models\Session\SessionModel.php on line 67.
 1 APPPATH\Models\Session\SessionModel.php(67): CodeIgniter\Debug\Exceptions->errorHandler(2, 'Undefined array key 0', 'C:\\xampp\\htdocs\\RPPS\\app\\Models\\Session\\SessionModel.php', 67)
 2 APPPATH\Controllers\Session.php(255): App\Models\Session\SessionModel->dataInstitute([...])
 3 APPPATH\Controllers\Ajax\AjaxInstitute.php(162): App\Controllers\Session->dataInstitute(null, [...], [...])
 4 SYSTEMPATH\CodeIgniter.php(934): App\Controllers\Ajax\AjaxInstitute->getColors()
 5 SYSTEMPATH\CodeIgniter.php(499): CodeIgniter\CodeIgniter->runController(Object(App\Controllers\Ajax\AjaxInstitute))
 6 SYSTEMPATH\CodeIgniter.php(368): CodeIgniter\CodeIgniter->handleRequest(null, Object(Config\Cache), false)
 7 FCPATH\index.php(67): CodeIgniter\CodeIgniter->run()
CRITICAL - 2024-05-21 15:09:43 --> Undefined array key 0
in APPPATH\Models\Session\SessionModel.php on line 67.
 1 APPPATH\Models\Session\SessionModel.php(67): CodeIgniter\Debug\Exceptions->errorHandler(2, 'Undefined array key 0', 'C:\\xampp\\htdocs\\RPPS\\app\\Models\\Session\\SessionModel.php', 67)
 2 APPPATH\Controllers\Session.php(255): App\Models\Session\SessionModel->dataInstitute([...])
 3 APPPATH\Controllers\Ajax\AjaxInstitute.php(162): App\Controllers\Session->dataInstitute(null, [...], [...])
 4 SYSTEMPATH\CodeIgniter.php(934): App\Controllers\Ajax\AjaxInstitute->getColors()
 5 SYSTEMPATH\CodeIgniter.php(499): CodeIgniter\CodeIgniter->runController(Object(App\Controllers\Ajax\AjaxInstitute))
 6 SYSTEMPATH\CodeIgniter.php(368): CodeIgniter\CodeIgniter->handleRequest(null, Object(Config\Cache), false)
 7 FCPATH\index.php(67): CodeIgniter\CodeIgniter->run()
CRITICAL - 2024-05-21 15:09:43 --> Undefined array key 0
in APPPATH\Models\Session\SessionModel.php on line 67.
 1 APPPATH\Models\Session\SessionModel.php(67): CodeIgniter\Debug\Exceptions->errorHandler(2, 'Undefined array key 0', 'C:\\xampp\\htdocs\\RPPS\\app\\Models\\Session\\SessionModel.php', 67)
 2 APPPATH\Controllers\Session.php(255): App\Models\Session\SessionModel->dataInstitute([...])
 3 APPPATH\Controllers\Ajax\AjaxInstitute.php(162): App\Controllers\Session->dataInstitute(null, [...], [...])
 4 SYSTEMPATH\CodeIgniter.php(934): App\Controllers\Ajax\AjaxInstitute->getColors()
 5 SYSTEMPATH\CodeIgniter.php(499): CodeIgniter\CodeIgniter->runController(Object(App\Controllers\Ajax\AjaxInstitute))
 6 SYSTEMPATH\CodeIgniter.php(368): CodeIgniter\CodeIgniter->handleRequest(null, Object(Config\Cache), false)
 7 FCPATH\index.php(67): CodeIgniter\CodeIgniter->run()
CRITICAL - 2024-05-21 15:09:43 --> Undefined array key 0
in APPPATH\Models\Session\SessionModel.php on line 67.
 1 APPPATH\Models\Session\SessionModel.php(67): CodeIgniter\Debug\Exceptions->errorHandler(2, 'Undefined array key 0', 'C:\\xampp\\htdocs\\RPPS\\app\\Models\\Session\\SessionModel.php', 67)
 2 APPPATH\Controllers\Session.php(255): App\Models\Session\SessionModel->dataInstitute([...])
 3 APPPATH\Controllers\Ajax\AjaxInstitute.php(162): App\Controllers\Session->dataInstitute(null, [...], [...])
 4 SYSTEMPATH\CodeIgniter.php(934): App\Controllers\Ajax\AjaxInstitute->getColors()
 5 SYSTEMPATH\CodeIgniter.php(499): CodeIgniter\CodeIgniter->runController(Object(App\Controllers\Ajax\AjaxInstitute))
 6 SYSTEMPATH\CodeIgniter.php(368): CodeIgniter\CodeIgniter->handleRequest(null, Object(Config\Cache), false)
 7 FCPATH\index.php(67): CodeIgniter\CodeIgniter->run()
CRITICAL - 2024-05-21 15:09:43 --> Undefined array key 0
in APPPATH\Models\Session\SessionModel.php on line 67.
 1 APPPATH\Models\Session\SessionModel.php(67): CodeIgniter\Debug\Exceptions->errorHandler(2, 'Undefined array key 0', 'C:\\xampp\\htdocs\\RPPS\\app\\Models\\Session\\SessionModel.php', 67)
 2 APPPATH\Controllers\Session.php(255): App\Models\Session\SessionModel->dataInstitute([...])
 3 APPPATH\Controllers\Ajax\AjaxInstitute.php(162): App\Controllers\Session->dataInstitute(null, [...], [...])
 4 SYSTEMPATH\CodeIgniter.php(934): App\Controllers\Ajax\AjaxInstitute->getColors()
 5 SYSTEMPATH\CodeIgniter.php(499): CodeIgniter\CodeIgniter->runController(Object(App\Controllers\Ajax\AjaxInstitute))
 6 SYSTEMPATH\CodeIgniter.php(368): CodeIgniter\CodeIgniter->handleRequest(null, Object(Config\Cache), false)
 7 FCPATH\index.php(67): CodeIgniter\CodeIgniter->run()
CRITICAL - 2024-05-21 15:09:43 --> Undefined array key 0
in APPPATH\Models\Session\SessionModel.php on line 67.
 1 APPPATH\Models\Session\SessionModel.php(67): CodeIgniter\Debug\Exceptions->errorHandler(2, 'Undefined array key 0', 'C:\\xampp\\htdocs\\RPPS\\app\\Models\\Session\\SessionModel.php', 67)
 2 APPPATH\Controllers\Session.php(255): App\Models\Session\SessionModel->dataInstitute([...])
 3 APPPATH\Controllers\Ajax\AjaxInstitute.php(162): App\Controllers\Session->dataInstitute(null, [...], [...])
 4 SYSTEMPATH\CodeIgniter.php(934): App\Controllers\Ajax\AjaxInstitute->getColors()
 5 SYSTEMPATH\CodeIgniter.php(499): CodeIgniter\CodeIgniter->runController(Object(App\Controllers\Ajax\AjaxInstitute))
 6 SYSTEMPATH\CodeIgniter.php(368): CodeIgniter\CodeIgniter->handleRequest(null, Object(Config\Cache), false)
 7 FCPATH\index.php(67): CodeIgniter\CodeIgniter->run()
CRITICAL - 2024-05-21 15:09:43 --> Undefined array key 0
in APPPATH\Models\Session\SessionModel.php on line 67.
 1 APPPATH\Models\Session\SessionModel.php(67): CodeIgniter\Debug\Exceptions->errorHandler(2, 'Undefined array key 0', 'C:\\xampp\\htdocs\\RPPS\\app\\Models\\Session\\SessionModel.php', 67)
 2 APPPATH\Controllers\Session.php(255): App\Models\Session\SessionModel->dataInstitute([...])
 3 APPPATH\Controllers\Ajax\AjaxInstitute.php(162): App\Controllers\Session->dataInstitute(null, [...], [...])
 4 SYSTEMPATH\CodeIgniter.php(934): App\Controllers\Ajax\AjaxInstitute->getColors()
 5 SYSTEMPATH\CodeIgniter.php(499): CodeIgniter\CodeIgniter->runController(Object(App\Controllers\Ajax\AjaxInstitute))
 6 SYSTEMPATH\CodeIgniter.php(368): CodeIgniter\CodeIgniter->handleRequest(null, Object(Config\Cache), false)
 7 FCPATH\index.php(67): CodeIgniter\CodeIgniter->run()
CRITICAL - 2024-05-21 15:09:43 --> Undefined array key 0
in APPPATH\Models\Session\SessionModel.php on line 67.
 1 APPPATH\Models\Session\SessionModel.php(67): CodeIgniter\Debug\Exceptions->errorHandler(2, 'Undefined array key 0', 'C:\\xampp\\htdocs\\RPPS\\app\\Models\\Session\\SessionModel.php', 67)
 2 APPPATH\Controllers\Session.php(255): App\Models\Session\SessionModel->dataInstitute([...])
 3 APPPATH\Controllers\Ajax\AjaxInstitute.php(162): App\Controllers\Session->dataInstitute(null, [...], [...])
 4 SYSTEMPATH\CodeIgniter.php(934): App\Controllers\Ajax\AjaxInstitute->getColors()
 5 SYSTEMPATH\CodeIgniter.php(499): CodeIgniter\CodeIgniter->runController(Object(App\Controllers\Ajax\AjaxInstitute))
 6 SYSTEMPATH\CodeIgniter.php(368): CodeIgniter\CodeIgniter->handleRequest(null, Object(Config\Cache), false)
 7 FCPATH\index.php(67): CodeIgniter\CodeIgniter->run()
CRITICAL - 2024-05-21 15:09:43 --> Undefined array key 0
in APPPATH\Models\Session\SessionModel.php on line 67.
 1 APPPATH\Models\Session\SessionModel.php(67): CodeIgniter\Debug\Exceptions->errorHandler(2, 'Undefined array key 0', 'C:\\xampp\\htdocs\\RPPS\\app\\Models\\Session\\SessionModel.php', 67)
 2 APPPATH\Controllers\Session.php(255): App\Models\Session\SessionModel->dataInstitute([...])
 3 APPPATH\Controllers\Ajax\AjaxInstitute.php(162): App\Controllers\Session->dataInstitute(null, [...], [...])
 4 SYSTEMPATH\CodeIgniter.php(934): App\Controllers\Ajax\AjaxInstitute->getColors()
 5 SYSTEMPATH\CodeIgniter.php(499): CodeIgniter\CodeIgniter->runController(Object(App\Controllers\Ajax\AjaxInstitute))
 6 SYSTEMPATH\CodeIgniter.php(368): CodeIgniter\CodeIgniter->handleRequest(null, Object(Config\Cache), false)
 7 FCPATH\index.php(67): CodeIgniter\CodeIgniter->run()
CRITICAL - 2024-05-21 15:09:43 --> Undefined array key 0
in APPPATH\Models\Session\SessionModel.php on line 67.
 1 APPPATH\Models\Session\SessionModel.php(67): CodeIgniter\Debug\Exceptions->errorHandler(2, 'Undefined array key 0', 'C:\\xampp\\htdocs\\RPPS\\app\\Models\\Session\\SessionModel.php', 67)
 2 APPPATH\Controllers\Session.php(255): App\Models\Session\SessionModel->dataInstitute([...])
 3 APPPATH\Controllers\Ajax\AjaxInstitute.php(162): App\Controllers\Session->dataInstitute(null, [...], [...])
 4 SYSTEMPATH\CodeIgniter.php(934): App\Controllers\Ajax\AjaxInstitute->getColors()
 5 SYSTEMPATH\CodeIgniter.php(499): CodeIgniter\CodeIgniter->runController(Object(App\Controllers\Ajax\AjaxInstitute))
 6 SYSTEMPATH\CodeIgniter.php(368): CodeIgniter\CodeIgniter->handleRequest(null, Object(Config\Cache), false)
 7 FCPATH\index.php(67): CodeIgniter\CodeIgniter->run()
CRITICAL - 2024-05-21 15:09:43 --> Undefined array key 0
in APPPATH\Models\Session\SessionModel.php on line 67.
 1 APPPATH\Models\Session\SessionModel.php(67): CodeIgniter\Debug\Exceptions->errorHandler(2, 'Undefined array key 0', 'C:\\xampp\\htdocs\\RPPS\\app\\Models\\Session\\SessionModel.php', 67)
 2 APPPATH\Controllers\Session.php(255): App\Models\Session\SessionModel->dataInstitute([...])
 3 APPPATH\Controllers\Ajax\AjaxInstitute.php(162): App\Controllers\Session->dataInstitute(null, [...], [...])
 4 SYSTEMPATH\CodeIgniter.php(934): App\Controllers\Ajax\AjaxInstitute->getColors()
 5 SYSTEMPATH\CodeIgniter.php(499): CodeIgniter\CodeIgniter->runController(Object(App\Controllers\Ajax\AjaxInstitute))
 6 SYSTEMPATH\CodeIgniter.php(368): CodeIgniter\CodeIgniter->handleRequest(null, Object(Config\Cache), false)
 7 FCPATH\index.php(67): CodeIgniter\CodeIgniter->run()
CRITICAL - 2024-05-21 15:09:43 --> Undefined array key 0
in APPPATH\Models\Session\SessionModel.php on line 67.
 1 APPPATH\Models\Session\SessionModel.php(67): CodeIgniter\Debug\Exceptions->errorHandler(2, 'Undefined array key 0', 'C:\\xampp\\htdocs\\RPPS\\app\\Models\\Session\\SessionModel.php', 67)
 2 APPPATH\Controllers\Session.php(255): App\Models\Session\SessionModel->dataInstitute([...])
 3 APPPATH\Controllers\Ajax\AjaxInstitute.php(162): App\Controllers\Session->dataInstitute(null, [...], [...])
 4 SYSTEMPATH\CodeIgniter.php(934): App\Controllers\Ajax\AjaxInstitute->getColors()
 5 SYSTEMPATH\CodeIgniter.php(499): CodeIgniter\CodeIgniter->runController(Object(App\Controllers\Ajax\AjaxInstitute))
 6 SYSTEMPATH\CodeIgniter.php(368): CodeIgniter\CodeIgniter->handleRequest(null, Object(Config\Cache), false)
 7 FCPATH\index.php(67): CodeIgniter\CodeIgniter->run()
CRITICAL - 2024-05-21 15:09:43 --> Undefined array key 0
in APPPATH\Models\Session\SessionModel.php on line 67.
 1 APPPATH\Models\Session\SessionModel.php(67): CodeIgniter\Debug\Exceptions->errorHandler(2, 'Undefined array key 0', 'C:\\xampp\\htdocs\\RPPS\\app\\Models\\Session\\SessionModel.php', 67)
 2 APPPATH\Controllers\Session.php(255): App\Models\Session\SessionModel->dataInstitute([...])
 3 APPPATH\Controllers\Ajax\AjaxInstitute.php(162): App\Controllers\Session->dataInstitute(null, [...], [...])
 4 SYSTEMPATH\CodeIgniter.php(934): App\Controllers\Ajax\AjaxInstitute->getColors()
 5 SYSTEMPATH\CodeIgniter.php(499): CodeIgniter\CodeIgniter->runController(Object(App\Controllers\Ajax\AjaxInstitute))
 6 SYSTEMPATH\CodeIgniter.php(368): CodeIgniter\CodeIgniter->handleRequest(null, Object(Config\Cache), false)
 7 FCPATH\index.php(67): CodeIgniter\CodeIgniter->run()
CRITICAL - 2024-05-21 15:09:43 --> Undefined array key 0
in APPPATH\Models\Session\SessionModel.php on line 67.
 1 APPPATH\Models\Session\SessionModel.php(67): CodeIgniter\Debug\Exceptions->errorHandler(2, 'Undefined array key 0', 'C:\\xampp\\htdocs\\RPPS\\app\\Models\\Session\\SessionModel.php', 67)
 2 APPPATH\Controllers\Session.php(255): App\Models\Session\SessionModel->dataInstitute([...])
 3 APPPATH\Controllers\Ajax\AjaxInstitute.php(162): App\Controllers\Session->dataInstitute(null, [...], [...])
 4 SYSTEMPATH\CodeIgniter.php(934): App\Controllers\Ajax\AjaxInstitute->getColors()
 5 SYSTEMPATH\CodeIgniter.php(499): CodeIgniter\CodeIgniter->runController(Object(App\Controllers\Ajax\AjaxInstitute))
 6 SYSTEMPATH\CodeIgniter.php(368): CodeIgniter\CodeIgniter->handleRequest(null, Object(Config\Cache), false)
 7 FCPATH\index.php(67): CodeIgniter\CodeIgniter->run()
CRITICAL - 2024-05-21 15:09:43 --> Undefined array key 0
in APPPATH\Models\Session\SessionModel.php on line 67.
 1 APPPATH\Models\Session\SessionModel.php(67): CodeIgniter\Debug\Exceptions->errorHandler(2, 'Undefined array key 0', 'C:\\xampp\\htdocs\\RPPS\\app\\Models\\Session\\SessionModel.php', 67)
 2 APPPATH\Controllers\Session.php(255): App\Models\Session\SessionModel->dataInstitute([...])
 3 APPPATH\Controllers\Ajax\AjaxInstitute.php(162): App\Controllers\Session->dataInstitute(null, [...], [...])
 4 SYSTEMPATH\CodeIgniter.php(934): App\Controllers\Ajax\AjaxInstitute->getColors()
 5 SYSTEMPATH\CodeIgniter.php(499): CodeIgniter\CodeIgniter->runController(Object(App\Controllers\Ajax\AjaxInstitute))
 6 SYSTEMPATH\CodeIgniter.php(368): CodeIgniter\CodeIgniter->handleRequest(null, Object(Config\Cache), false)
 7 FCPATH\index.php(67): CodeIgniter\CodeIgniter->run()
CRITICAL - 2024-05-21 15:09:43 --> Undefined array key 0
in APPPATH\Models\Session\SessionModel.php on line 67.
 1 APPPATH\Models\Session\SessionModel.php(67): CodeIgniter\Debug\Exceptions->errorHandler(2, 'Undefined array key 0', 'C:\\xampp\\htdocs\\RPPS\\app\\Models\\Session\\SessionModel.php', 67)
 2 APPPATH\Controllers\Session.php(255): App\Models\Session\SessionModel->dataInstitute([...])
 3 APPPATH\Controllers\Ajax\AjaxInstitute.php(162): App\Controllers\Session->dataInstitute(null, [...], [...])
 4 SYSTEMPATH\CodeIgniter.php(934): App\Controllers\Ajax\AjaxInstitute->getColors()
 5 SYSTEMPATH\CodeIgniter.php(499): CodeIgniter\CodeIgniter->runController(Object(App\Controllers\Ajax\AjaxInstitute))
 6 SYSTEMPATH\CodeIgniter.php(368): CodeIgniter\CodeIgniter->handleRequest(null, Object(Config\Cache), false)
 7 FCPATH\index.php(67): CodeIgniter\CodeIgniter->run()
CRITICAL - 2024-05-21 15:09:43 --> Undefined array key 0
in APPPATH\Models\Session\SessionModel.php on line 67.
 1 APPPATH\Models\Session\SessionModel.php(67): CodeIgniter\Debug\Exceptions->errorHandler(2, 'Undefined array key 0', 'C:\\xampp\\htdocs\\RPPS\\app\\Models\\Session\\SessionModel.php', 67)
 2 APPPATH\Controllers\Session.php(255): App\Models\Session\SessionModel->dataInstitute([...])
 3 APPPATH\Controllers\Ajax\AjaxInstitute.php(162): App\Controllers\Session->dataInstitute(null, [...], [...])
 4 SYSTEMPATH\CodeIgniter.php(934): App\Controllers\Ajax\AjaxInstitute->getColors()
 5 SYSTEMPATH\CodeIgniter.php(499): CodeIgniter\CodeIgniter->runController(Object(App\Controllers\Ajax\AjaxInstitute))
 6 SYSTEMPATH\CodeIgniter.php(368): CodeIgniter\CodeIgniter->handleRequest(null, Object(Config\Cache), false)
 7 FCPATH\index.php(67): CodeIgniter\CodeIgniter->run()
CRITICAL - 2024-05-21 15:09:43 --> Undefined array key 0
in APPPATH\Models\Session\SessionModel.php on line 67.
 1 APPPATH\Models\Session\SessionModel.php(67): CodeIgniter\Debug\Exceptions->errorHandler(2, 'Undefined array key 0', 'C:\\xampp\\htdocs\\RPPS\\app\\Models\\Session\\SessionModel.php', 67)
 2 APPPATH\Controllers\Session.php(255): App\Models\Session\SessionModel->dataInstitute([...])
 3 APPPATH\Controllers\Ajax\AjaxInstitute.php(162): App\Controllers\Session->dataInstitute(null, [...], [...])
 4 SYSTEMPATH\CodeIgniter.php(934): App\Controllers\Ajax\AjaxInstitute->getColors()
 5 SYSTEMPATH\CodeIgniter.php(499): CodeIgniter\CodeIgniter->runController(Object(App\Controllers\Ajax\AjaxInstitute))
 6 SYSTEMPATH\CodeIgniter.php(368): CodeIgniter\CodeIgniter->handleRequest(null, Object(Config\Cache), false)
 7 FCPATH\index.php(67): CodeIgniter\CodeIgniter->run()
CRITICAL - 2024-05-21 15:09:43 --> Undefined array key 0
in APPPATH\Models\Session\SessionModel.php on line 67.
 1 APPPATH\Models\Session\SessionModel.php(67): CodeIgniter\Debug\Exceptions->errorHandler(2, 'Undefined array key 0', 'C:\\xampp\\htdocs\\RPPS\\app\\Models\\Session\\SessionModel.php', 67)
 2 APPPATH\Controllers\Session.php(255): App\Models\Session\SessionModel->dataInstitute([...])
 3 APPPATH\Controllers\Ajax\AjaxInstitute.php(162): App\Controllers\Session->dataInstitute(null, [...], [...])
 4 SYSTEMPATH\CodeIgniter.php(934): App\Controllers\Ajax\AjaxInstitute->getColors()
 5 SYSTEMPATH\CodeIgniter.php(499): CodeIgniter\CodeIgniter->runController(Object(App\Controllers\Ajax\AjaxInstitute))
 6 SYSTEMPATH\CodeIgniter.php(368): CodeIgniter\CodeIgniter->handleRequest(null, Object(Config\Cache), false)
 7 FCPATH\index.php(67): CodeIgniter\CodeIgniter->run()
CRITICAL - 2024-05-21 15:09:43 --> Undefined array key 0
in APPPATH\Models\Session\SessionModel.php on line 67.
 1 APPPATH\Models\Session\SessionModel.php(67): CodeIgniter\Debug\Exceptions->errorHandler(2, 'Undefined array key 0', 'C:\\xampp\\htdocs\\RPPS\\app\\Models\\Session\\SessionModel.php', 67)
 2 APPPATH\Controllers\Session.php(255): App\Models\Session\SessionModel->dataInstitute([...])
 3 APPPATH\Controllers\Ajax\AjaxInstitute.php(162): App\Controllers\Session->dataInstitute(null, [...], [...])
 4 SYSTEMPATH\CodeIgniter.php(934): App\Controllers\Ajax\AjaxInstitute->getColors()
 5 SYSTEMPATH\CodeIgniter.php(499): CodeIgniter\CodeIgniter->runController(Object(App\Controllers\Ajax\AjaxInstitute))
 6 SYSTEMPATH\CodeIgniter.php(368): CodeIgniter\CodeIgniter->handleRequest(null, Object(Config\Cache), false)
 7 FCPATH\index.php(67): CodeIgniter\CodeIgniter->run()
CRITICAL - 2024-05-21 15:09:43 --> Undefined array key 0
in APPPATH\Models\Session\SessionModel.php on line 67.
 1 APPPATH\Models\Session\SessionModel.php(67): CodeIgniter\Debug\Exceptions->errorHandler(2, 'Undefined array key 0', 'C:\\xampp\\htdocs\\RPPS\\app\\Models\\Session\\SessionModel.php', 67)
 2 APPPATH\Controllers\Session.php(255): App\Models\Session\SessionModel->dataInstitute([...])
 3 APPPATH\Controllers\Ajax\AjaxInstitute.php(162): App\Controllers\Session->dataInstitute(null, [...], [...])
 4 SYSTEMPATH\CodeIgniter.php(934): App\Controllers\Ajax\AjaxInstitute->getColors()
 5 SYSTEMPATH\CodeIgniter.php(499): CodeIgniter\CodeIgniter->runController(Object(App\Controllers\Ajax\AjaxInstitute))
 6 SYSTEMPATH\CodeIgniter.php(368): CodeIgniter\CodeIgniter->handleRequest(null, Object(Config\Cache), false)
 7 FCPATH\index.php(67): CodeIgniter\CodeIgniter->run()
CRITICAL - 2024-05-21 15:09:43 --> Undefined array key 0
in APPPATH\Models\Session\SessionModel.php on line 67.
 1 APPPATH\Models\Session\SessionModel.php(67): CodeIgniter\Debug\Exceptions->errorHandler(2, 'Undefined array key 0', 'C:\\xampp\\htdocs\\RPPS\\app\\Models\\Session\\SessionModel.php', 67)
 2 APPPATH\Controllers\Session.php(255): App\Models\Session\SessionModel->dataInstitute([...])
 3 APPPATH\Controllers\Ajax\AjaxInstitute.php(162): App\Controllers\Session->dataInstitute(null, [...], [...])
 4 SYSTEMPATH\CodeIgniter.php(934): App\Controllers\Ajax\AjaxInstitute->getColors()
 5 SYSTEMPATH\CodeIgniter.php(499): CodeIgniter\CodeIgniter->runController(Object(App\Controllers\Ajax\AjaxInstitute))
 6 SYSTEMPATH\CodeIgniter.php(368): CodeIgniter\CodeIgniter->handleRequest(null, Object(Config\Cache), false)
 7 FCPATH\index.php(67): CodeIgniter\CodeIgniter->run()
CRITICAL - 2024-05-21 15:09:43 --> Undefined array key 0
in APPPATH\Models\Session\SessionModel.php on line 67.
 1 APPPATH\Models\Session\SessionModel.php(67): CodeIgniter\Debug\Exceptions->errorHandler(2, 'Undefined array key 0', 'C:\\xampp\\htdocs\\RPPS\\app\\Models\\Session\\SessionModel.php', 67)
 2 APPPATH\Controllers\Session.php(255): App\Models\Session\SessionModel->dataInstitute([...])
 3 APPPATH\Controllers\Ajax\AjaxInstitute.php(162): App\Controllers\Session->dataInstitute(null, [...], [...])
 4 SYSTEMPATH\CodeIgniter.php(934): App\Controllers\Ajax\AjaxInstitute->getColors()
 5 SYSTEMPATH\CodeIgniter.php(499): CodeIgniter\CodeIgniter->runController(Object(App\Controllers\Ajax\AjaxInstitute))
 6 SYSTEMPATH\CodeIgniter.php(368): CodeIgniter\CodeIgniter->handleRequest(null, Object(Config\Cache), false)
 7 FCPATH\index.php(67): CodeIgniter\CodeIgniter->run()
CRITICAL - 2024-05-21 15:09:44 --> Undefined array key 0
in APPPATH\Models\Session\SessionModel.php on line 67.
 1 APPPATH\Models\Session\SessionModel.php(67): CodeIgniter\Debug\Exceptions->errorHandler(2, 'Undefined array key 0', 'C:\\xampp\\htdocs\\RPPS\\app\\Models\\Session\\SessionModel.php', 67)
 2 APPPATH\Controllers\Session.php(255): App\Models\Session\SessionModel->dataInstitute([...])
 3 APPPATH\Controllers\Ajax\AjaxInstitute.php(162): App\Controllers\Session->dataInstitute(null, [...], [...])
 4 SYSTEMPATH\CodeIgniter.php(934): App\Controllers\Ajax\AjaxInstitute->getColors()
 5 SYSTEMPATH\CodeIgniter.php(499): CodeIgniter\CodeIgniter->runController(Object(App\Controllers\Ajax\AjaxInstitute))
 6 SYSTEMPATH\CodeIgniter.php(368): CodeIgniter\CodeIgniter->handleRequest(null, Object(Config\Cache), false)
 7 FCPATH\index.php(67): CodeIgniter\CodeIgniter->run()
CRITICAL - 2024-05-21 15:09:44 --> Undefined array key 0
in APPPATH\Models\Session\SessionModel.php on line 67.
 1 APPPATH\Models\Session\SessionModel.php(67): CodeIgniter\Debug\Exceptions->errorHandler(2, 'Undefined array key 0', 'C:\\xampp\\htdocs\\RPPS\\app\\Models\\Session\\SessionModel.php', 67)
 2 APPPATH\Controllers\Session.php(255): App\Models\Session\SessionModel->dataInstitute([...])
 3 APPPATH\Controllers\Ajax\AjaxInstitute.php(162): App\Controllers\Session->dataInstitute(null, [...], [...])
 4 SYSTEMPATH\CodeIgniter.php(934): App\Controllers\Ajax\AjaxInstitute->getColors()
 5 SYSTEMPATH\CodeIgniter.php(499): CodeIgniter\CodeIgniter->runController(Object(App\Controllers\Ajax\AjaxInstitute))
 6 SYSTEMPATH\CodeIgniter.php(368): CodeIgniter\CodeIgniter->handleRequest(null, Object(Config\Cache), false)
 7 FCPATH\index.php(67): CodeIgniter\CodeIgniter->run()
CRITICAL - 2024-05-21 15:09:44 --> Undefined array key 0
in APPPATH\Models\Session\SessionModel.php on line 67.
 1 APPPATH\Models\Session\SessionModel.php(67): CodeIgniter\Debug\Exceptions->errorHandler(2, 'Undefined array key 0', 'C:\\xampp\\htdocs\\RPPS\\app\\Models\\Session\\SessionModel.php', 67)
 2 APPPATH\Controllers\Session.php(255): App\Models\Session\SessionModel->dataInstitute([...])
 3 APPPATH\Controllers\Ajax\AjaxInstitute.php(162): App\Controllers\Session->dataInstitute(null, [...], [...])
 4 SYSTEMPATH\CodeIgniter.php(934): App\Controllers\Ajax\AjaxInstitute->getColors()
 5 SYSTEMPATH\CodeIgniter.php(499): CodeIgniter\CodeIgniter->runController(Object(App\Controllers\Ajax\AjaxInstitute))
 6 SYSTEMPATH\CodeIgniter.php(368): CodeIgniter\CodeIgniter->handleRequest(null, Object(Config\Cache), false)
 7 FCPATH\index.php(67): CodeIgniter\CodeIgniter->run()
CRITICAL - 2024-05-21 15:09:44 --> Undefined array key 0
in APPPATH\Models\Session\SessionModel.php on line 67.
 1 APPPATH\Models\Session\SessionModel.php(67): CodeIgniter\Debug\Exceptions->errorHandler(2, 'Undefined array key 0', 'C:\\xampp\\htdocs\\RPPS\\app\\Models\\Session\\SessionModel.php', 67)
 2 APPPATH\Controllers\Session.php(255): App\Models\Session\SessionModel->dataInstitute([...])
 3 APPPATH\Controllers\Ajax\AjaxInstitute.php(162): App\Controllers\Session->dataInstitute(null, [...], [...])
 4 SYSTEMPATH\CodeIgniter.php(934): App\Controllers\Ajax\AjaxInstitute->getColors()
 5 SYSTEMPATH\CodeIgniter.php(499): CodeIgniter\CodeIgniter->runController(Object(App\Controllers\Ajax\AjaxInstitute))
 6 SYSTEMPATH\CodeIgniter.php(368): CodeIgniter\CodeIgniter->handleRequest(null, Object(Config\Cache), false)
 7 FCPATH\index.php(67): CodeIgniter\CodeIgniter->run()
CRITICAL - 2024-05-21 15:09:44 --> Undefined array key 0
in APPPATH\Models\Session\SessionModel.php on line 67.
 1 APPPATH\Models\Session\SessionModel.php(67): CodeIgniter\Debug\Exceptions->errorHandler(2, 'Undefined array key 0', 'C:\\xampp\\htdocs\\RPPS\\app\\Models\\Session\\SessionModel.php', 67)
 2 APPPATH\Controllers\Session.php(255): App\Models\Session\SessionModel->dataInstitute([...])
 3 APPPATH\Controllers\Ajax\AjaxInstitute.php(162): App\Controllers\Session->dataInstitute(null, [...], [...])
 4 SYSTEMPATH\CodeIgniter.php(934): App\Controllers\Ajax\AjaxInstitute->getColors()
 5 SYSTEMPATH\CodeIgniter.php(499): CodeIgniter\CodeIgniter->runController(Object(App\Controllers\Ajax\AjaxInstitute))
 6 SYSTEMPATH\CodeIgniter.php(368): CodeIgniter\CodeIgniter->handleRequest(null, Object(Config\Cache), false)
 7 FCPATH\index.php(67): CodeIgniter\CodeIgniter->run()
CRITICAL - 2024-05-21 15:09:44 --> Undefined array key 0
in APPPATH\Models\Session\SessionModel.php on line 67.
 1 APPPATH\Models\Session\SessionModel.php(67): CodeIgniter\Debug\Exceptions->errorHandler(2, 'Undefined array key 0', 'C:\\xampp\\htdocs\\RPPS\\app\\Models\\Session\\SessionModel.php', 67)
 2 APPPATH\Controllers\Session.php(255): App\Models\Session\SessionModel->dataInstitute([...])
 3 APPPATH\Controllers\Ajax\AjaxInstitute.php(162): App\Controllers\Session->dataInstitute(null, [...], [...])
 4 SYSTEMPATH\CodeIgniter.php(934): App\Controllers\Ajax\AjaxInstitute->getColors()
 5 SYSTEMPATH\CodeIgniter.php(499): CodeIgniter\CodeIgniter->runController(Object(App\Controllers\Ajax\AjaxInstitute))
 6 SYSTEMPATH\CodeIgniter.php(368): CodeIgniter\CodeIgniter->handleRequest(null, Object(Config\Cache), false)
 7 FCPATH\index.php(67): CodeIgniter\CodeIgniter->run()
CRITICAL - 2024-05-21 15:09:44 --> Undefined array key 0
in APPPATH\Models\Session\SessionModel.php on line 67.
 1 APPPATH\Models\Session\SessionModel.php(67): CodeIgniter\Debug\Exceptions->errorHandler(2, 'Undefined array key 0', 'C:\\xampp\\htdocs\\RPPS\\app\\Models\\Session\\SessionModel.php', 67)
 2 APPPATH\Controllers\Session.php(255): App\Models\Session\SessionModel->dataInstitute([...])
 3 APPPATH\Controllers\Ajax\AjaxInstitute.php(162): App\Controllers\Session->dataInstitute(null, [...], [...])
 4 SYSTEMPATH\CodeIgniter.php(934): App\Controllers\Ajax\AjaxInstitute->getColors()
 5 SYSTEMPATH\CodeIgniter.php(499): CodeIgniter\CodeIgniter->runController(Object(App\Controllers\Ajax\AjaxInstitute))
 6 SYSTEMPATH\CodeIgniter.php(368): CodeIgniter\CodeIgniter->handleRequest(null, Object(Config\Cache), false)
 7 FCPATH\index.php(67): CodeIgniter\CodeIgniter->run()
CRITICAL - 2024-05-21 15:09:44 --> Undefined array key 0
in APPPATH\Models\Session\SessionModel.php on line 67.
 1 APPPATH\Models\Session\SessionModel.php(67): CodeIgniter\Debug\Exceptions->errorHandler(2, 'Undefined array key 0', 'C:\\xampp\\htdocs\\RPPS\\app\\Models\\Session\\SessionModel.php', 67)
 2 APPPATH\Controllers\Session.php(255): App\Models\Session\SessionModel->dataInstitute([...])
 3 APPPATH\Controllers\Ajax\AjaxInstitute.php(162): App\Controllers\Session->dataInstitute(null, [...], [...])
 4 SYSTEMPATH\CodeIgniter.php(934): App\Controllers\Ajax\AjaxInstitute->getColors()
 5 SYSTEMPATH\CodeIgniter.php(499): CodeIgniter\CodeIgniter->runController(Object(App\Controllers\Ajax\AjaxInstitute))
 6 SYSTEMPATH\CodeIgniter.php(368): CodeIgniter\CodeIgniter->handleRequest(null, Object(Config\Cache), false)
 7 FCPATH\index.php(67): CodeIgniter\CodeIgniter->run()
CRITICAL - 2024-05-21 15:09:44 --> Undefined array key 0
in APPPATH\Models\Session\SessionModel.php on line 67.
 1 APPPATH\Models\Session\SessionModel.php(67): CodeIgniter\Debug\Exceptions->errorHandler(2, 'Undefined array key 0', 'C:\\xampp\\htdocs\\RPPS\\app\\Models\\Session\\SessionModel.php', 67)
 2 APPPATH\Controllers\Session.php(255): App\Models\Session\SessionModel->dataInstitute([...])
 3 APPPATH\Controllers\Ajax\AjaxInstitute.php(162): App\Controllers\Session->dataInstitute(null, [...], [...])
 4 SYSTEMPATH\CodeIgniter.php(934): App\Controllers\Ajax\AjaxInstitute->getColors()
 5 SYSTEMPATH\CodeIgniter.php(499): CodeIgniter\CodeIgniter->runController(Object(App\Controllers\Ajax\AjaxInstitute))
 6 SYSTEMPATH\CodeIgniter.php(368): CodeIgniter\CodeIgniter->handleRequest(null, Object(Config\Cache), false)
 7 FCPATH\index.php(67): CodeIgniter\CodeIgniter->run()
CRITICAL - 2024-05-21 15:09:44 --> Undefined array key 0
in APPPATH\Models\Session\SessionModel.php on line 67.
 1 APPPATH\Models\Session\SessionModel.php(67): CodeIgniter\Debug\Exceptions->errorHandler(2, 'Undefined array key 0', 'C:\\xampp\\htdocs\\RPPS\\app\\Models\\Session\\SessionModel.php', 67)
 2 APPPATH\Controllers\Session.php(255): App\Models\Session\SessionModel->dataInstitute([...])
 3 APPPATH\Controllers\Ajax\AjaxInstitute.php(162): App\Controllers\Session->dataInstitute(null, [...], [...])
 4 SYSTEMPATH\CodeIgniter.php(934): App\Controllers\Ajax\AjaxInstitute->getColors()
 5 SYSTEMPATH\CodeIgniter.php(499): CodeIgniter\CodeIgniter->runController(Object(App\Controllers\Ajax\AjaxInstitute))
 6 SYSTEMPATH\CodeIgniter.php(368): CodeIgniter\CodeIgniter->handleRequest(null, Object(Config\Cache), false)
 7 FCPATH\index.php(67): CodeIgniter\CodeIgniter->run()
CRITICAL - 2024-05-21 15:09:44 --> Undefined array key 0
in APPPATH\Models\Session\SessionModel.php on line 67.
 1 APPPATH\Models\Session\SessionModel.php(67): CodeIgniter\Debug\Exceptions->errorHandler(2, 'Undefined array key 0', 'C:\\xampp\\htdocs\\RPPS\\app\\Models\\Session\\SessionModel.php', 67)
 2 APPPATH\Controllers\Session.php(255): App\Models\Session\SessionModel->dataInstitute([...])
 3 APPPATH\Controllers\Ajax\AjaxInstitute.php(162): App\Controllers\Session->dataInstitute(null, [...], [...])
 4 SYSTEMPATH\CodeIgniter.php(934): App\Controllers\Ajax\AjaxInstitute->getColors()
 5 SYSTEMPATH\CodeIgniter.php(499): CodeIgniter\CodeIgniter->runController(Object(App\Controllers\Ajax\AjaxInstitute))
 6 SYSTEMPATH\CodeIgniter.php(368): CodeIgniter\CodeIgniter->handleRequest(null, Object(Config\Cache), false)
 7 FCPATH\index.php(67): CodeIgniter\CodeIgniter->run()
CRITICAL - 2024-05-21 15:09:44 --> Undefined array key 0
in APPPATH\Models\Session\SessionModel.php on line 67.
 1 APPPATH\Models\Session\SessionModel.php(67): CodeIgniter\Debug\Exceptions->errorHandler(2, 'Undefined array key 0', 'C:\\xampp\\htdocs\\RPPS\\app\\Models\\Session\\SessionModel.php', 67)
 2 APPPATH\Controllers\Session.php(255): App\Models\Session\SessionModel->dataInstitute([...])
 3 APPPATH\Controllers\Ajax\AjaxInstitute.php(162): App\Controllers\Session->dataInstitute(null, [...], [...])
 4 SYSTEMPATH\CodeIgniter.php(934): App\Controllers\Ajax\AjaxInstitute->getColors()
 5 SYSTEMPATH\CodeIgniter.php(499): CodeIgniter\CodeIgniter->runController(Object(App\Controllers\Ajax\AjaxInstitute))
 6 SYSTEMPATH\CodeIgniter.php(368): CodeIgniter\CodeIgniter->handleRequest(null, Object(Config\Cache), false)
 7 FCPATH\index.php(67): CodeIgniter\CodeIgniter->run()
CRITICAL - 2024-05-21 15:09:44 --> Undefined array key 0
in APPPATH\Models\Session\SessionModel.php on line 67.
 1 APPPATH\Models\Session\SessionModel.php(67): CodeIgniter\Debug\Exceptions->errorHandler(2, 'Undefined array key 0', 'C:\\xampp\\htdocs\\RPPS\\app\\Models\\Session\\SessionModel.php', 67)
 2 APPPATH\Controllers\Session.php(255): App\Models\Session\SessionModel->dataInstitute([...])
 3 APPPATH\Controllers\Ajax\AjaxInstitute.php(162): App\Controllers\Session->dataInstitute(null, [...], [...])
 4 SYSTEMPATH\CodeIgniter.php(934): App\Controllers\Ajax\AjaxInstitute->getColors()
 5 SYSTEMPATH\CodeIgniter.php(499): CodeIgniter\CodeIgniter->runController(Object(App\Controllers\Ajax\AjaxInstitute))
 6 SYSTEMPATH\CodeIgniter.php(368): CodeIgniter\CodeIgniter->handleRequest(null, Object(Config\Cache), false)
 7 FCPATH\index.php(67): CodeIgniter\CodeIgniter->run()
CRITICAL - 2024-05-21 15:09:44 --> Undefined array key 0
in APPPATH\Models\Session\SessionModel.php on line 67.
 1 APPPATH\Models\Session\SessionModel.php(67): CodeIgniter\Debug\Exceptions->errorHandler(2, 'Undefined array key 0', 'C:\\xampp\\htdocs\\RPPS\\app\\Models\\Session\\SessionModel.php', 67)
 2 APPPATH\Controllers\Session.php(255): App\Models\Session\SessionModel->dataInstitute([...])
 3 APPPATH\Controllers\Ajax\AjaxInstitute.php(162): App\Controllers\Session->dataInstitute(null, [...], [...])
 4 SYSTEMPATH\CodeIgniter.php(934): App\Controllers\Ajax\AjaxInstitute->getColors()
 5 SYSTEMPATH\CodeIgniter.php(499): CodeIgniter\CodeIgniter->runController(Object(App\Controllers\Ajax\AjaxInstitute))
 6 SYSTEMPATH\CodeIgniter.php(368): CodeIgniter\CodeIgniter->handleRequest(null, Object(Config\Cache), false)
 7 FCPATH\index.php(67): CodeIgniter\CodeIgniter->run()
CRITICAL - 2024-05-21 15:09:44 --> Undefined array key 0
in APPPATH\Models\Session\SessionModel.php on line 67.
 1 APPPATH\Models\Session\SessionModel.php(67): CodeIgniter\Debug\Exceptions->errorHandler(2, 'Undefined array key 0', 'C:\\xampp\\htdocs\\RPPS\\app\\Models\\Session\\SessionModel.php', 67)
 2 APPPATH\Controllers\Session.php(255): App\Models\Session\SessionModel->dataInstitute([...])
 3 APPPATH\Controllers\Ajax\AjaxInstitute.php(162): App\Controllers\Session->dataInstitute(null, [...], [...])
 4 SYSTEMPATH\CodeIgniter.php(934): App\Controllers\Ajax\AjaxInstitute->getColors()
 5 SYSTEMPATH\CodeIgniter.php(499): CodeIgniter\CodeIgniter->runController(Object(App\Controllers\Ajax\AjaxInstitute))
 6 SYSTEMPATH\CodeIgniter.php(368): CodeIgniter\CodeIgniter->handleRequest(null, Object(Config\Cache), false)
 7 FCPATH\index.php(67): CodeIgniter\CodeIgniter->run()
CRITICAL - 2024-05-21 15:09:44 --> Undefined array key 0
in APPPATH\Models\Session\SessionModel.php on line 67.
 1 APPPATH\Models\Session\SessionModel.php(67): CodeIgniter\Debug\Exceptions->errorHandler(2, 'Undefined array key 0', 'C:\\xampp\\htdocs\\RPPS\\app\\Models\\Session\\SessionModel.php', 67)
 2 APPPATH\Controllers\Session.php(255): App\Models\Session\SessionModel->dataInstitute([...])
 3 APPPATH\Controllers\Ajax\AjaxInstitute.php(162): App\Controllers\Session->dataInstitute(null, [...], [...])
 4 SYSTEMPATH\CodeIgniter.php(934): App\Controllers\Ajax\AjaxInstitute->getColors()
 5 SYSTEMPATH\CodeIgniter.php(499): CodeIgniter\CodeIgniter->runController(Object(App\Controllers\Ajax\AjaxInstitute))
 6 SYSTEMPATH\CodeIgniter.php(368): CodeIgniter\CodeIgniter->handleRequest(null, Object(Config\Cache), false)
 7 FCPATH\index.php(67): CodeIgniter\CodeIgniter->run()
CRITICAL - 2024-05-21 15:09:44 --> Undefined array key 0
in APPPATH\Models\Session\SessionModel.php on line 67.
 1 APPPATH\Models\Session\SessionModel.php(67): CodeIgniter\Debug\Exceptions->errorHandler(2, 'Undefined array key 0', 'C:\\xampp\\htdocs\\RPPS\\app\\Models\\Session\\SessionModel.php', 67)
 2 APPPATH\Controllers\Session.php(255): App\Models\Session\SessionModel->dataInstitute([...])
 3 APPPATH\Controllers\Ajax\AjaxInstitute.php(162): App\Controllers\Session->dataInstitute(null, [...], [...])
 4 SYSTEMPATH\CodeIgniter.php(934): App\Controllers\Ajax\AjaxInstitute->getColors()
 5 SYSTEMPATH\CodeIgniter.php(499): CodeIgniter\CodeIgniter->runController(Object(App\Controllers\Ajax\AjaxInstitute))
 6 SYSTEMPATH\CodeIgniter.php(368): CodeIgniter\CodeIgniter->handleRequest(null, Object(Config\Cache), false)
 7 FCPATH\index.php(67): CodeIgniter\CodeIgniter->run()
CRITICAL - 2024-05-21 15:09:44 --> Undefined array key 0
in APPPATH\Models\Session\SessionModel.php on line 67.
 1 APPPATH\Models\Session\SessionModel.php(67): CodeIgniter\Debug\Exceptions->errorHandler(2, 'Undefined array key 0', 'C:\\xampp\\htdocs\\RPPS\\app\\Models\\Session\\SessionModel.php', 67)
 2 APPPATH\Controllers\Session.php(255): App\Models\Session\SessionModel->dataInstitute([...])
 3 APPPATH\Controllers\Ajax\AjaxInstitute.php(162): App\Controllers\Session->dataInstitute(null, [...], [...])
 4 SYSTEMPATH\CodeIgniter.php(934): App\Controllers\Ajax\AjaxInstitute->getColors()
 5 SYSTEMPATH\CodeIgniter.php(499): CodeIgniter\CodeIgniter->runController(Object(App\Controllers\Ajax\AjaxInstitute))
 6 SYSTEMPATH\CodeIgniter.php(368): CodeIgniter\CodeIgniter->handleRequest(null, Object(Config\Cache), false)
 7 FCPATH\index.php(67): CodeIgniter\CodeIgniter->run()
CRITICAL - 2024-05-21 15:09:44 --> Undefined array key 0
in APPPATH\Models\Session\SessionModel.php on line 67.
 1 APPPATH\Models\Session\SessionModel.php(67): CodeIgniter\Debug\Exceptions->errorHandler(2, 'Undefined array key 0', 'C:\\xampp\\htdocs\\RPPS\\app\\Models\\Session\\SessionModel.php', 67)
 2 APPPATH\Controllers\Session.php(255): App\Models\Session\SessionModel->dataInstitute([...])
 3 APPPATH\Controllers\Ajax\AjaxInstitute.php(162): App\Controllers\Session->dataInstitute(null, [...], [...])
 4 SYSTEMPATH\CodeIgniter.php(934): App\Controllers\Ajax\AjaxInstitute->getColors()
 5 SYSTEMPATH\CodeIgniter.php(499): CodeIgniter\CodeIgniter->runController(Object(App\Controllers\Ajax\AjaxInstitute))
 6 SYSTEMPATH\CodeIgniter.php(368): CodeIgniter\CodeIgniter->handleRequest(null, Object(Config\Cache), false)
 7 FCPATH\index.php(67): CodeIgniter\CodeIgniter->run()
CRITICAL - 2024-05-21 15:09:44 --> Undefined array key 0
in APPPATH\Models\Session\SessionModel.php on line 67.
 1 APPPATH\Models\Session\SessionModel.php(67): CodeIgniter\Debug\Exceptions->errorHandler(2, 'Undefined array key 0', 'C:\\xampp\\htdocs\\RPPS\\app\\Models\\Session\\SessionModel.php', 67)
 2 APPPATH\Controllers\Session.php(255): App\Models\Session\SessionModel->dataInstitute([...])
 3 APPPATH\Controllers\Ajax\AjaxInstitute.php(162): App\Controllers\Session->dataInstitute(null, [...], [...])
 4 SYSTEMPATH\CodeIgniter.php(934): App\Controllers\Ajax\AjaxInstitute->getColors()
 5 SYSTEMPATH\CodeIgniter.php(499): CodeIgniter\CodeIgniter->runController(Object(App\Controllers\Ajax\AjaxInstitute))
 6 SYSTEMPATH\CodeIgniter.php(368): CodeIgniter\CodeIgniter->handleRequest(null, Object(Config\Cache), false)
 7 FCPATH\index.php(67): CodeIgniter\CodeIgniter->run()
CRITICAL - 2024-05-21 15:09:44 --> Undefined array key 0
in APPPATH\Models\Session\SessionModel.php on line 67.
 1 APPPATH\Models\Session\SessionModel.php(67): CodeIgniter\Debug\Exceptions->errorHandler(2, 'Undefined array key 0', 'C:\\xampp\\htdocs\\RPPS\\app\\Models\\Session\\SessionModel.php', 67)
 2 APPPATH\Controllers\Session.php(255): App\Models\Session\SessionModel->dataInstitute([...])
 3 APPPATH\Controllers\Ajax\AjaxInstitute.php(162): App\Controllers\Session->dataInstitute(null, [...], [...])
 4 SYSTEMPATH\CodeIgniter.php(934): App\Controllers\Ajax\AjaxInstitute->getColors()
 5 SYSTEMPATH\CodeIgniter.php(499): CodeIgniter\CodeIgniter->runController(Object(App\Controllers\Ajax\AjaxInstitute))
 6 SYSTEMPATH\CodeIgniter.php(368): CodeIgniter\CodeIgniter->handleRequest(null, Object(Config\Cache), false)
 7 FCPATH\index.php(67): CodeIgniter\CodeIgniter->run()
CRITICAL - 2024-05-21 15:09:44 --> Undefined array key 0
in APPPATH\Models\Session\SessionModel.php on line 67.
 1 APPPATH\Models\Session\SessionModel.php(67): CodeIgniter\Debug\Exceptions->errorHandler(2, 'Undefined array key 0', 'C:\\xampp\\htdocs\\RPPS\\app\\Models\\Session\\SessionModel.php', 67)
 2 APPPATH\Controllers\Session.php(255): App\Models\Session\SessionModel->dataInstitute([...])
 3 APPPATH\Controllers\Ajax\AjaxInstitute.php(162): App\Controllers\Session->dataInstitute(null, [...], [...])
 4 SYSTEMPATH\CodeIgniter.php(934): App\Controllers\Ajax\AjaxInstitute->getColors()
 5 SYSTEMPATH\CodeIgniter.php(499): CodeIgniter\CodeIgniter->runController(Object(App\Controllers\Ajax\AjaxInstitute))
 6 SYSTEMPATH\CodeIgniter.php(368): CodeIgniter\CodeIgniter->handleRequest(null, Object(Config\Cache), false)
 7 FCPATH\index.php(67): CodeIgniter\CodeIgniter->run()
CRITICAL - 2024-05-21 15:09:44 --> Undefined array key 0
in APPPATH\Models\Session\SessionModel.php on line 67.
 1 APPPATH\Models\Session\SessionModel.php(67): CodeIgniter\Debug\Exceptions->errorHandler(2, 'Undefined array key 0', 'C:\\xampp\\htdocs\\RPPS\\app\\Models\\Session\\SessionModel.php', 67)
 2 APPPATH\Controllers\Session.php(255): App\Models\Session\SessionModel->dataInstitute([...])
 3 APPPATH\Controllers\Ajax\AjaxInstitute.php(162): App\Controllers\Session->dataInstitute(null, [...], [...])
 4 SYSTEMPATH\CodeIgniter.php(934): App\Controllers\Ajax\AjaxInstitute->getColors()
 5 SYSTEMPATH\CodeIgniter.php(499): CodeIgniter\CodeIgniter->runController(Object(App\Controllers\Ajax\AjaxInstitute))
 6 SYSTEMPATH\CodeIgniter.php(368): CodeIgniter\CodeIgniter->handleRequest(null, Object(Config\Cache), false)
 7 FCPATH\index.php(67): CodeIgniter\CodeIgniter->run()
CRITICAL - 2024-05-21 15:09:44 --> Undefined array key 0
in APPPATH\Models\Session\SessionModel.php on line 67.
 1 APPPATH\Models\Session\SessionModel.php(67): CodeIgniter\Debug\Exceptions->errorHandler(2, 'Undefined array key 0', 'C:\\xampp\\htdocs\\RPPS\\app\\Models\\Session\\SessionModel.php', 67)
 2 APPPATH\Controllers\Session.php(255): App\Models\Session\SessionModel->dataInstitute([...])
 3 APPPATH\Controllers\Ajax\AjaxInstitute.php(162): App\Controllers\Session->dataInstitute(null, [...], [...])
 4 SYSTEMPATH\CodeIgniter.php(934): App\Controllers\Ajax\AjaxInstitute->getColors()
 5 SYSTEMPATH\CodeIgniter.php(499): CodeIgniter\CodeIgniter->runController(Object(App\Controllers\Ajax\AjaxInstitute))
 6 SYSTEMPATH\CodeIgniter.php(368): CodeIgniter\CodeIgniter->handleRequest(null, Object(Config\Cache), false)
 7 FCPATH\index.php(67): CodeIgniter\CodeIgniter->run()
CRITICAL - 2024-05-21 15:09:44 --> Undefined array key 0
in APPPATH\Models\Session\SessionModel.php on line 67.
 1 APPPATH\Models\Session\SessionModel.php(67): CodeIgniter\Debug\Exceptions->errorHandler(2, 'Undefined array key 0', 'C:\\xampp\\htdocs\\RPPS\\app\\Models\\Session\\SessionModel.php', 67)
 2 APPPATH\Controllers\Session.php(255): App\Models\Session\SessionModel->dataInstitute([...])
 3 APPPATH\Controllers\Ajax\AjaxInstitute.php(162): App\Controllers\Session->dataInstitute(null, [...], [...])
 4 SYSTEMPATH\CodeIgniter.php(934): App\Controllers\Ajax\AjaxInstitute->getColors()
 5 SYSTEMPATH\CodeIgniter.php(499): CodeIgniter\CodeIgniter->runController(Object(App\Controllers\Ajax\AjaxInstitute))
 6 SYSTEMPATH\CodeIgniter.php(368): CodeIgniter\CodeIgniter->handleRequest(null, Object(Config\Cache), false)
 7 FCPATH\index.php(67): CodeIgniter\CodeIgniter->run()
CRITICAL - 2024-05-21 15:09:44 --> Undefined array key 0
in APPPATH\Models\Session\SessionModel.php on line 67.
 1 APPPATH\Models\Session\SessionModel.php(67): CodeIgniter\Debug\Exceptions->errorHandler(2, 'Undefined array key 0', 'C:\\xampp\\htdocs\\RPPS\\app\\Models\\Session\\SessionModel.php', 67)
 2 APPPATH\Controllers\Session.php(255): App\Models\Session\SessionModel->dataInstitute([...])
 3 APPPATH\Controllers\Ajax\AjaxInstitute.php(162): App\Controllers\Session->dataInstitute(null, [...], [...])
 4 SYSTEMPATH\CodeIgniter.php(934): App\Controllers\Ajax\AjaxInstitute->getColors()
 5 SYSTEMPATH\CodeIgniter.php(499): CodeIgniter\CodeIgniter->runController(Object(App\Controllers\Ajax\AjaxInstitute))
 6 SYSTEMPATH\CodeIgniter.php(368): CodeIgniter\CodeIgniter->handleRequest(null, Object(Config\Cache), false)
 7 FCPATH\index.php(67): CodeIgniter\CodeIgniter->run()
CRITICAL - 2024-05-21 15:09:44 --> Undefined array key 0
in APPPATH\Models\Session\SessionModel.php on line 67.
 1 APPPATH\Models\Session\SessionModel.php(67): CodeIgniter\Debug\Exceptions->errorHandler(2, 'Undefined array key 0', 'C:\\xampp\\htdocs\\RPPS\\app\\Models\\Session\\SessionModel.php', 67)
 2 APPPATH\Controllers\Session.php(255): App\Models\Session\SessionModel->dataInstitute([...])
 3 APPPATH\Controllers\Ajax\AjaxInstitute.php(162): App\Controllers\Session->dataInstitute(null, [...], [...])
 4 SYSTEMPATH\CodeIgniter.php(934): App\Controllers\Ajax\AjaxInstitute->getColors()
 5 SYSTEMPATH\CodeIgniter.php(499): CodeIgniter\CodeIgniter->runController(Object(App\Controllers\Ajax\AjaxInstitute))
 6 SYSTEMPATH\CodeIgniter.php(368): CodeIgniter\CodeIgniter->handleRequest(null, Object(Config\Cache), false)
 7 FCPATH\index.php(67): CodeIgniter\CodeIgniter->run()
CRITICAL - 2024-05-21 15:09:44 --> Undefined array key 0
in APPPATH\Models\Session\SessionModel.php on line 67.
 1 APPPATH\Models\Session\SessionModel.php(67): CodeIgniter\Debug\Exceptions->errorHandler(2, 'Undefined array key 0', 'C:\\xampp\\htdocs\\RPPS\\app\\Models\\Session\\SessionModel.php', 67)
 2 APPPATH\Controllers\Session.php(255): App\Models\Session\SessionModel->dataInstitute([...])
 3 APPPATH\Controllers\Ajax\AjaxInstitute.php(162): App\Controllers\Session->dataInstitute(null, [...], [...])
 4 SYSTEMPATH\CodeIgniter.php(934): App\Controllers\Ajax\AjaxInstitute->getColors()
 5 SYSTEMPATH\CodeIgniter.php(499): CodeIgniter\CodeIgniter->runController(Object(App\Controllers\Ajax\AjaxInstitute))
 6 SYSTEMPATH\CodeIgniter.php(368): CodeIgniter\CodeIgniter->handleRequest(null, Object(Config\Cache), false)
 7 FCPATH\index.php(67): CodeIgniter\CodeIgniter->run()
CRITICAL - 2024-05-21 15:09:44 --> Undefined array key 0
in APPPATH\Models\Session\SessionModel.php on line 67.
 1 APPPATH\Models\Session\SessionModel.php(67): CodeIgniter\Debug\Exceptions->errorHandler(2, 'Undefined array key 0', 'C:\\xampp\\htdocs\\RPPS\\app\\Models\\Session\\SessionModel.php', 67)
 2 APPPATH\Controllers\Session.php(255): App\Models\Session\SessionModel->dataInstitute([...])
 3 APPPATH\Controllers\Ajax\AjaxInstitute.php(162): App\Controllers\Session->dataInstitute(null, [...], [...])
 4 SYSTEMPATH\CodeIgniter.php(934): App\Controllers\Ajax\AjaxInstitute->getColors()
 5 SYSTEMPATH\CodeIgniter.php(499): CodeIgniter\CodeIgniter->runController(Object(App\Controllers\Ajax\AjaxInstitute))
 6 SYSTEMPATH\CodeIgniter.php(368): CodeIgniter\CodeIgniter->handleRequest(null, Object(Config\Cache), false)
 7 FCPATH\index.php(67): CodeIgniter\CodeIgniter->run()
CRITICAL - 2024-05-21 15:09:45 --> Undefined array key 0
in APPPATH\Models\Session\SessionModel.php on line 67.
 1 APPPATH\Models\Session\SessionModel.php(67): CodeIgniter\Debug\Exceptions->errorHandler(2, 'Undefined array key 0', 'C:\\xampp\\htdocs\\RPPS\\app\\Models\\Session\\SessionModel.php', 67)
 2 APPPATH\Controllers\Session.php(255): App\Models\Session\SessionModel->dataInstitute([...])
 3 APPPATH\Controllers\Ajax\AjaxInstitute.php(162): App\Controllers\Session->dataInstitute(null, [...], [...])
 4 SYSTEMPATH\CodeIgniter.php(934): App\Controllers\Ajax\AjaxInstitute->getColors()
 5 SYSTEMPATH\CodeIgniter.php(499): CodeIgniter\CodeIgniter->runController(Object(App\Controllers\Ajax\AjaxInstitute))
 6 SYSTEMPATH\CodeIgniter.php(368): CodeIgniter\CodeIgniter->handleRequest(null, Object(Config\Cache), false)
 7 FCPATH\index.php(67): CodeIgniter\CodeIgniter->run()
CRITICAL - 2024-05-21 15:15:20 --> Undefined array key 0
in APPPATH\Models\Session\SessionModel.php on line 19.
 1 APPPATH\Models\Session\SessionModel.php(19): CodeIgniter\Debug\Exceptions->errorHandler(2, 'Undefined array key 0', 'C:\\xampp\\htdocs\\RPPS\\app\\Models\\Session\\SessionModel.php', 19)
 2 APPPATH\Controllers\Session.php(14): App\Models\Session\SessionModel->requireInstituteId('')
 3 APPPATH\Controllers\Session.php(225): App\Controllers\Session->requireInstituteId('')
 4 APPPATH\Controllers\Home.php(18): App\Controllers\Session->currentInstitute(Object(App\Controllers\Home))
 5 APPPATH\Controllers\Home.php(25): App\Controllers\Home->requireCurrentInstitute()
 6 SYSTEMPATH\CodeIgniter.php(934): App\Controllers\Home->index()
 7 SYSTEMPATH\CodeIgniter.php(499): CodeIgniter\CodeIgniter->runController(Object(App\Controllers\Home))
 8 SYSTEMPATH\CodeIgniter.php(368): CodeIgniter\CodeIgniter->handleRequest(null, Object(Config\Cache), false)
 9 FCPATH\index.php(67): CodeIgniter\CodeIgniter->run()
INFO - 2024-05-21 15:15:26 --> Session: Class initialized using 'CodeIgniter\Session\Handlers\FileHandler' driver.
INFO - 2024-05-21 15:15:33 --> Session: Class initialized using 'CodeIgniter\Session\Handlers\FileHandler' driver.
INFO - 2024-05-21 15:15:56 --> Session: Class initialized using 'CodeIgniter\Session\Handlers\FileHandler' driver.
INFO - 2024-05-21 15:17:58 --> Session: Class initialized using 'CodeIgniter\Session\Handlers\FileHandler' driver.
INFO - 2024-05-21 15:26:08 --> Session: Class initialized using 'CodeIgniter\Session\Handlers\FileHandler' driver.
INFO - 2024-05-21 15:27:37 --> Session: Class initialized using 'CodeIgniter\Session\Handlers\FileHandler' driver.
INFO - 2024-05-21 15:27:46 --> Session: Class initialized using 'CodeIgniter\Session\Handlers\FileHandler' driver.
INFO - 2024-05-21 15:27:46 --> Session: Class initialized using 'CodeIgniter\Session\Handlers\FileHandler' driver.
INFO - 2024-05-21 15:27:47 --> Session: Class initialized using 'CodeIgniter\Session\Handlers\FileHandler' driver.
INFO - 2024-05-21 15:27:52 --> Session: Class initialized using 'CodeIgniter\Session\Handlers\FileHandler' driver.
INFO - 2024-05-21 15:27:53 --> Session: Class initialized using 'CodeIgniter\Session\Handlers\FileHandler' driver.
INFO - 2024-05-21 15:27:57 --> Session: Class initialized using 'CodeIgniter\Session\Handlers\FileHandler' driver.
INFO - 2024-05-21 15:37:17 --> Session: Class initialized using 'CodeIgniter\Session\Handlers\FileHandler' driver.
INFO - 2024-05-21 15:38:39 --> Session: Class initialized using 'CodeIgniter\Session\Handlers\FileHandler' driver.
INFO - 2024-05-21 15:39:12 --> Session: Class initialized using 'CodeIgniter\Session\Handlers\FileHandler' driver.
INFO - 2024-05-21 15:40:27 --> Session: Class initialized using 'CodeIgniter\Session\Handlers\FileHandler' driver.
INFO - 2024-05-21 15:41:34 --> Session: Class initialized using 'CodeIgniter\Session\Handlers\FileHandler' driver.
INFO - 2024-05-21 15:41:55 --> Session: Class initialized using 'CodeIgniter\Session\Handlers\FileHandler' driver.
INFO - 2024-05-21 15:41:56 --> Session: Class initialized using 'CodeIgniter\Session\Handlers\FileHandler' driver.
INFO - 2024-05-21 15:41:56 --> Session: Class initialized using 'CodeIgniter\Session\Handlers\FileHandler' driver.
INFO - 2024-05-21 15:42:42 --> Session: Class initialized using 'CodeIgniter\Session\Handlers\FileHandler' driver.
INFO - 2024-05-21 15:42:42 --> Session: Class initialized using 'CodeIgniter\Session\Handlers\FileHandler' driver.
INFO - 2024-05-21 15:43:59 --> Session: Class initialized using 'CodeIgniter\Session\Handlers\FileHandler' driver.
INFO - 2024-05-21 15:45:46 --> Session: Class initialized using 'CodeIgniter\Session\Handlers\FileHandler' driver.
INFO - 2024-05-21 15:49:46 --> Session: Class initialized using 'CodeIgniter\Session\Handlers\FileHandler' driver.
INFO - 2024-05-21 15:51:54 --> Session: Class initialized using 'CodeIgniter\Session\Handlers\FileHandler' driver.
INFO - 2024-05-21 15:51:54 --> Session: Class initialized using 'CodeIgniter\Session\Handlers\FileHandler' driver.
INFO - 2024-05-21 15:51:55 --> Session: Class initialized using 'CodeIgniter\Session\Handlers\FileHandler' driver.
INFO - 2024-05-21 15:52:46 --> Session: Class initialized using 'CodeIgniter\Session\Handlers\FileHandler' driver.
INFO - 2024-05-21 15:52:46 --> Session: Class initialized using 'CodeIgniter\Session\Handlers\FileHandler' driver.
INFO - 2024-05-21 15:52:50 --> Session: Class initialized using 'CodeIgniter\Session\Handlers\FileHandler' driver.
INFO - 2024-05-21 15:52:57 --> Session: Class initialized using 'CodeIgniter\Session\Handlers\FileHandler' driver.
INFO - 2024-05-21 15:52:57 --> Session: Class initialized using 'CodeIgniter\Session\Handlers\FileHandler' driver.
INFO - 2024-05-21 15:52:58 --> Session: Class initialized using 'CodeIgniter\Session\Handlers\FileHandler' driver.
INFO - 2024-05-21 15:55:40 --> Session: Class initialized using 'CodeIgniter\Session\Handlers\FileHandler' driver.
INFO - 2024-05-21 15:57:04 --> Session: Class initialized using 'CodeIgniter\Session\Handlers\FileHandler' driver.
INFO - 2024-05-21 16:12:49 --> Session: Class initialized using 'CodeIgniter\Session\Handlers\FileHandler' driver.
INFO - 2024-05-21 16:12:51 --> Session: Class initialized using 'CodeIgniter\Session\Handlers\FileHandler' driver.
INFO - 2024-05-21 16:12:51 --> Session: Class initialized using 'CodeIgniter\Session\Handlers\FileHandler' driver.
INFO - 2024-05-21 16:14:40 --> Session: Class initialized using 'CodeIgniter\Session\Handlers\FileHandler' driver.
INFO - 2024-05-21 16:15:02 --> Session: Class initialized using 'CodeIgniter\Session\Handlers\FileHandler' driver.
INFO - 2024-05-21 16:18:15 --> Session: Class initialized using 'CodeIgniter\Session\Handlers\FileHandler' driver.
INFO - 2024-05-21 16:20:02 --> Session: Class initialized using 'CodeIgniter\Session\Handlers\FileHandler' driver.
INFO - 2024-05-21 16:22:22 --> Session: Class initialized using 'CodeIgniter\Session\Handlers\FileHandler' driver.
INFO - 2024-05-21 16:28:45 --> Session: Class initialized using 'CodeIgniter\Session\Handlers\FileHandler' driver.
INFO - 2024-05-21 16:29:56 --> Session: Class initialized using 'CodeIgniter\Session\Handlers\FileHandler' driver.
INFO - 2024-05-21 16:30:38 --> Session: Class initialized using 'CodeIgniter\Session\Handlers\FileHandler' driver.
INFO - 2024-05-21 16:32:16 --> Session: Class initialized using 'CodeIgniter\Session\Handlers\FileHandler' driver.
INFO - 2024-05-21 16:33:43 --> Session: Class initialized using 'CodeIgniter\Session\Handlers\FileHandler' driver.
INFO - 2024-05-21 16:34:35 --> Session: Class initialized using 'CodeIgniter\Session\Handlers\FileHandler' driver.
INFO - 2024-05-21 16:39:15 --> Session: Class initialized using 'CodeIgniter\Session\Handlers\FileHandler' driver.
INFO - 2024-05-21 16:40:29 --> Session: Class initialized using 'CodeIgniter\Session\Handlers\FileHandler' driver.
INFO - 2024-05-21 16:42:01 --> Session: Class initialized using 'CodeIgniter\Session\Handlers\FileHandler' driver.
INFO - 2024-05-21 16:44:35 --> Session: Class initialized using 'CodeIgniter\Session\Handlers\FileHandler' driver.
INFO - 2024-05-21 16:47:00 --> Session: Class initialized using 'CodeIgniter\Session\Handlers\FileHandler' driver.
INFO - 2024-05-21 16:47:02 --> Session: Class initialized using 'CodeIgniter\Session\Handlers\FileHandler' driver.
INFO - 2024-05-21 16:53:04 --> Session: Class initialized using 'CodeIgniter\Session\Handlers\FileHandler' driver.
INFO - 2024-05-21 16:53:29 --> Session: Class initialized using 'CodeIgniter\Session\Handlers\FileHandler' driver.
INFO - 2024-05-21 16:53:32 --> Session: Class initialized using 'CodeIgniter\Session\Handlers\FileHandler' driver.
INFO - 2024-05-21 16:53:54 --> Session: Class initialized using 'CodeIgniter\Session\Handlers\FileHandler' driver.
INFO - 2024-05-21 16:57:41 --> Session: Class initialized using 'CodeIgniter\Session\Handlers\FileHandler' driver.
INFO - 2024-05-21 16:57:43 --> Session: Class initialized using 'CodeIgniter\Session\Handlers\FileHandler' driver.
INFO - 2024-05-21 17:04:08 --> Session: Class initialized using 'CodeIgniter\Session\Handlers\FileHandler' driver.
INFO - 2024-05-21 17:04:09 --> Session: Class initialized using 'CodeIgniter\Session\Handlers\FileHandler' driver.
INFO - 2024-05-21 17:08:47 --> Session: Class initialized using 'CodeIgniter\Session\Handlers\FileHandler' driver.
INFO - 2024-05-21 17:09:09 --> Session: Class initialized using 'CodeIgniter\Session\Handlers\FileHandler' driver.
INFO - 2024-05-21 17:24:07 --> Session: Class initialized using 'CodeIgniter\Session\Handlers\FileHandler' driver.
INFO - 2024-05-21 17:24:15 --> Session: Class initialized using 'CodeIgniter\Session\Handlers\FileHandler' driver.
INFO - 2024-05-21 17:25:05 --> Session: Class initialized using 'CodeIgniter\Session\Handlers\FileHandler' driver.
INFO - 2024-05-21 17:25:26 --> Session: Class initialized using 'CodeIgniter\Session\Handlers\FileHandler' driver.
INFO - 2024-05-21 17:27:15 --> Session: Class initialized using 'CodeIgniter\Session\Handlers\FileHandler' driver.
INFO - 2024-05-21 17:27:37 --> Session: Class initialized using 'CodeIgniter\Session\Handlers\FileHandler' driver.
INFO - 2024-05-21 17:33:40 --> Session: Class initialized using 'CodeIgniter\Session\Handlers\FileHandler' driver.
INFO - 2024-05-21 17:34:01 --> Session: Class initialized using 'CodeIgniter\Session\Handlers\FileHandler' driver.
INFO - 2024-05-21 17:34:28 --> Session: Class initialized using 'CodeIgniter\Session\Handlers\FileHandler' driver.
INFO - 2024-05-21 17:37:32 --> Session: Class initialized using 'CodeIgniter\Session\Handlers\FileHandler' driver.
INFO - 2024-05-21 17:37:37 --> Session: Class initialized using 'CodeIgniter\Session\Handlers\FileHandler' driver.
INFO - 2024-05-21 17:39:29 --> Session: Class initialized using 'CodeIgniter\Session\Handlers\FileHandler' driver.
INFO - 2024-05-21 17:39:31 --> Session: Class initialized using 'CodeIgniter\Session\Handlers\FileHandler' driver.
INFO - 2024-05-21 17:42:20 --> Session: Class initialized using 'CodeIgniter\Session\Handlers\FileHandler' driver.
INFO - 2024-05-21 17:42:45 --> Session: Class initialized using 'CodeIgniter\Session\Handlers\FileHandler' driver.
INFO - 2024-05-21 17:59:24 --> Session: Class initialized using 'CodeIgniter\Session\Handlers\FileHandler' driver.
INFO - 2024-05-21 17:59:45 --> Session: Class initialized using 'CodeIgniter\Session\Handlers\FileHandler' driver.
INFO - 2024-05-21 18:00:40 --> Session: Class initialized using 'CodeIgniter\Session\Handlers\FileHandler' driver.
INFO - 2024-05-21 18:00:48 --> Session: Class initialized using 'CodeIgniter\Session\Handlers\FileHandler' driver.
INFO - 2024-05-21 18:01:50 --> Session: Class initialized using 'CodeIgniter\Session\Handlers\FileHandler' driver.
INFO - 2024-05-21 18:02:35 --> Session: Class initialized using 'CodeIgniter\Session\Handlers\FileHandler' driver.
INFO - 2024-05-21 18:06:55 --> Session: Class initialized using 'CodeIgniter\Session\Handlers\FileHandler' driver.
INFO - 2024-05-21 18:07:32 --> Session: Class initialized using 'CodeIgniter\Session\Handlers\FileHandler' driver.
INFO - 2024-05-21 18:07:43 --> Session: Class initialized using 'CodeIgniter\Session\Handlers\FileHandler' driver.
INFO - 2024-05-21 18:07:56 --> Session: Class initialized using 'CodeIgniter\Session\Handlers\FileHandler' driver.
INFO - 2024-05-21 18:08:10 --> Session: Class initialized using 'CodeIgniter\Session\Handlers\FileHandler' driver.
INFO - 2024-05-21 18:09:38 --> Session: Class initialized using 'CodeIgniter\Session\Handlers\FileHandler' driver.
INFO - 2024-05-21 18:10:04 --> Session: Class initialized using 'CodeIgniter\Session\Handlers\FileHandler' driver.
INFO - 2024-05-21 18:10:06 --> Session: Class initialized using 'CodeIgniter\Session\Handlers\FileHandler' driver.
INFO - 2024-05-21 18:12:16 --> Session: Class initialized using 'CodeIgniter\Session\Handlers\FileHandler' driver.
INFO - 2024-05-21 18:12:37 --> Session: Class initialized using 'CodeIgniter\Session\Handlers\FileHandler' driver.
INFO - 2024-05-21 18:12:52 --> Session: Class initialized using 'CodeIgniter\Session\Handlers\FileHandler' driver.
INFO - 2024-05-21 18:13:14 --> Session: Class initialized using 'CodeIgniter\Session\Handlers\FileHandler' driver.
INFO - 2024-05-21 18:19:20 --> Session: Class initialized using 'CodeIgniter\Session\Handlers\FileHandler' driver.
INFO - 2024-05-21 18:19:33 --> Session: Class initialized using 'CodeIgniter\Session\Handlers\FileHandler' driver.
INFO - 2024-05-21 18:19:41 --> Session: Class initialized using 'CodeIgniter\Session\Handlers\FileHandler' driver.
INFO - 2024-05-21 18:21:34 --> Session: Class initialized using 'CodeIgniter\Session\Handlers\FileHandler' driver.
INFO - 2024-05-21 18:24:16 --> Session: Class initialized using 'CodeIgniter\Session\Handlers\FileHandler' driver.
INFO - 2024-05-21 18:25:04 --> Session: Class initialized using 'CodeIgniter\Session\Handlers\FileHandler' driver.
INFO - 2024-05-21 18:26:47 --> Session: Class initialized using 'CodeIgniter\Session\Handlers\FileHandler' driver.
INFO - 2024-05-21 18:26:48 --> Session: Class initialized using 'CodeIgniter\Session\Handlers\FileHandler' driver.
INFO - 2024-05-21 18:30:01 --> Session: Class initialized using 'CodeIgniter\Session\Handlers\FileHandler' driver.
INFO - 2024-05-21 18:30:08 --> Session: Class initialized using 'CodeIgniter\Session\Handlers\FileHandler' driver.
INFO - 2024-05-21 18:31:52 --> Session: Class initialized using 'CodeIgniter\Session\Handlers\FileHandler' driver.
INFO - 2024-05-21 18:32:14 --> Session: Class initialized using 'CodeIgniter\Session\Handlers\FileHandler' driver.
INFO - 2024-05-21 18:32:34 --> Session: Class initialized using 'CodeIgniter\Session\Handlers\FileHandler' driver.
INFO - 2024-05-21 18:32:35 --> Session: Class initialized using 'CodeIgniter\Session\Handlers\FileHandler' driver.
INFO - 2024-05-21 18:32:51 --> Session: Class initialized using 'CodeIgniter\Session\Handlers\FileHandler' driver.
INFO - 2024-05-21 18:32:59 --> Session: Class initialized using 'CodeIgniter\Session\Handlers\FileHandler' driver.
INFO - 2024-05-21 18:35:50 --> Session: Class initialized using 'CodeIgniter\Session\Handlers\FileHandler' driver.
INFO - 2024-05-21 18:35:51 --> Session: Class initialized using 'CodeIgniter\Session\Handlers\FileHandler' driver.
INFO - 2024-05-21 18:37:20 --> Session: Class initialized using 'CodeIgniter\Session\Handlers\FileHandler' driver.
INFO - 2024-05-21 18:37:23 --> Session: Class initialized using 'CodeIgniter\Session\Handlers\FileHandler' driver.
INFO - 2024-05-21 18:38:34 --> Session: Class initialized using 'CodeIgniter\Session\Handlers\FileHandler' driver.
INFO - 2024-05-21 18:38:37 --> Session: Class initialized using 'CodeIgniter\Session\Handlers\FileHandler' driver.
INFO - 2024-05-21 18:39:36 --> Session: Class initialized using 'CodeIgniter\Session\Handlers\FileHandler' driver.
INFO - 2024-05-21 18:39:38 --> Session: Class initialized using 'CodeIgniter\Session\Handlers\FileHandler' driver.
INFO - 2024-05-21 18:41:55 --> Session: Class initialized using 'CodeIgniter\Session\Handlers\FileHandler' driver.
INFO - 2024-05-21 18:42:03 --> Session: Class initialized using 'CodeIgniter\Session\Handlers\FileHandler' driver.
INFO - 2024-05-21 18:43:28 --> Session: Class initialized using 'CodeIgniter\Session\Handlers\FileHandler' driver.
INFO - 2024-05-21 18:43:49 --> Session: Class initialized using 'CodeIgniter\Session\Handlers\FileHandler' driver.
INFO - 2024-05-21 18:44:27 --> Session: Class initialized using 'CodeIgniter\Session\Handlers\FileHandler' driver.
INFO - 2024-05-21 18:44:31 --> Session: Class initialized using 'CodeIgniter\Session\Handlers\FileHandler' driver.
INFO - 2024-05-21 18:50:20 --> Session: Class initialized using 'CodeIgniter\Session\Handlers\FileHandler' driver.
INFO - 2024-05-21 18:50:21 --> Session: Class initialized using 'CodeIgniter\Session\Handlers\FileHandler' driver.
INFO - 2024-05-21 18:53:41 --> Session: Class initialized using 'CodeIgniter\Session\Handlers\FileHandler' driver.
INFO - 2024-05-21 18:53:57 --> Session: Class initialized using 'CodeIgniter\Session\Handlers\FileHandler' driver.
INFO - 2024-05-21 18:54:43 --> Session: Class initialized using 'CodeIgniter\Session\Handlers\FileHandler' driver.
INFO - 2024-05-21 18:54:47 --> Session: Class initialized using 'CodeIgniter\Session\Handlers\FileHandler' driver.
INFO - 2024-05-21 18:55:15 --> Session: Class initialized using 'CodeIgniter\Session\Handlers\FileHandler' driver.
INFO - 2024-05-21 19:03:38 --> Session: Class initialized using 'CodeIgniter\Session\Handlers\FileHandler' driver.
INFO - 2024-05-21 19:04:00 --> Session: Class initialized using 'CodeIgniter\Session\Handlers\FileHandler' driver.
INFO - 2024-05-21 19:05:40 --> Session: Class initialized using 'CodeIgniter\Session\Handlers\FileHandler' driver.
INFO - 2024-05-21 19:06:02 --> Session: Class initialized using 'CodeIgniter\Session\Handlers\FileHandler' driver.
INFO - 2024-05-21 19:06:59 --> Session: Class initialized using 'CodeIgniter\Session\Handlers\FileHandler' driver.
INFO - 2024-05-21 19:07:03 --> Session: Class initialized using 'CodeIgniter\Session\Handlers\FileHandler' driver.
INFO - 2024-05-21 19:07:42 --> Session: Class initialized using 'CodeIgniter\Session\Handlers\FileHandler' driver.
INFO - 2024-05-21 19:07:46 --> Session: Class initialized using 'CodeIgniter\Session\Handlers\FileHandler' driver.
INFO - 2024-05-21 19:09:16 --> Session: Class initialized using 'CodeIgniter\Session\Handlers\FileHandler' driver.
INFO - 2024-05-21 19:09:18 --> Session: Class initialized using 'CodeIgniter\Session\Handlers\FileHandler' driver.
INFO - 2024-05-21 19:18:33 --> Session: Class initialized using 'CodeIgniter\Session\Handlers\FileHandler' driver.
INFO - 2024-05-21 19:18:54 --> Session: Class initialized using 'CodeIgniter\Session\Handlers\FileHandler' driver.
INFO - 2024-05-21 19:21:11 --> Session: Class initialized using 'CodeIgniter\Session\Handlers\FileHandler' driver.
INFO - 2024-05-21 19:21:20 --> Session: Class initialized using 'CodeIgniter\Session\Handlers\FileHandler' driver.
INFO - 2024-05-21 19:21:28 --> Session: Class initialized using 'CodeIgniter\Session\Handlers\FileHandler' driver.
INFO - 2024-05-21 19:28:05 --> Session: Class initialized using 'CodeIgniter\Session\Handlers\FileHandler' driver.
INFO - 2024-05-21 19:28:07 --> Session: Class initialized using 'CodeIgniter\Session\Handlers\FileHandler' driver.
INFO - 2024-05-21 19:33:58 --> Session: Class initialized using 'CodeIgniter\Session\Handlers\FileHandler' driver.
INFO - 2024-05-21 19:34:19 --> Session: Class initialized using 'CodeIgniter\Session\Handlers\FileHandler' driver.
INFO - 2024-05-21 19:40:29 --> Session: Class initialized using 'CodeIgniter\Session\Handlers\FileHandler' driver.
INFO - 2024-05-21 19:40:50 --> Session: Class initialized using 'CodeIgniter\Session\Handlers\FileHandler' driver.
INFO - 2024-05-21 19:41:20 --> Session: Class initialized using 'CodeIgniter\Session\Handlers\FileHandler' driver.
INFO - 2024-05-21 19:41:28 --> Session: Class initialized using 'CodeIgniter\Session\Handlers\FileHandler' driver.
INFO - 2024-05-21 19:44:56 --> Session: Class initialized using 'CodeIgniter\Session\Handlers\FileHandler' driver.
INFO - 2024-05-21 19:44:57 --> Session: Class initialized using 'CodeIgniter\Session\Handlers\FileHandler' driver.
INFO - 2024-05-21 19:45:10 --> Session: Class initialized using 'CodeIgniter\Session\Handlers\FileHandler' driver.
INFO - 2024-05-21 19:45:18 --> Session: Class initialized using 'CodeIgniter\Session\Handlers\FileHandler' driver.
INFO - 2024-05-21 19:46:47 --> Session: Class initialized using 'CodeIgniter\Session\Handlers\FileHandler' driver.
INFO - 2024-05-21 19:46:48 --> Session: Class initialized using 'CodeIgniter\Session\Handlers\FileHandler' driver.
INFO - 2024-05-21 19:58:21 --> Session: Class initialized using 'CodeIgniter\Session\Handlers\FileHandler' driver.
INFO - 2024-05-21 19:58:54 --> Session: Class initialized using 'CodeIgniter\Session\Handlers\FileHandler' driver.
INFO - 2024-05-21 20:01:12 --> Session: Class initialized using 'CodeIgniter\Session\Handlers\FileHandler' driver.
INFO - 2024-05-21 20:01:14 --> Session: Class initialized using 'CodeIgniter\Session\Handlers\FileHandler' driver.
INFO - 2024-05-21 20:01:50 --> Session: Class initialized using 'CodeIgniter\Session\Handlers\FileHandler' driver.
INFO - 2024-05-21 20:02:12 --> Session: Class initialized using 'CodeIgniter\Session\Handlers\FileHandler' driver.
